
Gurobi 12.0.1 (win64) logging started Mon Mar 10 16:26:55 2025

Set parameter LogFile to value "logs/3a_f2_dantzig42.log"
Set parameter MIPGap to value 0
Set parameter TimeLimit to value 3600
Gurobi Optimizer version 12.0.1 build v12.0.1rc0 (win64 - Windows 11.0 (26100.2))

CPU model: 12th Gen Intel(R) Core(TM) i7-12700, instruction set [SSE2|AVX|AVX2]
Thread count: 12 physical cores, 20 logical processors, using up to 20 threads

Non-default parameters:
TimeLimit  3600
MIPGap  0

Optimize a model with 1890 rows, 1806 columns and 8614 nonzeros
Model fingerprint: 0x11cbffef
Variable types: 0 continuous, 1806 integer (1764 binary)
Coefficient statistics:
  Matrix range     [1e+00, 4e+01]
  Objective range  [3e+00, 2e+02]
  Bounds range     [1e+00, 1e+00]
  RHS range        [1e+00, 4e+01]
Presolve removed 166 rows and 43 columns
Presolve time: 0.01s
Presolved: 1724 rows, 1763 columns, 8364 nonzeros
Variable types: 0 continuous, 1763 integer (1722 binary)
Found heuristic solution: objective 2817.0000000

Root relaxation: objective 5.354634e+02, 134 iterations, 0.00 seconds (0.00 work units)

    Nodes    |    Current Node    |     Objective Bounds      |     Work
 Expl Unexpl |  Obj  Depth IntInf | Incumbent    BestBd   Gap | It/Node Time

     0     0  535.46341    0   69 2817.00000  535.46341  81.0%     -    0s
H    0     0                     958.0000000  535.46341  44.1%     -    0s
H    0     0                     948.0000000  535.46341  43.5%     -    0s
H    0     0                     929.0000000  535.46341  42.4%     -    0s
H    0     0                     926.0000000  535.46341  42.2%     -    0s
H    0     0                     925.0000000  535.46341  42.1%     -    0s
H    0     0                     924.0000000  535.46341  42.0%     -    0s
H    0     0                     900.0000000  535.46341  40.5%     -    0s
H    0     0                     892.0000000  535.46341  40.0%     -    0s
H    0     0                     812.0000000  535.46341  34.1%     -    0s
H    0     0                     751.0000000  535.46341  28.7%     -    0s
     0     0  631.09756    0   97  751.00000  631.09756  16.0%     -    0s
     0     0  633.00000    0   94  751.00000  633.00000  15.7%     -    0s
     0     0  633.00000    0   92  751.00000  633.00000  15.7%     -    0s
     0     0  636.50000    0   87  751.00000  636.50000  15.2%     -    0s
     0     0  636.50000    0   87  751.00000  636.50000  15.2%     -    0s
H    0     0                     718.0000000  636.50000  11.4%     -    0s
     0     0  637.25000    0   96  718.00000  637.25000  11.2%     -    0s
     0     0  637.25000    0   69  718.00000  637.25000  11.2%     -    0s
     0     0  637.25000    0   96  718.00000  637.25000  11.2%     -    0s
     0     0  637.25000    0  107  718.00000  637.25000  11.2%     -    0s
     0     0  638.00000    0  119  718.00000  638.00000  11.1%     -    0s
     0     0  638.00000    0   68  718.00000  638.00000  11.1%     -    0s
     0     2  638.50000    0   62  718.00000  638.50000  11.1%     -    0s
H   30    39                     715.0000000  638.50000  10.7%  33.3    0s
H   95   106                     710.0000000  638.50000  10.1%  20.0    0s
*  647   691              47     707.0000000  638.50000  9.69%   8.3    0s
H 2412  1762                     704.0000000  682.91403  3.00%  10.6    2s
H 2413  1675                     699.0000000  682.91403  2.30%  10.6    2s

Cutting planes:
  Learned: 17
  Gomory: 16
  Cover: 5
  Implied bound: 18
  Projected implied bound: 13
  MIR: 36
  Mixing: 11
  StrongCG: 5
  Flow cover: 197
  GUB cover: 1
  Inf proof: 5
  Zero half: 31
  RLT: 24
  Relax-and-lift: 30
  BQP: 2
  PSD: 6

Explored 4060 nodes (65750 simplex iterations) in 3.92 seconds (4.66 work units)
Thread count was 20 (of 20 available processors)

Solution count 10: 699 704 707 ... 900

Optimal solution found (tolerance 0.00e+00)
Best objective 6.990000000000e+02, best bound 6.990000000000e+02, gap 0.0000%

 	 Optimal Solution:
	x[0,1]: 1.0 
	x[1,2]: 1.0 
	x[2,3]: 1.0 
	x[3,4]: 1.0 
	x[4,5]: 1.0 
	x[5,6]: 1.0 
	x[6,7]: 1.0 
	x[7,8]: 1.0 
	x[8,9]: 1.0 
	x[9,10]: 1.0 
	x[10,11]: 1.0 
	x[11,12]: 1.0 
	x[12,13]: 1.0 
	x[13,14]: 1.0 
	x[14,15]: 1.0 
	x[15,16]: 1.0 
	x[16,17]: 1.0 
	x[17,18]: 1.0 
	x[18,19]: 1.0 
	x[19,20]: 1.0 
	x[20,21]: 1.0 
	x[21,22]: 1.0 
	x[22,23]: 1.0 
	x[23,24]: 1.0 
	x[24,25]: 1.0 
	x[25,26]: 1.0 
	x[26,27]: 1.0 
	x[27,28]: 1.0 
	x[28,29]: 1.0 
	x[29,30]: 1.0 
	x[30,31]: 1.0 
	x[31,32]: 1.0 
	x[32,33]: 1.0 
	x[33,34]: 1.0 
	x[34,35]: 1.0 
	x[35,36]: 1.0 
	x[36,37]: 1.0 
	x[37,38]: 1.0 
	x[38,39]: 1.0 
	x[39,40]: 1.0 
	x[40,41]: 1.0 
	x[41,0]: 1.0 
	u[0]: 38.0 
	u[1]: 39.0 
	u[2]: 40.0 
	u[3]: 41.0 
	u[4]: 42.0 
	u[5]: 1.0 
	u[6]: 2.0 
	u[7]: 3.0 
	u[8]: 4.0 
	u[9]: 5.0 
	u[10]: 6.0 
	u[11]: 7.0 
	u[12]: 8.0 
	u[13]: 9.0 
	u[14]: 10.0 
	u[15]: 11.0 
	u[16]: 12.0 
	u[17]: 13.0 
	u[18]: 14.0 
	u[19]: 15.0 
	u[20]: 16.0 
	u[21]: 17.0 
	u[22]: 18.0 
	u[23]: 19.0 
	u[24]: 20.0 
	u[25]: 21.0 
	u[26]: 22.0 
	u[27]: 23.0 
	u[28]: 24.0 
	u[29]: 25.0 
	u[30]: 26.0 
	u[31]: 27.0 
	u[32]: 28.0 
	u[33]: 29.0 
	u[34]: 30.0 
	u[35]: 31.0 
	u[36]: 32.0 
	u[37]: 33.0 
	u[38]: 34.0 
	u[39]: 35.0 
	u[40]: 36.0 
	u[41]: 37.0 
	objective value: 699.0