
Gurobi 11.0.3 (win64) logging started Fri Mar 14 15:35:28 2025

Set parameter LogFile to value "logs/3a_f2_bays29.log"
Set parameter MIPGap to value 0
Set parameter TimeLimit to value 3600
Gurobi Optimizer version 11.0.3 build v11.0.3rc0 (win64 - Windows 11+.0 (26100.2))

CPU model: 12th Gen Intel(R) Core(TM) i7-12700, instruction set [SSE2|AVX|AVX2]
Thread count: 12 physical cores, 20 logical processors, using up to 20 threads

Optimize a model with 928 rows, 870 columns and 4064 nonzeros
Model fingerprint: 0xe20bd28c
Variable types: 0 continuous, 870 integer (841 binary)
Coefficient statistics:
  Matrix range     [1e+00, 3e+01]
  Objective range  [3e+01, 5e+02]
  Bounds range     [1e+00, 1e+00]
  RHS range        [1e+00, 3e+01]
Presolve removed 114 rows and 30 columns
Presolve time: 0.00s
Presolved: 814 rows, 840 columns, 3892 nonzeros
Variable types: 0 continuous, 840 integer (812 binary)
Found heuristic solution: objective 5129.0000000

Root relaxation: objective 1.774357e+03, 116 iterations, 0.00 seconds (0.00 work units)

    Nodes    |    Current Node    |     Objective Bounds      |     Work
 Expl Unexpl |  Obj  Depth IntInf | Incumbent    BestBd   Gap | It/Node Time

     0     0 1774.35714    0   58 5129.00000 1774.35714  65.4%     -    0s
H    0     0                    3645.0000000 1774.35714  51.3%     -    0s
H    0     0                    2680.0000000 1944.00000  27.5%     -    0s
     0     0 1944.00000    0   71 2680.00000 1944.00000  27.5%     -    0s
H    0     0                    2465.0000000 1945.82143  21.1%     -    0s
     0     0 1945.82143    0   67 2465.00000 1945.82143  21.1%     -    0s
     0     0 1947.00000    0   28 2465.00000 1947.00000  21.0%     -    0s
     0     0 1948.50000    0   26 2465.00000 1948.50000  21.0%     -    0s
H    0     0                    2406.0000000 1948.50000  19.0%     -    0s
     0     0 1948.50000    0   38 2406.00000 1948.50000  19.0%     -    0s
H    0     0                    2305.0000000 1948.50000  15.5%     -    0s
     0     0 1948.50000    0   61 2305.00000 1948.50000  15.5%     -    0s
H    0     0                    2194.0000000 1948.50000  11.2%     -    0s
H    0     0                    2020.0000000 1948.50000  3.54%     -    0s
     0     0 1949.87500    0   47 2020.00000 1949.87500  3.47%     -    0s
     0     0 1949.87500    0   55 2020.00000 1949.87500  3.47%     -    0s
     0     0 1949.87500    0   64 2020.00000 1949.87500  3.47%     -    0s
     0     0 1949.87500    0   72 2020.00000 1949.87500  3.47%     -    0s
     0     0 1949.87500    0   72 2020.00000 1949.87500  3.47%     -    0s
     0     0 1949.87500    0   77 2020.00000 1949.87500  3.47%     -    0s
     0     0 1949.87500    0   75 2020.00000 1949.87500  3.47%     -    0s
     0     0 1950.27232    0   84 2020.00000 1950.27232  3.45%     -    0s
     0     0 1951.35714    0   85 2020.00000 1951.35714  3.40%     -    0s
     0     0 1961.00000    0   76 2020.00000 1961.00000  2.92%     -    0s
     0     0 1961.00000    0   73 2020.00000 1961.00000  2.92%     -    0s
     0     0 1961.00000    0   82 2020.00000 1961.00000  2.92%     -    0s
     0     0 1961.00000    0   82 2020.00000 1961.00000  2.92%     -    0s
     0     0 1961.00000    0   36 2020.00000 1961.00000  2.92%     -    0s
     0     0 1961.50000    0   48 2020.00000 1961.50000  2.90%     -    0s
     0     0 1961.50000    0   39 2020.00000 1961.50000  2.90%     -    0s
     0     0 1964.85714    0   45 2020.00000 1964.85714  2.73%     -    0s
     0     0 1964.85714    0   48 2020.00000 1964.85714  2.73%     -    0s
     0     0 1969.50000    0   41 2020.00000 1969.50000  2.50%     -    0s
     0     0 1975.50000    0   43 2020.00000 1975.50000  2.20%     -    0s
     0     0 1975.50000    0   45 2020.00000 1975.50000  2.20%     -    0s
     0     0 1975.50000    0   48 2020.00000 1975.50000  2.20%     -    0s
     0     0 1975.50000    0   65 2020.00000 1975.50000  2.20%     -    0s
     0     0 1975.50000    0   82 2020.00000 1975.50000  2.20%     -    0s
     0     0 1975.50000    0   66 2020.00000 1975.50000  2.20%     -    0s
     0     0 1975.50000    0   72 2020.00000 1975.50000  2.20%     -    0s
     0     0 1975.50000    0   76 2020.00000 1975.50000  2.20%     -    0s
     0     0 1975.50000    0   81 2020.00000 1975.50000  2.20%     -    0s
     0     0 1975.50000    0   81 2020.00000 1975.50000  2.20%     -    0s
     0     0 1975.50000    0   76 2020.00000 1975.50000  2.20%     -    0s
     0     0 1975.50000    0   77 2020.00000 1975.50000  2.20%     -    0s
     0     0 1975.50000    0   78 2020.00000 1975.50000  2.20%     -    0s
     0     0 1975.50000    0   21 2020.00000 1975.50000  2.20%     -    0s
     0     2 1985.50000    0   21 2020.00000 1985.50000  1.71%     -    0s

Cutting planes:
  Learned: 14
  Gomory: 2
  Cover: 2
  Implied bound: 16
  MIR: 43
  Zero half: 2
  RLT: 3
  Relax-and-lift: 31
  BQP: 2
  PSD: 6

Explored 756 nodes (8245 simplex iterations) in 0.37 seconds (0.25 work units)
Thread count was 20 (of 20 available processors)

Solution count 8: 2020 2194 2305 ... 5129

Optimal solution found (tolerance 0.00e+00)
Best objective 2.020000000000e+03, best bound 2.020000000000e+03, gap 0.0000%

 	 Optimal Solution:
	x[0,20]: 1.0 
	x[1,2]: 1.0 
	x[2,28]: 1.0 
	x[3,9]: 1.0 
	x[4,8]: 1.0 
	x[5,27]: 1.0 
	x[6,24]: 1.0 
	x[7,26]: 1.0 
	x[8,11]: 1.0 
	x[9,19]: 1.0 
	x[10,21]: 1.0 
	x[11,5]: 1.0 
	x[12,15]: 1.0 
	x[13,16]: 1.0 
	x[14,3]: 1.0 
	x[15,23]: 1.0 
	x[16,17]: 1.0 
	x[17,14]: 1.0 
	x[18,10]: 1.0 
	x[19,1]: 1.0 
	x[20,12]: 1.0 
	x[21,13]: 1.0 
	x[22,6]: 1.0 
	x[23,7]: 1.0 
	x[24,18]: 1.0 
	x[25,4]: 1.0 
	x[26,22]: 1.0 
	x[27,0]: 1.0 
	x[28,25]: 1.0 
	u[0]: 3.0 
	u[1]: 23.0 
	u[2]: 24.0 
	u[3]: 20.0 
	u[4]: 27.0 
	u[5]: 1.0 
	u[6]: 11.0 
	u[7]: 8.0 
	u[8]: 28.0 
	u[9]: 21.0 
	u[10]: 14.0 
	u[11]: 29.0 
	u[12]: 5.0 
	u[13]: 16.0 
	u[14]: 19.0 
	u[15]: 6.0 
	u[16]: 17.0 
	u[17]: 18.0 
	u[18]: 13.0 
	u[19]: 22.0 
	u[20]: 4.0 
	u[21]: 15.0 
	u[22]: 10.0 
	u[23]: 7.0 
	u[24]: 12.0 
	u[25]: 26.0 
	u[26]: 9.0 
	u[27]: 2.0 
	u[28]: 25.0 
	objective value: 2020.0