
Gurobi 12.0.1 (win64) logging started Mon Mar 10 16:28:47 2025

Set parameter LogFile to value "logs/3a_f2_rat99.log"
Set parameter MIPGap to value 0
Set parameter TimeLimit to value 3600
Gurobi Optimizer version 12.0.1 build v12.0.1rc0 (win64 - Windows 11.0 (26100.2))

CPU model: 12th Gen Intel(R) Core(TM) i7-12700, instruction set [SSE2|AVX|AVX2]
Thread count: 12 physical cores, 20 logical processors, using up to 20 threads

Non-default parameters:
TimeLimit  3600
MIPGap  0

Optimize a model with 10098 rows, 9900 columns and 48514 nonzeros
Model fingerprint: 0xbb59d546
Variable types: 0 continuous, 9900 integer (9801 binary)
Coefficient statistics:
  Matrix range     [1e+00, 1e+02]
  Objective range  [4e+00, 2e+02]
  Bounds range     [1e+00, 1e+00]
  RHS range        [1e+00, 1e+02]
Presolve removed 394 rows and 100 columns
Presolve time: 0.05s
Presolved: 9704 rows, 9800 columns, 47922 nonzeros
Variable types: 0 continuous, 9800 integer (9702 binary)

Root relaxation: objective 1.090918e+03, 405 iterations, 0.01 seconds (0.02 work units)

    Nodes    |    Current Node    |     Objective Bounds      |     Work
 Expl Unexpl |  Obj  Depth IntInf | Incumbent    BestBd   Gap | It/Node Time

     0     0 1090.91837    0  178          - 1090.91837      -     -    0s
     0     0 1173.84694    0  229          - 1173.84694      -     -    0s
H    0     0                    2947.0000000 1174.84694  60.1%     -    0s
     0     0 1174.84694    0  232 2947.00000 1174.84694  60.1%     -    0s
     0     0 1194.03061    0  225 2947.00000 1194.03061  59.5%     -    0s
H    0     0                    2910.0000000 1194.03061  59.0%     -    0s
H    0     0                    2573.0000000 1194.03061  53.6%     -    0s
H    0     0                    2516.0000000 1194.03061  52.5%     -    0s
H    0     0                    2299.0000000 1194.03061  48.1%     -    0s
H    0     0                    2286.0000000 1194.03061  47.8%     -    0s
H    0     0                    2250.0000000 1194.03061  46.9%     -    0s
     0     0 1195.01020    0  208 2250.00000 1195.01020  46.9%     -    0s
     0     0 1195.01020    0  206 2250.00000 1195.01020  46.9%     -    0s
     0     0 1199.50000    0  244 2250.00000 1199.50000  46.7%     -    1s
H    0     0                    2246.0000000 1199.50000  46.6%     -    1s
H    0     0                    2221.0000000 1199.50000  46.0%     -    1s
H    0     0                    2217.0000000 1199.50000  45.9%     -    1s
H    0     0                    2215.0000000 1199.50000  45.8%     -    1s
H    0     0                    2167.0000000 1199.50000  44.6%     -    1s
H    0     0                    1398.0000000 1199.50000  14.2%     -    1s
H    0     0                    1382.0000000 1199.50000  13.2%     -    1s
     0     0 1199.50000    0  240 1382.00000 1199.50000  13.2%     -    1s
H    0     0                    1365.0000000 1199.50000  12.1%     -    1s
H    0     0                    1333.0000000 1199.50000  10.0%     -    1s
     0     0 1199.50000    0  260 1333.00000 1199.50000  10.0%     -    1s
     0     0 1199.50000    0  232 1333.00000 1199.50000  10.0%     -    1s
H    0     0                    1309.0000000 1199.50000  8.37%     -    1s
     0     0 1199.50000    0  231 1309.00000 1199.50000  8.37%     -    1s
     0     0 1199.50000    0  161 1309.00000 1199.50000  8.37%     -    1s
H    0     0                    1278.0000000 1199.50000  6.14%     -    1s
     0     0 1199.50000    0  240 1278.00000 1199.50000  6.14%     -    1s
     0     0 1199.50000    0  177 1278.00000 1199.50000  6.14%     -    2s
     0     0 1199.50000    0  246 1278.00000 1199.50000  6.14%     -    2s
     0     0 1199.50000    0  248 1278.00000 1199.50000  6.14%     -    2s
     0     0 1199.50000    0  240 1278.00000 1199.50000  6.14%     -    2s
H    0     0                    1263.0000000 1199.50000  5.03%     -    2s
H    0     0                    1261.0000000 1199.50000  4.88%     -    2s
H    0     0                    1249.0000000 1199.50000  3.96%     -    2s
     0     0 1201.50000    0  238 1249.00000 1201.50000  3.80%     -    2s
     0     0 1201.50000    0  171 1249.00000 1201.50000  3.80%     -    2s
     0     0 1201.50000    0  241 1249.00000 1201.50000  3.80%     -    2s
     0     0 1201.50000    0  218 1249.00000 1201.50000  3.80%     -    2s
H    0     0                    1234.0000000 1201.50000  2.63%     -    2s
H    0     0                    1223.0000000 1201.50000  1.76%     -    2s
     0     0 1202.00000    0  236 1223.00000 1202.00000  1.72%     -    2s
     0     0 1202.00000    0  191 1223.00000 1202.00000  1.72%     -    2s
     0     0 1202.00000    0  228 1223.00000 1202.00000  1.72%     -    2s
     0     0 1202.00000    0  237 1223.00000 1202.00000  1.72%     -    2s
     0     0 1202.00000    0  239 1223.00000 1202.00000  1.72%     -    2s
     0     0 1202.00000    0  278 1223.00000 1202.00000  1.72%     -    2s
     0     0 1202.00000    0  281 1223.00000 1202.00000  1.72%     -    2s
     0     0 1202.00000    0  284 1223.00000 1202.00000  1.72%     -    3s
     0     0 1202.00000    0  285 1223.00000 1202.00000  1.72%     -    3s
     0     0 1202.00000    0   73 1223.00000 1202.00000  1.72%     -    3s
     0     0 1202.00000    0   71 1223.00000 1202.00000  1.72%     -    3s
     0     0 1202.00000    0   74 1223.00000 1202.00000  1.72%     -    3s
     0     0 1202.00000    0   74 1223.00000 1202.00000  1.72%     -    3s
     0     2 1202.50000    0   74 1223.00000 1202.50000  1.68%     -    3s
H  119   122                    1213.0000000 1202.50000  0.87%  33.9    3s
H  124   122                    1212.0000000 1202.50000  0.78%  33.7    3s
H 2130   364                    1211.0000000 1204.95792  0.50%  34.6    3s

Cutting planes:
  Learned: 50
  Gomory: 28
  Lift-and-project: 2
  Cover: 5
  Implied bound: 105
  MIR: 149
  StrongCG: 3
  Inf proof: 8
  Zero half: 9
  RLT: 18
  Relax-and-lift: 60
  BQP: 4
  PSD: 20

Explored 2937 nodes (107378 simplex iterations) in 3.87 seconds (4.20 work units)
Thread count was 20 (of 20 available processors)

Solution count 10: 1211 1212 1213 ... 1309

Optimal solution found (tolerance 0.00e+00)
Best objective 1.211000000000e+03, best bound 1.211000000000e+03, gap 0.0000%

 	 Optimal Solution:
	x[0,9]: 1.0 
	x[1,0]: 1.0 
	x[2,1]: 1.0 
	x[3,2]: 1.0 
	x[4,13]: 1.0 
	x[5,4]: 1.0 
	x[6,5]: 1.0 
	x[7,6]: 1.0 
	x[8,7]: 1.0 
	x[9,10]: 1.0 
	x[10,11]: 1.0 
	x[11,12]: 1.0 
	x[12,21]: 1.0 
	x[13,3]: 1.0 
	x[14,15]: 1.0 
	x[15,16]: 1.0 
	x[16,17]: 1.0 
	x[17,8]: 1.0 
	x[18,27]: 1.0 
	x[19,18]: 1.0 
	x[20,19]: 1.0 
	x[21,20]: 1.0 
	x[22,14]: 1.0 
	x[23,22]: 1.0 
	x[24,23]: 1.0 
	x[25,24]: 1.0 
	x[26,25]: 1.0 
	x[27,36]: 1.0 
	x[28,29]: 1.0 
	x[29,30]: 1.0 
	x[30,31]: 1.0 
	x[31,32]: 1.0 
	x[32,33]: 1.0 
	x[33,42]: 1.0 
	x[34,26]: 1.0 
	x[35,34]: 1.0 
	x[36,28]: 1.0 
	x[37,46]: 1.0 
	x[38,47]: 1.0 
	x[39,38]: 1.0 
	x[40,39]: 1.0 
	x[41,40]: 1.0 
	x[42,41]: 1.0 
	x[43,35]: 1.0 
	x[44,43]: 1.0 
	x[45,54]: 1.0 
	x[46,45]: 1.0 
	x[47,37]: 1.0 
	x[48,49]: 1.0 
	x[49,50]: 1.0 
	x[50,51]: 1.0 
	x[51,52]: 1.0 
	x[52,53]: 1.0 
	x[53,44]: 1.0 
	x[54,63]: 1.0 
	x[55,56]: 1.0 
	x[56,57]: 1.0 
	x[57,58]: 1.0 
	x[58,67]: 1.0 
	x[59,48]: 1.0 
	x[60,59]: 1.0 
	x[61,60]: 1.0 
	x[62,61]: 1.0 
	x[63,64]: 1.0 
	x[64,55]: 1.0 
	x[65,74]: 1.0 
	x[66,65]: 1.0 
	x[67,66]: 1.0 
	x[68,69]: 1.0 
	x[69,70]: 1.0 
	x[70,79]: 1.0 
	x[71,62]: 1.0 
	x[72,81]: 1.0 
	x[73,72]: 1.0 
	x[74,73]: 1.0 
	x[75,76]: 1.0 
	x[76,77]: 1.0 
	x[77,68]: 1.0 
	x[78,87]: 1.0 
	x[79,80]: 1.0 
	x[80,71]: 1.0 
	x[81,82]: 1.0 
	x[82,90]: 1.0 
	x[83,75]: 1.0 
	x[84,83]: 1.0 
	x[85,84]: 1.0 
	x[86,85]: 1.0 
	x[87,86]: 1.0 
	x[88,78]: 1.0 
	x[89,88]: 1.0 
	x[90,91]: 1.0 
	x[91,92]: 1.0 
	x[92,93]: 1.0 
	x[93,94]: 1.0 
	x[94,95]: 1.0 
	x[95,96]: 1.0 
	x[96,97]: 1.0 
	x[97,98]: 1.0 
	x[98,89]: 1.0 
	u[0]: 7.0 
	u[1]: 6.0 
	u[2]: 5.0 
	u[3]: 4.0 
	u[4]: 2.0 
	u[5]: 1.0 
	u[6]: 99.0 
	u[7]: 98.0 
	u[8]: 97.0 
	u[9]: 8.0 
	u[10]: 9.0 
	u[11]: 10.0 
	u[12]: 11.0 
	u[13]: 3.0 
	u[14]: 93.0 
	u[15]: 94.0 
	u[16]: 95.0 
	u[17]: 96.0 
	u[18]: 15.0 
	u[19]: 14.0 
	u[20]: 13.0 
	u[21]: 12.0 
	u[22]: 92.0 
	u[23]: 91.0 
	u[24]: 90.0 
	u[25]: 89.0 
	u[26]: 88.0 
	u[27]: 16.0 
	u[28]: 18.0 
	u[29]: 19.0 
	u[30]: 20.0 
	u[31]: 21.0 
	u[32]: 22.0 
	u[33]: 23.0 
	u[34]: 87.0 
	u[35]: 86.0 
	u[36]: 17.0 
	u[37]: 30.0 
	u[38]: 28.0 
	u[39]: 27.0 
	u[40]: 26.0 
	u[41]: 25.0 
	u[42]: 24.0 
	u[43]: 85.0 
	u[44]: 84.0 
	u[45]: 32.0 
	u[46]: 31.0 
	u[47]: 29.0 
	u[48]: 78.0 
	u[49]: 79.0 
	u[50]: 80.0 
	u[51]: 81.0 
	u[52]: 82.0 
	u[53]: 83.0 
	u[54]: 33.0 
	u[55]: 36.0 
	u[56]: 37.0 
	u[57]: 38.0 
	u[58]: 39.0 
	u[59]: 77.0 
	u[60]: 76.0 
	u[61]: 75.0 
	u[62]: 74.0 
	u[63]: 34.0 
	u[64]: 35.0 
	u[65]: 42.0 
	u[66]: 41.0 
	u[67]: 40.0 
	u[68]: 68.0 
	u[69]: 69.0 
	u[70]: 70.0 
	u[71]: 73.0 
	u[72]: 45.0 
	u[73]: 44.0 
	u[74]: 43.0 
	u[75]: 65.0 
	u[76]: 66.0 
	u[77]: 67.0 
	u[78]: 59.0 
	u[79]: 71.0 
	u[80]: 72.0 
	u[81]: 46.0 
	u[82]: 47.0 
	u[83]: 64.0 
	u[84]: 63.0 
	u[85]: 62.0 
	u[86]: 61.0 
	u[87]: 60.0 
	u[88]: 58.0 
	u[89]: 57.0 
	u[90]: 48.0 
	u[91]: 49.0 
	u[92]: 50.0 
	u[93]: 51.0 
	u[94]: 52.0 
	u[95]: 53.0 
	u[96]: 54.0 
	u[97]: 55.0 
	u[98]: 56.0 
	objective value: 1211.0