
Gurobi 12.0.1 (win64) logging started Mon Mar 10 16:26:59 2025

Set parameter LogFile to value "logs/3a_f2_pr76.log"
Set parameter MIPGap to value 0
Set parameter TimeLimit to value 3600
Gurobi Optimizer version 12.0.1 build v12.0.1rc0 (win64 - Windows 11.0 (26100.2))

CPU model: 12th Gen Intel(R) Core(TM) i7-12700, instruction set [SSE2|AVX|AVX2]
Thread count: 12 physical cores, 20 logical processors, using up to 20 threads

Non-default parameters:
TimeLimit  3600
MIPGap  0

Optimize a model with 6004 rows, 5852 columns and 28504 nonzeros
Model fingerprint: 0x3e6cdb56
Variable types: 0 continuous, 5852 integer (5776 binary)
Coefficient statistics:
  Matrix range     [1e+00, 8e+01]
  Objective range  [3e+02, 2e+04]
  Bounds range     [1e+00, 1e+00]
  RHS range        [1e+00, 8e+01]
Presolve removed 302 rows and 77 columns
Presolve time: 0.03s
Presolved: 5702 rows, 5775 columns, 28050 nonzeros
Variable types: 0 continuous, 5775 integer (5700 binary)

Root relaxation: objective 7.766339e+04, 307 iterations, 0.01 seconds (0.01 work units)

    Nodes    |    Current Node    |     Objective Bounds      |     Work
 Expl Unexpl |  Obj  Depth IntInf | Incumbent    BestBd   Gap | It/Node Time

     0     0 77663.3867    0  129          - 77663.3867      -     -    0s
     0     0 98994.5000    0  174          - 98994.5000      -     -    0s
     0     0 98994.5000    0  178          - 98994.5000      -     -    0s
H    0     0                    412271.00000 98994.5000  76.0%     -    0s
     0     0 100325.240    0  172 412271.000 100325.240  75.7%     -    0s
H    0     0                    387840.00000 100325.240  74.1%     -    0s
H    0     0                    374199.00000 100325.240  73.2%     -    0s
H    0     0                    350026.00000 100325.240  71.3%     -    0s
H    0     0                    349890.00000 100325.240  71.3%     -    0s
H    0     0                    300573.00000 100325.240  66.6%     -    0s
H    0     0                    299698.00000 100325.240  66.5%     -    0s
H    0     0                    276750.00000 100325.240  63.7%     -    0s
H    0     0                    265636.00000 100325.240  62.2%     -    0s
H    0     0                    241397.00000 100325.240  58.4%     -    0s
H    0     0                    220053.00000 100325.240  54.4%     -    0s
H    0     0                    218788.00000 100325.240  54.1%     -    0s
H    0     0                    197135.00000 100325.240  49.1%     -    0s
     0     0 100325.240    0  172 197135.000 100325.240  49.1%     -    0s
     0     0 101052.380    0  168 197135.000 101052.380  48.7%     -    0s
H    0     0                    191197.00000 101085.880  47.1%     -    0s
H    0     0                    189715.00000 101085.880  46.7%     -    0s
     0     0 101085.880    0  165 189715.000 101085.880  46.7%     -    0s
     0     0 101085.880    0  172 189715.000 101085.880  46.7%     -    0s
     0     0 101416.880    0  176 189715.000 101416.880  46.5%     -    0s
     0     0 101416.880    0  172 189715.000 101416.880  46.5%     -    0s
H    0     0                    127522.00000 101416.880  20.5%     -    0s
H    0     0                    126745.00000 101416.880  20.0%     -    0s
     0     0 101416.880    0  170 126745.000 101416.880  20.0%     -    0s
     0     0 101678.750    0  172 126745.000 101678.750  19.8%     -    0s
     0     0 101678.750    0  171 126745.000 101678.750  19.8%     -    0s
     0     0 101678.750    0  172 126745.000 101678.750  19.8%     -    0s
H    0     0                    114045.00000 101678.750  10.8%     -    0s
     0     0 101678.750    0  167 114045.000 101678.750  10.8%     -    0s
     0     0 102296.750    0  166 114045.000 102296.750  10.3%     -    0s
H    0     0                    110709.00000 102296.750  7.60%     -    0s
     0     0 102296.750    0  165 110709.000 102296.750  7.60%     -    0s
     0     0 102296.750    0  167 110709.000 102296.750  7.60%     -    0s
     0     0 102296.750    0  163 110709.000 102296.750  7.60%     -    1s
     0     0 102296.750    0  159 110709.000 102296.750  7.60%     -    1s
     0     0 102296.750    0  137 110709.000 102296.750  7.60%     -    1s
H    0     0                    110572.00000 102296.750  7.48%     -    1s
     0     0 102296.750    0  166 110572.000 102296.750  7.48%     -    1s
H    0     0                    110375.00000 102296.750  7.32%     -    1s
     0     0 102296.750    0  165 110375.000 102296.750  7.32%     -    1s
     0     0 102296.750    0  168 110375.000 102296.750  7.32%     -    1s
     0     0 102501.787    0  180 110375.000 102501.787  7.13%     -    1s
     0     0 103281.000    0  173 110375.000 103281.000  6.43%     -    1s
     0     0 104033.000    0  189 110375.000 104033.000  5.75%     -    1s
     0     0 104033.000    0  187 110375.000 104033.000  5.75%     -    1s
     0     0 104033.000    0  192 110375.000 104033.000  5.75%     -    1s
     0     0 104033.000    0  135 110375.000 104033.000  5.75%     -    1s
     0     0 104033.000    0  181 110375.000 104033.000  5.75%     -    1s
H    0     0                    110340.00000 104033.000  5.72%     -    2s
     0     0 104033.000    0  185 110340.000 104033.000  5.72%     -    2s
     0     0 104033.000    0  188 110340.000 104033.000  5.72%     -    2s
     0     0 104100.000    0  190 110340.000 104100.000  5.66%     -    2s
     0     0 104100.000    0  192 110340.000 104100.000  5.66%     -    2s
     0     0 104100.000    0  217 110340.000 104100.000  5.66%     -    2s
     0     0 104100.000    0   70 110340.000 104100.000  5.66%     -    2s
     0     0 104100.000    0   74 110340.000 104100.000  5.66%     -    2s
     0     0 104100.000    0   74 110340.000 104100.000  5.66%     -    2s
     0     0 104100.000    0   73 110340.000 104100.000  5.66%     -    2s
     0     0 104100.000    0   69 110340.000 104100.000  5.66%     -    2s
     0     0 104100.000    0   67 110340.000 104100.000  5.66%     -    2s
     0     2 104338.000    0   64 110340.000 104338.000  5.44%     -    2s
H  113   124                    110261.00000 104338.000  5.37%  43.7    2s
H  259   262                    110135.00000 104338.000  5.26%  35.2    3s
H  260   262                    108736.00000 104338.000  4.04%  35.2    3s
  2980  1613 105839.530   18  196 108736.000 104712.250  3.70%  22.3    5s
H 2982  1533                    108559.00000 104712.250  3.54%  22.3    5s
H 3005  1471                    108468.00000 105454.900  2.78%  23.0    6s
H 3313  1595                    108258.00000 105489.480  2.56%  25.9    7s
  5947  1689 106033.352   32  167 108258.000 105944.465  2.14%  34.2   10s
H 9450  2930                    108234.00000 106207.129  1.87%  33.2   12s
 13972  5370 107769.685   40  152 108234.000 106351.375  1.74%  31.5   15s
 22783  8984 107740.000   37   91 108234.000 106506.750  1.60%  29.2   20s
H23848  8896                    108159.00000 106517.747  1.52%  29.1   20s
 32624 11758 107715.168   53   55 108159.000 106627.433  1.42%  28.8   25s
 41066 13641 107818.707   40   66 108159.000 106765.380  1.29%  29.0   30s
 46020 14308 107939.616   62  250 108159.000 106842.117  1.22%  29.4   35s
 49270 14724 108111.982   60  115 108159.000 106842.117  1.22%  29.9   40s
 50186 14651 107424.544   49  286 108159.000 106842.117  1.22%  29.8   45s
 50221 14674 107166.250   49  281 108159.000 106842.117  1.22%  29.8   50s
 50247 14691 107641.807   48  282 108159.000 106842.117  1.22%  29.8   55s
 50267 14705 107882.887   52  269 108159.000 106842.117  1.22%  29.8   60s
 50293 14723 107531.669   49  256 108159.000 106842.117  1.22%  29.9   65s
 50320 14741 107587.000   64  285 108159.000 106842.117  1.22%  29.9   70s
 52735 15230 106916.500   72   75 108159.000 106842.117  1.22%  30.5   75s
 61623 14547 106853.404   71  103 108159.000 106842.117  1.22%  32.1   80s
 69988 13091 107605.333   82  100 108159.000 107046.167  1.03%  33.4   85s
 76745 11497 infeasible   87      108159.000 107245.011  0.85%  34.3   90s
 81304 10037     cutoff   90      108159.000 107379.089  0.72%  34.9   95s
 89008  6413 107798.265   69  114 108159.000 107568.347  0.55%  35.5  100s
 97011  1631 107941.917   90  192 108159.000 107820.500  0.31%  35.7  105s

Cutting planes:
  Learned: 35
  Gomory: 101
  Cover: 58
  Implied bound: 60
  Projected implied bound: 35
  MIR: 110
  Mixing: 26
  StrongCG: 8
  Flow cover: 813
  Inf proof: 54
  Zero half: 91
  RLT: 83
  Relax-and-lift: 89

Explored 103383 nodes (3610923 simplex iterations) in 107.50 seconds (106.76 work units)
Thread count was 20 (of 20 available processors)

Solution count 10: 108159 108234 108258 ... 110375

Optimal solution found (tolerance 0.00e+00)
Best objective 1.081590000000e+05, best bound 1.081590000000e+05, gap 0.0000%

 	 Optimal Solution:
	x[0,22]: 1.0 
	x[1,74]: 1.0 
	x[2,1]: 1.0 
	x[3,2]: 1.0 
	x[4,3]: 1.0 
	x[5,4]: 1.0 
	x[6,5]: 1.0 
	x[7,6]: 1.0 
	x[8,7]: 1.0 
	x[9,8]: 1.0 
	x[10,9]: 1.0 
	x[11,10]: 1.0 
	x[12,11]: 1.0 
	x[13,12]: 1.0 
	x[14,73]: 1.0 
	x[15,14]: 1.0 
	x[16,15]: 1.0 
	x[17,16]: 1.0 
	x[18,30]: 1.0 
	x[19,18]: 1.0 
	x[20,24]: 1.0 
	x[21,20]: 1.0 
	x[22,21]: 1.0 
	x[23,45]: 1.0 
	x[24,23]: 1.0 
	x[25,19]: 1.0 
	x[26,25]: 1.0 
	x[27,26]: 1.0 
	x[28,31]: 1.0 
	x[29,28]: 1.0 
	x[30,29]: 1.0 
	x[31,32]: 1.0 
	x[32,34]: 1.0 
	x[33,39]: 1.0 
	x[34,33]: 1.0 
	x[35,36]: 1.0 
	x[36,17]: 1.0 
	x[37,35]: 1.0 
	x[38,37]: 1.0 
	x[39,38]: 1.0 
	x[40,59]: 1.0 
	x[41,42]: 1.0 
	x[42,27]: 1.0 
	x[43,47]: 1.0 
	x[44,43]: 1.0 
	x[45,44]: 1.0 
	x[46,68]: 1.0 
	x[47,46]: 1.0 
	x[48,50]: 1.0 
	x[49,48]: 1.0 
	x[50,65]: 1.0 
	x[51,52]: 1.0 
	x[52,53]: 1.0 
	x[53,41]: 1.0 
	x[54,51]: 1.0 
	x[55,54]: 1.0 
	x[56,55]: 1.0 
	x[57,56]: 1.0 
	x[58,57]: 1.0 
	x[59,58]: 1.0 
	x[60,40]: 1.0 
	x[61,60]: 1.0 
	x[62,61]: 1.0 
	x[63,62]: 1.0 
	x[64,70]: 1.0 
	x[65,64]: 1.0 
	x[66,49]: 1.0 
	x[67,69]: 1.0 
	x[68,67]: 1.0 
	x[69,66]: 1.0 
	x[70,71]: 1.0 
	x[71,72]: 1.0 
	x[72,63]: 1.0 
	x[73,13]: 1.0 
	x[74,75]: 1.0 
	x[75,0]: 1.0 
	u[0]: 8.0 
	u[1]: 5.0 
	u[2]: 4.0 
	u[3]: 3.0 
	u[4]: 2.0 
	u[5]: 1.0 
	u[6]: 76.0 
	u[7]: 75.0 
	u[8]: 74.0 
	u[9]: 73.0 
	u[10]: 72.0 
	u[11]: 71.0 
	u[12]: 70.0 
	u[13]: 69.0 
	u[14]: 67.0 
	u[15]: 66.0 
	u[16]: 65.0 
	u[17]: 64.0 
	u[18]: 51.0 
	u[19]: 50.0 
	u[20]: 11.0 
	u[21]: 10.0 
	u[22]: 9.0 
	u[23]: 13.0 
	u[24]: 12.0 
	u[25]: 49.0 
	u[26]: 48.0 
	u[27]: 47.0 
	u[28]: 54.0 
	u[29]: 53.0 
	u[30]: 52.0 
	u[31]: 55.0 
	u[32]: 56.0 
	u[33]: 58.0 
	u[34]: 57.0 
	u[35]: 62.0 
	u[36]: 63.0 
	u[37]: 61.0 
	u[38]: 60.0 
	u[39]: 59.0 
	u[40]: 35.0 
	u[41]: 45.0 
	u[42]: 46.0 
	u[43]: 16.0 
	u[44]: 15.0 
	u[45]: 14.0 
	u[46]: 18.0 
	u[47]: 17.0 
	u[48]: 24.0 
	u[49]: 23.0 
	u[50]: 25.0 
	u[51]: 42.0 
	u[52]: 43.0 
	u[53]: 44.0 
	u[54]: 41.0 
	u[55]: 40.0 
	u[56]: 39.0 
	u[57]: 38.0 
	u[58]: 37.0 
	u[59]: 36.0 
	u[60]: 34.0 
	u[61]: 33.0 
	u[62]: 32.0 
	u[63]: 31.0 
	u[64]: 27.0 
	u[65]: 26.0 
	u[66]: 22.0 
	u[67]: 20.0 
	u[68]: 19.0 
	u[69]: 21.0 
	u[70]: 28.0 
	u[71]: 29.0 
	u[72]: 30.0 
	u[73]: 68.0 
	u[74]: 6.0 
	u[75]: 7.0 
	objective value: 108159.0