
Gurobi 11.0.3 (win64) logging started Fri Mar 14 16:30:37 2025

Set parameter LogFile to value "logs/3b_f3_bays29.log"
Set parameter MIPGap to value 0
Set parameter TimeLimit to value 3600
Set parameter Presolve to value 0
Gurobi Optimizer version 11.0.3 build v11.0.3rc0 (win64 - Windows 11+.0 (26100.2))

CPU model: 12th Gen Intel(R) Core(TM) i7-12700, instruction set [SSE2|AVX|AVX2]
Thread count: 12 physical cores, 20 logical processors, using up to 20 threads

Optimize a model with 24419 rows, 25230 columns and 92711 nonzeros
Model fingerprint: 0x1712e753
Variable types: 24389 continuous, 841 integer (841 binary)
Coefficient statistics:
  Matrix range     [1e+00, 1e+00]
  Objective range  [3e+01, 5e+02]
  Bounds range     [1e+00, 1e+00]
  RHS range        [1e+00, 1e+00]
Variable types: 24389 continuous, 841 integer (841 binary)

Root relaxation: objective 2.013500e+03, 16234 iterations, 1.92 seconds (1.96 work units)

    Nodes    |    Current Node    |     Objective Bounds      |     Work
 Expl Unexpl |  Obj  Depth IntInf | Incumbent    BestBd   Gap | It/Node Time

     0     0 2013.50000    0   56          - 2013.50000      -     -    2s
     0     0 2013.50000    0   62          - 2013.50000      -     -    3s
H    0     0                    2039.0000000 2017.00000  1.08%     -    4s
     0     0 2017.00000    0   10 2039.00000 2017.00000  1.08%     -    4s
H    0     0                    2026.0000000 2017.00000  0.44%     -    4s
     0     0 2018.00000    0   14 2026.00000 2018.00000  0.39%     -    4s
H    0     0                    2020.0000000 2018.00000  0.10%     -    5s
     0     0 2020.00000    0   32 2020.00000 2020.00000  0.00%     -    5s

Cutting planes:
  MIR: 1

Explored 1 nodes (18191 simplex iterations) in 5.27 seconds (3.60 work units)
Thread count was 20 (of 20 available processors)

Solution count 3: 2020 2026 2039 

Optimal solution found (tolerance 0.00e+00)
Best objective 2.020000000000e+03, best bound 2.020000000000e+03, gap 0.0000%

 	 Optimal Solution:
	x[0,27]: 1.0 
	x[1,19]: 1.0 
	x[2,1]: 1.0 
	x[3,14]: 1.0 
	x[4,25]: 1.0 
	x[5,11]: 1.0 
	x[6,22]: 1.0 
	x[7,23]: 1.0 
	x[8,4]: 1.0 
	x[9,3]: 1.0 
	x[10,18]: 1.0 
	x[11,8]: 1.0 
	x[12,20]: 1.0 
	x[13,21]: 1.0 
	x[14,17]: 1.0 
	x[15,12]: 1.0 
	x[16,13]: 1.0 
	x[17,16]: 1.0 
	x[18,24]: 1.0 
	x[19,9]: 1.0 
	x[20,0]: 1.0 
	x[21,10]: 1.0 
	x[22,26]: 1.0 
	x[23,15]: 1.0 
	x[24,6]: 1.0 
	x[25,28]: 1.0 
	x[26,7]: 1.0 
	x[27,5]: 1.0 
	x[28,2]: 1.0 
	f[0,1,19]: 1.0 
	f[0,2,1]: 1.0 
	f[0,3,14]: 1.0 
	f[0,4,25]: 1.0 
	f[0,5,11]: 1.0 
	f[0,6,22]: 1.0 
	f[0,7,23]: 1.0 
	f[0,8,4]: 1.0 
	f[0,9,3]: 1.0 
	f[0,10,18]: 1.0 
	f[0,11,8]: 1.0 
	f[0,12,20]: 1.0 
	f[0,13,21]: 1.0 
	f[0,14,17]: 1.0 
	f[0,15,12]: 1.0 
	f[0,16,13]: 1.0 
	f[0,17,16]: 1.0 
	f[0,18,24]: 1.0 
	f[0,19,9]: 1.0 
	f[0,20,0]: 1.0 
	f[0,21,10]: 1.0 
	f[0,22,26]: 1.0 
	f[0,23,15]: 1.0 
	f[0,24,6]: 1.0 
	f[0,25,28]: 1.0 
	f[0,26,7]: 1.0 
	f[0,28,2]: 1.0 
	f[1,2,1]: 1.0 
	f[1,4,25]: 1.0 
	f[1,5,11]: 1.0 
	f[1,8,4]: 1.0 
	f[1,11,8]: 1.0 
	f[1,25,28]: 1.0 
	f[1,28,2]: 1.0 
	f[2,4,25]: 1.0 
	f[2,5,11]: 1.0 
	f[2,8,4]: 1.0 
	f[2,11,8]: 1.0 
	f[2,25,28]: 1.0 
	f[2,28,2]: 1.0 
	f[3,1,19]: 1.0 
	f[3,2,1]: 1.0 
	f[3,4,25]: 1.0 
	f[3,5,11]: 1.0 
	f[3,8,4]: 1.0 
	f[3,9,3]: 1.0 
	f[3,11,8]: 1.0 
	f[3,19,9]: 1.0 
	f[3,25,28]: 1.0 
	f[3,28,2]: 1.0 
	f[4,5,11]: 1.0 
	f[4,8,4]: 1.0 
	f[4,11,8]: 1.0 
	f[6,1,19]: 1.0 
	f[6,2,1]: 1.0 
	f[6,3,14]: 1.0 
	f[6,4,25]: 1.0 
	f[6,5,11]: 1.0 
	f[6,8,4]: 1.0 
	f[6,9,3]: 1.0 
	f[6,10,18]: 1.0 
	f[6,11,8]: 1.0 
	f[6,13,21]: 1.0 
	f[6,14,17]: 1.0 
	f[6,16,13]: 1.0 
	f[6,17,16]: 1.0 
	f[6,18,24]: 1.0 
	f[6,19,9]: 1.0 
	f[6,21,10]: 1.0 
	f[6,24,6]: 1.0 
	f[6,25,28]: 1.0 
	f[6,28,2]: 1.0 
	f[7,1,19]: 1.0 
	f[7,2,1]: 1.0 
	f[7,3,14]: 1.0 
	f[7,4,25]: 1.0 
	f[7,5,11]: 1.0 
	f[7,6,22]: 1.0 
	f[7,8,4]: 1.0 
	f[7,9,3]: 1.0 
	f[7,10,18]: 1.0 
	f[7,11,8]: 1.0 
	f[7,13,21]: 1.0 
	f[7,14,17]: 1.0 
	f[7,16,13]: 1.0 
	f[7,17,16]: 1.0 
	f[7,18,24]: 1.0 
	f[7,19,9]: 1.0 
	f[7,21,10]: 1.0 
	f[7,22,26]: 1.0 
	f[7,24,6]: 1.0 
	f[7,25,28]: 1.0 
	f[7,26,7]: 1.0 
	f[7,28,2]: 1.0 
	f[8,5,11]: 1.0 
	f[8,11,8]: 1.0 
	f[9,1,19]: 1.0 
	f[9,2,1]: 1.0 
	f[9,4,25]: 1.0 
	f[9,5,11]: 1.0 
	f[9,8,4]: 1.0 
	f[9,11,8]: 1.0 
	f[9,19,9]: 1.0 
	f[9,25,28]: 1.0 
	f[9,28,2]: 1.0 
	f[10,1,19]: 1.0 
	f[10,2,1]: 1.0 
	f[10,3,14]: 1.0 
	f[10,4,25]: 1.0 
	f[10,5,11]: 1.0 
	f[10,8,4]: 1.0 
	f[10,9,3]: 1.0 
	f[10,11,8]: 1.0 
	f[10,13,21]: 1.0 
	f[10,14,17]: 1.0 
	f[10,16,13]: 1.0 
	f[10,17,16]: 1.0 
	f[10,19,9]: 1.0 
	f[10,21,10]: 1.0 
	f[10,25,28]: 1.0 
	f[10,28,2]: 1.0 
	f[11,5,11]: 1.0 
	f[12,1,19]: 1.0 
	f[12,2,1]: 1.0 
	f[12,3,14]: 1.0 
	f[12,4,25]: 1.0 
	f[12,5,11]: 1.0 
	f[12,6,22]: 1.0 
	f[12,7,23]: 1.0 
	f[12,8,4]: 1.0 
	f[12,9,3]: 1.0 
	f[12,10,18]: 1.0 
	f[12,11,8]: 1.0 
	f[12,13,21]: 1.0 
	f[12,14,17]: 1.0 
	f[12,15,12]: 1.0 
	f[12,16,13]: 1.0 
	f[12,17,16]: 1.0 
	f[12,18,24]: 1.0 
	f[12,19,9]: 1.0 
	f[12,21,10]: 1.0 
	f[12,22,26]: 1.0 
	f[12,23,15]: 1.0 
	f[12,24,6]: 1.0 
	f[12,25,28]: 1.0 
	f[12,26,7]: 1.0 
	f[12,28,2]: 1.0 
	f[13,1,19]: 1.0 
	f[13,2,1]: 1.0 
	f[13,3,14]: 1.0 
	f[13,4,25]: 1.0 
	f[13,5,11]: 1.0 
	f[13,8,4]: 1.0 
	f[13,9,3]: 1.0 
	f[13,11,8]: 1.0 
	f[13,14,17]: 1.0 
	f[13,16,13]: 1.0 
	f[13,17,16]: 1.0 
	f[13,19,9]: 1.0 
	f[13,25,28]: 1.0 
	f[13,28,2]: 1.0 
	f[14,1,19]: 1.0 
	f[14,2,1]: 1.0 
	f[14,3,14]: 1.0 
	f[14,4,25]: 1.0 
	f[14,5,11]: 1.0 
	f[14,8,4]: 1.0 
	f[14,9,3]: 1.0 
	f[14,11,8]: 1.0 
	f[14,19,9]: 1.0 
	f[14,25,28]: 1.0 
	f[14,28,2]: 1.0 
	f[15,1,19]: 1.0 
	f[15,2,1]: 1.0 
	f[15,3,14]: 1.0 
	f[15,4,25]: 1.0 
	f[15,5,11]: 1.0 
	f[15,6,22]: 1.0 
	f[15,7,23]: 1.0 
	f[15,8,4]: 1.0 
	f[15,9,3]: 1.0 
	f[15,10,18]: 1.0 
	f[15,11,8]: 1.0 
	f[15,13,21]: 1.0 
	f[15,14,17]: 1.0 
	f[15,16,13]: 1.0 
	f[15,17,16]: 1.0 
	f[15,18,24]: 1.0 
	f[15,19,9]: 1.0 
	f[15,21,10]: 1.0 
	f[15,22,26]: 1.0 
	f[15,23,15]: 1.0 
	f[15,24,6]: 1.0 
	f[15,25,28]: 1.0 
	f[15,26,7]: 1.0 
	f[15,28,2]: 1.0 
	f[16,1,19]: 1.0 
	f[16,2,1]: 1.0 
	f[16,3,14]: 1.0 
	f[16,4,25]: 1.0 
	f[16,5,11]: 1.0 
	f[16,8,4]: 1.0 
	f[16,9,3]: 1.0 
	f[16,11,8]: 1.0 
	f[16,14,17]: 1.0 
	f[16,17,16]: 1.0 
	f[16,19,9]: 1.0 
	f[16,25,28]: 1.0 
	f[16,28,2]: 1.0 
	f[17,1,19]: 1.0 
	f[17,2,1]: 1.0 
	f[17,3,14]: 1.0 
	f[17,4,25]: 1.0 
	f[17,5,11]: 1.0 
	f[17,8,4]: 1.0 
	f[17,9,3]: 1.0 
	f[17,11,8]: 1.0 
	f[17,14,17]: 1.0 
	f[17,19,9]: 1.0 
	f[17,25,28]: 1.0 
	f[17,28,2]: 1.0 
	f[18,1,19]: 1.0 
	f[18,2,1]: 1.0 
	f[18,3,14]: 1.0 
	f[18,4,25]: 1.0 
	f[18,5,11]: 1.0 
	f[18,8,4]: 1.0 
	f[18,9,3]: 1.0 
	f[18,10,18]: 1.0 
	f[18,11,8]: 1.0 
	f[18,13,21]: 1.0 
	f[18,14,17]: 1.0 
	f[18,16,13]: 1.0 
	f[18,17,16]: 1.0 
	f[18,19,9]: 1.0 
	f[18,21,10]: 1.0 
	f[18,25,28]: 1.0 
	f[18,28,2]: 1.0 
	f[19,1,19]: 1.0 
	f[19,2,1]: 1.0 
	f[19,4,25]: 1.0 
	f[19,5,11]: 1.0 
	f[19,8,4]: 1.0 
	f[19,11,8]: 1.0 
	f[19,25,28]: 1.0 
	f[19,28,2]: 1.0 
	f[20,1,19]: 1.0 
	f[20,2,1]: 1.0 
	f[20,3,14]: 1.0 
	f[20,4,25]: 1.0 
	f[20,5,11]: 1.0 
	f[20,6,22]: 1.0 
	f[20,7,23]: 1.0 
	f[20,8,4]: 1.0 
	f[20,9,3]: 1.0 
	f[20,10,18]: 1.0 
	f[20,11,8]: 1.0 
	f[20,12,20]: 1.0 
	f[20,13,21]: 1.0 
	f[20,14,17]: 1.0 
	f[20,15,12]: 1.0 
	f[20,16,13]: 1.0 
	f[20,17,16]: 1.0 
	f[20,18,24]: 1.0 
	f[20,19,9]: 1.0 
	f[20,21,10]: 1.0 
	f[20,22,26]: 1.0 
	f[20,23,15]: 1.0 
	f[20,24,6]: 1.0 
	f[20,25,28]: 1.0 
	f[20,26,7]: 1.0 
	f[20,28,2]: 1.0 
	f[21,1,19]: 1.0 
	f[21,2,1]: 1.0 
	f[21,3,14]: 1.0 
	f[21,4,25]: 1.0 
	f[21,5,11]: 1.0 
	f[21,8,4]: 1.0 
	f[21,9,3]: 1.0 
	f[21,11,8]: 1.0 
	f[21,13,21]: 1.0 
	f[21,14,17]: 1.0 
	f[21,16,13]: 1.0 
	f[21,17,16]: 1.0 
	f[21,19,9]: 1.0 
	f[21,25,28]: 1.0 
	f[21,28,2]: 1.0 
	f[22,1,19]: 1.0 
	f[22,2,1]: 1.0 
	f[22,3,14]: 1.0 
	f[22,4,25]: 1.0 
	f[22,5,11]: 1.0 
	f[22,6,22]: 1.0 
	f[22,8,4]: 1.0 
	f[22,9,3]: 1.0 
	f[22,10,18]: 1.0 
	f[22,11,8]: 1.0 
	f[22,13,21]: 1.0 
	f[22,14,17]: 1.0 
	f[22,16,13]: 1.0 
	f[22,17,16]: 1.0 
	f[22,18,24]: 1.0 
	f[22,19,9]: 1.0 
	f[22,21,10]: 1.0 
	f[22,24,6]: 1.0 
	f[22,25,28]: 1.0 
	f[22,28,2]: 1.0 
	f[23,1,19]: 1.0 
	f[23,2,1]: 1.0 
	f[23,3,14]: 1.0 
	f[23,4,25]: 1.0 
	f[23,5,11]: 1.0 
	f[23,6,22]: 1.0 
	f[23,7,23]: 1.0 
	f[23,8,4]: 1.0 
	f[23,9,3]: 1.0 
	f[23,10,18]: 1.0 
	f[23,11,8]: 1.0 
	f[23,13,21]: 1.0 
	f[23,14,17]: 1.0 
	f[23,16,13]: 1.0 
	f[23,17,16]: 1.0 
	f[23,18,24]: 1.0 
	f[23,19,9]: 1.0 
	f[23,21,10]: 1.0 
	f[23,22,26]: 1.0 
	f[23,24,6]: 1.0 
	f[23,25,28]: 1.0 
	f[23,26,7]: 1.0 
	f[23,28,2]: 1.0 
	f[24,1,19]: 1.0 
	f[24,2,1]: 1.0 
	f[24,3,14]: 1.0 
	f[24,4,25]: 1.0 
	f[24,5,11]: 1.0 
	f[24,8,4]: 1.0 
	f[24,9,3]: 1.0 
	f[24,10,18]: 1.0 
	f[24,11,8]: 1.0 
	f[24,13,21]: 1.0 
	f[24,14,17]: 1.0 
	f[24,16,13]: 1.0 
	f[24,17,16]: 1.0 
	f[24,18,24]: 1.0 
	f[24,19,9]: 1.0 
	f[24,21,10]: 1.0 
	f[24,25,28]: 1.0 
	f[24,28,2]: 1.0 
	f[25,4,25]: 1.0 
	f[25,5,11]: 1.0 
	f[25,8,4]: 1.0 
	f[25,11,8]: 1.0 
	f[26,1,19]: 1.0 
	f[26,2,1]: 1.0 
	f[26,3,14]: 1.0 
	f[26,4,25]: 1.0 
	f[26,5,11]: 1.0 
	f[26,6,22]: 1.0 
	f[26,8,4]: 1.0 
	f[26,9,3]: 1.0 
	f[26,10,18]: 1.0 
	f[26,11,8]: 1.0 
	f[26,13,21]: 1.0 
	f[26,14,17]: 1.0 
	f[26,16,13]: 1.0 
	f[26,17,16]: 1.0 
	f[26,18,24]: 1.0 
	f[26,19,9]: 1.0 
	f[26,21,10]: 1.0 
	f[26,22,26]: 1.0 
	f[26,24,6]: 1.0 
	f[26,25,28]: 1.0 
	f[26,28,2]: 1.0 
	f[27,0,27]: 1.0 
	f[27,1,19]: 1.0 
	f[27,2,1]: 1.0 
	f[27,3,14]: 1.0 
	f[27,4,25]: 1.0 
	f[27,5,11]: 1.0 
	f[27,6,22]: 1.0 
	f[27,7,23]: 1.0 
	f[27,8,4]: 1.0 
	f[27,9,3]: 1.0 
	f[27,10,18]: 1.0 
	f[27,11,8]: 1.0 
	f[27,12,20]: 1.0 
	f[27,13,21]: 1.0 
	f[27,14,17]: 1.0 
	f[27,15,12]: 1.0 
	f[27,16,13]: 1.0 
	f[27,17,16]: 1.0 
	f[27,18,24]: 1.0 
	f[27,19,9]: 1.0 
	f[27,20,0]: 1.0 
	f[27,21,10]: 1.0 
	f[27,22,26]: 1.0 
	f[27,23,15]: 1.0 
	f[27,24,6]: 1.0 
	f[27,25,28]: 1.0 
	f[27,26,7]: 1.0 
	f[27,28,2]: 1.0 
	f[28,4,25]: 1.0 
	f[28,5,11]: 1.0 
	f[28,8,4]: 1.0 
	f[28,11,8]: 1.0 
	f[28,25,28]: 1.0 
	objective value: 2020.0