
Gurobi 11.0.3 (win64) logging started Fri Mar 14 16:31:44 2025

Set parameter LogFile to value "logs/3b_f3_pr76.log"
Set parameter MIPGap to value 0
Set parameter TimeLimit to value 3600
Set parameter Presolve to value 0
Gurobi Optimizer version 11.0.3 build v11.0.3rc0 (win64 - Windows 11+.0 (26100.2))

CPU model: 12th Gen Intel(R) Core(TM) i7-12700, instruction set [SSE2|AVX|AVX2]
Thread count: 12 physical cores, 20 logical processors, using up to 20 threads

Optimize a model with 439053 rows, 444752 columns and 1721778 nonzeros
Model fingerprint: 0xe3d5fa2a
Variable types: 438976 continuous, 5776 integer (5776 binary)
Coefficient statistics:
  Matrix range     [1e+00, 1e+00]
  Objective range  [3e+02, 2e+04]
  Bounds range     [1e+00, 1e+00]
  RHS range        [1e+00, 1e+00]
Variable types: 438976 continuous, 5776 integer (5776 binary)

Deterministic concurrent LP optimizer: primal simplex, dual simplex, and barrier
Showing barrier log only...

Root barrier log...

Elapsed ordering time = 5s
Elapsed ordering time = 10s
Ordering time: 17.55s

Barrier statistics:
 AA' NZ     : 1.796e+07
 Factor NZ  : 9.730e+07 (roughly 1.1 GB of memory)
 Factor Ops : 7.961e+10 (roughly 1 second per iteration)
 Threads    : 10

                  Objective                Residual
Iter       Primal          Dual         Primal    Dual     Compl     Time
   0   3.82913782e+07 -2.22975812e+08  6.65e+01 0.00e+00  5.91e+02    26s
   1   2.41478491e+06 -4.17790158e+07  3.29e+00 3.18e-11  4.91e+01    28s
   2   8.39250924e+05 -2.41288896e+06  5.19e-01 8.45e-11  4.27e+00    32s
   3   5.30680597e+05 -5.70534622e+05  1.70e-02 3.82e-11  8.58e-01    36s
   4   4.35103897e+05 -9.69524798e+04  2.75e-03 3.96e-11  4.06e-01    41s
   5   4.00456762e+05 -9.92093918e+03  2.23e-03 4.77e-11  3.13e-01    45s
   6   3.62580414e+05  2.72637242e+04  1.78e-03 5.37e-11  2.56e-01    48s
   7   2.93824502e+05  4.19847916e+04  1.14e-03 4.25e-11  1.92e-01    51s
   8   2.59821387e+05  5.61377170e+04  9.00e-04 5.34e-11  1.55e-01    55s
   9   2.24423725e+05  6.98451216e+04  6.79e-04 6.03e-11  1.18e-01    59s
  10   1.89856135e+05  8.05971449e+04  4.55e-04 6.69e-11  8.33e-02    62s
  11   1.64337674e+05  9.06198301e+04  3.03e-04 6.89e-11  5.62e-02    66s
  12   1.43632094e+05  9.52177056e+04  1.91e-04 9.23e-11  3.69e-02    70s
  13   1.27015887e+05  1.00091939e+05  1.05e-04 8.81e-11  2.05e-02    74s
  14   1.17438777e+05  1.03058887e+05  5.77e-05 1.67e-10  1.10e-02    78s
  15   1.07176202e+05  1.04408431e+05  8.39e-06 1.38e-10  2.11e-03    81s
  16   1.05628767e+05  1.04864610e+05  2.02e-06 1.37e-10  5.82e-04    84s
  17   1.05281038e+05  1.05031616e+05  6.05e-07 7.34e-10  1.90e-04    87s
  18   1.05148588e+05  1.05114408e+05  1.01e-07 6.44e-10  2.61e-05    91s
  19   1.05121137e+05  1.05119977e+05  4.66e-09 2.44e-10  8.86e-07    94s
  20   1.05120000e+05  1.05120000e+05  1.50e-11 2.21e-10  2.37e-11    98s

Barrier solved model in 20 iterations and 97.59 seconds (27.96 work units)
Optimal objective 1.05120000e+05


Root crossover log...

  422769 DPushes remaining with DInf 0.0000000e+00                98s
    2583 DPushes remaining with DInf 0.0000000e+00               100s
       0 DPushes remaining with DInf 0.0000000e+00               101s

    4110 PPushes remaining with PInf 0.0000000e+00               101s
       0 PPushes remaining with PInf 0.0000000e+00               102s

  Push phase complete: Pinf 0.0000000e+00, Dinf 0.0000000e+00    102s


Root simplex log...

Iteration    Objective       Primal Inf.    Dual Inf.      Time
  138752    1.0512000e+05   0.000000e+00   0.000000e+00    102s
Concurrent spin time: 0.00s

Solved with barrier

Root relaxation: objective 1.051200e+05, 138752 iterations, 99.70 seconds (29.26 work units)
Total elapsed time = 121.92s (DegenMoves)

    Nodes    |    Current Node    |     Objective Bounds      |     Work
 Expl Unexpl |  Obj  Depth IntInf | Incumbent    BestBd   Gap | It/Node Time

     0     0 105120.000    0   70          - 105120.000      -     -  125s
     0     0 105120.000    0  161          - 105120.000      -     -  162s
     0     0 105120.000    0  152          - 105120.000      -     -  192s
     0     0 105120.000    0  152          - 105120.000      -     -  236s
     0     2 105120.000    0  152          - 105120.000      -     -  342s
     1     4 105120.000    1  152          - 105120.000      -   513  382s
     3     8 105126.875    2  164          - 105126.875      -  5137  452s
     7    16 105311.000    3   72          - 105133.750      -  8978  653s
    15    28 105369.417    4  163          - 105142.250      - 12215 1010s
    27    35 105898.000    5   72          - 105142.250      - 37782 3600s

Cutting planes:
  Gomory: 1
  Lift-and-project: 7

Explored 34 nodes (3231618 simplex iterations) in 3600.55 seconds (2049.61 work units)
Thread count was 20 (of 20 available processors)

Solution count 0

Time limit reached
Best objective -, best bound 1.052180000000e+05, gap -
