
Gurobi 11.0.3 (win64) logging started Fri Mar 14 16:30:45 2025

Set parameter LogFile to value "logs/3b_f3_dantzig42.log"
Set parameter MIPGap to value 0
Set parameter TimeLimit to value 3600
Set parameter Presolve to value 0
Gurobi Optimizer version 11.0.3 build v11.0.3rc0 (win64 - Windows 11+.0 (26100.2))

CPU model: 12th Gen Intel(R) Core(TM) i7-12700, instruction set [SSE2|AVX|AVX2]
Thread count: 12 physical cores, 20 logical processors, using up to 20 threads

Optimize a model with 74131 rows, 75852 columns and 286060 nonzeros
Model fingerprint: 0x2b3b1d3e
Variable types: 74088 continuous, 1764 integer (1764 binary)
Coefficient statistics:
  Matrix range     [1e+00, 1e+00]
  Objective range  [3e+00, 2e+02]
  Bounds range     [1e+00, 1e+00]
  RHS range        [1e+00, 1e+00]
Variable types: 74088 continuous, 1764 integer (1764 binary)

Deterministic concurrent LP optimizer: primal and dual simplex
Showing primal log only...


Root simplex log...

Iteration    Objective       Primal Inf.    Dual Inf.      Time
   24063    7.5106965e+02   3.685963e+01   6.932516e+10      5s
   39705    1.6773601e+03   1.524836e+01   4.799485e+10     10s
   50825    1.8444600e+03   8.813671e+00   3.608474e+10     15s
   60461    1.9859062e+03   3.813958e+00   6.208520e+10     20s
Concurrent spin time: 0.00s

Solved with dual simplex

Root simplex log...

Iteration    Objective       Primal Inf.    Dual Inf.      Time
   61072    6.9700000e+02   0.000000e+00   0.000000e+00     23s

Root relaxation: objective 6.970000e+02, 61072 iterations, 22.91 seconds (19.58 work units)

    Nodes    |    Current Node    |     Objective Bounds      |     Work
 Expl Unexpl |  Obj  Depth IntInf | Incumbent    BestBd   Gap | It/Node Time

     0     0  697.00000    0   36          -  697.00000      -     -   23s
     0     0  697.00000    0   40          -  697.00000      -     -   25s
     0     0  697.00000    0   34          -  697.00000      -     -   28s
     0     0  697.00000    0   34          -  697.00000      -     -   32s
H    0     0                     724.0000000  697.00000  3.73%     -   38s
H    0     0                     713.0000000  697.00000  2.24%     -   39s
     0     2  697.50000    0   34  713.00000  697.50000  2.17%     -   42s
*    6     6               3     699.0000000  699.00000  0.00%   648   45s

Cutting planes:
  Gomory: 3
  Lift-and-project: 5

Explored 12 nodes (72827 simplex iterations) in 45.97 seconds (44.25 work units)
Thread count was 20 (of 20 available processors)

Solution count 3: 699 713 724 

Optimal solution found (tolerance 0.00e+00)
Best objective 6.990000000000e+02, best bound 6.990000000000e+02, gap 0.0000%

 	 Optimal Solution:
	x[0,1]: 1.0 
	x[1,2]: 1.0 
	x[2,3]: 1.0 
	x[3,4]: 1.0 
	x[4,5]: 1.0 
	x[5,6]: 1.0 
	x[6,7]: 1.0 
	x[7,8]: 1.0 
	x[8,9]: 1.0 
	x[9,10]: 1.0 
	x[10,11]: 1.0 
	x[11,12]: 1.0 
	x[12,13]: 1.0 
	x[13,14]: 1.0 
	x[14,15]: 1.0 
	x[15,16]: 1.0 
	x[16,17]: 1.0 
	x[17,18]: 1.0 
	x[18,19]: 1.0 
	x[19,20]: 1.0 
	x[20,21]: 1.0 
	x[21,22]: 1.0 
	x[22,23]: 1.0 
	x[23,24]: 1.0 
	x[24,25]: 1.0 
	x[25,26]: 1.0 
	x[26,27]: 1.0 
	x[27,28]: 1.0 
	x[28,29]: 1.0 
	x[29,30]: 1.0 
	x[30,31]: 1.0 
	x[31,32]: 1.0 
	x[32,33]: 1.0 
	x[33,34]: 1.0 
	x[34,35]: 1.0 
	x[35,36]: 1.0 
	x[36,37]: 1.0 
	x[37,38]: 1.0 
	x[38,39]: 1.0 
	x[39,40]: 1.0 
	x[40,41]: 1.0 
	x[41,0]: 1.0 
	f[0,5,6]: 1.0 
	f[0,6,7]: 1.0 
	f[0,7,8]: 1.0 
	f[0,8,9]: 1.0 
	f[0,9,10]: 1.0 
	f[0,10,11]: 1.0 
	f[0,11,12]: 1.0 
	f[0,12,13]: 1.0 
	f[0,13,14]: 1.0 
	f[0,14,15]: 1.0 
	f[0,15,16]: 1.0 
	f[0,16,17]: 1.0 
	f[0,17,18]: 1.0 
	f[0,18,19]: 1.0 
	f[0,19,20]: 1.0 
	f[0,20,21]: 1.0 
	f[0,21,22]: 1.0 
	f[0,22,23]: 1.0 
	f[0,23,24]: 1.0 
	f[0,24,25]: 1.0 
	f[0,25,26]: 1.0 
	f[0,26,27]: 1.0 
	f[0,27,28]: 1.0 
	f[0,28,29]: 1.0 
	f[0,29,30]: 1.0 
	f[0,30,31]: 1.0 
	f[0,31,32]: 1.0 
	f[0,32,33]: 1.0 
	f[0,33,34]: 1.0 
	f[0,34,35]: 1.0 
	f[0,35,36]: 1.0 
	f[0,36,37]: 1.0 
	f[0,37,38]: 1.0 
	f[0,38,39]: 1.0 
	f[0,39,40]: 1.0 
	f[0,40,41]: 1.0 
	f[0,41,0]: 1.0 
	f[1,0,1]: 1.0 
	f[1,5,6]: 1.0 
	f[1,6,7]: 1.0 
	f[1,7,8]: 1.0 
	f[1,8,9]: 1.0 
	f[1,9,10]: 1.0 
	f[1,10,11]: 1.0 
	f[1,11,12]: 1.0 
	f[1,12,13]: 1.0 
	f[1,13,14]: 1.0 
	f[1,14,15]: 1.0 
	f[1,15,16]: 1.0 
	f[1,16,17]: 1.0 
	f[1,17,18]: 1.0 
	f[1,18,19]: 1.0 
	f[1,19,20]: 1.0 
	f[1,20,21]: 1.0 
	f[1,21,22]: 1.0 
	f[1,22,23]: 1.0 
	f[1,23,24]: 1.0 
	f[1,24,25]: 1.0 
	f[1,25,26]: 1.0 
	f[1,26,27]: 1.0 
	f[1,27,28]: 1.0 
	f[1,28,29]: 1.0 
	f[1,29,30]: 1.0 
	f[1,30,31]: 1.0 
	f[1,31,32]: 1.0 
	f[1,32,33]: 1.0 
	f[1,33,34]: 1.0 
	f[1,34,35]: 1.0 
	f[1,35,36]: 1.0 
	f[1,36,37]: 1.0 
	f[1,37,38]: 1.0 
	f[1,38,39]: 1.0 
	f[1,39,40]: 1.0 
	f[1,40,41]: 1.0 
	f[1,41,0]: 1.0 
	f[2,0,1]: 1.0 
	f[2,1,2]: 1.0 
	f[2,5,6]: 1.0 
	f[2,6,7]: 1.0 
	f[2,7,8]: 1.0 
	f[2,8,9]: 1.0 
	f[2,9,10]: 1.0 
	f[2,10,11]: 1.0 
	f[2,11,12]: 1.0 
	f[2,12,13]: 1.0 
	f[2,13,14]: 1.0 
	f[2,14,15]: 1.0 
	f[2,15,16]: 1.0 
	f[2,16,17]: 1.0 
	f[2,17,18]: 1.0 
	f[2,18,19]: 1.0 
	f[2,19,20]: 1.0 
	f[2,20,21]: 1.0 
	f[2,21,22]: 1.0 
	f[2,22,23]: 1.0 
	f[2,23,24]: 1.0 
	f[2,24,25]: 1.0 
	f[2,25,26]: 1.0 
	f[2,26,27]: 1.0 
	f[2,27,28]: 1.0 
	f[2,28,29]: 1.0 
	f[2,29,30]: 1.0 
	f[2,30,31]: 1.0 
	f[2,31,32]: 1.0 
	f[2,32,33]: 1.0 
	f[2,33,34]: 1.0 
	f[2,34,35]: 1.0 
	f[2,35,36]: 1.0 
	f[2,36,37]: 1.0 
	f[2,37,38]: 1.0 
	f[2,38,39]: 1.0 
	f[2,39,40]: 1.0 
	f[2,40,41]: 1.0 
	f[2,41,0]: 1.0 
	f[3,0,1]: 1.0 
	f[3,1,2]: 1.0 
	f[3,2,3]: 1.0 
	f[3,5,6]: 1.0 
	f[3,6,7]: 1.0 
	f[3,7,8]: 1.0 
	f[3,8,9]: 1.0 
	f[3,9,10]: 1.0 
	f[3,10,11]: 1.0 
	f[3,11,12]: 1.0 
	f[3,12,13]: 1.0 
	f[3,13,14]: 1.0 
	f[3,14,15]: 1.0 
	f[3,15,16]: 1.0 
	f[3,16,17]: 1.0 
	f[3,17,18]: 1.0 
	f[3,18,19]: 1.0 
	f[3,19,20]: 1.0 
	f[3,20,21]: 1.0 
	f[3,21,22]: 1.0 
	f[3,22,23]: 1.0 
	f[3,23,24]: 1.0 
	f[3,24,25]: 1.0 
	f[3,25,26]: 1.0 
	f[3,26,27]: 1.0 
	f[3,27,28]: 1.0 
	f[3,28,29]: 1.0 
	f[3,29,30]: 1.0 
	f[3,30,31]: 1.0 
	f[3,31,32]: 1.0 
	f[3,32,33]: 1.0 
	f[3,33,34]: 1.0 
	f[3,34,35]: 1.0 
	f[3,35,36]: 1.0 
	f[3,36,37]: 1.0 
	f[3,37,38]: 1.0 
	f[3,38,39]: 1.0 
	f[3,39,40]: 1.0 
	f[3,40,41]: 1.0 
	f[3,41,0]: 1.0 
	f[4,0,1]: 1.0 
	f[4,1,2]: 1.0 
	f[4,2,3]: 1.0 
	f[4,3,4]: 1.0 
	f[4,5,6]: 1.0 
	f[4,6,7]: 1.0 
	f[4,7,8]: 1.0 
	f[4,8,9]: 1.0 
	f[4,9,10]: 1.0 
	f[4,10,11]: 1.0 
	f[4,11,12]: 1.0 
	f[4,12,13]: 1.0 
	f[4,13,14]: 1.0 
	f[4,14,15]: 1.0 
	f[4,15,16]: 1.0 
	f[4,16,17]: 1.0 
	f[4,17,18]: 1.0 
	f[4,18,19]: 1.0 
	f[4,19,20]: 1.0 
	f[4,20,21]: 1.0 
	f[4,21,22]: 1.0 
	f[4,22,23]: 1.0 
	f[4,23,24]: 1.0 
	f[4,24,25]: 1.0 
	f[4,25,26]: 1.0 
	f[4,26,27]: 1.0 
	f[4,27,28]: 1.0 
	f[4,28,29]: 1.0 
	f[4,29,30]: 1.0 
	f[4,30,31]: 1.0 
	f[4,31,32]: 1.0 
	f[4,32,33]: 1.0 
	f[4,33,34]: 1.0 
	f[4,34,35]: 1.0 
	f[4,35,36]: 1.0 
	f[4,36,37]: 1.0 
	f[4,37,38]: 1.0 
	f[4,38,39]: 1.0 
	f[4,39,40]: 1.0 
	f[4,40,41]: 1.0 
	f[4,41,0]: 1.0 
	f[6,5,6]: 1.0 
	f[7,5,6]: 1.0 
	f[7,6,7]: 1.0 
	f[8,5,6]: 1.0 
	f[8,6,7]: 1.0 
	f[8,7,8]: 1.0 
	f[9,5,6]: 1.0 
	f[9,6,7]: 1.0 
	f[9,7,8]: 1.0 
	f[9,8,9]: 1.0 
	f[10,5,6]: 1.0 
	f[10,6,7]: 1.0 
	f[10,7,8]: 1.0 
	f[10,8,9]: 1.0 
	f[10,9,10]: 1.0 
	f[11,5,6]: 1.0 
	f[11,6,7]: 1.0 
	f[11,7,8]: 1.0 
	f[11,8,9]: 1.0 
	f[11,9,10]: 1.0 
	f[11,10,11]: 1.0 
	f[12,5,6]: 1.0 
	f[12,6,7]: 1.0 
	f[12,7,8]: 1.0 
	f[12,8,9]: 1.0 
	f[12,9,10]: 1.0 
	f[12,10,11]: 1.0 
	f[12,11,12]: 1.0 
	f[13,5,6]: 1.0 
	f[13,6,7]: 1.0 
	f[13,7,8]: 1.0 
	f[13,8,9]: 1.0 
	f[13,9,10]: 1.0 
	f[13,10,11]: 1.0 
	f[13,11,12]: 1.0 
	f[13,12,13]: 1.0 
	f[14,5,6]: 1.0 
	f[14,6,7]: 1.0 
	f[14,7,8]: 1.0 
	f[14,8,9]: 1.0 
	f[14,9,10]: 1.0 
	f[14,10,11]: 1.0 
	f[14,11,12]: 1.0 
	f[14,12,13]: 1.0 
	f[14,13,14]: 1.0 
	f[15,5,6]: 1.0 
	f[15,6,7]: 1.0 
	f[15,7,8]: 1.0 
	f[15,8,9]: 1.0 
	f[15,9,10]: 1.0 
	f[15,10,11]: 1.0 
	f[15,11,12]: 1.0 
	f[15,12,13]: 1.0 
	f[15,13,14]: 1.0 
	f[15,14,15]: 1.0 
	f[16,5,6]: 1.0 
	f[16,6,7]: 1.0 
	f[16,7,8]: 1.0 
	f[16,8,9]: 1.0 
	f[16,9,10]: 1.0 
	f[16,10,11]: 1.0 
	f[16,11,12]: 1.0 
	f[16,12,13]: 1.0 
	f[16,13,14]: 1.0 
	f[16,14,15]: 1.0 
	f[16,15,16]: 1.0 
	f[17,5,6]: 1.0 
	f[17,6,7]: 1.0 
	f[17,7,8]: 1.0 
	f[17,8,9]: 1.0 
	f[17,9,10]: 1.0 
	f[17,10,11]: 1.0 
	f[17,11,12]: 1.0 
	f[17,12,13]: 1.0 
	f[17,13,14]: 1.0 
	f[17,14,15]: 1.0 
	f[17,15,16]: 1.0 
	f[17,16,17]: 1.0 
	f[18,5,6]: 1.0 
	f[18,6,7]: 1.0 
	f[18,7,8]: 1.0 
	f[18,8,9]: 1.0 
	f[18,9,10]: 1.0 
	f[18,10,11]: 1.0 
	f[18,11,12]: 1.0 
	f[18,12,13]: 1.0 
	f[18,13,14]: 1.0 
	f[18,14,15]: 1.0 
	f[18,15,16]: 1.0 
	f[18,16,17]: 1.0 
	f[18,17,18]: 1.0 
	f[19,5,6]: 1.0 
	f[19,6,7]: 1.0 
	f[19,7,8]: 1.0 
	f[19,8,9]: 1.0 
	f[19,9,10]: 1.0 
	f[19,10,11]: 1.0 
	f[19,11,12]: 1.0 
	f[19,12,13]: 1.0 
	f[19,13,14]: 1.0 
	f[19,14,15]: 1.0 
	f[19,15,16]: 1.0 
	f[19,16,17]: 1.0 
	f[19,17,18]: 1.0 
	f[19,18,19]: 1.0 
	f[20,5,6]: 1.0 
	f[20,6,7]: 1.0 
	f[20,7,8]: 1.0 
	f[20,8,9]: 1.0 
	f[20,9,10]: 1.0 
	f[20,10,11]: 1.0 
	f[20,11,12]: 1.0 
	f[20,12,13]: 1.0 
	f[20,13,14]: 1.0 
	f[20,14,15]: 1.0 
	f[20,15,16]: 1.0 
	f[20,16,17]: 1.0 
	f[20,17,18]: 1.0 
	f[20,18,19]: 1.0 
	f[20,19,20]: 1.0 
	f[21,5,6]: 1.0 
	f[21,6,7]: 1.0 
	f[21,7,8]: 1.0 
	f[21,8,9]: 1.0 
	f[21,9,10]: 1.0 
	f[21,10,11]: 1.0 
	f[21,11,12]: 1.0 
	f[21,12,13]: 1.0 
	f[21,13,14]: 1.0 
	f[21,14,15]: 1.0 
	f[21,15,16]: 1.0 
	f[21,16,17]: 1.0 
	f[21,17,18]: 1.0 
	f[21,18,19]: 1.0 
	f[21,19,20]: 1.0 
	f[21,20,21]: 1.0 
	f[22,5,6]: 1.0 
	f[22,6,7]: 1.0 
	f[22,7,8]: 1.0 
	f[22,8,9]: 1.0 
	f[22,9,10]: 1.0 
	f[22,10,11]: 1.0 
	f[22,11,12]: 1.0 
	f[22,12,13]: 1.0 
	f[22,13,14]: 1.0 
	f[22,14,15]: 1.0 
	f[22,15,16]: 1.0 
	f[22,16,17]: 1.0 
	f[22,17,18]: 1.0 
	f[22,18,19]: 1.0 
	f[22,19,20]: 1.0 
	f[22,20,21]: 1.0 
	f[22,21,22]: 1.0 
	f[23,5,6]: 1.0 
	f[23,6,7]: 1.0 
	f[23,7,8]: 1.0 
	f[23,8,9]: 1.0 
	f[23,9,10]: 1.0 
	f[23,10,11]: 1.0 
	f[23,11,12]: 1.0 
	f[23,12,13]: 1.0 
	f[23,13,14]: 1.0 
	f[23,14,15]: 1.0 
	f[23,15,16]: 1.0 
	f[23,16,17]: 1.0 
	f[23,17,18]: 1.0 
	f[23,18,19]: 1.0 
	f[23,19,20]: 1.0 
	f[23,20,21]: 1.0 
	f[23,21,22]: 1.0 
	f[23,22,23]: 1.0 
	f[24,5,6]: 1.0 
	f[24,6,7]: 1.0 
	f[24,7,8]: 1.0 
	f[24,8,9]: 1.0 
	f[24,9,10]: 1.0 
	f[24,10,11]: 1.0 
	f[24,11,12]: 1.0 
	f[24,12,13]: 1.0 
	f[24,13,14]: 1.0 
	f[24,14,15]: 1.0 
	f[24,15,16]: 1.0 
	f[24,16,17]: 1.0 
	f[24,17,18]: 1.0 
	f[24,18,19]: 1.0 
	f[24,19,20]: 1.0 
	f[24,20,21]: 1.0 
	f[24,21,22]: 1.0 
	f[24,22,23]: 1.0 
	f[24,23,24]: 1.0 
	f[25,5,6]: 1.0 
	f[25,6,7]: 1.0 
	f[25,7,8]: 1.0 
	f[25,8,9]: 1.0 
	f[25,9,10]: 1.0 
	f[25,10,11]: 1.0 
	f[25,11,12]: 1.0 
	f[25,12,13]: 1.0 
	f[25,13,14]: 1.0 
	f[25,14,15]: 1.0 
	f[25,15,16]: 1.0 
	f[25,16,17]: 1.0 
	f[25,17,18]: 1.0 
	f[25,18,19]: 1.0 
	f[25,19,20]: 1.0 
	f[25,20,21]: 1.0 
	f[25,21,22]: 1.0 
	f[25,22,23]: 1.0 
	f[25,23,24]: 1.0 
	f[25,24,25]: 1.0 
	f[26,5,6]: 1.0 
	f[26,6,7]: 1.0 
	f[26,7,8]: 1.0 
	f[26,8,9]: 1.0 
	f[26,9,10]: 1.0 
	f[26,10,11]: 1.0 
	f[26,11,12]: 1.0 
	f[26,12,13]: 1.0 
	f[26,13,14]: 1.0 
	f[26,14,15]: 1.0 
	f[26,15,16]: 1.0 
	f[26,16,17]: 1.0 
	f[26,17,18]: 1.0 
	f[26,18,19]: 1.0 
	f[26,19,20]: 1.0 
	f[26,20,21]: 1.0 
	f[26,21,22]: 1.0 
	f[26,22,23]: 1.0 
	f[26,23,24]: 1.0 
	f[26,24,25]: 1.0 
	f[26,25,26]: 1.0 
	f[27,5,6]: 1.0 
	f[27,6,7]: 1.0 
	f[27,7,8]: 1.0 
	f[27,8,9]: 1.0 
	f[27,9,10]: 1.0 
	f[27,10,11]: 1.0 
	f[27,11,12]: 1.0 
	f[27,12,13]: 1.0 
	f[27,13,14]: 1.0 
	f[27,14,15]: 1.0 
	f[27,15,16]: 1.0 
	f[27,16,17]: 1.0 
	f[27,17,18]: 1.0 
	f[27,18,19]: 1.0 
	f[27,19,20]: 1.0 
	f[27,20,21]: 1.0 
	f[27,21,22]: 1.0 
	f[27,22,23]: 1.0 
	f[27,23,24]: 1.0 
	f[27,24,25]: 1.0 
	f[27,25,26]: 1.0 
	f[27,26,27]: 1.0 
	f[28,5,6]: 1.0 
	f[28,6,7]: 1.0 
	f[28,7,8]: 1.0 
	f[28,8,9]: 1.0 
	f[28,9,10]: 1.0 
	f[28,10,11]: 1.0 
	f[28,11,12]: 1.0 
	f[28,12,13]: 1.0 
	f[28,13,14]: 1.0 
	f[28,14,15]: 1.0 
	f[28,15,16]: 1.0 
	f[28,16,17]: 1.0 
	f[28,17,18]: 1.0 
	f[28,18,19]: 1.0 
	f[28,19,20]: 1.0 
	f[28,20,21]: 1.0 
	f[28,21,22]: 1.0 
	f[28,22,23]: 1.0 
	f[28,23,24]: 1.0 
	f[28,24,25]: 1.0 
	f[28,25,26]: 1.0 
	f[28,26,27]: 1.0 
	f[28,27,28]: 1.0 
	f[29,5,6]: 1.0 
	f[29,6,7]: 1.0 
	f[29,7,8]: 1.0 
	f[29,8,9]: 1.0 
	f[29,9,10]: 1.0 
	f[29,10,11]: 1.0 
	f[29,11,12]: 1.0 
	f[29,12,13]: 1.0 
	f[29,13,14]: 1.0 
	f[29,14,15]: 1.0 
	f[29,15,16]: 1.0 
	f[29,16,17]: 1.0 
	f[29,17,18]: 1.0 
	f[29,18,19]: 1.0 
	f[29,19,20]: 1.0 
	f[29,20,21]: 1.0 
	f[29,21,22]: 1.0 
	f[29,22,23]: 1.0 
	f[29,23,24]: 1.0 
	f[29,24,25]: 1.0 
	f[29,25,26]: 1.0 
	f[29,26,27]: 1.0 
	f[29,27,28]: 1.0 
	f[29,28,29]: 1.0 
	f[30,5,6]: 1.0 
	f[30,6,7]: 1.0 
	f[30,7,8]: 1.0 
	f[30,8,9]: 1.0 
	f[30,9,10]: 1.0 
	f[30,10,11]: 1.0 
	f[30,11,12]: 1.0 
	f[30,12,13]: 1.0 
	f[30,13,14]: 1.0 
	f[30,14,15]: 1.0 
	f[30,15,16]: 1.0 
	f[30,16,17]: 1.0 
	f[30,17,18]: 1.0 
	f[30,18,19]: 1.0 
	f[30,19,20]: 1.0 
	f[30,20,21]: 1.0 
	f[30,21,22]: 1.0 
	f[30,22,23]: 1.0 
	f[30,23,24]: 1.0 
	f[30,24,25]: 1.0 
	f[30,25,26]: 1.0 
	f[30,26,27]: 1.0 
	f[30,27,28]: 1.0 
	f[30,28,29]: 1.0 
	f[30,29,30]: 1.0 
	f[31,5,6]: 1.0 
	f[31,6,7]: 1.0 
	f[31,7,8]: 1.0 
	f[31,8,9]: 1.0 
	f[31,9,10]: 1.0 
	f[31,10,11]: 1.0 
	f[31,11,12]: 1.0 
	f[31,12,13]: 1.0 
	f[31,13,14]: 1.0 
	f[31,14,15]: 1.0 
	f[31,15,16]: 1.0 
	f[31,16,17]: 1.0 
	f[31,17,18]: 1.0 
	f[31,18,19]: 1.0 
	f[31,19,20]: 1.0 
	f[31,20,21]: 1.0 
	f[31,21,22]: 1.0 
	f[31,22,23]: 1.0 
	f[31,23,24]: 1.0 
	f[31,24,25]: 1.0 
	f[31,25,26]: 1.0 
	f[31,26,27]: 1.0 
	f[31,27,28]: 1.0 
	f[31,28,29]: 1.0 
	f[31,29,30]: 1.0 
	f[31,30,31]: 1.0 
	f[32,5,6]: 1.0 
	f[32,6,7]: 1.0 
	f[32,7,8]: 1.0 
	f[32,8,9]: 1.0 
	f[32,9,10]: 1.0 
	f[32,10,11]: 1.0 
	f[32,11,12]: 1.0 
	f[32,12,13]: 1.0 
	f[32,13,14]: 1.0 
	f[32,14,15]: 1.0 
	f[32,15,16]: 1.0 
	f[32,16,17]: 1.0 
	f[32,17,18]: 1.0 
	f[32,18,19]: 1.0 
	f[32,19,20]: 1.0 
	f[32,20,21]: 1.0 
	f[32,21,22]: 1.0 
	f[32,22,23]: 1.0 
	f[32,23,24]: 1.0 
	f[32,24,25]: 1.0 
	f[32,25,26]: 1.0 
	f[32,26,27]: 1.0 
	f[32,27,28]: 1.0 
	f[32,28,29]: 1.0 
	f[32,29,30]: 1.0 
	f[32,30,31]: 1.0 
	f[32,31,32]: 1.0 
	f[33,5,6]: 1.0 
	f[33,6,7]: 1.0 
	f[33,7,8]: 1.0 
	f[33,8,9]: 1.0 
	f[33,9,10]: 1.0 
	f[33,10,11]: 1.0 
	f[33,11,12]: 1.0 
	f[33,12,13]: 1.0 
	f[33,13,14]: 1.0 
	f[33,14,15]: 1.0 
	f[33,15,16]: 1.0 
	f[33,16,17]: 1.0 
	f[33,17,18]: 1.0 
	f[33,18,19]: 1.0 
	f[33,19,20]: 1.0 
	f[33,20,21]: 1.0 
	f[33,21,22]: 1.0 
	f[33,22,23]: 1.0 
	f[33,23,24]: 1.0 
	f[33,24,25]: 1.0 
	f[33,25,26]: 1.0 
	f[33,26,27]: 1.0 
	f[33,27,28]: 1.0 
	f[33,28,29]: 1.0 
	f[33,29,30]: 1.0 
	f[33,30,31]: 1.0 
	f[33,31,32]: 1.0 
	f[33,32,33]: 1.0 
	f[34,5,6]: 1.0 
	f[34,6,7]: 1.0 
	f[34,7,8]: 1.0 
	f[34,8,9]: 1.0 
	f[34,9,10]: 1.0 
	f[34,10,11]: 1.0 
	f[34,11,12]: 1.0 
	f[34,12,13]: 1.0 
	f[34,13,14]: 1.0 
	f[34,14,15]: 1.0 
	f[34,15,16]: 1.0 
	f[34,16,17]: 1.0 
	f[34,17,18]: 1.0 
	f[34,18,19]: 1.0 
	f[34,19,20]: 1.0 
	f[34,20,21]: 1.0 
	f[34,21,22]: 1.0 
	f[34,22,23]: 1.0 
	f[34,23,24]: 1.0 
	f[34,24,25]: 1.0 
	f[34,25,26]: 1.0 
	f[34,26,27]: 1.0 
	f[34,27,28]: 1.0 
	f[34,28,29]: 1.0 
	f[34,29,30]: 1.0 
	f[34,30,31]: 1.0 
	f[34,31,32]: 1.0 
	f[34,32,33]: 1.0 
	f[34,33,34]: 1.0 
	f[35,5,6]: 1.0 
	f[35,6,7]: 1.0 
	f[35,7,8]: 1.0 
	f[35,8,9]: 1.0 
	f[35,9,10]: 1.0 
	f[35,10,11]: 1.0 
	f[35,11,12]: 1.0 
	f[35,12,13]: 1.0 
	f[35,13,14]: 1.0 
	f[35,14,15]: 1.0 
	f[35,15,16]: 1.0 
	f[35,16,17]: 1.0 
	f[35,17,18]: 1.0 
	f[35,18,19]: 1.0 
	f[35,19,20]: 1.0 
	f[35,20,21]: 1.0 
	f[35,21,22]: 1.0 
	f[35,22,23]: 1.0 
	f[35,23,24]: 1.0 
	f[35,24,25]: 1.0 
	f[35,25,26]: 1.0 
	f[35,26,27]: 1.0 
	f[35,27,28]: 1.0 
	f[35,28,29]: 1.0 
	f[35,29,30]: 1.0 
	f[35,30,31]: 1.0 
	f[35,31,32]: 1.0 
	f[35,32,33]: 1.0 
	f[35,33,34]: 1.0 
	f[35,34,35]: 1.0 
	f[36,5,6]: 1.0 
	f[36,6,7]: 1.0 
	f[36,7,8]: 1.0 
	f[36,8,9]: 1.0 
	f[36,9,10]: 1.0 
	f[36,10,11]: 1.0 
	f[36,11,12]: 1.0 
	f[36,12,13]: 1.0 
	f[36,13,14]: 1.0 
	f[36,14,15]: 1.0 
	f[36,15,16]: 1.0 
	f[36,16,17]: 1.0 
	f[36,17,18]: 1.0 
	f[36,18,19]: 1.0 
	f[36,19,20]: 1.0 
	f[36,20,21]: 1.0 
	f[36,21,22]: 1.0 
	f[36,22,23]: 1.0 
	f[36,23,24]: 1.0 
	f[36,24,25]: 1.0 
	f[36,25,26]: 1.0 
	f[36,26,27]: 1.0 
	f[36,27,28]: 1.0 
	f[36,28,29]: 1.0 
	f[36,29,30]: 1.0 
	f[36,30,31]: 1.0 
	f[36,31,32]: 1.0 
	f[36,32,33]: 1.0 
	f[36,33,34]: 1.0 
	f[36,34,35]: 1.0 
	f[36,35,36]: 1.0 
	f[37,5,6]: 1.0 
	f[37,6,7]: 1.0 
	f[37,7,8]: 1.0 
	f[37,8,9]: 1.0 
	f[37,9,10]: 1.0 
	f[37,10,11]: 1.0 
	f[37,11,12]: 1.0 
	f[37,12,13]: 1.0 
	f[37,13,14]: 1.0 
	f[37,14,15]: 1.0 
	f[37,15,16]: 1.0 
	f[37,16,17]: 1.0 
	f[37,17,18]: 1.0 
	f[37,18,19]: 1.0 
	f[37,19,20]: 1.0 
	f[37,20,21]: 1.0 
	f[37,21,22]: 1.0 
	f[37,22,23]: 1.0 
	f[37,23,24]: 1.0 
	f[37,24,25]: 1.0 
	f[37,25,26]: 1.0 
	f[37,26,27]: 1.0 
	f[37,27,28]: 1.0 
	f[37,28,29]: 1.0 
	f[37,29,30]: 1.0 
	f[37,30,31]: 1.0 
	f[37,31,32]: 1.0 
	f[37,32,33]: 1.0 
	f[37,33,34]: 1.0 
	f[37,34,35]: 1.0 
	f[37,35,36]: 1.0 
	f[37,36,37]: 1.0 
	f[38,5,6]: 1.0 
	f[38,6,7]: 1.0 
	f[38,7,8]: 1.0 
	f[38,8,9]: 1.0 
	f[38,9,10]: 1.0 
	f[38,10,11]: 1.0 
	f[38,11,12]: 1.0 
	f[38,12,13]: 1.0 
	f[38,13,14]: 1.0 
	f[38,14,15]: 1.0 
	f[38,15,16]: 1.0 
	f[38,16,17]: 1.0 
	f[38,17,18]: 1.0 
	f[38,18,19]: 1.0 
	f[38,19,20]: 1.0 
	f[38,20,21]: 1.0 
	f[38,21,22]: 1.0 
	f[38,22,23]: 1.0 
	f[38,23,24]: 1.0 
	f[38,24,25]: 1.0 
	f[38,25,26]: 1.0 
	f[38,26,27]: 1.0 
	f[38,27,28]: 1.0 
	f[38,28,29]: 1.0 
	f[38,29,30]: 1.0 
	f[38,30,31]: 1.0 
	f[38,31,32]: 1.0 
	f[38,32,33]: 1.0 
	f[38,33,34]: 1.0 
	f[38,34,35]: 1.0 
	f[38,35,36]: 1.0 
	f[38,36,37]: 1.0 
	f[38,37,38]: 1.0 
	f[39,5,6]: 1.0 
	f[39,6,7]: 1.0 
	f[39,7,8]: 1.0 
	f[39,8,9]: 1.0 
	f[39,9,10]: 1.0 
	f[39,10,11]: 1.0 
	f[39,11,12]: 1.0 
	f[39,12,13]: 1.0 
	f[39,13,14]: 1.0 
	f[39,14,15]: 1.0 
	f[39,15,16]: 1.0 
	f[39,16,17]: 1.0 
	f[39,17,18]: 1.0 
	f[39,18,19]: 1.0 
	f[39,19,20]: 1.0 
	f[39,20,21]: 1.0 
	f[39,21,22]: 1.0 
	f[39,22,23]: 1.0 
	f[39,23,24]: 1.0 
	f[39,24,25]: 1.0 
	f[39,25,26]: 1.0 
	f[39,26,27]: 1.0 
	f[39,27,28]: 1.0 
	f[39,28,29]: 1.0 
	f[39,29,30]: 1.0 
	f[39,30,31]: 1.0 
	f[39,31,32]: 1.0 
	f[39,32,33]: 1.0 
	f[39,33,34]: 1.0 
	f[39,34,35]: 1.0 
	f[39,35,36]: 1.0 
	f[39,36,37]: 1.0 
	f[39,37,38]: 1.0 
	f[39,38,39]: 1.0 
	f[40,5,6]: 1.0 
	f[40,6,7]: 1.0 
	f[40,7,8]: 1.0 
	f[40,8,9]: 1.0 
	f[40,9,10]: 1.0 
	f[40,10,11]: 1.0 
	f[40,11,12]: 1.0 
	f[40,12,13]: 1.0 
	f[40,13,14]: 1.0 
	f[40,14,15]: 1.0 
	f[40,15,16]: 1.0 
	f[40,16,17]: 1.0 
	f[40,17,18]: 1.0 
	f[40,18,19]: 1.0 
	f[40,19,20]: 1.0 
	f[40,20,21]: 1.0 
	f[40,21,22]: 1.0 
	f[40,22,23]: 1.0 
	f[40,23,24]: 1.0 
	f[40,24,25]: 1.0 
	f[40,25,26]: 1.0 
	f[40,26,27]: 1.0 
	f[40,27,28]: 1.0 
	f[40,28,29]: 1.0 
	f[40,29,30]: 1.0 
	f[40,30,31]: 1.0 
	f[40,31,32]: 1.0 
	f[40,32,33]: 1.0 
	f[40,33,34]: 1.0 
	f[40,34,35]: 1.0 
	f[40,35,36]: 1.0 
	f[40,36,37]: 1.0 
	f[40,37,38]: 1.0 
	f[40,38,39]: 1.0 
	f[40,39,40]: 1.0 
	f[41,5,6]: 1.0 
	f[41,6,7]: 1.0 
	f[41,7,8]: 1.0 
	f[41,8,9]: 1.0 
	f[41,9,10]: 1.0 
	f[41,10,11]: 1.0 
	f[41,11,12]: 1.0 
	f[41,12,13]: 1.0 
	f[41,13,14]: 1.0 
	f[41,14,15]: 1.0 
	f[41,15,16]: 1.0 
	f[41,16,17]: 1.0 
	f[41,17,18]: 1.0 
	f[41,18,19]: 1.0 
	f[41,19,20]: 1.0 
	f[41,20,21]: 1.0 
	f[41,21,22]: 1.0 
	f[41,22,23]: 1.0 
	f[41,23,24]: 1.0 
	f[41,24,25]: 1.0 
	f[41,25,26]: 1.0 
	f[41,26,27]: 1.0 
	f[41,27,28]: 1.0 
	f[41,28,29]: 1.0 
	f[41,29,30]: 1.0 
	f[41,30,31]: 1.0 
	f[41,31,32]: 1.0 
	f[41,32,33]: 1.0 
	f[41,33,34]: 1.0 
	f[41,34,35]: 1.0 
	f[41,35,36]: 1.0 
	f[41,36,37]: 1.0 
	f[41,37,38]: 1.0 
	f[41,38,39]: 1.0 
	f[41,39,40]: 1.0 
	f[41,40,41]: 1.0 
	objective value: 699.0