
Gurobi 11.0.3 (win64) logging started Fri Mar 14 17:32:16 2025

Set parameter LogFile to value "logs/3b_f3_rat99.log"
Set parameter MIPGap to value 0
Set parameter TimeLimit to value 3600
Set parameter Presolve to value 0
Gurobi Optimizer version 11.0.3 build v11.0.3rc0 (win64 - Windows 11+.0 (26100.2))

CPU model: 12th Gen Intel(R) Core(TM) i7-12700, instruction set [SSE2|AVX|AVX2]
Thread count: 12 physical cores, 20 logical processors, using up to 20 threads

Optimize a model with 970399 rows, 980100 columns and 3823081 nonzeros
Model fingerprint: 0xae406eb7
Variable types: 970299 continuous, 9801 integer (9801 binary)
Coefficient statistics:
  Matrix range     [1e+00, 1e+00]
  Objective range  [4e+00, 2e+02]
  Bounds range     [1e+00, 1e+00]
  RHS range        [1e+00, 1e+00]
Variable types: 970299 continuous, 9801 integer (9801 binary)

Deterministic concurrent LP optimizer: primal simplex, dual simplex, and barrier
Showing barrier log only...

Root barrier log...

Elapsed ordering time = 5s
Elapsed ordering time = 10s
Elapsed ordering time = 15s
Elapsed ordering time = 28s
Elapsed ordering time = 30s
Elapsed ordering time = 35s
Elapsed ordering time = 40s
Elapsed ordering time = 45s
Ordering time: 60.25s

Barrier statistics:
 AA' NZ     : 5.087e+07
 Factor NZ  : 2.820e+08 (roughly 3.0 GB of memory)
 Factor Ops : 3.721e+11 (roughly 4 seconds per iteration)
 Threads    : 10

                  Objective                Residual
Iter       Primal          Dual         Primal    Dual     Compl     Time
   0   7.28564095e+05 -4.49806403e+06  8.65e+01 0.00e+00  5.36e+00    84s
   1   4.17240331e+04 -8.22109507e+05  4.06e+00 4.16e-13  4.31e-01    91s
   2   1.31368126e+04 -5.45901144e+04  6.33e-01 6.68e-13  3.96e-02   104s
   3   7.71798898e+03 -1.52373603e+04  2.16e-02 6.39e-13  8.12e-03   116s
   4   5.94802899e+03 -2.22242083e+03  6.82e-04 4.82e-13  2.81e-03   129s
   5   3.94069341e+03 -4.80656296e+02  6.37e-05 7.92e-13  1.52e-03   141s
   6   2.63007397e+03  6.89188592e+01  1.77e-05 4.20e-12  8.80e-04   153s
   7   2.38863890e+03  4.10210453e+02  1.42e-05 8.51e-12  6.80e-04   165s
   8   2.14449382e+03  6.58070948e+02  1.07e-05 1.01e-11  5.11e-04   176s
   9   1.86582204e+03  8.88991440e+02  7.20e-06 1.74e-11  3.36e-04   187s
  10   1.57366419e+03  1.01682938e+03  3.72e-06 1.91e-11  1.92e-04   200s
  11   1.45089131e+03  1.08936376e+03  2.42e-06 2.56e-11  1.24e-04   213s
  12   1.33275430e+03  1.14023577e+03  1.20e-06 3.64e-11  6.62e-05   225s
  13   1.27015909e+03  1.17277329e+03  5.83e-07 3.80e-11  3.35e-05   237s
  14   1.25175607e+03  1.18792064e+03  4.10e-07 6.11e-11  2.20e-05   248s
  15   1.21506500e+03  1.20071228e+03  8.33e-08 7.89e-11  4.94e-06   259s
  16   1.21220786e+03  1.20558154e+03  7.81e-08 9.44e-11  2.29e-06   272s
  17   1.20605721e+03  1.20599373e+03  6.89e-10 8.11e-11  2.19e-08   283s
  18   1.20600006e+03  1.20599999e+03  3.16e-11 7.92e-11  2.28e-11   295s
  19   1.20600000e+03  1.20600000e+03  6.08e-11 9.85e-11  2.19e-14   307s

Barrier solved model in 19 iterations and 307.11 seconds (88.31 work units)
Optimal objective 1.20600000e+03


Root crossover log...

  943611 DPushes remaining with DInf 0.0000000e+00               308s
    8085 DPushes remaining with DInf 0.0000000e+00               316s
    2844 DPushes remaining with DInf 0.0000000e+00               320s
       0 DPushes remaining with DInf 0.0000000e+00               321s

    5870 PPushes remaining with PInf 0.0000000e+00               321s
       0 PPushes remaining with PInf 0.0000000e+00               323s

  Push phase complete: Pinf 0.0000000e+00, Dinf 8.1055163e-12    323s


Root simplex log...

Iteration    Objective       Primal Inf.    Dual Inf.      Time
  422096    1.2060000e+03   0.000000e+00   0.000000e+00    323s
Concurrent spin time: 0.01s

Solved with barrier

Root relaxation: objective 1.206000e+03, 422096 iterations, 317.40 seconds (94.43 work units)
Total elapsed time = 388.13s (DegenMoves)
Total elapsed time = 392.78s (DegenMoves)

    Nodes    |    Current Node    |     Objective Bounds      |     Work
 Expl Unexpl |  Obj  Depth IntInf | Incumbent    BestBd   Gap | It/Node Time

     0     0 1206.00000    0   75          - 1206.00000      -     -  398s
     0     0 1206.00000    0   90          - 1206.00000      -     -  429s
     0     0 1206.00000    0   90          - 1206.00000      -     -  467s
     0     0 1206.00000    0   85          - 1206.00000      -     -  479s
     0     0 1206.00000    0   85          - 1206.00000      -     -  534s
H    0     0                    1211.0000000 1206.00000  0.41%     -  690s
     0     2 1206.00000    0   85 1211.00000 1206.00000  0.41%     -  724s
     1     3 1206.00000    1   69 1211.00000 1206.00000  0.41%   890  750s
     3     5 1206.00000    2   85 1211.00000 1206.00000  0.41%  2140  793s
     6     4 1208.00000    3   95 1211.00000 1208.00000  0.25%  2445  829s
    11     3 1208.00000    4  202 1211.00000 1208.00000  0.25%  2061  938s
    15     1 1208.31250    5  205 1211.00000 1208.31250  0.22%  2025  958s
    18     1 1208.31250    6  205 1211.00000 1208.31250  0.22%  1734  976s
    19     1 1208.31250    7  190 1211.00000 1208.31250  0.22%  1729  991s
    20     1 1209.25000    8  150 1211.00000 1209.25000  0.14%  1712 1052s

Cutting planes:
  Gomory: 1
  Lift-and-project: 2

Explored 22 nodes (510922 simplex iterations) in 1053.44 seconds (931.50 work units)
Thread count was 20 (of 20 available processors)

Solution count 1: 1211 

Optimal solution found (tolerance 0.00e+00)
Best objective 1.211000000000e+03, best bound 1.211000000000e+03, gap 0.0000%

 	 Optimal Solution:
	x[0,1]: 1.0 
	x[1,2]: 1.0 
	x[2,3]: 1.0 
	x[3,13]: 1.0 
	x[4,5]: 1.0 
	x[5,6]: 1.0 
	x[6,7]: 1.0 
	x[7,8]: 1.0 
	x[8,17]: 1.0 
	x[9,0]: 1.0 
	x[10,9]: 1.0 
	x[11,10]: 1.0 
	x[12,11]: 1.0 
	x[13,4]: 1.0 
	x[14,22]: 1.0 
	x[15,14]: 1.0 
	x[16,15]: 1.0 
	x[17,16]: 1.0 
	x[18,19]: 1.0 
	x[19,20]: 1.0 
	x[20,21]: 1.0 
	x[21,12]: 1.0 
	x[22,23]: 1.0 
	x[23,24]: 1.0 
	x[24,25]: 1.0 
	x[25,26]: 1.0 
	x[26,34]: 1.0 
	x[27,18]: 1.0 
	x[28,36]: 1.0 
	x[29,28]: 1.0 
	x[30,29]: 1.0 
	x[31,30]: 1.0 
	x[32,31]: 1.0 
	x[33,32]: 1.0 
	x[34,35]: 1.0 
	x[35,43]: 1.0 
	x[36,27]: 1.0 
	x[37,47]: 1.0 
	x[38,39]: 1.0 
	x[39,40]: 1.0 
	x[40,41]: 1.0 
	x[41,42]: 1.0 
	x[42,33]: 1.0 
	x[43,44]: 1.0 
	x[44,53]: 1.0 
	x[45,46]: 1.0 
	x[46,37]: 1.0 
	x[47,38]: 1.0 
	x[48,59]: 1.0 
	x[49,48]: 1.0 
	x[50,49]: 1.0 
	x[51,50]: 1.0 
	x[52,51]: 1.0 
	x[53,52]: 1.0 
	x[54,45]: 1.0 
	x[55,64]: 1.0 
	x[56,55]: 1.0 
	x[57,56]: 1.0 
	x[58,57]: 1.0 
	x[59,60]: 1.0 
	x[60,61]: 1.0 
	x[61,62]: 1.0 
	x[62,71]: 1.0 
	x[63,54]: 1.0 
	x[64,63]: 1.0 
	x[65,66]: 1.0 
	x[66,67]: 1.0 
	x[67,58]: 1.0 
	x[68,77]: 1.0 
	x[69,68]: 1.0 
	x[70,69]: 1.0 
	x[71,80]: 1.0 
	x[72,73]: 1.0 
	x[73,74]: 1.0 
	x[74,65]: 1.0 
	x[75,83]: 1.0 
	x[76,75]: 1.0 
	x[77,76]: 1.0 
	x[78,88]: 1.0 
	x[79,70]: 1.0 
	x[80,79]: 1.0 
	x[81,72]: 1.0 
	x[82,81]: 1.0 
	x[83,84]: 1.0 
	x[84,85]: 1.0 
	x[85,86]: 1.0 
	x[86,87]: 1.0 
	x[87,78]: 1.0 
	x[88,89]: 1.0 
	x[89,98]: 1.0 
	x[90,82]: 1.0 
	x[91,90]: 1.0 
	x[92,91]: 1.0 
	x[93,92]: 1.0 
	x[94,93]: 1.0 
	x[95,94]: 1.0 
	x[96,95]: 1.0 
	x[97,96]: 1.0 
	x[98,97]: 1.0 
	f[0,5,6]: 1.0 
	f[0,6,7]: 1.0 
	f[0,7,8]: 1.0 
	f[0,8,17]: 1.0 
	f[0,9,0]: 1.0 
	f[0,10,9]: 1.0 
	f[0,11,10]: 1.0 
	f[0,12,11]: 1.0 
	f[0,14,22]: 1.0 
	f[0,15,14]: 1.0 
	f[0,16,15]: 1.0 
	f[0,17,16]: 1.0 
	f[0,18,19]: 1.0 
	f[0,19,20]: 1.0 
	f[0,20,21]: 1.0 
	f[0,21,12]: 1.0 
	f[0,22,23]: 1.0 
	f[0,23,24]: 1.0 
	f[0,24,25]: 1.0 
	f[0,25,26]: 1.0 
	f[0,26,34]: 1.0 
	f[0,27,18]: 1.0 
	f[0,28,36]: 1.0 
	f[0,29,28]: 1.0 
	f[0,30,29]: 1.0 
	f[0,31,30]: 1.0 
	f[0,32,31]: 1.0 
	f[0,33,32]: 1.0 
	f[0,34,35]: 1.0 
	f[0,35,43]: 1.0 
	f[0,36,27]: 1.0 
	f[0,37,47]: 1.0 
	f[0,38,39]: 1.0 
	f[0,39,40]: 1.0 
	f[0,40,41]: 1.0 
	f[0,41,42]: 1.0 
	f[0,42,33]: 1.0 
	f[0,43,44]: 1.0 
	f[0,44,53]: 1.0 
	f[0,45,46]: 1.0 
	f[0,46,37]: 1.0 
	f[0,47,38]: 1.0 
	f[0,48,59]: 1.0 
	f[0,49,48]: 1.0 
	f[0,50,49]: 1.0 
	f[0,51,50]: 1.0 
	f[0,52,51]: 1.0 
	f[0,53,52]: 1.0 
	f[0,54,45]: 1.0 
	f[0,55,64]: 1.0 
	f[0,56,55]: 1.0 
	f[0,57,56]: 1.0 
	f[0,58,57]: 1.0 
	f[0,59,60]: 1.0 
	f[0,60,61]: 1.0 
	f[0,61,62]: 1.0 
	f[0,62,71]: 1.0 
	f[0,63,54]: 1.0 
	f[0,64,63]: 1.0 
	f[0,65,66]: 1.0 
	f[0,66,67]: 1.0 
	f[0,67,58]: 1.0 
	f[0,68,77]: 1.0 
	f[0,69,68]: 1.0 
	f[0,70,69]: 1.0 
	f[0,71,80]: 1.0 
	f[0,72,73]: 1.0 
	f[0,73,74]: 1.0 
	f[0,74,65]: 1.0 
	f[0,75,83]: 1.0 
	f[0,76,75]: 1.0 
	f[0,77,76]: 1.0 
	f[0,78,88]: 1.0 
	f[0,79,70]: 1.0 
	f[0,80,79]: 1.0 
	f[0,81,72]: 1.0 
	f[0,82,81]: 1.0 
	f[0,83,84]: 1.0 
	f[0,84,85]: 1.0 
	f[0,85,86]: 1.0 
	f[0,86,87]: 1.0 
	f[0,87,78]: 1.0 
	f[0,88,89]: 1.0 
	f[0,89,98]: 1.0 
	f[0,90,82]: 1.0 
	f[0,91,90]: 1.0 
	f[0,92,91]: 1.0 
	f[0,93,92]: 1.0 
	f[0,94,93]: 1.0 
	f[0,95,94]: 1.0 
	f[0,96,95]: 1.0 
	f[0,97,96]: 1.0 
	f[0,98,97]: 1.0 
	f[1,0,1]: 1.0 
	f[1,5,6]: 1.0 
	f[1,6,7]: 1.0 
	f[1,7,8]: 1.0 
	f[1,8,17]: 1.0 
	f[1,9,0]: 1.0 
	f[1,10,9]: 1.0 
	f[1,11,10]: 1.0 
	f[1,12,11]: 1.0 
	f[1,14,22]: 1.0 
	f[1,15,14]: 1.0 
	f[1,16,15]: 1.0 
	f[1,17,16]: 1.0 
	f[1,18,19]: 1.0 
	f[1,19,20]: 1.0 
	f[1,20,21]: 1.0 
	f[1,21,12]: 1.0 
	f[1,22,23]: 1.0 
	f[1,23,24]: 1.0 
	f[1,24,25]: 1.0 
	f[1,25,26]: 1.0 
	f[1,26,34]: 1.0 
	f[1,27,18]: 1.0 
	f[1,28,36]: 1.0 
	f[1,29,28]: 1.0 
	f[1,30,29]: 1.0 
	f[1,31,30]: 1.0 
	f[1,32,31]: 1.0 
	f[1,33,32]: 1.0 
	f[1,34,35]: 1.0 
	f[1,35,43]: 1.0 
	f[1,36,27]: 1.0 
	f[1,37,47]: 1.0 
	f[1,38,39]: 1.0 
	f[1,39,40]: 1.0 
	f[1,40,41]: 1.0 
	f[1,41,42]: 1.0 
	f[1,42,33]: 1.0 
	f[1,43,44]: 1.0 
	f[1,44,53]: 1.0 
	f[1,45,46]: 1.0 
	f[1,46,37]: 1.0 
	f[1,47,38]: 1.0 
	f[1,48,59]: 1.0 
	f[1,49,48]: 1.0 
	f[1,50,49]: 1.0 
	f[1,51,50]: 1.0 
	f[1,52,51]: 1.0 
	f[1,53,52]: 1.0 
	f[1,54,45]: 1.0 
	f[1,55,64]: 1.0 
	f[1,56,55]: 1.0 
	f[1,57,56]: 1.0 
	f[1,58,57]: 1.0 
	f[1,59,60]: 1.0 
	f[1,60,61]: 1.0 
	f[1,61,62]: 1.0 
	f[1,62,71]: 1.0 
	f[1,63,54]: 1.0 
	f[1,64,63]: 1.0 
	f[1,65,66]: 1.0 
	f[1,66,67]: 1.0 
	f[1,67,58]: 1.0 
	f[1,68,77]: 1.0 
	f[1,69,68]: 1.0 
	f[1,70,69]: 1.0 
	f[1,71,80]: 1.0 
	f[1,72,73]: 1.0 
	f[1,73,74]: 1.0 
	f[1,74,65]: 1.0 
	f[1,75,83]: 1.0 
	f[1,76,75]: 1.0 
	f[1,77,76]: 1.0 
	f[1,78,88]: 1.0 
	f[1,79,70]: 1.0 
	f[1,80,79]: 1.0 
	f[1,81,72]: 1.0 
	f[1,82,81]: 1.0 
	f[1,83,84]: 1.0 
	f[1,84,85]: 1.0 
	f[1,85,86]: 1.0 
	f[1,86,87]: 1.0 
	f[1,87,78]: 1.0 
	f[1,88,89]: 1.0 
	f[1,89,98]: 1.0 
	f[1,90,82]: 1.0 
	f[1,91,90]: 1.0 
	f[1,92,91]: 1.0 
	f[1,93,92]: 1.0 
	f[1,94,93]: 1.0 
	f[1,95,94]: 1.0 
	f[1,96,95]: 1.0 
	f[1,97,96]: 1.0 
	f[1,98,97]: 1.0 
	f[2,0,1]: 1.0 
	f[2,1,2]: 1.0 
	f[2,5,6]: 1.0 
	f[2,6,7]: 1.0 
	f[2,7,8]: 1.0 
	f[2,8,17]: 1.0 
	f[2,9,0]: 1.0 
	f[2,10,9]: 1.0 
	f[2,11,10]: 1.0 
	f[2,12,11]: 1.0 
	f[2,14,22]: 1.0 
	f[2,15,14]: 1.0 
	f[2,16,15]: 1.0 
	f[2,17,16]: 1.0 
	f[2,18,19]: 1.0 
	f[2,19,20]: 1.0 
	f[2,20,21]: 1.0 
	f[2,21,12]: 1.0 
	f[2,22,23]: 1.0 
	f[2,23,24]: 1.0 
	f[2,24,25]: 1.0 
	f[2,25,26]: 1.0 
	f[2,26,34]: 1.0 
	f[2,27,18]: 1.0 
	f[2,28,36]: 1.0 
	f[2,29,28]: 1.0 
	f[2,30,29]: 1.0 
	f[2,31,30]: 1.0 
	f[2,32,31]: 1.0 
	f[2,33,32]: 1.0 
	f[2,34,35]: 1.0 
	f[2,35,43]: 1.0 
	f[2,36,27]: 1.0 
	f[2,37,47]: 1.0 
	f[2,38,39]: 1.0 
	f[2,39,40]: 1.0 
	f[2,40,41]: 1.0 
	f[2,41,42]: 1.0 
	f[2,42,33]: 1.0 
	f[2,43,44]: 1.0 
	f[2,44,53]: 1.0 
	f[2,45,46]: 1.0 
	f[2,46,37]: 1.0 
	f[2,47,38]: 1.0 
	f[2,48,59]: 1.0 
	f[2,49,48]: 1.0 
	f[2,50,49]: 1.0 
	f[2,51,50]: 1.0 
	f[2,52,51]: 1.0 
	f[2,53,52]: 1.0 
	f[2,54,45]: 1.0 
	f[2,55,64]: 1.0 
	f[2,56,55]: 1.0 
	f[2,57,56]: 1.0 
	f[2,58,57]: 1.0 
	f[2,59,60]: 1.0 
	f[2,60,61]: 1.0 
	f[2,61,62]: 1.0 
	f[2,62,71]: 1.0 
	f[2,63,54]: 1.0 
	f[2,64,63]: 1.0 
	f[2,65,66]: 1.0 
	f[2,66,67]: 1.0 
	f[2,67,58]: 1.0 
	f[2,68,77]: 1.0 
	f[2,69,68]: 1.0 
	f[2,70,69]: 1.0 
	f[2,71,80]: 1.0 
	f[2,72,73]: 1.0 
	f[2,73,74]: 1.0 
	f[2,74,65]: 1.0 
	f[2,75,83]: 1.0 
	f[2,76,75]: 1.0 
	f[2,77,76]: 1.0 
	f[2,78,88]: 1.0 
	f[2,79,70]: 1.0 
	f[2,80,79]: 1.0 
	f[2,81,72]: 1.0 
	f[2,82,81]: 1.0 
	f[2,83,84]: 1.0 
	f[2,84,85]: 1.0 
	f[2,85,86]: 1.0 
	f[2,86,87]: 1.0 
	f[2,87,78]: 1.0 
	f[2,88,89]: 1.0 
	f[2,89,98]: 1.0 
	f[2,90,82]: 1.0 
	f[2,91,90]: 1.0 
	f[2,92,91]: 1.0 
	f[2,93,92]: 1.0 
	f[2,94,93]: 1.0 
	f[2,95,94]: 1.0 
	f[2,96,95]: 1.0 
	f[2,97,96]: 1.0 
	f[2,98,97]: 1.0 
	f[3,0,1]: 1.0 
	f[3,1,2]: 1.0 
	f[3,2,3]: 1.0 
	f[3,5,6]: 1.0 
	f[3,6,7]: 1.0 
	f[3,7,8]: 1.0 
	f[3,8,17]: 1.0 
	f[3,9,0]: 1.0 
	f[3,10,9]: 1.0 
	f[3,11,10]: 1.0 
	f[3,12,11]: 1.0 
	f[3,14,22]: 1.0 
	f[3,15,14]: 1.0 
	f[3,16,15]: 1.0 
	f[3,17,16]: 1.0 
	f[3,18,19]: 1.0 
	f[3,19,20]: 1.0 
	f[3,20,21]: 1.0 
	f[3,21,12]: 1.0 
	f[3,22,23]: 1.0 
	f[3,23,24]: 1.0 
	f[3,24,25]: 1.0 
	f[3,25,26]: 1.0 
	f[3,26,34]: 1.0 
	f[3,27,18]: 1.0 
	f[3,28,36]: 1.0 
	f[3,29,28]: 1.0 
	f[3,30,29]: 1.0 
	f[3,31,30]: 1.0 
	f[3,32,31]: 1.0 
	f[3,33,32]: 1.0 
	f[3,34,35]: 1.0 
	f[3,35,43]: 1.0 
	f[3,36,27]: 1.0 
	f[3,37,47]: 1.0 
	f[3,38,39]: 1.0 
	f[3,39,40]: 1.0 
	f[3,40,41]: 1.0 
	f[3,41,42]: 1.0 
	f[3,42,33]: 1.0 
	f[3,43,44]: 1.0 
	f[3,44,53]: 1.0 
	f[3,45,46]: 1.0 
	f[3,46,37]: 1.0 
	f[3,47,38]: 1.0 
	f[3,48,59]: 1.0 
	f[3,49,48]: 1.0 
	f[3,50,49]: 1.0 
	f[3,51,50]: 1.0 
	f[3,52,51]: 1.0 
	f[3,53,52]: 1.0 
	f[3,54,45]: 1.0 
	f[3,55,64]: 1.0 
	f[3,56,55]: 1.0 
	f[3,57,56]: 1.0 
	f[3,58,57]: 1.0 
	f[3,59,60]: 1.0 
	f[3,60,61]: 1.0 
	f[3,61,62]: 1.0 
	f[3,62,71]: 1.0 
	f[3,63,54]: 1.0 
	f[3,64,63]: 1.0 
	f[3,65,66]: 1.0 
	f[3,66,67]: 1.0 
	f[3,67,58]: 1.0 
	f[3,68,77]: 1.0 
	f[3,69,68]: 1.0 
	f[3,70,69]: 1.0 
	f[3,71,80]: 1.0 
	f[3,72,73]: 1.0 
	f[3,73,74]: 1.0 
	f[3,74,65]: 1.0 
	f[3,75,83]: 1.0 
	f[3,76,75]: 1.0 
	f[3,77,76]: 1.0 
	f[3,78,88]: 1.0 
	f[3,79,70]: 1.0 
	f[3,80,79]: 1.0 
	f[3,81,72]: 1.0 
	f[3,82,81]: 1.0 
	f[3,83,84]: 1.0 
	f[3,84,85]: 1.0 
	f[3,85,86]: 1.0 
	f[3,86,87]: 1.0 
	f[3,87,78]: 1.0 
	f[3,88,89]: 1.0 
	f[3,89,98]: 1.0 
	f[3,90,82]: 1.0 
	f[3,91,90]: 1.0 
	f[3,92,91]: 1.0 
	f[3,93,92]: 1.0 
	f[3,94,93]: 1.0 
	f[3,95,94]: 1.0 
	f[3,96,95]: 1.0 
	f[3,97,96]: 1.0 
	f[3,98,97]: 1.0 
	f[4,0,1]: 1.0 
	f[4,1,2]: 1.0 
	f[4,2,3]: 1.0 
	f[4,3,13]: 1.0 
	f[4,5,6]: 1.0 
	f[4,6,7]: 1.0 
	f[4,7,8]: 1.0 
	f[4,8,17]: 1.0 
	f[4,9,0]: 1.0 
	f[4,10,9]: 1.0 
	f[4,11,10]: 1.0 
	f[4,12,11]: 1.0 
	f[4,13,4]: 1.0 
	f[4,14,22]: 1.0 
	f[4,15,14]: 1.0 
	f[4,16,15]: 1.0 
	f[4,17,16]: 1.0 
	f[4,18,19]: 1.0 
	f[4,19,20]: 1.0 
	f[4,20,21]: 1.0 
	f[4,21,12]: 1.0 
	f[4,22,23]: 1.0 
	f[4,23,24]: 1.0 
	f[4,24,25]: 1.0 
	f[4,25,26]: 1.0 
	f[4,26,34]: 1.0 
	f[4,27,18]: 1.0 
	f[4,28,36]: 1.0 
	f[4,29,28]: 1.0 
	f[4,30,29]: 1.0 
	f[4,31,30]: 1.0 
	f[4,32,31]: 1.0 
	f[4,33,32]: 1.0 
	f[4,34,35]: 1.0 
	f[4,35,43]: 1.0 
	f[4,36,27]: 1.0 
	f[4,37,47]: 1.0 
	f[4,38,39]: 1.0 
	f[4,39,40]: 1.0 
	f[4,40,41]: 1.0 
	f[4,41,42]: 1.0 
	f[4,42,33]: 1.0 
	f[4,43,44]: 1.0 
	f[4,44,53]: 1.0 
	f[4,45,46]: 1.0 
	f[4,46,37]: 1.0 
	f[4,47,38]: 1.0 
	f[4,48,59]: 1.0 
	f[4,49,48]: 1.0 
	f[4,50,49]: 1.0 
	f[4,51,50]: 1.0 
	f[4,52,51]: 1.0 
	f[4,53,52]: 1.0 
	f[4,54,45]: 1.0 
	f[4,55,64]: 1.0 
	f[4,56,55]: 1.0 
	f[4,57,56]: 1.0 
	f[4,58,57]: 1.0 
	f[4,59,60]: 1.0 
	f[4,60,61]: 1.0 
	f[4,61,62]: 1.0 
	f[4,62,71]: 1.0 
	f[4,63,54]: 1.0 
	f[4,64,63]: 1.0 
	f[4,65,66]: 1.0 
	f[4,66,67]: 1.0 
	f[4,67,58]: 1.0 
	f[4,68,77]: 1.0 
	f[4,69,68]: 1.0 
	f[4,70,69]: 1.0 
	f[4,71,80]: 1.0 
	f[4,72,73]: 1.0 
	f[4,73,74]: 1.0 
	f[4,74,65]: 1.0 
	f[4,75,83]: 1.0 
	f[4,76,75]: 1.0 
	f[4,77,76]: 1.0 
	f[4,78,88]: 1.0 
	f[4,79,70]: 1.0 
	f[4,80,79]: 1.0 
	f[4,81,72]: 1.0 
	f[4,82,81]: 1.0 
	f[4,83,84]: 1.0 
	f[4,84,85]: 1.0 
	f[4,85,86]: 1.0 
	f[4,86,87]: 1.0 
	f[4,87,78]: 1.0 
	f[4,88,89]: 1.0 
	f[4,89,98]: 1.0 
	f[4,90,82]: 1.0 
	f[4,91,90]: 1.0 
	f[4,92,91]: 1.0 
	f[4,93,92]: 1.0 
	f[4,94,93]: 1.0 
	f[4,95,94]: 1.0 
	f[4,96,95]: 1.0 
	f[4,97,96]: 1.0 
	f[4,98,97]: 1.0 
	f[6,5,6]: 1.0 
	f[7,5,6]: 1.0 
	f[7,6,7]: 1.0 
	f[8,5,6]: 1.0 
	f[8,6,7]: 1.0 
	f[8,7,8]: 1.0 
	f[9,5,6]: 1.0 
	f[9,6,7]: 1.0 
	f[9,7,8]: 1.0 
	f[9,8,17]: 1.0 
	f[9,10,9]: 1.0 
	f[9,11,10]: 1.0 
	f[9,12,11]: 1.0 
	f[9,14,22]: 1.0 
	f[9,15,14]: 1.0 
	f[9,16,15]: 1.0 
	f[9,17,16]: 1.0 
	f[9,18,19]: 1.0 
	f[9,19,20]: 1.0 
	f[9,20,21]: 1.0 
	f[9,21,12]: 1.0 
	f[9,22,23]: 1.0 
	f[9,23,24]: 1.0 
	f[9,24,25]: 1.0 
	f[9,25,26]: 1.0 
	f[9,26,34]: 1.0 
	f[9,27,18]: 1.0 
	f[9,28,36]: 1.0 
	f[9,29,28]: 1.0 
	f[9,30,29]: 1.0 
	f[9,31,30]: 1.0 
	f[9,32,31]: 1.0 
	f[9,33,32]: 1.0 
	f[9,34,35]: 1.0 
	f[9,35,43]: 1.0 
	f[9,36,27]: 1.0 
	f[9,37,47]: 1.0 
	f[9,38,39]: 1.0 
	f[9,39,40]: 1.0 
	f[9,40,41]: 1.0 
	f[9,41,42]: 1.0 
	f[9,42,33]: 1.0 
	f[9,43,44]: 1.0 
	f[9,44,53]: 1.0 
	f[9,45,46]: 1.0 
	f[9,46,37]: 1.0 
	f[9,47,38]: 1.0 
	f[9,48,59]: 1.0 
	f[9,49,48]: 1.0 
	f[9,50,49]: 1.0 
	f[9,51,50]: 1.0 
	f[9,52,51]: 1.0 
	f[9,53,52]: 1.0 
	f[9,54,45]: 1.0 
	f[9,55,64]: 1.0 
	f[9,56,55]: 1.0 
	f[9,57,56]: 1.0 
	f[9,58,57]: 1.0 
	f[9,59,60]: 1.0 
	f[9,60,61]: 1.0 
	f[9,61,62]: 1.0 
	f[9,62,71]: 1.0 
	f[9,63,54]: 1.0 
	f[9,64,63]: 1.0 
	f[9,65,66]: 1.0 
	f[9,66,67]: 1.0 
	f[9,67,58]: 1.0 
	f[9,68,77]: 1.0 
	f[9,69,68]: 1.0 
	f[9,70,69]: 1.0 
	f[9,71,80]: 1.0 
	f[9,72,73]: 1.0 
	f[9,73,74]: 1.0 
	f[9,74,65]: 1.0 
	f[9,75,83]: 1.0 
	f[9,76,75]: 1.0 
	f[9,77,76]: 1.0 
	f[9,78,88]: 1.0 
	f[9,79,70]: 1.0 
	f[9,80,79]: 1.0 
	f[9,81,72]: 1.0 
	f[9,82,81]: 1.0 
	f[9,83,84]: 1.0 
	f[9,84,85]: 1.0 
	f[9,85,86]: 1.0 
	f[9,86,87]: 1.0 
	f[9,87,78]: 1.0 
	f[9,88,89]: 1.0 
	f[9,89,98]: 1.0 
	f[9,90,82]: 1.0 
	f[9,91,90]: 1.0 
	f[9,92,91]: 1.0 
	f[9,93,92]: 1.0 
	f[9,94,93]: 1.0 
	f[9,95,94]: 1.0 
	f[9,96,95]: 1.0 
	f[9,97,96]: 1.0 
	f[9,98,97]: 1.0 
	f[10,5,6]: 1.0 
	f[10,6,7]: 1.0 
	f[10,7,8]: 1.0 
	f[10,8,17]: 1.0 
	f[10,11,10]: 1.0 
	f[10,12,11]: 1.0 
	f[10,14,22]: 1.0 
	f[10,15,14]: 1.0 
	f[10,16,15]: 1.0 
	f[10,17,16]: 1.0 
	f[10,18,19]: 1.0 
	f[10,19,20]: 1.0 
	f[10,20,21]: 1.0 
	f[10,21,12]: 1.0 
	f[10,22,23]: 1.0 
	f[10,23,24]: 1.0 
	f[10,24,25]: 1.0 
	f[10,25,26]: 1.0 
	f[10,26,34]: 1.0 
	f[10,27,18]: 1.0 
	f[10,28,36]: 1.0 
	f[10,29,28]: 1.0 
	f[10,30,29]: 1.0 
	f[10,31,30]: 1.0 
	f[10,32,31]: 1.0 
	f[10,33,32]: 1.0 
	f[10,34,35]: 1.0 
	f[10,35,43]: 1.0 
	f[10,36,27]: 1.0 
	f[10,37,47]: 1.0 
	f[10,38,39]: 1.0 
	f[10,39,40]: 1.0 
	f[10,40,41]: 1.0 
	f[10,41,42]: 1.0 
	f[10,42,33]: 1.0 
	f[10,43,44]: 1.0 
	f[10,44,53]: 1.0 
	f[10,45,46]: 1.0 
	f[10,46,37]: 1.0 
	f[10,47,38]: 1.0 
	f[10,48,59]: 1.0 
	f[10,49,48]: 1.0 
	f[10,50,49]: 1.0 
	f[10,51,50]: 1.0 
	f[10,52,51]: 1.0 
	f[10,53,52]: 1.0 
	f[10,54,45]: 1.0 
	f[10,55,64]: 1.0 
	f[10,56,55]: 1.0 
	f[10,57,56]: 1.0 
	f[10,58,57]: 1.0 
	f[10,59,60]: 1.0 
	f[10,60,61]: 1.0 
	f[10,61,62]: 1.0 
	f[10,62,71]: 1.0 
	f[10,63,54]: 1.0 
	f[10,64,63]: 1.0 
	f[10,65,66]: 1.0 
	f[10,66,67]: 1.0 
	f[10,67,58]: 1.0 
	f[10,68,77]: 1.0 
	f[10,69,68]: 1.0 
	f[10,70,69]: 1.0 
	f[10,71,80]: 1.0 
	f[10,72,73]: 1.0 
	f[10,73,74]: 1.0 
	f[10,74,65]: 1.0 
	f[10,75,83]: 1.0 
	f[10,76,75]: 1.0 
	f[10,77,76]: 1.0 
	f[10,78,88]: 1.0 
	f[10,79,70]: 1.0 
	f[10,80,79]: 1.0 
	f[10,81,72]: 1.0 
	f[10,82,81]: 1.0 
	f[10,83,84]: 1.0 
	f[10,84,85]: 1.0 
	f[10,85,86]: 1.0 
	f[10,86,87]: 1.0 
	f[10,87,78]: 1.0 
	f[10,88,89]: 1.0 
	f[10,89,98]: 1.0 
	f[10,90,82]: 1.0 
	f[10,91,90]: 1.0 
	f[10,92,91]: 1.0 
	f[10,93,92]: 1.0 
	f[10,94,93]: 1.0 
	f[10,95,94]: 1.0 
	f[10,96,95]: 1.0 
	f[10,97,96]: 1.0 
	f[10,98,97]: 1.0 
	f[11,5,6]: 1.0 
	f[11,6,7]: 1.0 
	f[11,7,8]: 1.0 
	f[11,8,17]: 1.0 
	f[11,12,11]: 1.0 
	f[11,14,22]: 1.0 
	f[11,15,14]: 1.0 
	f[11,16,15]: 1.0 
	f[11,17,16]: 1.0 
	f[11,18,19]: 1.0 
	f[11,19,20]: 1.0 
	f[11,20,21]: 1.0 
	f[11,21,12]: 1.0 
	f[11,22,23]: 1.0 
	f[11,23,24]: 1.0 
	f[11,24,25]: 1.0 
	f[11,25,26]: 1.0 
	f[11,26,34]: 1.0 
	f[11,27,18]: 1.0 
	f[11,28,36]: 1.0 
	f[11,29,28]: 1.0 
	f[11,30,29]: 1.0 
	f[11,31,30]: 1.0 
	f[11,32,31]: 1.0 
	f[11,33,32]: 1.0 
	f[11,34,35]: 1.0 
	f[11,35,43]: 1.0 
	f[11,36,27]: 1.0 
	f[11,37,47]: 1.0 
	f[11,38,39]: 1.0 
	f[11,39,40]: 1.0 
	f[11,40,41]: 1.0 
	f[11,41,42]: 1.0 
	f[11,42,33]: 1.0 
	f[11,43,44]: 1.0 
	f[11,44,53]: 1.0 
	f[11,45,46]: 1.0 
	f[11,46,37]: 1.0 
	f[11,47,38]: 1.0 
	f[11,48,59]: 1.0 
	f[11,49,48]: 1.0 
	f[11,50,49]: 1.0 
	f[11,51,50]: 1.0 
	f[11,52,51]: 1.0 
	f[11,53,52]: 1.0 
	f[11,54,45]: 1.0 
	f[11,55,64]: 1.0 
	f[11,56,55]: 1.0 
	f[11,57,56]: 1.0 
	f[11,58,57]: 1.0 
	f[11,59,60]: 1.0 
	f[11,60,61]: 1.0 
	f[11,61,62]: 1.0 
	f[11,62,71]: 1.0 
	f[11,63,54]: 1.0 
	f[11,64,63]: 1.0 
	f[11,65,66]: 1.0 
	f[11,66,67]: 1.0 
	f[11,67,58]: 1.0 
	f[11,68,77]: 1.0 
	f[11,69,68]: 1.0 
	f[11,70,69]: 1.0 
	f[11,71,80]: 1.0 
	f[11,72,73]: 1.0 
	f[11,73,74]: 1.0 
	f[11,74,65]: 1.0 
	f[11,75,83]: 1.0 
	f[11,76,75]: 1.0 
	f[11,77,76]: 1.0 
	f[11,78,88]: 1.0 
	f[11,79,70]: 1.0 
	f[11,80,79]: 1.0 
	f[11,81,72]: 1.0 
	f[11,82,81]: 1.0 
	f[11,83,84]: 1.0 
	f[11,84,85]: 1.0 
	f[11,85,86]: 1.0 
	f[11,86,87]: 1.0 
	f[11,87,78]: 1.0 
	f[11,88,89]: 1.0 
	f[11,89,98]: 1.0 
	f[11,90,82]: 1.0 
	f[11,91,90]: 1.0 
	f[11,92,91]: 1.0 
	f[11,93,92]: 1.0 
	f[11,94,93]: 1.0 
	f[11,95,94]: 1.0 
	f[11,96,95]: 1.0 
	f[11,97,96]: 1.0 
	f[11,98,97]: 1.0 
	f[12,5,6]: 1.0 
	f[12,6,7]: 1.0 
	f[12,7,8]: 1.0 
	f[12,8,17]: 1.0 
	f[12,14,22]: 1.0 
	f[12,15,14]: 1.0 
	f[12,16,15]: 1.0 
	f[12,17,16]: 1.0 
	f[12,18,19]: 1.0 
	f[12,19,20]: 1.0 
	f[12,20,21]: 1.0 
	f[12,21,12]: 1.0 
	f[12,22,23]: 1.0 
	f[12,23,24]: 1.0 
	f[12,24,25]: 1.0 
	f[12,25,26]: 1.0 
	f[12,26,34]: 1.0 
	f[12,27,18]: 1.0 
	f[12,28,36]: 1.0 
	f[12,29,28]: 1.0 
	f[12,30,29]: 1.0 
	f[12,31,30]: 1.0 
	f[12,32,31]: 1.0 
	f[12,33,32]: 1.0 
	f[12,34,35]: 1.0 
	f[12,35,43]: 1.0 
	f[12,36,27]: 1.0 
	f[12,37,47]: 1.0 
	f[12,38,39]: 1.0 
	f[12,39,40]: 1.0 
	f[12,40,41]: 1.0 
	f[12,41,42]: 1.0 
	f[12,42,33]: 1.0 
	f[12,43,44]: 1.0 
	f[12,44,53]: 1.0 
	f[12,45,46]: 1.0 
	f[12,46,37]: 1.0 
	f[12,47,38]: 1.0 
	f[12,48,59]: 1.0 
	f[12,49,48]: 1.0 
	f[12,50,49]: 1.0 
	f[12,51,50]: 1.0 
	f[12,52,51]: 1.0 
	f[12,53,52]: 1.0 
	f[12,54,45]: 1.0 
	f[12,55,64]: 1.0 
	f[12,56,55]: 1.0 
	f[12,57,56]: 1.0 
	f[12,58,57]: 1.0 
	f[12,59,60]: 1.0 
	f[12,60,61]: 1.0 
	f[12,61,62]: 1.0 
	f[12,62,71]: 1.0 
	f[12,63,54]: 1.0 
	f[12,64,63]: 1.0 
	f[12,65,66]: 1.0 
	f[12,66,67]: 1.0 
	f[12,67,58]: 1.0 
	f[12,68,77]: 1.0 
	f[12,69,68]: 1.0 
	f[12,70,69]: 1.0 
	f[12,71,80]: 1.0 
	f[12,72,73]: 1.0 
	f[12,73,74]: 1.0 
	f[12,74,65]: 1.0 
	f[12,75,83]: 1.0 
	f[12,76,75]: 1.0 
	f[12,77,76]: 1.0 
	f[12,78,88]: 1.0 
	f[12,79,70]: 1.0 
	f[12,80,79]: 1.0 
	f[12,81,72]: 1.0 
	f[12,82,81]: 1.0 
	f[12,83,84]: 1.0 
	f[12,84,85]: 1.0 
	f[12,85,86]: 1.0 
	f[12,86,87]: 1.0 
	f[12,87,78]: 1.0 
	f[12,88,89]: 1.0 
	f[12,89,98]: 1.0 
	f[12,90,82]: 1.0 
	f[12,91,90]: 1.0 
	f[12,92,91]: 1.0 
	f[12,93,92]: 1.0 
	f[12,94,93]: 1.0 
	f[12,95,94]: 1.0 
	f[12,96,95]: 1.0 
	f[12,97,96]: 1.0 
	f[12,98,97]: 1.0 
	f[13,0,1]: 1.0 
	f[13,1,2]: 1.0 
	f[13,2,3]: 1.0 
	f[13,3,13]: 1.0 
	f[13,5,6]: 1.0 
	f[13,6,7]: 1.0 
	f[13,7,8]: 1.0 
	f[13,8,17]: 1.0 
	f[13,9,0]: 1.0 
	f[13,10,9]: 1.0 
	f[13,11,10]: 1.0 
	f[13,12,11]: 1.0 
	f[13,14,22]: 1.0 
	f[13,15,14]: 1.0 
	f[13,16,15]: 1.0 
	f[13,17,16]: 1.0 
	f[13,18,19]: 1.0 
	f[13,19,20]: 1.0 
	f[13,20,21]: 1.0 
	f[13,21,12]: 1.0 
	f[13,22,23]: 1.0 
	f[13,23,24]: 1.0 
	f[13,24,25]: 1.0 
	f[13,25,26]: 1.0 
	f[13,26,34]: 1.0 
	f[13,27,18]: 1.0 
	f[13,28,36]: 1.0 
	f[13,29,28]: 1.0 
	f[13,30,29]: 1.0 
	f[13,31,30]: 1.0 
	f[13,32,31]: 1.0 
	f[13,33,32]: 1.0 
	f[13,34,35]: 1.0 
	f[13,35,43]: 1.0 
	f[13,36,27]: 1.0 
	f[13,37,47]: 1.0 
	f[13,38,39]: 1.0 
	f[13,39,40]: 1.0 
	f[13,40,41]: 1.0 
	f[13,41,42]: 1.0 
	f[13,42,33]: 1.0 
	f[13,43,44]: 1.0 
	f[13,44,53]: 1.0 
	f[13,45,46]: 1.0 
	f[13,46,37]: 1.0 
	f[13,47,38]: 1.0 
	f[13,48,59]: 1.0 
	f[13,49,48]: 1.0 
	f[13,50,49]: 1.0 
	f[13,51,50]: 1.0 
	f[13,52,51]: 1.0 
	f[13,53,52]: 1.0 
	f[13,54,45]: 1.0 
	f[13,55,64]: 1.0 
	f[13,56,55]: 1.0 
	f[13,57,56]: 1.0 
	f[13,58,57]: 1.0 
	f[13,59,60]: 1.0 
	f[13,60,61]: 1.0 
	f[13,61,62]: 1.0 
	f[13,62,71]: 1.0 
	f[13,63,54]: 1.0 
	f[13,64,63]: 1.0 
	f[13,65,66]: 1.0 
	f[13,66,67]: 1.0 
	f[13,67,58]: 1.0 
	f[13,68,77]: 1.0 
	f[13,69,68]: 1.0 
	f[13,70,69]: 1.0 
	f[13,71,80]: 1.0 
	f[13,72,73]: 1.0 
	f[13,73,74]: 1.0 
	f[13,74,65]: 1.0 
	f[13,75,83]: 1.0 
	f[13,76,75]: 1.0 
	f[13,77,76]: 1.0 
	f[13,78,88]: 1.0 
	f[13,79,70]: 1.0 
	f[13,80,79]: 1.0 
	f[13,81,72]: 1.0 
	f[13,82,81]: 1.0 
	f[13,83,84]: 1.0 
	f[13,84,85]: 1.0 
	f[13,85,86]: 1.0 
	f[13,86,87]: 1.0 
	f[13,87,78]: 1.0 
	f[13,88,89]: 1.0 
	f[13,89,98]: 1.0 
	f[13,90,82]: 1.0 
	f[13,91,90]: 1.0 
	f[13,92,91]: 1.0 
	f[13,93,92]: 1.0 
	f[13,94,93]: 1.0 
	f[13,95,94]: 1.0 
	f[13,96,95]: 1.0 
	f[13,97,96]: 1.0 
	f[13,98,97]: 1.0 
	f[14,5,6]: 1.0 
	f[14,6,7]: 1.0 
	f[14,7,8]: 1.0 
	f[14,8,17]: 1.0 
	f[14,15,14]: 1.0 
	f[14,16,15]: 1.0 
	f[14,17,16]: 1.0 
	f[15,5,6]: 1.0 
	f[15,6,7]: 1.0 
	f[15,7,8]: 1.0 
	f[15,8,17]: 1.0 
	f[15,16,15]: 1.0 
	f[15,17,16]: 1.0 
	f[16,5,6]: 1.0 
	f[16,6,7]: 1.0 
	f[16,7,8]: 1.0 
	f[16,8,17]: 1.0 
	f[16,17,16]: 1.0 
	f[17,5,6]: 1.0 
	f[17,6,7]: 1.0 
	f[17,7,8]: 1.0 
	f[17,8,17]: 1.0 
	f[18,5,6]: 1.0 
	f[18,6,7]: 1.0 
	f[18,7,8]: 1.0 
	f[18,8,17]: 1.0 
	f[18,14,22]: 1.0 
	f[18,15,14]: 1.0 
	f[18,16,15]: 1.0 
	f[18,17,16]: 1.0 
	f[18,22,23]: 1.0 
	f[18,23,24]: 1.0 
	f[18,24,25]: 1.0 
	f[18,25,26]: 1.0 
	f[18,26,34]: 1.0 
	f[18,27,18]: 1.0 
	f[18,28,36]: 1.0 
	f[18,29,28]: 1.0 
	f[18,30,29]: 1.0 
	f[18,31,30]: 1.0 
	f[18,32,31]: 1.0 
	f[18,33,32]: 1.0 
	f[18,34,35]: 1.0 
	f[18,35,43]: 1.0 
	f[18,36,27]: 1.0 
	f[18,37,47]: 1.0 
	f[18,38,39]: 1.0 
	f[18,39,40]: 1.0 
	f[18,40,41]: 1.0 
	f[18,41,42]: 1.0 
	f[18,42,33]: 1.0 
	f[18,43,44]: 1.0 
	f[18,44,53]: 1.0 
	f[18,45,46]: 1.0 
	f[18,46,37]: 1.0 
	f[18,47,38]: 1.0 
	f[18,48,59]: 1.0 
	f[18,49,48]: 1.0 
	f[18,50,49]: 1.0 
	f[18,51,50]: 1.0 
	f[18,52,51]: 1.0 
	f[18,53,52]: 1.0 
	f[18,54,45]: 1.0 
	f[18,55,64]: 1.0 
	f[18,56,55]: 1.0 
	f[18,57,56]: 1.0 
	f[18,58,57]: 1.0 
	f[18,59,60]: 1.0 
	f[18,60,61]: 1.0 
	f[18,61,62]: 1.0 
	f[18,62,71]: 1.0 
	f[18,63,54]: 1.0 
	f[18,64,63]: 1.0 
	f[18,65,66]: 1.0 
	f[18,66,67]: 1.0 
	f[18,67,58]: 1.0 
	f[18,68,77]: 1.0 
	f[18,69,68]: 1.0 
	f[18,70,69]: 1.0 
	f[18,71,80]: 1.0 
	f[18,72,73]: 1.0 
	f[18,73,74]: 1.0 
	f[18,74,65]: 1.0 
	f[18,75,83]: 1.0 
	f[18,76,75]: 1.0 
	f[18,77,76]: 1.0 
	f[18,78,88]: 1.0 
	f[18,79,70]: 1.0 
	f[18,80,79]: 1.0 
	f[18,81,72]: 1.0 
	f[18,82,81]: 1.0 
	f[18,83,84]: 1.0 
	f[18,84,85]: 1.0 
	f[18,85,86]: 1.0 
	f[18,86,87]: 1.0 
	f[18,87,78]: 1.0 
	f[18,88,89]: 1.0 
	f[18,89,98]: 1.0 
	f[18,90,82]: 1.0 
	f[18,91,90]: 1.0 
	f[18,92,91]: 1.0 
	f[18,93,92]: 1.0 
	f[18,94,93]: 1.0 
	f[18,95,94]: 1.0 
	f[18,96,95]: 1.0 
	f[18,97,96]: 1.0 
	f[18,98,97]: 1.0 
	f[19,5,6]: 1.0 
	f[19,6,7]: 1.0 
	f[19,7,8]: 1.0 
	f[19,8,17]: 1.0 
	f[19,14,22]: 1.0 
	f[19,15,14]: 1.0 
	f[19,16,15]: 1.0 
	f[19,17,16]: 1.0 
	f[19,18,19]: 1.0 
	f[19,22,23]: 1.0 
	f[19,23,24]: 1.0 
	f[19,24,25]: 1.0 
	f[19,25,26]: 1.0 
	f[19,26,34]: 1.0 
	f[19,27,18]: 1.0 
	f[19,28,36]: 1.0 
	f[19,29,28]: 1.0 
	f[19,30,29]: 1.0 
	f[19,31,30]: 1.0 
	f[19,32,31]: 1.0 
	f[19,33,32]: 1.0 
	f[19,34,35]: 1.0 
	f[19,35,43]: 1.0 
	f[19,36,27]: 1.0 
	f[19,37,47]: 1.0 
	f[19,38,39]: 1.0 
	f[19,39,40]: 1.0 
	f[19,40,41]: 1.0 
	f[19,41,42]: 1.0 
	f[19,42,33]: 1.0 
	f[19,43,44]: 1.0 
	f[19,44,53]: 1.0 
	f[19,45,46]: 1.0 
	f[19,46,37]: 1.0 
	f[19,47,38]: 1.0 
	f[19,48,59]: 1.0 
	f[19,49,48]: 1.0 
	f[19,50,49]: 1.0 
	f[19,51,50]: 1.0 
	f[19,52,51]: 1.0 
	f[19,53,52]: 1.0 
	f[19,54,45]: 1.0 
	f[19,55,64]: 1.0 
	f[19,56,55]: 1.0 
	f[19,57,56]: 1.0 
	f[19,58,57]: 1.0 
	f[19,59,60]: 1.0 
	f[19,60,61]: 1.0 
	f[19,61,62]: 1.0 
	f[19,62,71]: 1.0 
	f[19,63,54]: 1.0 
	f[19,64,63]: 1.0 
	f[19,65,66]: 1.0 
	f[19,66,67]: 1.0 
	f[19,67,58]: 1.0 
	f[19,68,77]: 1.0 
	f[19,69,68]: 1.0 
	f[19,70,69]: 1.0 
	f[19,71,80]: 1.0 
	f[19,72,73]: 1.0 
	f[19,73,74]: 1.0 
	f[19,74,65]: 1.0 
	f[19,75,83]: 1.0 
	f[19,76,75]: 1.0 
	f[19,77,76]: 1.0 
	f[19,78,88]: 1.0 
	f[19,79,70]: 1.0 
	f[19,80,79]: 1.0 
	f[19,81,72]: 1.0 
	f[19,82,81]: 1.0 
	f[19,83,84]: 1.0 
	f[19,84,85]: 1.0 
	f[19,85,86]: 1.0 
	f[19,86,87]: 1.0 
	f[19,87,78]: 1.0 
	f[19,88,89]: 1.0 
	f[19,89,98]: 1.0 
	f[19,90,82]: 1.0 
	f[19,91,90]: 1.0 
	f[19,92,91]: 1.0 
	f[19,93,92]: 1.0 
	f[19,94,93]: 1.0 
	f[19,95,94]: 1.0 
	f[19,96,95]: 1.0 
	f[19,97,96]: 1.0 
	f[19,98,97]: 1.0 
	f[20,5,6]: 1.0 
	f[20,6,7]: 1.0 
	f[20,7,8]: 1.0 
	f[20,8,17]: 1.0 
	f[20,14,22]: 1.0 
	f[20,15,14]: 1.0 
	f[20,16,15]: 1.0 
	f[20,17,16]: 1.0 
	f[20,18,19]: 1.0 
	f[20,19,20]: 1.0 
	f[20,22,23]: 1.0 
	f[20,23,24]: 1.0 
	f[20,24,25]: 1.0 
	f[20,25,26]: 1.0 
	f[20,26,34]: 1.0 
	f[20,27,18]: 1.0 
	f[20,28,36]: 1.0 
	f[20,29,28]: 1.0 
	f[20,30,29]: 1.0 
	f[20,31,30]: 1.0 
	f[20,32,31]: 1.0 
	f[20,33,32]: 1.0 
	f[20,34,35]: 1.0 
	f[20,35,43]: 1.0 
	f[20,36,27]: 1.0 
	f[20,37,47]: 1.0 
	f[20,38,39]: 1.0 
	f[20,39,40]: 1.0 
	f[20,40,41]: 1.0 
	f[20,41,42]: 1.0 
	f[20,42,33]: 1.0 
	f[20,43,44]: 1.0 
	f[20,44,53]: 1.0 
	f[20,45,46]: 1.0 
	f[20,46,37]: 1.0 
	f[20,47,38]: 1.0 
	f[20,48,59]: 1.0 
	f[20,49,48]: 1.0 
	f[20,50,49]: 1.0 
	f[20,51,50]: 1.0 
	f[20,52,51]: 1.0 
	f[20,53,52]: 1.0 
	f[20,54,45]: 1.0 
	f[20,55,64]: 1.0 
	f[20,56,55]: 1.0 
	f[20,57,56]: 1.0 
	f[20,58,57]: 1.0 
	f[20,59,60]: 1.0 
	f[20,60,61]: 1.0 
	f[20,61,62]: 1.0 
	f[20,62,71]: 1.0 
	f[20,63,54]: 1.0 
	f[20,64,63]: 1.0 
	f[20,65,66]: 1.0 
	f[20,66,67]: 1.0 
	f[20,67,58]: 1.0 
	f[20,68,77]: 1.0 
	f[20,69,68]: 1.0 
	f[20,70,69]: 1.0 
	f[20,71,80]: 1.0 
	f[20,72,73]: 1.0 
	f[20,73,74]: 1.0 
	f[20,74,65]: 1.0 
	f[20,75,83]: 1.0 
	f[20,76,75]: 1.0 
	f[20,77,76]: 1.0 
	f[20,78,88]: 1.0 
	f[20,79,70]: 1.0 
	f[20,80,79]: 1.0 
	f[20,81,72]: 1.0 
	f[20,82,81]: 1.0 
	f[20,83,84]: 1.0 
	f[20,84,85]: 1.0 
	f[20,85,86]: 1.0 
	f[20,86,87]: 1.0 
	f[20,87,78]: 1.0 
	f[20,88,89]: 1.0 
	f[20,89,98]: 1.0 
	f[20,90,82]: 1.0 
	f[20,91,90]: 1.0 
	f[20,92,91]: 1.0 
	f[20,93,92]: 1.0 
	f[20,94,93]: 1.0 
	f[20,95,94]: 1.0 
	f[20,96,95]: 1.0 
	f[20,97,96]: 1.0 
	f[20,98,97]: 1.0 
	f[21,5,6]: 1.0 
	f[21,6,7]: 1.0 
	f[21,7,8]: 1.0 
	f[21,8,17]: 1.0 
	f[21,14,22]: 1.0 
	f[21,15,14]: 1.0 
	f[21,16,15]: 1.0 
	f[21,17,16]: 1.0 
	f[21,18,19]: 1.0 
	f[21,19,20]: 1.0 
	f[21,20,21]: 1.0 
	f[21,22,23]: 1.0 
	f[21,23,24]: 1.0 
	f[21,24,25]: 1.0 
	f[21,25,26]: 1.0 
	f[21,26,34]: 1.0 
	f[21,27,18]: 1.0 
	f[21,28,36]: 1.0 
	f[21,29,28]: 1.0 
	f[21,30,29]: 1.0 
	f[21,31,30]: 1.0 
	f[21,32,31]: 1.0 
	f[21,33,32]: 1.0 
	f[21,34,35]: 1.0 
	f[21,35,43]: 1.0 
	f[21,36,27]: 1.0 
	f[21,37,47]: 1.0 
	f[21,38,39]: 1.0 
	f[21,39,40]: 1.0 
	f[21,40,41]: 1.0 
	f[21,41,42]: 1.0 
	f[21,42,33]: 1.0 
	f[21,43,44]: 1.0 
	f[21,44,53]: 1.0 
	f[21,45,46]: 1.0 
	f[21,46,37]: 1.0 
	f[21,47,38]: 1.0 
	f[21,48,59]: 1.0 
	f[21,49,48]: 1.0 
	f[21,50,49]: 1.0 
	f[21,51,50]: 1.0 
	f[21,52,51]: 1.0 
	f[21,53,52]: 1.0 
	f[21,54,45]: 1.0 
	f[21,55,64]: 1.0 
	f[21,56,55]: 1.0 
	f[21,57,56]: 1.0 
	f[21,58,57]: 1.0 
	f[21,59,60]: 1.0 
	f[21,60,61]: 1.0 
	f[21,61,62]: 1.0 
	f[21,62,71]: 1.0 
	f[21,63,54]: 1.0 
	f[21,64,63]: 1.0 
	f[21,65,66]: 1.0 
	f[21,66,67]: 1.0 
	f[21,67,58]: 1.0 
	f[21,68,77]: 1.0 
	f[21,69,68]: 1.0 
	f[21,70,69]: 1.0 
	f[21,71,80]: 1.0 
	f[21,72,73]: 1.0 
	f[21,73,74]: 1.0 
	f[21,74,65]: 1.0 
	f[21,75,83]: 1.0 
	f[21,76,75]: 1.0 
	f[21,77,76]: 1.0 
	f[21,78,88]: 1.0 
	f[21,79,70]: 1.0 
	f[21,80,79]: 1.0 
	f[21,81,72]: 1.0 
	f[21,82,81]: 1.0 
	f[21,83,84]: 1.0 
	f[21,84,85]: 1.0 
	f[21,85,86]: 1.0 
	f[21,86,87]: 1.0 
	f[21,87,78]: 1.0 
	f[21,88,89]: 1.0 
	f[21,89,98]: 1.0 
	f[21,90,82]: 1.0 
	f[21,91,90]: 1.0 
	f[21,92,91]: 1.0 
	f[21,93,92]: 1.0 
	f[21,94,93]: 1.0 
	f[21,95,94]: 1.0 
	f[21,96,95]: 1.0 
	f[21,97,96]: 1.0 
	f[21,98,97]: 1.0 
	f[22,5,6]: 1.0 
	f[22,6,7]: 1.0 
	f[22,7,8]: 1.0 
	f[22,8,17]: 1.0 
	f[22,14,22]: 1.0 
	f[22,15,14]: 1.0 
	f[22,16,15]: 1.0 
	f[22,17,16]: 1.0 
	f[23,5,6]: 1.0 
	f[23,6,7]: 1.0 
	f[23,7,8]: 1.0 
	f[23,8,17]: 1.0 
	f[23,14,22]: 1.0 
	f[23,15,14]: 1.0 
	f[23,16,15]: 1.0 
	f[23,17,16]: 1.0 
	f[23,22,23]: 1.0 
	f[24,5,6]: 1.0 
	f[24,6,7]: 1.0 
	f[24,7,8]: 1.0 
	f[24,8,17]: 1.0 
	f[24,14,22]: 1.0 
	f[24,15,14]: 1.0 
	f[24,16,15]: 1.0 
	f[24,17,16]: 1.0 
	f[24,22,23]: 1.0 
	f[24,23,24]: 1.0 
	f[25,5,6]: 1.0 
	f[25,6,7]: 1.0 
	f[25,7,8]: 1.0 
	f[25,8,17]: 1.0 
	f[25,14,22]: 1.0 
	f[25,15,14]: 1.0 
	f[25,16,15]: 1.0 
	f[25,17,16]: 1.0 
	f[25,22,23]: 1.0 
	f[25,23,24]: 1.0 
	f[25,24,25]: 1.0 
	f[26,5,6]: 1.0 
	f[26,6,7]: 1.0 
	f[26,7,8]: 1.0 
	f[26,8,17]: 1.0 
	f[26,14,22]: 1.0 
	f[26,15,14]: 1.0 
	f[26,16,15]: 1.0 
	f[26,17,16]: 1.0 
	f[26,22,23]: 1.0 
	f[26,23,24]: 1.0 
	f[26,24,25]: 1.0 
	f[26,25,26]: 1.0 
	f[27,5,6]: 1.0 
	f[27,6,7]: 1.0 
	f[27,7,8]: 1.0 
	f[27,8,17]: 1.0 
	f[27,14,22]: 1.0 
	f[27,15,14]: 1.0 
	f[27,16,15]: 1.0 
	f[27,17,16]: 1.0 
	f[27,22,23]: 1.0 
	f[27,23,24]: 1.0 
	f[27,24,25]: 1.0 
	f[27,25,26]: 1.0 
	f[27,26,34]: 1.0 
	f[27,28,36]: 1.0 
	f[27,29,28]: 1.0 
	f[27,30,29]: 1.0 
	f[27,31,30]: 1.0 
	f[27,32,31]: 1.0 
	f[27,33,32]: 1.0 
	f[27,34,35]: 1.0 
	f[27,35,43]: 1.0 
	f[27,36,27]: 1.0 
	f[27,37,47]: 1.0 
	f[27,38,39]: 1.0 
	f[27,39,40]: 1.0 
	f[27,40,41]: 1.0 
	f[27,41,42]: 1.0 
	f[27,42,33]: 1.0 
	f[27,43,44]: 1.0 
	f[27,44,53]: 1.0 
	f[27,45,46]: 1.0 
	f[27,46,37]: 1.0 
	f[27,47,38]: 1.0 
	f[27,48,59]: 1.0 
	f[27,49,48]: 1.0 
	f[27,50,49]: 1.0 
	f[27,51,50]: 1.0 
	f[27,52,51]: 1.0 
	f[27,53,52]: 1.0 
	f[27,54,45]: 1.0 
	f[27,55,64]: 1.0 
	f[27,56,55]: 1.0 
	f[27,57,56]: 1.0 
	f[27,58,57]: 1.0 
	f[27,59,60]: 1.0 
	f[27,60,61]: 1.0 
	f[27,61,62]: 1.0 
	f[27,62,71]: 1.0 
	f[27,63,54]: 1.0 
	f[27,64,63]: 1.0 
	f[27,65,66]: 1.0 
	f[27,66,67]: 1.0 
	f[27,67,58]: 1.0 
	f[27,68,77]: 1.0 
	f[27,69,68]: 1.0 
	f[27,70,69]: 1.0 
	f[27,71,80]: 1.0 
	f[27,72,73]: 1.0 
	f[27,73,74]: 1.0 
	f[27,74,65]: 1.0 
	f[27,75,83]: 1.0 
	f[27,76,75]: 1.0 
	f[27,77,76]: 1.0 
	f[27,78,88]: 1.0 
	f[27,79,70]: 1.0 
	f[27,80,79]: 1.0 
	f[27,81,72]: 1.0 
	f[27,82,81]: 1.0 
	f[27,83,84]: 1.0 
	f[27,84,85]: 1.0 
	f[27,85,86]: 1.0 
	f[27,86,87]: 1.0 
	f[27,87,78]: 1.0 
	f[27,88,89]: 1.0 
	f[27,89,98]: 1.0 
	f[27,90,82]: 1.0 
	f[27,91,90]: 1.0 
	f[27,92,91]: 1.0 
	f[27,93,92]: 1.0 
	f[27,94,93]: 1.0 
	f[27,95,94]: 1.0 
	f[27,96,95]: 1.0 
	f[27,97,96]: 1.0 
	f[27,98,97]: 1.0 
	f[28,5,6]: 1.0 
	f[28,6,7]: 1.0 
	f[28,7,8]: 1.0 
	f[28,8,17]: 1.0 
	f[28,14,22]: 1.0 
	f[28,15,14]: 1.0 
	f[28,16,15]: 1.0 
	f[28,17,16]: 1.0 
	f[28,22,23]: 1.0 
	f[28,23,24]: 1.0 
	f[28,24,25]: 1.0 
	f[28,25,26]: 1.0 
	f[28,26,34]: 1.0 
	f[28,29,28]: 1.0 
	f[28,30,29]: 1.0 
	f[28,31,30]: 1.0 
	f[28,32,31]: 1.0 
	f[28,33,32]: 1.0 
	f[28,34,35]: 1.0 
	f[28,35,43]: 1.0 
	f[28,37,47]: 1.0 
	f[28,38,39]: 1.0 
	f[28,39,40]: 1.0 
	f[28,40,41]: 1.0 
	f[28,41,42]: 1.0 
	f[28,42,33]: 1.0 
	f[28,43,44]: 1.0 
	f[28,44,53]: 1.0 
	f[28,45,46]: 1.0 
	f[28,46,37]: 1.0 
	f[28,47,38]: 1.0 
	f[28,48,59]: 1.0 
	f[28,49,48]: 1.0 
	f[28,50,49]: 1.0 
	f[28,51,50]: 1.0 
	f[28,52,51]: 1.0 
	f[28,53,52]: 1.0 
	f[28,54,45]: 1.0 
	f[28,55,64]: 1.0 
	f[28,56,55]: 1.0 
	f[28,57,56]: 1.0 
	f[28,58,57]: 1.0 
	f[28,59,60]: 1.0 
	f[28,60,61]: 1.0 
	f[28,61,62]: 1.0 
	f[28,62,71]: 1.0 
	f[28,63,54]: 1.0 
	f[28,64,63]: 1.0 
	f[28,65,66]: 1.0 
	f[28,66,67]: 1.0 
	f[28,67,58]: 1.0 
	f[28,68,77]: 1.0 
	f[28,69,68]: 1.0 
	f[28,70,69]: 1.0 
	f[28,71,80]: 1.0 
	f[28,72,73]: 1.0 
	f[28,73,74]: 1.0 
	f[28,74,65]: 1.0 
	f[28,75,83]: 1.0 
	f[28,76,75]: 1.0 
	f[28,77,76]: 1.0 
	f[28,78,88]: 1.0 
	f[28,79,70]: 1.0 
	f[28,80,79]: 1.0 
	f[28,81,72]: 1.0 
	f[28,82,81]: 1.0 
	f[28,83,84]: 1.0 
	f[28,84,85]: 1.0 
	f[28,85,86]: 1.0 
	f[28,86,87]: 1.0 
	f[28,87,78]: 1.0 
	f[28,88,89]: 1.0 
	f[28,89,98]: 1.0 
	f[28,90,82]: 1.0 
	f[28,91,90]: 1.0 
	f[28,92,91]: 1.0 
	f[28,93,92]: 1.0 
	f[28,94,93]: 1.0 
	f[28,95,94]: 1.0 
	f[28,96,95]: 1.0 
	f[28,97,96]: 1.0 
	f[28,98,97]: 1.0 
	f[29,5,6]: 1.0 
	f[29,6,7]: 1.0 
	f[29,7,8]: 1.0 
	f[29,8,17]: 1.0 
	f[29,14,22]: 1.0 
	f[29,15,14]: 1.0 
	f[29,16,15]: 1.0 
	f[29,17,16]: 1.0 
	f[29,22,23]: 1.0 
	f[29,23,24]: 1.0 
	f[29,24,25]: 1.0 
	f[29,25,26]: 1.0 
	f[29,26,34]: 1.0 
	f[29,30,29]: 1.0 
	f[29,31,30]: 1.0 
	f[29,32,31]: 1.0 
	f[29,33,32]: 1.0 
	f[29,34,35]: 1.0 
	f[29,35,43]: 1.0 
	f[29,37,47]: 1.0 
	f[29,38,39]: 1.0 
	f[29,39,40]: 1.0 
	f[29,40,41]: 1.0 
	f[29,41,42]: 1.0 
	f[29,42,33]: 1.0 
	f[29,43,44]: 1.0 
	f[29,44,53]: 1.0 
	f[29,45,46]: 1.0 
	f[29,46,37]: 1.0 
	f[29,47,38]: 1.0 
	f[29,48,59]: 1.0 
	f[29,49,48]: 1.0 
	f[29,50,49]: 1.0 
	f[29,51,50]: 1.0 
	f[29,52,51]: 1.0 
	f[29,53,52]: 1.0 
	f[29,54,45]: 1.0 
	f[29,55,64]: 1.0 
	f[29,56,55]: 1.0 
	f[29,57,56]: 1.0 
	f[29,58,57]: 1.0 
	f[29,59,60]: 1.0 
	f[29,60,61]: 1.0 
	f[29,61,62]: 1.0 
	f[29,62,71]: 1.0 
	f[29,63,54]: 1.0 
	f[29,64,63]: 1.0 
	f[29,65,66]: 1.0 
	f[29,66,67]: 1.0 
	f[29,67,58]: 1.0 
	f[29,68,77]: 1.0 
	f[29,69,68]: 1.0 
	f[29,70,69]: 1.0 
	f[29,71,80]: 1.0 
	f[29,72,73]: 1.0 
	f[29,73,74]: 1.0 
	f[29,74,65]: 1.0 
	f[29,75,83]: 1.0 
	f[29,76,75]: 1.0 
	f[29,77,76]: 1.0 
	f[29,78,88]: 1.0 
	f[29,79,70]: 1.0 
	f[29,80,79]: 1.0 
	f[29,81,72]: 1.0 
	f[29,82,81]: 1.0 
	f[29,83,84]: 1.0 
	f[29,84,85]: 1.0 
	f[29,85,86]: 1.0 
	f[29,86,87]: 1.0 
	f[29,87,78]: 1.0 
	f[29,88,89]: 1.0 
	f[29,89,98]: 1.0 
	f[29,90,82]: 1.0 
	f[29,91,90]: 1.0 
	f[29,92,91]: 1.0 
	f[29,93,92]: 1.0 
	f[29,94,93]: 1.0 
	f[29,95,94]: 1.0 
	f[29,96,95]: 1.0 
	f[29,97,96]: 1.0 
	f[29,98,97]: 1.0 
	f[30,5,6]: 1.0 
	f[30,6,7]: 1.0 
	f[30,7,8]: 1.0 
	f[30,8,17]: 1.0 
	f[30,14,22]: 1.0 
	f[30,15,14]: 1.0 
	f[30,16,15]: 1.0 
	f[30,17,16]: 1.0 
	f[30,22,23]: 1.0 
	f[30,23,24]: 1.0 
	f[30,24,25]: 1.0 
	f[30,25,26]: 1.0 
	f[30,26,34]: 1.0 
	f[30,31,30]: 1.0 
	f[30,32,31]: 1.0 
	f[30,33,32]: 1.0 
	f[30,34,35]: 1.0 
	f[30,35,43]: 1.0 
	f[30,37,47]: 1.0 
	f[30,38,39]: 1.0 
	f[30,39,40]: 1.0 
	f[30,40,41]: 1.0 
	f[30,41,42]: 1.0 
	f[30,42,33]: 1.0 
	f[30,43,44]: 1.0 
	f[30,44,53]: 1.0 
	f[30,45,46]: 1.0 
	f[30,46,37]: 1.0 
	f[30,47,38]: 1.0 
	f[30,48,59]: 1.0 
	f[30,49,48]: 1.0 
	f[30,50,49]: 1.0 
	f[30,51,50]: 1.0 
	f[30,52,51]: 1.0 
	f[30,53,52]: 1.0 
	f[30,54,45]: 1.0 
	f[30,55,64]: 1.0 
	f[30,56,55]: 1.0 
	f[30,57,56]: 1.0 
	f[30,58,57]: 1.0 
	f[30,59,60]: 1.0 
	f[30,60,61]: 1.0 
	f[30,61,62]: 1.0 
	f[30,62,71]: 1.0 
	f[30,63,54]: 1.0 
	f[30,64,63]: 1.0 
	f[30,65,66]: 1.0 
	f[30,66,67]: 1.0 
	f[30,67,58]: 1.0 
	f[30,68,77]: 1.0 
	f[30,69,68]: 1.0 
	f[30,70,69]: 1.0 
	f[30,71,80]: 1.0 
	f[30,72,73]: 1.0 
	f[30,73,74]: 1.0 
	f[30,74,65]: 1.0 
	f[30,75,83]: 1.0 
	f[30,76,75]: 1.0 
	f[30,77,76]: 1.0 
	f[30,78,88]: 1.0 
	f[30,79,70]: 1.0 
	f[30,80,79]: 1.0 
	f[30,81,72]: 1.0 
	f[30,82,81]: 1.0 
	f[30,83,84]: 1.0 
	f[30,84,85]: 1.0 
	f[30,85,86]: 1.0 
	f[30,86,87]: 1.0 
	f[30,87,78]: 1.0 
	f[30,88,89]: 1.0 
	f[30,89,98]: 1.0 
	f[30,90,82]: 1.0 
	f[30,91,90]: 1.0 
	f[30,92,91]: 1.0 
	f[30,93,92]: 1.0 
	f[30,94,93]: 1.0 
	f[30,95,94]: 1.0 
	f[30,96,95]: 1.0 
	f[30,97,96]: 1.0 
	f[30,98,97]: 1.0 
	f[31,5,6]: 1.0 
	f[31,6,7]: 1.0 
	f[31,7,8]: 1.0 
	f[31,8,17]: 1.0 
	f[31,14,22]: 1.0 
	f[31,15,14]: 1.0 
	f[31,16,15]: 1.0 
	f[31,17,16]: 1.0 
	f[31,22,23]: 1.0 
	f[31,23,24]: 1.0 
	f[31,24,25]: 1.0 
	f[31,25,26]: 1.0 
	f[31,26,34]: 1.0 
	f[31,32,31]: 1.0 
	f[31,33,32]: 1.0 
	f[31,34,35]: 1.0 
	f[31,35,43]: 1.0 
	f[31,37,47]: 1.0 
	f[31,38,39]: 1.0 
	f[31,39,40]: 1.0 
	f[31,40,41]: 1.0 
	f[31,41,42]: 1.0 
	f[31,42,33]: 1.0 
	f[31,43,44]: 1.0 
	f[31,44,53]: 1.0 
	f[31,45,46]: 1.0 
	f[31,46,37]: 1.0 
	f[31,47,38]: 1.0 
	f[31,48,59]: 1.0 
	f[31,49,48]: 1.0 
	f[31,50,49]: 1.0 
	f[31,51,50]: 1.0 
	f[31,52,51]: 1.0 
	f[31,53,52]: 1.0 
	f[31,54,45]: 1.0 
	f[31,55,64]: 1.0 
	f[31,56,55]: 1.0 
	f[31,57,56]: 1.0 
	f[31,58,57]: 1.0 
	f[31,59,60]: 1.0 
	f[31,60,61]: 1.0 
	f[31,61,62]: 1.0 
	f[31,62,71]: 1.0 
	f[31,63,54]: 1.0 
	f[31,64,63]: 1.0 
	f[31,65,66]: 1.0 
	f[31,66,67]: 1.0 
	f[31,67,58]: 1.0 
	f[31,68,77]: 1.0 
	f[31,69,68]: 1.0 
	f[31,70,69]: 1.0 
	f[31,71,80]: 1.0 
	f[31,72,73]: 1.0 
	f[31,73,74]: 1.0 
	f[31,74,65]: 1.0 
	f[31,75,83]: 1.0 
	f[31,76,75]: 1.0 
	f[31,77,76]: 1.0 
	f[31,78,88]: 1.0 
	f[31,79,70]: 1.0 
	f[31,80,79]: 1.0 
	f[31,81,72]: 1.0 
	f[31,82,81]: 1.0 
	f[31,83,84]: 1.0 
	f[31,84,85]: 1.0 
	f[31,85,86]: 1.0 
	f[31,86,87]: 1.0 
	f[31,87,78]: 1.0 
	f[31,88,89]: 1.0 
	f[31,89,98]: 1.0 
	f[31,90,82]: 1.0 
	f[31,91,90]: 1.0 
	f[31,92,91]: 1.0 
	f[31,93,92]: 1.0 
	f[31,94,93]: 1.0 
	f[31,95,94]: 1.0 
	f[31,96,95]: 1.0 
	f[31,97,96]: 1.0 
	f[31,98,97]: 1.0 
	f[32,5,6]: 1.0 
	f[32,6,7]: 1.0 
	f[32,7,8]: 1.0 
	f[32,8,17]: 1.0 
	f[32,14,22]: 1.0 
	f[32,15,14]: 1.0 
	f[32,16,15]: 1.0 
	f[32,17,16]: 1.0 
	f[32,22,23]: 1.0 
	f[32,23,24]: 1.0 
	f[32,24,25]: 1.0 
	f[32,25,26]: 1.0 
	f[32,26,34]: 1.0 
	f[32,33,32]: 1.0 
	f[32,34,35]: 1.0 
	f[32,35,43]: 1.0 
	f[32,37,47]: 1.0 
	f[32,38,39]: 1.0 
	f[32,39,40]: 1.0 
	f[32,40,41]: 1.0 
	f[32,41,42]: 1.0 
	f[32,42,33]: 1.0 
	f[32,43,44]: 1.0 
	f[32,44,53]: 1.0 
	f[32,45,46]: 1.0 
	f[32,46,37]: 1.0 
	f[32,47,38]: 1.0 
	f[32,48,59]: 1.0 
	f[32,49,48]: 1.0 
	f[32,50,49]: 1.0 
	f[32,51,50]: 1.0 
	f[32,52,51]: 1.0 
	f[32,53,52]: 1.0 
	f[32,54,45]: 1.0 
	f[32,55,64]: 1.0 
	f[32,56,55]: 1.0 
	f[32,57,56]: 1.0 
	f[32,58,57]: 1.0 
	f[32,59,60]: 1.0 
	f[32,60,61]: 1.0 
	f[32,61,62]: 1.0 
	f[32,62,71]: 1.0 
	f[32,63,54]: 1.0 
	f[32,64,63]: 1.0 
	f[32,65,66]: 1.0 
	f[32,66,67]: 1.0 
	f[32,67,58]: 1.0 
	f[32,68,77]: 1.0 
	f[32,69,68]: 1.0 
	f[32,70,69]: 1.0 
	f[32,71,80]: 1.0 
	f[32,72,73]: 1.0 
	f[32,73,74]: 1.0 
	f[32,74,65]: 1.0 
	f[32,75,83]: 1.0 
	f[32,76,75]: 1.0 
	f[32,77,76]: 1.0 
	f[32,78,88]: 1.0 
	f[32,79,70]: 1.0 
	f[32,80,79]: 1.0 
	f[32,81,72]: 1.0 
	f[32,82,81]: 1.0 
	f[32,83,84]: 1.0 
	f[32,84,85]: 1.0 
	f[32,85,86]: 1.0 
	f[32,86,87]: 1.0 
	f[32,87,78]: 1.0 
	f[32,88,89]: 1.0 
	f[32,89,98]: 1.0 
	f[32,90,82]: 1.0 
	f[32,91,90]: 1.0 
	f[32,92,91]: 1.0 
	f[32,93,92]: 1.0 
	f[32,94,93]: 1.0 
	f[32,95,94]: 1.0 
	f[32,96,95]: 1.0 
	f[32,97,96]: 1.0 
	f[32,98,97]: 1.0 
	f[33,5,6]: 1.0 
	f[33,6,7]: 1.0 
	f[33,7,8]: 1.0 
	f[33,8,17]: 1.0 
	f[33,14,22]: 1.0 
	f[33,15,14]: 1.0 
	f[33,16,15]: 1.0 
	f[33,17,16]: 1.0 
	f[33,22,23]: 1.0 
	f[33,23,24]: 1.0 
	f[33,24,25]: 1.0 
	f[33,25,26]: 1.0 
	f[33,26,34]: 1.0 
	f[33,34,35]: 1.0 
	f[33,35,43]: 1.0 
	f[33,37,47]: 1.0 
	f[33,38,39]: 1.0 
	f[33,39,40]: 1.0 
	f[33,40,41]: 1.0 
	f[33,41,42]: 1.0 
	f[33,42,33]: 1.0 
	f[33,43,44]: 1.0 
	f[33,44,53]: 1.0 
	f[33,45,46]: 1.0 
	f[33,46,37]: 1.0 
	f[33,47,38]: 1.0 
	f[33,48,59]: 1.0 
	f[33,49,48]: 1.0 
	f[33,50,49]: 1.0 
	f[33,51,50]: 1.0 
	f[33,52,51]: 1.0 
	f[33,53,52]: 1.0 
	f[33,54,45]: 1.0 
	f[33,55,64]: 1.0 
	f[33,56,55]: 1.0 
	f[33,57,56]: 1.0 
	f[33,58,57]: 1.0 
	f[33,59,60]: 1.0 
	f[33,60,61]: 1.0 
	f[33,61,62]: 1.0 
	f[33,62,71]: 1.0 
	f[33,63,54]: 1.0 
	f[33,64,63]: 1.0 
	f[33,65,66]: 1.0 
	f[33,66,67]: 1.0 
	f[33,67,58]: 1.0 
	f[33,68,77]: 1.0 
	f[33,69,68]: 1.0 
	f[33,70,69]: 1.0 
	f[33,71,80]: 1.0 
	f[33,72,73]: 1.0 
	f[33,73,74]: 1.0 
	f[33,74,65]: 1.0 
	f[33,75,83]: 1.0 
	f[33,76,75]: 1.0 
	f[33,77,76]: 1.0 
	f[33,78,88]: 1.0 
	f[33,79,70]: 1.0 
	f[33,80,79]: 1.0 
	f[33,81,72]: 1.0 
	f[33,82,81]: 1.0 
	f[33,83,84]: 1.0 
	f[33,84,85]: 1.0 
	f[33,85,86]: 1.0 
	f[33,86,87]: 1.0 
	f[33,87,78]: 1.0 
	f[33,88,89]: 1.0 
	f[33,89,98]: 1.0 
	f[33,90,82]: 1.0 
	f[33,91,90]: 1.0 
	f[33,92,91]: 1.0 
	f[33,93,92]: 1.0 
	f[33,94,93]: 1.0 
	f[33,95,94]: 1.0 
	f[33,96,95]: 1.0 
	f[33,97,96]: 1.0 
	f[33,98,97]: 1.0 
	f[34,5,6]: 1.0 
	f[34,6,7]: 1.0 
	f[34,7,8]: 1.0 
	f[34,8,17]: 1.0 
	f[34,14,22]: 1.0 
	f[34,15,14]: 1.0 
	f[34,16,15]: 1.0 
	f[34,17,16]: 1.0 
	f[34,22,23]: 1.0 
	f[34,23,24]: 1.0 
	f[34,24,25]: 1.0 
	f[34,25,26]: 1.0 
	f[34,26,34]: 1.0 
	f[35,5,6]: 1.0 
	f[35,6,7]: 1.0 
	f[35,7,8]: 1.0 
	f[35,8,17]: 1.0 
	f[35,14,22]: 1.0 
	f[35,15,14]: 1.0 
	f[35,16,15]: 1.0 
	f[35,17,16]: 1.0 
	f[35,22,23]: 1.0 
	f[35,23,24]: 1.0 
	f[35,24,25]: 1.0 
	f[35,25,26]: 1.0 
	f[35,26,34]: 1.0 
	f[35,34,35]: 1.0 
	f[36,5,6]: 1.0 
	f[36,6,7]: 1.0 
	f[36,7,8]: 1.0 
	f[36,8,17]: 1.0 
	f[36,14,22]: 1.0 
	f[36,15,14]: 1.0 
	f[36,16,15]: 1.0 
	f[36,17,16]: 1.0 
	f[36,22,23]: 1.0 
	f[36,23,24]: 1.0 
	f[36,24,25]: 1.0 
	f[36,25,26]: 1.0 
	f[36,26,34]: 1.0 
	f[36,28,36]: 1.0 
	f[36,29,28]: 1.0 
	f[36,30,29]: 1.0 
	f[36,31,30]: 1.0 
	f[36,32,31]: 1.0 
	f[36,33,32]: 1.0 
	f[36,34,35]: 1.0 
	f[36,35,43]: 1.0 
	f[36,37,47]: 1.0 
	f[36,38,39]: 1.0 
	f[36,39,40]: 1.0 
	f[36,40,41]: 1.0 
	f[36,41,42]: 1.0 
	f[36,42,33]: 1.0 
	f[36,43,44]: 1.0 
	f[36,44,53]: 1.0 
	f[36,45,46]: 1.0 
	f[36,46,37]: 1.0 
	f[36,47,38]: 1.0 
	f[36,48,59]: 1.0 
	f[36,49,48]: 1.0 
	f[36,50,49]: 1.0 
	f[36,51,50]: 1.0 
	f[36,52,51]: 1.0 
	f[36,53,52]: 1.0 
	f[36,54,45]: 1.0 
	f[36,55,64]: 1.0 
	f[36,56,55]: 1.0 
	f[36,57,56]: 1.0 
	f[36,58,57]: 1.0 
	f[36,59,60]: 1.0 
	f[36,60,61]: 1.0 
	f[36,61,62]: 1.0 
	f[36,62,71]: 1.0 
	f[36,63,54]: 1.0 
	f[36,64,63]: 1.0 
	f[36,65,66]: 1.0 
	f[36,66,67]: 1.0 
	f[36,67,58]: 1.0 
	f[36,68,77]: 1.0 
	f[36,69,68]: 1.0 
	f[36,70,69]: 1.0 
	f[36,71,80]: 1.0 
	f[36,72,73]: 1.0 
	f[36,73,74]: 1.0 
	f[36,74,65]: 1.0 
	f[36,75,83]: 1.0 
	f[36,76,75]: 1.0 
	f[36,77,76]: 1.0 
	f[36,78,88]: 1.0 
	f[36,79,70]: 1.0 
	f[36,80,79]: 1.0 
	f[36,81,72]: 1.0 
	f[36,82,81]: 1.0 
	f[36,83,84]: 1.0 
	f[36,84,85]: 1.0 
	f[36,85,86]: 1.0 
	f[36,86,87]: 1.0 
	f[36,87,78]: 1.0 
	f[36,88,89]: 1.0 
	f[36,89,98]: 1.0 
	f[36,90,82]: 1.0 
	f[36,91,90]: 1.0 
	f[36,92,91]: 1.0 
	f[36,93,92]: 1.0 
	f[36,94,93]: 1.0 
	f[36,95,94]: 1.0 
	f[36,96,95]: 1.0 
	f[36,97,96]: 1.0 
	f[36,98,97]: 1.0 
	f[37,5,6]: 1.0 
	f[37,6,7]: 1.0 
	f[37,7,8]: 1.0 
	f[37,8,17]: 1.0 
	f[37,14,22]: 1.0 
	f[37,15,14]: 1.0 
	f[37,16,15]: 1.0 
	f[37,17,16]: 1.0 
	f[37,22,23]: 1.0 
	f[37,23,24]: 1.0 
	f[37,24,25]: 1.0 
	f[37,25,26]: 1.0 
	f[37,26,34]: 1.0 
	f[37,34,35]: 1.0 
	f[37,35,43]: 1.0 
	f[37,43,44]: 1.0 
	f[37,44,53]: 1.0 
	f[37,45,46]: 1.0 
	f[37,46,37]: 1.0 
	f[37,48,59]: 1.0 
	f[37,49,48]: 1.0 
	f[37,50,49]: 1.0 
	f[37,51,50]: 1.0 
	f[37,52,51]: 1.0 
	f[37,53,52]: 1.0 
	f[37,54,45]: 1.0 
	f[37,55,64]: 1.0 
	f[37,56,55]: 1.0 
	f[37,57,56]: 1.0 
	f[37,58,57]: 1.0 
	f[37,59,60]: 1.0 
	f[37,60,61]: 1.0 
	f[37,61,62]: 1.0 
	f[37,62,71]: 1.0 
	f[37,63,54]: 1.0 
	f[37,64,63]: 1.0 
	f[37,65,66]: 1.0 
	f[37,66,67]: 1.0 
	f[37,67,58]: 1.0 
	f[37,68,77]: 1.0 
	f[37,69,68]: 1.0 
	f[37,70,69]: 1.0 
	f[37,71,80]: 1.0 
	f[37,72,73]: 1.0 
	f[37,73,74]: 1.0 
	f[37,74,65]: 1.0 
	f[37,75,83]: 1.0 
	f[37,76,75]: 1.0 
	f[37,77,76]: 1.0 
	f[37,78,88]: 1.0 
	f[37,79,70]: 1.0 
	f[37,80,79]: 1.0 
	f[37,81,72]: 1.0 
	f[37,82,81]: 1.0 
	f[37,83,84]: 1.0 
	f[37,84,85]: 1.0 
	f[37,85,86]: 1.0 
	f[37,86,87]: 1.0 
	f[37,87,78]: 1.0 
	f[37,88,89]: 1.0 
	f[37,89,98]: 1.0 
	f[37,90,82]: 1.0 
	f[37,91,90]: 1.0 
	f[37,92,91]: 1.0 
	f[37,93,92]: 1.0 
	f[37,94,93]: 1.0 
	f[37,95,94]: 1.0 
	f[37,96,95]: 1.0 
	f[37,97,96]: 1.0 
	f[37,98,97]: 1.0 
	f[38,5,6]: 1.0 
	f[38,6,7]: 1.0 
	f[38,7,8]: 1.0 
	f[38,8,17]: 1.0 
	f[38,14,22]: 1.0 
	f[38,15,14]: 1.0 
	f[38,16,15]: 1.0 
	f[38,17,16]: 1.0 
	f[38,22,23]: 1.0 
	f[38,23,24]: 1.0 
	f[38,24,25]: 1.0 
	f[38,25,26]: 1.0 
	f[38,26,34]: 1.0 
	f[38,34,35]: 1.0 
	f[38,35,43]: 1.0 
	f[38,37,47]: 1.0 
	f[38,43,44]: 1.0 
	f[38,44,53]: 1.0 
	f[38,45,46]: 1.0 
	f[38,46,37]: 1.0 
	f[38,47,38]: 1.0 
	f[38,48,59]: 1.0 
	f[38,49,48]: 1.0 
	f[38,50,49]: 1.0 
	f[38,51,50]: 1.0 
	f[38,52,51]: 1.0 
	f[38,53,52]: 1.0 
	f[38,54,45]: 1.0 
	f[38,55,64]: 1.0 
	f[38,56,55]: 1.0 
	f[38,57,56]: 1.0 
	f[38,58,57]: 1.0 
	f[38,59,60]: 1.0 
	f[38,60,61]: 1.0 
	f[38,61,62]: 1.0 
	f[38,62,71]: 1.0 
	f[38,63,54]: 1.0 
	f[38,64,63]: 1.0 
	f[38,65,66]: 1.0 
	f[38,66,67]: 1.0 
	f[38,67,58]: 1.0 
	f[38,68,77]: 1.0 
	f[38,69,68]: 1.0 
	f[38,70,69]: 1.0 
	f[38,71,80]: 1.0 
	f[38,72,73]: 1.0 
	f[38,73,74]: 1.0 
	f[38,74,65]: 1.0 
	f[38,75,83]: 1.0 
	f[38,76,75]: 1.0 
	f[38,77,76]: 1.0 
	f[38,78,88]: 1.0 
	f[38,79,70]: 1.0 
	f[38,80,79]: 1.0 
	f[38,81,72]: 1.0 
	f[38,82,81]: 1.0 
	f[38,83,84]: 1.0 
	f[38,84,85]: 1.0 
	f[38,85,86]: 1.0 
	f[38,86,87]: 1.0 
	f[38,87,78]: 1.0 
	f[38,88,89]: 1.0 
	f[38,89,98]: 1.0 
	f[38,90,82]: 1.0 
	f[38,91,90]: 1.0 
	f[38,92,91]: 1.0 
	f[38,93,92]: 1.0 
	f[38,94,93]: 1.0 
	f[38,95,94]: 1.0 
	f[38,96,95]: 1.0 
	f[38,97,96]: 1.0 
	f[38,98,97]: 1.0 
	f[39,5,6]: 1.0 
	f[39,6,7]: 1.0 
	f[39,7,8]: 1.0 
	f[39,8,17]: 1.0 
	f[39,14,22]: 1.0 
	f[39,15,14]: 1.0 
	f[39,16,15]: 1.0 
	f[39,17,16]: 1.0 
	f[39,22,23]: 1.0 
	f[39,23,24]: 1.0 
	f[39,24,25]: 1.0 
	f[39,25,26]: 1.0 
	f[39,26,34]: 1.0 
	f[39,34,35]: 1.0 
	f[39,35,43]: 1.0 
	f[39,37,47]: 1.0 
	f[39,38,39]: 1.0 
	f[39,43,44]: 1.0 
	f[39,44,53]: 1.0 
	f[39,45,46]: 1.0 
	f[39,46,37]: 1.0 
	f[39,47,38]: 1.0 
	f[39,48,59]: 1.0 
	f[39,49,48]: 1.0 
	f[39,50,49]: 1.0 
	f[39,51,50]: 1.0 
	f[39,52,51]: 1.0 
	f[39,53,52]: 1.0 
	f[39,54,45]: 1.0 
	f[39,55,64]: 1.0 
	f[39,56,55]: 1.0 
	f[39,57,56]: 1.0 
	f[39,58,57]: 1.0 
	f[39,59,60]: 1.0 
	f[39,60,61]: 1.0 
	f[39,61,62]: 1.0 
	f[39,62,71]: 1.0 
	f[39,63,54]: 1.0 
	f[39,64,63]: 1.0 
	f[39,65,66]: 1.0 
	f[39,66,67]: 1.0 
	f[39,67,58]: 1.0 
	f[39,68,77]: 1.0 
	f[39,69,68]: 1.0 
	f[39,70,69]: 1.0 
	f[39,71,80]: 1.0 
	f[39,72,73]: 1.0 
	f[39,73,74]: 1.0 
	f[39,74,65]: 1.0 
	f[39,75,83]: 1.0 
	f[39,76,75]: 1.0 
	f[39,77,76]: 1.0 
	f[39,78,88]: 1.0 
	f[39,79,70]: 1.0 
	f[39,80,79]: 1.0 
	f[39,81,72]: 1.0 
	f[39,82,81]: 1.0 
	f[39,83,84]: 1.0 
	f[39,84,85]: 1.0 
	f[39,85,86]: 1.0 
	f[39,86,87]: 1.0 
	f[39,87,78]: 1.0 
	f[39,88,89]: 1.0 
	f[39,89,98]: 1.0 
	f[39,90,82]: 1.0 
	f[39,91,90]: 1.0 
	f[39,92,91]: 1.0 
	f[39,93,92]: 1.0 
	f[39,94,93]: 1.0 
	f[39,95,94]: 1.0 
	f[39,96,95]: 1.0 
	f[39,97,96]: 1.0 
	f[39,98,97]: 1.0 
	f[40,5,6]: 1.0 
	f[40,6,7]: 1.0 
	f[40,7,8]: 1.0 
	f[40,8,17]: 1.0 
	f[40,14,22]: 1.0 
	f[40,15,14]: 1.0 
	f[40,16,15]: 1.0 
	f[40,17,16]: 1.0 
	f[40,22,23]: 1.0 
	f[40,23,24]: 1.0 
	f[40,24,25]: 1.0 
	f[40,25,26]: 1.0 
	f[40,26,34]: 1.0 
	f[40,34,35]: 1.0 
	f[40,35,43]: 1.0 
	f[40,37,47]: 1.0 
	f[40,38,39]: 1.0 
	f[40,39,40]: 1.0 
	f[40,43,44]: 1.0 
	f[40,44,53]: 1.0 
	f[40,45,46]: 1.0 
	f[40,46,37]: 1.0 
	f[40,47,38]: 1.0 
	f[40,48,59]: 1.0 
	f[40,49,48]: 1.0 
	f[40,50,49]: 1.0 
	f[40,51,50]: 1.0 
	f[40,52,51]: 1.0 
	f[40,53,52]: 1.0 
	f[40,54,45]: 1.0 
	f[40,55,64]: 1.0 
	f[40,56,55]: 1.0 
	f[40,57,56]: 1.0 
	f[40,58,57]: 1.0 
	f[40,59,60]: 1.0 
	f[40,60,61]: 1.0 
	f[40,61,62]: 1.0 
	f[40,62,71]: 1.0 
	f[40,63,54]: 1.0 
	f[40,64,63]: 1.0 
	f[40,65,66]: 1.0 
	f[40,66,67]: 1.0 
	f[40,67,58]: 1.0 
	f[40,68,77]: 1.0 
	f[40,69,68]: 1.0 
	f[40,70,69]: 1.0 
	f[40,71,80]: 1.0 
	f[40,72,73]: 1.0 
	f[40,73,74]: 1.0 
	f[40,74,65]: 1.0 
	f[40,75,83]: 1.0 
	f[40,76,75]: 1.0 
	f[40,77,76]: 1.0 
	f[40,78,88]: 1.0 
	f[40,79,70]: 1.0 
	f[40,80,79]: 1.0 
	f[40,81,72]: 1.0 
	f[40,82,81]: 1.0 
	f[40,83,84]: 1.0 
	f[40,84,85]: 1.0 
	f[40,85,86]: 1.0 
	f[40,86,87]: 1.0 
	f[40,87,78]: 1.0 
	f[40,88,89]: 1.0 
	f[40,89,98]: 1.0 
	f[40,90,82]: 1.0 
	f[40,91,90]: 1.0 
	f[40,92,91]: 1.0 
	f[40,93,92]: 1.0 
	f[40,94,93]: 1.0 
	f[40,95,94]: 1.0 
	f[40,96,95]: 1.0 
	f[40,97,96]: 1.0 
	f[40,98,97]: 1.0 
	f[41,5,6]: 1.0 
	f[41,6,7]: 1.0 
	f[41,7,8]: 1.0 
	f[41,8,17]: 1.0 
	f[41,14,22]: 1.0 
	f[41,15,14]: 1.0 
	f[41,16,15]: 1.0 
	f[41,17,16]: 1.0 
	f[41,22,23]: 1.0 
	f[41,23,24]: 1.0 
	f[41,24,25]: 1.0 
	f[41,25,26]: 1.0 
	f[41,26,34]: 1.0 
	f[41,34,35]: 1.0 
	f[41,35,43]: 1.0 
	f[41,37,47]: 1.0 
	f[41,38,39]: 1.0 
	f[41,39,40]: 1.0 
	f[41,40,41]: 1.0 
	f[41,43,44]: 1.0 
	f[41,44,53]: 1.0 
	f[41,45,46]: 1.0 
	f[41,46,37]: 1.0 
	f[41,47,38]: 1.0 
	f[41,48,59]: 1.0 
	f[41,49,48]: 1.0 
	f[41,50,49]: 1.0 
	f[41,51,50]: 1.0 
	f[41,52,51]: 1.0 
	f[41,53,52]: 1.0 
	f[41,54,45]: 1.0 
	f[41,55,64]: 1.0 
	f[41,56,55]: 1.0 
	f[41,57,56]: 1.0 
	f[41,58,57]: 1.0 
	f[41,59,60]: 1.0 
	f[41,60,61]: 1.0 
	f[41,61,62]: 1.0 
	f[41,62,71]: 1.0 
	f[41,63,54]: 1.0 
	f[41,64,63]: 1.0 
	f[41,65,66]: 1.0 
	f[41,66,67]: 1.0 
	f[41,67,58]: 1.0 
	f[41,68,77]: 1.0 
	f[41,69,68]: 1.0 
	f[41,70,69]: 1.0 
	f[41,71,80]: 1.0 
	f[41,72,73]: 1.0 
	f[41,73,74]: 1.0 
	f[41,74,65]: 1.0 
	f[41,75,83]: 1.0 
	f[41,76,75]: 1.0 
	f[41,77,76]: 1.0 
	f[41,78,88]: 1.0 
	f[41,79,70]: 1.0 
	f[41,80,79]: 1.0 
	f[41,81,72]: 1.0 
	f[41,82,81]: 1.0 
	f[41,83,84]: 1.0 
	f[41,84,85]: 1.0 
	f[41,85,86]: 1.0 
	f[41,86,87]: 1.0 
	f[41,87,78]: 1.0 
	f[41,88,89]: 1.0 
	f[41,89,98]: 1.0 
	f[41,90,82]: 1.0 
	f[41,91,90]: 1.0 
	f[41,92,91]: 1.0 
	f[41,93,92]: 1.0 
	f[41,94,93]: 1.0 
	f[41,95,94]: 1.0 
	f[41,96,95]: 1.0 
	f[41,97,96]: 1.0 
	f[41,98,97]: 1.0 
	f[42,5,6]: 1.0 
	f[42,6,7]: 1.0 
	f[42,7,8]: 1.0 
	f[42,8,17]: 1.0 
	f[42,14,22]: 1.0 
	f[42,15,14]: 1.0 
	f[42,16,15]: 1.0 
	f[42,17,16]: 1.0 
	f[42,22,23]: 1.0 
	f[42,23,24]: 1.0 
	f[42,24,25]: 1.0 
	f[42,25,26]: 1.0 
	f[42,26,34]: 1.0 
	f[42,34,35]: 1.0 
	f[42,35,43]: 1.0 
	f[42,37,47]: 1.0 
	f[42,38,39]: 1.0 
	f[42,39,40]: 1.0 
	f[42,40,41]: 1.0 
	f[42,41,42]: 1.0 
	f[42,43,44]: 1.0 
	f[42,44,53]: 1.0 
	f[42,45,46]: 1.0 
	f[42,46,37]: 1.0 
	f[42,47,38]: 1.0 
	f[42,48,59]: 1.0 
	f[42,49,48]: 1.0 
	f[42,50,49]: 1.0 
	f[42,51,50]: 1.0 
	f[42,52,51]: 1.0 
	f[42,53,52]: 1.0 
	f[42,54,45]: 1.0 
	f[42,55,64]: 1.0 
	f[42,56,55]: 1.0 
	f[42,57,56]: 1.0 
	f[42,58,57]: 1.0 
	f[42,59,60]: 1.0 
	f[42,60,61]: 1.0 
	f[42,61,62]: 1.0 
	f[42,62,71]: 1.0 
	f[42,63,54]: 1.0 
	f[42,64,63]: 1.0 
	f[42,65,66]: 1.0 
	f[42,66,67]: 1.0 
	f[42,67,58]: 1.0 
	f[42,68,77]: 1.0 
	f[42,69,68]: 1.0 
	f[42,70,69]: 1.0 
	f[42,71,80]: 1.0 
	f[42,72,73]: 1.0 
	f[42,73,74]: 1.0 
	f[42,74,65]: 1.0 
	f[42,75,83]: 1.0 
	f[42,76,75]: 1.0 
	f[42,77,76]: 1.0 
	f[42,78,88]: 1.0 
	f[42,79,70]: 1.0 
	f[42,80,79]: 1.0 
	f[42,81,72]: 1.0 
	f[42,82,81]: 1.0 
	f[42,83,84]: 1.0 
	f[42,84,85]: 1.0 
	f[42,85,86]: 1.0 
	f[42,86,87]: 1.0 
	f[42,87,78]: 1.0 
	f[42,88,89]: 1.0 
	f[42,89,98]: 1.0 
	f[42,90,82]: 1.0 
	f[42,91,90]: 1.0 
	f[42,92,91]: 1.0 
	f[42,93,92]: 1.0 
	f[42,94,93]: 1.0 
	f[42,95,94]: 1.0 
	f[42,96,95]: 1.0 
	f[42,97,96]: 1.0 
	f[42,98,97]: 1.0 
	f[43,5,6]: 1.0 
	f[43,6,7]: 1.0 
	f[43,7,8]: 1.0 
	f[43,8,17]: 1.0 
	f[43,14,22]: 1.0 
	f[43,15,14]: 1.0 
	f[43,16,15]: 1.0 
	f[43,17,16]: 1.0 
	f[43,22,23]: 1.0 
	f[43,23,24]: 1.0 
	f[43,24,25]: 1.0 
	f[43,25,26]: 1.0 
	f[43,26,34]: 1.0 
	f[43,34,35]: 1.0 
	f[43,35,43]: 1.0 
	f[44,5,6]: 1.0 
	f[44,6,7]: 1.0 
	f[44,7,8]: 1.0 
	f[44,8,17]: 1.0 
	f[44,14,22]: 1.0 
	f[44,15,14]: 1.0 
	f[44,16,15]: 1.0 
	f[44,17,16]: 1.0 
	f[44,22,23]: 1.0 
	f[44,23,24]: 1.0 
	f[44,24,25]: 1.0 
	f[44,25,26]: 1.0 
	f[44,26,34]: 1.0 
	f[44,34,35]: 1.0 
	f[44,35,43]: 1.0 
	f[44,43,44]: 1.0 
	f[45,5,6]: 1.0 
	f[45,6,7]: 1.0 
	f[45,7,8]: 1.0 
	f[45,8,17]: 1.0 
	f[45,14,22]: 1.0 
	f[45,15,14]: 1.0 
	f[45,16,15]: 1.0 
	f[45,17,16]: 1.0 
	f[45,22,23]: 1.0 
	f[45,23,24]: 1.0 
	f[45,24,25]: 1.0 
	f[45,25,26]: 1.0 
	f[45,26,34]: 1.0 
	f[45,34,35]: 1.0 
	f[45,35,43]: 1.0 
	f[45,43,44]: 1.0 
	f[45,44,53]: 1.0 
	f[45,48,59]: 1.0 
	f[45,49,48]: 1.0 
	f[45,50,49]: 1.0 
	f[45,51,50]: 1.0 
	f[45,52,51]: 1.0 
	f[45,53,52]: 1.0 
	f[45,54,45]: 1.0 
	f[45,55,64]: 1.0 
	f[45,56,55]: 1.0 
	f[45,57,56]: 1.0 
	f[45,58,57]: 1.0 
	f[45,59,60]: 1.0 
	f[45,60,61]: 1.0 
	f[45,61,62]: 1.0 
	f[45,62,71]: 1.0 
	f[45,63,54]: 1.0 
	f[45,64,63]: 1.0 
	f[45,65,66]: 1.0 
	f[45,66,67]: 1.0 
	f[45,67,58]: 1.0 
	f[45,68,77]: 1.0 
	f[45,69,68]: 1.0 
	f[45,70,69]: 1.0 
	f[45,71,80]: 1.0 
	f[45,72,73]: 1.0 
	f[45,73,74]: 1.0 
	f[45,74,65]: 1.0 
	f[45,75,83]: 1.0 
	f[45,76,75]: 1.0 
	f[45,77,76]: 1.0 
	f[45,78,88]: 1.0 
	f[45,79,70]: 1.0 
	f[45,80,79]: 1.0 
	f[45,81,72]: 1.0 
	f[45,82,81]: 1.0 
	f[45,83,84]: 1.0 
	f[45,84,85]: 1.0 
	f[45,85,86]: 1.0 
	f[45,86,87]: 1.0 
	f[45,87,78]: 1.0 
	f[45,88,89]: 1.0 
	f[45,89,98]: 1.0 
	f[45,90,82]: 1.0 
	f[45,91,90]: 1.0 
	f[45,92,91]: 1.0 
	f[45,93,92]: 1.0 
	f[45,94,93]: 1.0 
	f[45,95,94]: 1.0 
	f[45,96,95]: 1.0 
	f[45,97,96]: 1.0 
	f[45,98,97]: 1.0 
	f[46,5,6]: 1.0 
	f[46,6,7]: 1.0 
	f[46,7,8]: 1.0 
	f[46,8,17]: 1.0 
	f[46,14,22]: 1.0 
	f[46,15,14]: 1.0 
	f[46,16,15]: 1.0 
	f[46,17,16]: 1.0 
	f[46,22,23]: 1.0 
	f[46,23,24]: 1.0 
	f[46,24,25]: 1.0 
	f[46,25,26]: 1.0 
	f[46,26,34]: 1.0 
	f[46,34,35]: 1.0 
	f[46,35,43]: 1.0 
	f[46,43,44]: 1.0 
	f[46,44,53]: 1.0 
	f[46,45,46]: 1.0 
	f[46,48,59]: 1.0 
	f[46,49,48]: 1.0 
	f[46,50,49]: 1.0 
	f[46,51,50]: 1.0 
	f[46,52,51]: 1.0 
	f[46,53,52]: 1.0 
	f[46,54,45]: 1.0 
	f[46,55,64]: 1.0 
	f[46,56,55]: 1.0 
	f[46,57,56]: 1.0 
	f[46,58,57]: 1.0 
	f[46,59,60]: 1.0 
	f[46,60,61]: 1.0 
	f[46,61,62]: 1.0 
	f[46,62,71]: 1.0 
	f[46,63,54]: 1.0 
	f[46,64,63]: 1.0 
	f[46,65,66]: 1.0 
	f[46,66,67]: 1.0 
	f[46,67,58]: 1.0 
	f[46,68,77]: 1.0 
	f[46,69,68]: 1.0 
	f[46,70,69]: 1.0 
	f[46,71,80]: 1.0 
	f[46,72,73]: 1.0 
	f[46,73,74]: 1.0 
	f[46,74,65]: 1.0 
	f[46,75,83]: 1.0 
	f[46,76,75]: 1.0 
	f[46,77,76]: 1.0 
	f[46,78,88]: 1.0 
	f[46,79,70]: 1.0 
	f[46,80,79]: 1.0 
	f[46,81,72]: 1.0 
	f[46,82,81]: 1.0 
	f[46,83,84]: 1.0 
	f[46,84,85]: 1.0 
	f[46,85,86]: 1.0 
	f[46,86,87]: 1.0 
	f[46,87,78]: 1.0 
	f[46,88,89]: 1.0 
	f[46,89,98]: 1.0 
	f[46,90,82]: 1.0 
	f[46,91,90]: 1.0 
	f[46,92,91]: 1.0 
	f[46,93,92]: 1.0 
	f[46,94,93]: 1.0 
	f[46,95,94]: 1.0 
	f[46,96,95]: 1.0 
	f[46,97,96]: 1.0 
	f[46,98,97]: 1.0 
	f[47,5,6]: 1.0 
	f[47,6,7]: 1.0 
	f[47,7,8]: 1.0 
	f[47,8,17]: 1.0 
	f[47,14,22]: 1.0 
	f[47,15,14]: 1.0 
	f[47,16,15]: 1.0 
	f[47,17,16]: 1.0 
	f[47,22,23]: 1.0 
	f[47,23,24]: 1.0 
	f[47,24,25]: 1.0 
	f[47,25,26]: 1.0 
	f[47,26,34]: 1.0 
	f[47,34,35]: 1.0 
	f[47,35,43]: 1.0 
	f[47,37,47]: 1.0 
	f[47,43,44]: 1.0 
	f[47,44,53]: 1.0 
	f[47,45,46]: 1.0 
	f[47,46,37]: 1.0 
	f[47,48,59]: 1.0 
	f[47,49,48]: 1.0 
	f[47,50,49]: 1.0 
	f[47,51,50]: 1.0 
	f[47,52,51]: 1.0 
	f[47,53,52]: 1.0 
	f[47,54,45]: 1.0 
	f[47,55,64]: 1.0 
	f[47,56,55]: 1.0 
	f[47,57,56]: 1.0 
	f[47,58,57]: 1.0 
	f[47,59,60]: 1.0 
	f[47,60,61]: 1.0 
	f[47,61,62]: 1.0 
	f[47,62,71]: 1.0 
	f[47,63,54]: 1.0 
	f[47,64,63]: 1.0 
	f[47,65,66]: 1.0 
	f[47,66,67]: 1.0 
	f[47,67,58]: 1.0 
	f[47,68,77]: 1.0 
	f[47,69,68]: 1.0 
	f[47,70,69]: 1.0 
	f[47,71,80]: 1.0 
	f[47,72,73]: 1.0 
	f[47,73,74]: 1.0 
	f[47,74,65]: 1.0 
	f[47,75,83]: 1.0 
	f[47,76,75]: 1.0 
	f[47,77,76]: 1.0 
	f[47,78,88]: 1.0 
	f[47,79,70]: 1.0 
	f[47,80,79]: 1.0 
	f[47,81,72]: 1.0 
	f[47,82,81]: 1.0 
	f[47,83,84]: 1.0 
	f[47,84,85]: 1.0 
	f[47,85,86]: 1.0 
	f[47,86,87]: 1.0 
	f[47,87,78]: 1.0 
	f[47,88,89]: 1.0 
	f[47,89,98]: 1.0 
	f[47,90,82]: 1.0 
	f[47,91,90]: 1.0 
	f[47,92,91]: 1.0 
	f[47,93,92]: 1.0 
	f[47,94,93]: 1.0 
	f[47,95,94]: 1.0 
	f[47,96,95]: 1.0 
	f[47,97,96]: 1.0 
	f[47,98,97]: 1.0 
	f[48,5,6]: 1.0 
	f[48,6,7]: 1.0 
	f[48,7,8]: 1.0 
	f[48,8,17]: 1.0 
	f[48,14,22]: 1.0 
	f[48,15,14]: 1.0 
	f[48,16,15]: 1.0 
	f[48,17,16]: 1.0 
	f[48,22,23]: 1.0 
	f[48,23,24]: 1.0 
	f[48,24,25]: 1.0 
	f[48,25,26]: 1.0 
	f[48,26,34]: 1.0 
	f[48,34,35]: 1.0 
	f[48,35,43]: 1.0 
	f[48,43,44]: 1.0 
	f[48,44,53]: 1.0 
	f[48,49,48]: 1.0 
	f[48,50,49]: 1.0 
	f[48,51,50]: 1.0 
	f[48,52,51]: 1.0 
	f[48,53,52]: 1.0 
	f[49,5,6]: 1.0 
	f[49,6,7]: 1.0 
	f[49,7,8]: 1.0 
	f[49,8,17]: 1.0 
	f[49,14,22]: 1.0 
	f[49,15,14]: 1.0 
	f[49,16,15]: 1.0 
	f[49,17,16]: 1.0 
	f[49,22,23]: 1.0 
	f[49,23,24]: 1.0 
	f[49,24,25]: 1.0 
	f[49,25,26]: 1.0 
	f[49,26,34]: 1.0 
	f[49,34,35]: 1.0 
	f[49,35,43]: 1.0 
	f[49,43,44]: 1.0 
	f[49,44,53]: 1.0 
	f[49,50,49]: 1.0 
	f[49,51,50]: 1.0 
	f[49,52,51]: 1.0 
	f[49,53,52]: 1.0 
	f[50,5,6]: 1.0 
	f[50,6,7]: 1.0 
	f[50,7,8]: 1.0 
	f[50,8,17]: 1.0 
	f[50,14,22]: 1.0 
	f[50,15,14]: 1.0 
	f[50,16,15]: 1.0 
	f[50,17,16]: 1.0 
	f[50,22,23]: 1.0 
	f[50,23,24]: 1.0 
	f[50,24,25]: 1.0 
	f[50,25,26]: 1.0 
	f[50,26,34]: 1.0 
	f[50,34,35]: 1.0 
	f[50,35,43]: 1.0 
	f[50,43,44]: 1.0 
	f[50,44,53]: 1.0 
	f[50,51,50]: 1.0 
	f[50,52,51]: 1.0 
	f[50,53,52]: 1.0 
	f[51,5,6]: 1.0 
	f[51,6,7]: 1.0 
	f[51,7,8]: 1.0 
	f[51,8,17]: 1.0 
	f[51,14,22]: 1.0 
	f[51,15,14]: 1.0 
	f[51,16,15]: 1.0 
	f[51,17,16]: 1.0 
	f[51,22,23]: 1.0 
	f[51,23,24]: 1.0 
	f[51,24,25]: 1.0 
	f[51,25,26]: 1.0 
	f[51,26,34]: 1.0 
	f[51,34,35]: 1.0 
	f[51,35,43]: 1.0 
	f[51,43,44]: 1.0 
	f[51,44,53]: 1.0 
	f[51,52,51]: 1.0 
	f[51,53,52]: 1.0 
	f[52,5,6]: 1.0 
	f[52,6,7]: 1.0 
	f[52,7,8]: 1.0 
	f[52,8,17]: 1.0 
	f[52,14,22]: 1.0 
	f[52,15,14]: 1.0 
	f[52,16,15]: 1.0 
	f[52,17,16]: 1.0 
	f[52,22,23]: 1.0 
	f[52,23,24]: 1.0 
	f[52,24,25]: 1.0 
	f[52,25,26]: 1.0 
	f[52,26,34]: 1.0 
	f[52,34,35]: 1.0 
	f[52,35,43]: 1.0 
	f[52,43,44]: 1.0 
	f[52,44,53]: 1.0 
	f[52,53,52]: 1.0 
	f[53,5,6]: 1.0 
	f[53,6,7]: 1.0 
	f[53,7,8]: 1.0 
	f[53,8,17]: 1.0 
	f[53,14,22]: 1.0 
	f[53,15,14]: 1.0 
	f[53,16,15]: 1.0 
	f[53,17,16]: 1.0 
	f[53,22,23]: 1.0 
	f[53,23,24]: 1.0 
	f[53,24,25]: 1.0 
	f[53,25,26]: 1.0 
	f[53,26,34]: 1.0 
	f[53,34,35]: 1.0 
	f[53,35,43]: 1.0 
	f[53,43,44]: 1.0 
	f[53,44,53]: 1.0 
	f[54,5,6]: 1.0 
	f[54,6,7]: 1.0 
	f[54,7,8]: 1.0 
	f[54,8,17]: 1.0 
	f[54,14,22]: 1.0 
	f[54,15,14]: 1.0 
	f[54,16,15]: 1.0 
	f[54,17,16]: 1.0 
	f[54,22,23]: 1.0 
	f[54,23,24]: 1.0 
	f[54,24,25]: 1.0 
	f[54,25,26]: 1.0 
	f[54,26,34]: 1.0 
	f[54,34,35]: 1.0 
	f[54,35,43]: 1.0 
	f[54,43,44]: 1.0 
	f[54,44,53]: 1.0 
	f[54,48,59]: 1.0 
	f[54,49,48]: 1.0 
	f[54,50,49]: 1.0 
	f[54,51,50]: 1.0 
	f[54,52,51]: 1.0 
	f[54,53,52]: 1.0 
	f[54,55,64]: 1.0 
	f[54,56,55]: 1.0 
	f[54,57,56]: 1.0 
	f[54,58,57]: 1.0 
	f[54,59,60]: 1.0 
	f[54,60,61]: 1.0 
	f[54,61,62]: 1.0 
	f[54,62,71]: 1.0 
	f[54,63,54]: 1.0 
	f[54,64,63]: 1.0 
	f[54,65,66]: 1.0 
	f[54,66,67]: 1.0 
	f[54,67,58]: 1.0 
	f[54,68,77]: 1.0 
	f[54,69,68]: 1.0 
	f[54,70,69]: 1.0 
	f[54,71,80]: 1.0 
	f[54,72,73]: 1.0 
	f[54,73,74]: 1.0 
	f[54,74,65]: 1.0 
	f[54,75,83]: 1.0 
	f[54,76,75]: 1.0 
	f[54,77,76]: 1.0 
	f[54,78,88]: 1.0 
	f[54,79,70]: 1.0 
	f[54,80,79]: 1.0 
	f[54,81,72]: 1.0 
	f[54,82,81]: 1.0 
	f[54,83,84]: 1.0 
	f[54,84,85]: 1.0 
	f[54,85,86]: 1.0 
	f[54,86,87]: 1.0 
	f[54,87,78]: 1.0 
	f[54,88,89]: 1.0 
	f[54,89,98]: 1.0 
	f[54,90,82]: 1.0 
	f[54,91,90]: 1.0 
	f[54,92,91]: 1.0 
	f[54,93,92]: 1.0 
	f[54,94,93]: 1.0 
	f[54,95,94]: 1.0 
	f[54,96,95]: 1.0 
	f[54,97,96]: 1.0 
	f[54,98,97]: 1.0 
	f[55,5,6]: 1.0 
	f[55,6,7]: 1.0 
	f[55,7,8]: 1.0 
	f[55,8,17]: 1.0 
	f[55,14,22]: 1.0 
	f[55,15,14]: 1.0 
	f[55,16,15]: 1.0 
	f[55,17,16]: 1.0 
	f[55,22,23]: 1.0 
	f[55,23,24]: 1.0 
	f[55,24,25]: 1.0 
	f[55,25,26]: 1.0 
	f[55,26,34]: 1.0 
	f[55,34,35]: 1.0 
	f[55,35,43]: 1.0 
	f[55,43,44]: 1.0 
	f[55,44,53]: 1.0 
	f[55,48,59]: 1.0 
	f[55,49,48]: 1.0 
	f[55,50,49]: 1.0 
	f[55,51,50]: 1.0 
	f[55,52,51]: 1.0 
	f[55,53,52]: 1.0 
	f[55,56,55]: 1.0 
	f[55,57,56]: 1.0 
	f[55,58,57]: 1.0 
	f[55,59,60]: 1.0 
	f[55,60,61]: 1.0 
	f[55,61,62]: 1.0 
	f[55,62,71]: 1.0 
	f[55,65,66]: 1.0 
	f[55,66,67]: 1.0 
	f[55,67,58]: 1.0 
	f[55,68,77]: 1.0 
	f[55,69,68]: 1.0 
	f[55,70,69]: 1.0 
	f[55,71,80]: 1.0 
	f[55,72,73]: 1.0 
	f[55,73,74]: 1.0 
	f[55,74,65]: 1.0 
	f[55,75,83]: 1.0 
	f[55,76,75]: 1.0 
	f[55,77,76]: 1.0 
	f[55,78,88]: 1.0 
	f[55,79,70]: 1.0 
	f[55,80,79]: 1.0 
	f[55,81,72]: 1.0 
	f[55,82,81]: 1.0 
	f[55,83,84]: 1.0 
	f[55,84,85]: 1.0 
	f[55,85,86]: 1.0 
	f[55,86,87]: 1.0 
	f[55,87,78]: 1.0 
	f[55,88,89]: 1.0 
	f[55,89,98]: 1.0 
	f[55,90,82]: 1.0 
	f[55,91,90]: 1.0 
	f[55,92,91]: 1.0 
	f[55,93,92]: 1.0 
	f[55,94,93]: 1.0 
	f[55,95,94]: 1.0 
	f[55,96,95]: 1.0 
	f[55,97,96]: 1.0 
	f[55,98,97]: 1.0 
	f[56,5,6]: 1.0 
	f[56,6,7]: 1.0 
	f[56,7,8]: 1.0 
	f[56,8,17]: 1.0 
	f[56,14,22]: 1.0 
	f[56,15,14]: 1.0 
	f[56,16,15]: 1.0 
	f[56,17,16]: 1.0 
	f[56,22,23]: 1.0 
	f[56,23,24]: 1.0 
	f[56,24,25]: 1.0 
	f[56,25,26]: 1.0 
	f[56,26,34]: 1.0 
	f[56,34,35]: 1.0 
	f[56,35,43]: 1.0 
	f[56,43,44]: 1.0 
	f[56,44,53]: 1.0 
	f[56,48,59]: 1.0 
	f[56,49,48]: 1.0 
	f[56,50,49]: 1.0 
	f[56,51,50]: 1.0 
	f[56,52,51]: 1.0 
	f[56,53,52]: 1.0 
	f[56,57,56]: 1.0 
	f[56,58,57]: 1.0 
	f[56,59,60]: 1.0 
	f[56,60,61]: 1.0 
	f[56,61,62]: 1.0 
	f[56,62,71]: 1.0 
	f[56,65,66]: 1.0 
	f[56,66,67]: 1.0 
	f[56,67,58]: 1.0 
	f[56,68,77]: 1.0 
	f[56,69,68]: 1.0 
	f[56,70,69]: 1.0 
	f[56,71,80]: 1.0 
	f[56,72,73]: 1.0 
	f[56,73,74]: 1.0 
	f[56,74,65]: 1.0 
	f[56,75,83]: 1.0 
	f[56,76,75]: 1.0 
	f[56,77,76]: 1.0 
	f[56,78,88]: 1.0 
	f[56,79,70]: 1.0 
	f[56,80,79]: 1.0 
	f[56,81,72]: 1.0 
	f[56,82,81]: 1.0 
	f[56,83,84]: 1.0 
	f[56,84,85]: 1.0 
	f[56,85,86]: 1.0 
	f[56,86,87]: 1.0 
	f[56,87,78]: 1.0 
	f[56,88,89]: 1.0 
	f[56,89,98]: 1.0 
	f[56,90,82]: 1.0 
	f[56,91,90]: 1.0 
	f[56,92,91]: 1.0 
	f[56,93,92]: 1.0 
	f[56,94,93]: 1.0 
	f[56,95,94]: 1.0 
	f[56,96,95]: 1.0 
	f[56,97,96]: 1.0 
	f[56,98,97]: 1.0 
	f[57,5,6]: 1.0 
	f[57,6,7]: 1.0 
	f[57,7,8]: 1.0 
	f[57,8,17]: 1.0 
	f[57,14,22]: 1.0 
	f[57,15,14]: 1.0 
	f[57,16,15]: 1.0 
	f[57,17,16]: 1.0 
	f[57,22,23]: 1.0 
	f[57,23,24]: 1.0 
	f[57,24,25]: 1.0 
	f[57,25,26]: 1.0 
	f[57,26,34]: 1.0 
	f[57,34,35]: 1.0 
	f[57,35,43]: 1.0 
	f[57,43,44]: 1.0 
	f[57,44,53]: 1.0 
	f[57,48,59]: 1.0 
	f[57,49,48]: 1.0 
	f[57,50,49]: 1.0 
	f[57,51,50]: 1.0 
	f[57,52,51]: 1.0 
	f[57,53,52]: 1.0 
	f[57,58,57]: 1.0 
	f[57,59,60]: 1.0 
	f[57,60,61]: 1.0 
	f[57,61,62]: 1.0 
	f[57,62,71]: 1.0 
	f[57,65,66]: 1.0 
	f[57,66,67]: 1.0 
	f[57,67,58]: 1.0 
	f[57,68,77]: 1.0 
	f[57,69,68]: 1.0 
	f[57,70,69]: 1.0 
	f[57,71,80]: 1.0 
	f[57,72,73]: 1.0 
	f[57,73,74]: 1.0 
	f[57,74,65]: 1.0 
	f[57,75,83]: 1.0 
	f[57,76,75]: 1.0 
	f[57,77,76]: 1.0 
	f[57,78,88]: 1.0 
	f[57,79,70]: 1.0 
	f[57,80,79]: 1.0 
	f[57,81,72]: 1.0 
	f[57,82,81]: 1.0 
	f[57,83,84]: 1.0 
	f[57,84,85]: 1.0 
	f[57,85,86]: 1.0 
	f[57,86,87]: 1.0 
	f[57,87,78]: 1.0 
	f[57,88,89]: 1.0 
	f[57,89,98]: 1.0 
	f[57,90,82]: 1.0 
	f[57,91,90]: 1.0 
	f[57,92,91]: 1.0 
	f[57,93,92]: 1.0 
	f[57,94,93]: 1.0 
	f[57,95,94]: 1.0 
	f[57,96,95]: 1.0 
	f[57,97,96]: 1.0 
	f[57,98,97]: 1.0 
	f[58,5,6]: 1.0 
	f[58,6,7]: 1.0 
	f[58,7,8]: 1.0 
	f[58,8,17]: 1.0 
	f[58,14,22]: 1.0 
	f[58,15,14]: 1.0 
	f[58,16,15]: 1.0 
	f[58,17,16]: 1.0 
	f[58,22,23]: 1.0 
	f[58,23,24]: 1.0 
	f[58,24,25]: 1.0 
	f[58,25,26]: 1.0 
	f[58,26,34]: 1.0 
	f[58,34,35]: 1.0 
	f[58,35,43]: 1.0 
	f[58,43,44]: 1.0 
	f[58,44,53]: 1.0 
	f[58,48,59]: 1.0 
	f[58,49,48]: 1.0 
	f[58,50,49]: 1.0 
	f[58,51,50]: 1.0 
	f[58,52,51]: 1.0 
	f[58,53,52]: 1.0 
	f[58,59,60]: 1.0 
	f[58,60,61]: 1.0 
	f[58,61,62]: 1.0 
	f[58,62,71]: 1.0 
	f[58,65,66]: 1.0 
	f[58,66,67]: 1.0 
	f[58,67,58]: 1.0 
	f[58,68,77]: 1.0 
	f[58,69,68]: 1.0 
	f[58,70,69]: 1.0 
	f[58,71,80]: 1.0 
	f[58,72,73]: 1.0 
	f[58,73,74]: 1.0 
	f[58,74,65]: 1.0 
	f[58,75,83]: 1.0 
	f[58,76,75]: 1.0 
	f[58,77,76]: 1.0 
	f[58,78,88]: 1.0 
	f[58,79,70]: 1.0 
	f[58,80,79]: 1.0 
	f[58,81,72]: 1.0 
	f[58,82,81]: 1.0 
	f[58,83,84]: 1.0 
	f[58,84,85]: 1.0 
	f[58,85,86]: 1.0 
	f[58,86,87]: 1.0 
	f[58,87,78]: 1.0 
	f[58,88,89]: 1.0 
	f[58,89,98]: 1.0 
	f[58,90,82]: 1.0 
	f[58,91,90]: 1.0 
	f[58,92,91]: 1.0 
	f[58,93,92]: 1.0 
	f[58,94,93]: 1.0 
	f[58,95,94]: 1.0 
	f[58,96,95]: 1.0 
	f[58,97,96]: 1.0 
	f[58,98,97]: 1.0 
	f[59,5,6]: 1.0 
	f[59,6,7]: 1.0 
	f[59,7,8]: 1.0 
	f[59,8,17]: 1.0 
	f[59,14,22]: 1.0 
	f[59,15,14]: 1.0 
	f[59,16,15]: 1.0 
	f[59,17,16]: 1.0 
	f[59,22,23]: 1.0 
	f[59,23,24]: 1.0 
	f[59,24,25]: 1.0 
	f[59,25,26]: 1.0 
	f[59,26,34]: 1.0 
	f[59,34,35]: 1.0 
	f[59,35,43]: 1.0 
	f[59,43,44]: 1.0 
	f[59,44,53]: 1.0 
	f[59,48,59]: 1.0 
	f[59,49,48]: 1.0 
	f[59,50,49]: 1.0 
	f[59,51,50]: 1.0 
	f[59,52,51]: 1.0 
	f[59,53,52]: 1.0 
	f[60,5,6]: 1.0 
	f[60,6,7]: 1.0 
	f[60,7,8]: 1.0 
	f[60,8,17]: 1.0 
	f[60,14,22]: 1.0 
	f[60,15,14]: 1.0 
	f[60,16,15]: 1.0 
	f[60,17,16]: 1.0 
	f[60,22,23]: 1.0 
	f[60,23,24]: 1.0 
	f[60,24,25]: 1.0 
	f[60,25,26]: 1.0 
	f[60,26,34]: 1.0 
	f[60,34,35]: 1.0 
	f[60,35,43]: 1.0 
	f[60,43,44]: 1.0 
	f[60,44,53]: 1.0 
	f[60,48,59]: 1.0 
	f[60,49,48]: 1.0 
	f[60,50,49]: 1.0 
	f[60,51,50]: 1.0 
	f[60,52,51]: 1.0 
	f[60,53,52]: 1.0 
	f[60,59,60]: 1.0 
	f[61,5,6]: 1.0 
	f[61,6,7]: 1.0 
	f[61,7,8]: 1.0 
	f[61,8,17]: 1.0 
	f[61,14,22]: 1.0 
	f[61,15,14]: 1.0 
	f[61,16,15]: 1.0 
	f[61,17,16]: 1.0 
	f[61,22,23]: 1.0 
	f[61,23,24]: 1.0 
	f[61,24,25]: 1.0 
	f[61,25,26]: 1.0 
	f[61,26,34]: 1.0 
	f[61,34,35]: 1.0 
	f[61,35,43]: 1.0 
	f[61,43,44]: 1.0 
	f[61,44,53]: 1.0 
	f[61,48,59]: 1.0 
	f[61,49,48]: 1.0 
	f[61,50,49]: 1.0 
	f[61,51,50]: 1.0 
	f[61,52,51]: 1.0 
	f[61,53,52]: 1.0 
	f[61,59,60]: 1.0 
	f[61,60,61]: 1.0 
	f[62,5,6]: 1.0 
	f[62,6,7]: 1.0 
	f[62,7,8]: 1.0 
	f[62,8,17]: 1.0 
	f[62,14,22]: 1.0 
	f[62,15,14]: 1.0 
	f[62,16,15]: 1.0 
	f[62,17,16]: 1.0 
	f[62,22,23]: 1.0 
	f[62,23,24]: 1.0 
	f[62,24,25]: 1.0 
	f[62,25,26]: 1.0 
	f[62,26,34]: 1.0 
	f[62,34,35]: 1.0 
	f[62,35,43]: 1.0 
	f[62,43,44]: 1.0 
	f[62,44,53]: 1.0 
	f[62,48,59]: 1.0 
	f[62,49,48]: 1.0 
	f[62,50,49]: 1.0 
	f[62,51,50]: 1.0 
	f[62,52,51]: 1.0 
	f[62,53,52]: 1.0 
	f[62,59,60]: 1.0 
	f[62,60,61]: 1.0 
	f[62,61,62]: 1.0 
	f[63,5,6]: 1.0 
	f[63,6,7]: 1.0 
	f[63,7,8]: 1.0 
	f[63,8,17]: 1.0 
	f[63,14,22]: 1.0 
	f[63,15,14]: 1.0 
	f[63,16,15]: 1.0 
	f[63,17,16]: 1.0 
	f[63,22,23]: 1.0 
	f[63,23,24]: 1.0 
	f[63,24,25]: 1.0 
	f[63,25,26]: 1.0 
	f[63,26,34]: 1.0 
	f[63,34,35]: 1.0 
	f[63,35,43]: 1.0 
	f[63,43,44]: 1.0 
	f[63,44,53]: 1.0 
	f[63,48,59]: 1.0 
	f[63,49,48]: 1.0 
	f[63,50,49]: 1.0 
	f[63,51,50]: 1.0 
	f[63,52,51]: 1.0 
	f[63,53,52]: 1.0 
	f[63,55,64]: 1.0 
	f[63,56,55]: 1.0 
	f[63,57,56]: 1.0 
	f[63,58,57]: 1.0 
	f[63,59,60]: 1.0 
	f[63,60,61]: 1.0 
	f[63,61,62]: 1.0 
	f[63,62,71]: 1.0 
	f[63,64,63]: 1.0 
	f[63,65,66]: 1.0 
	f[63,66,67]: 1.0 
	f[63,67,58]: 1.0 
	f[63,68,77]: 1.0 
	f[63,69,68]: 1.0 
	f[63,70,69]: 1.0 
	f[63,71,80]: 1.0 
	f[63,72,73]: 1.0 
	f[63,73,74]: 1.0 
	f[63,74,65]: 1.0 
	f[63,75,83]: 1.0 
	f[63,76,75]: 1.0 
	f[63,77,76]: 1.0 
	f[63,78,88]: 1.0 
	f[63,79,70]: 1.0 
	f[63,80,79]: 1.0 
	f[63,81,72]: 1.0 
	f[63,82,81]: 1.0 
	f[63,83,84]: 1.0 
	f[63,84,85]: 1.0 
	f[63,85,86]: 1.0 
	f[63,86,87]: 1.0 
	f[63,87,78]: 1.0 
	f[63,88,89]: 1.0 
	f[63,89,98]: 1.0 
	f[63,90,82]: 1.0 
	f[63,91,90]: 1.0 
	f[63,92,91]: 1.0 
	f[63,93,92]: 1.0 
	f[63,94,93]: 1.0 
	f[63,95,94]: 1.0 
	f[63,96,95]: 1.0 
	f[63,97,96]: 1.0 
	f[63,98,97]: 1.0 
	f[64,5,6]: 1.0 
	f[64,6,7]: 1.0 
	f[64,7,8]: 1.0 
	f[64,8,17]: 1.0 
	f[64,14,22]: 1.0 
	f[64,15,14]: 1.0 
	f[64,16,15]: 1.0 
	f[64,17,16]: 1.0 
	f[64,22,23]: 1.0 
	f[64,23,24]: 1.0 
	f[64,24,25]: 1.0 
	f[64,25,26]: 1.0 
	f[64,26,34]: 1.0 
	f[64,34,35]: 1.0 
	f[64,35,43]: 1.0 
	f[64,43,44]: 1.0 
	f[64,44,53]: 1.0 
	f[64,48,59]: 1.0 
	f[64,49,48]: 1.0 
	f[64,50,49]: 1.0 
	f[64,51,50]: 1.0 
	f[64,52,51]: 1.0 
	f[64,53,52]: 1.0 
	f[64,55,64]: 1.0 
	f[64,56,55]: 1.0 
	f[64,57,56]: 1.0 
	f[64,58,57]: 1.0 
	f[64,59,60]: 1.0 
	f[64,60,61]: 1.0 
	f[64,61,62]: 1.0 
	f[64,62,71]: 1.0 
	f[64,65,66]: 1.0 
	f[64,66,67]: 1.0 
	f[64,67,58]: 1.0 
	f[64,68,77]: 1.0 
	f[64,69,68]: 1.0 
	f[64,70,69]: 1.0 
	f[64,71,80]: 1.0 
	f[64,72,73]: 1.0 
	f[64,73,74]: 1.0 
	f[64,74,65]: 1.0 
	f[64,75,83]: 1.0 
	f[64,76,75]: 1.0 
	f[64,77,76]: 1.0 
	f[64,78,88]: 1.0 
	f[64,79,70]: 1.0 
	f[64,80,79]: 1.0 
	f[64,81,72]: 1.0 
	f[64,82,81]: 1.0 
	f[64,83,84]: 1.0 
	f[64,84,85]: 1.0 
	f[64,85,86]: 1.0 
	f[64,86,87]: 1.0 
	f[64,87,78]: 1.0 
	f[64,88,89]: 1.0 
	f[64,89,98]: 1.0 
	f[64,90,82]: 1.0 
	f[64,91,90]: 1.0 
	f[64,92,91]: 1.0 
	f[64,93,92]: 1.0 
	f[64,94,93]: 1.0 
	f[64,95,94]: 1.0 
	f[64,96,95]: 1.0 
	f[64,97,96]: 1.0 
	f[64,98,97]: 1.0 
	f[65,5,6]: 1.0 
	f[65,6,7]: 1.0 
	f[65,7,8]: 1.0 
	f[65,8,17]: 1.0 
	f[65,14,22]: 1.0 
	f[65,15,14]: 1.0 
	f[65,16,15]: 1.0 
	f[65,17,16]: 1.0 
	f[65,22,23]: 1.0 
	f[65,23,24]: 1.0 
	f[65,24,25]: 1.0 
	f[65,25,26]: 1.0 
	f[65,26,34]: 1.0 
	f[65,34,35]: 1.0 
	f[65,35,43]: 1.0 
	f[65,43,44]: 1.0 
	f[65,44,53]: 1.0 
	f[65,48,59]: 1.0 
	f[65,49,48]: 1.0 
	f[65,50,49]: 1.0 
	f[65,51,50]: 1.0 
	f[65,52,51]: 1.0 
	f[65,53,52]: 1.0 
	f[65,59,60]: 1.0 
	f[65,60,61]: 1.0 
	f[65,61,62]: 1.0 
	f[65,62,71]: 1.0 
	f[65,68,77]: 1.0 
	f[65,69,68]: 1.0 
	f[65,70,69]: 1.0 
	f[65,71,80]: 1.0 
	f[65,72,73]: 1.0 
	f[65,73,74]: 1.0 
	f[65,74,65]: 1.0 
	f[65,75,83]: 1.0 
	f[65,76,75]: 1.0 
	f[65,77,76]: 1.0 
	f[65,78,88]: 1.0 
	f[65,79,70]: 1.0 
	f[65,80,79]: 1.0 
	f[65,81,72]: 1.0 
	f[65,82,81]: 1.0 
	f[65,83,84]: 1.0 
	f[65,84,85]: 1.0 
	f[65,85,86]: 1.0 
	f[65,86,87]: 1.0 
	f[65,87,78]: 1.0 
	f[65,88,89]: 1.0 
	f[65,89,98]: 1.0 
	f[65,90,82]: 1.0 
	f[65,91,90]: 1.0 
	f[65,92,91]: 1.0 
	f[65,93,92]: 1.0 
	f[65,94,93]: 1.0 
	f[65,95,94]: 1.0 
	f[65,96,95]: 1.0 
	f[65,97,96]: 1.0 
	f[65,98,97]: 1.0 
	f[66,5,6]: 1.0 
	f[66,6,7]: 1.0 
	f[66,7,8]: 1.0 
	f[66,8,17]: 1.0 
	f[66,14,22]: 1.0 
	f[66,15,14]: 1.0 
	f[66,16,15]: 1.0 
	f[66,17,16]: 1.0 
	f[66,22,23]: 1.0 
	f[66,23,24]: 1.0 
	f[66,24,25]: 1.0 
	f[66,25,26]: 1.0 
	f[66,26,34]: 1.0 
	f[66,34,35]: 1.0 
	f[66,35,43]: 1.0 
	f[66,43,44]: 1.0 
	f[66,44,53]: 1.0 
	f[66,48,59]: 1.0 
	f[66,49,48]: 1.0 
	f[66,50,49]: 1.0 
	f[66,51,50]: 1.0 
	f[66,52,51]: 1.0 
	f[66,53,52]: 1.0 
	f[66,59,60]: 1.0 
	f[66,60,61]: 1.0 
	f[66,61,62]: 1.0 
	f[66,62,71]: 1.0 
	f[66,65,66]: 1.0 
	f[66,68,77]: 1.0 
	f[66,69,68]: 1.0 
	f[66,70,69]: 1.0 
	f[66,71,80]: 1.0 
	f[66,72,73]: 1.0 
	f[66,73,74]: 1.0 
	f[66,74,65]: 1.0 
	f[66,75,83]: 1.0 
	f[66,76,75]: 1.0 
	f[66,77,76]: 1.0 
	f[66,78,88]: 1.0 
	f[66,79,70]: 1.0 
	f[66,80,79]: 1.0 
	f[66,81,72]: 1.0 
	f[66,82,81]: 1.0 
	f[66,83,84]: 1.0 
	f[66,84,85]: 1.0 
	f[66,85,86]: 1.0 
	f[66,86,87]: 1.0 
	f[66,87,78]: 1.0 
	f[66,88,89]: 1.0 
	f[66,89,98]: 1.0 
	f[66,90,82]: 1.0 
	f[66,91,90]: 1.0 
	f[66,92,91]: 1.0 
	f[66,93,92]: 1.0 
	f[66,94,93]: 1.0 
	f[66,95,94]: 1.0 
	f[66,96,95]: 1.0 
	f[66,97,96]: 1.0 
	f[66,98,97]: 1.0 
	f[67,5,6]: 1.0 
	f[67,6,7]: 1.0 
	f[67,7,8]: 1.0 
	f[67,8,17]: 1.0 
	f[67,14,22]: 1.0 
	f[67,15,14]: 1.0 
	f[67,16,15]: 1.0 
	f[67,17,16]: 1.0 
	f[67,22,23]: 1.0 
	f[67,23,24]: 1.0 
	f[67,24,25]: 1.0 
	f[67,25,26]: 1.0 
	f[67,26,34]: 1.0 
	f[67,34,35]: 1.0 
	f[67,35,43]: 1.0 
	f[67,43,44]: 1.0 
	f[67,44,53]: 1.0 
	f[67,48,59]: 1.0 
	f[67,49,48]: 1.0 
	f[67,50,49]: 1.0 
	f[67,51,50]: 1.0 
	f[67,52,51]: 1.0 
	f[67,53,52]: 1.0 
	f[67,59,60]: 1.0 
	f[67,60,61]: 1.0 
	f[67,61,62]: 1.0 
	f[67,62,71]: 1.0 
	f[67,65,66]: 1.0 
	f[67,66,67]: 1.0 
	f[67,68,77]: 1.0 
	f[67,69,68]: 1.0 
	f[67,70,69]: 1.0 
	f[67,71,80]: 1.0 
	f[67,72,73]: 1.0 
	f[67,73,74]: 1.0 
	f[67,74,65]: 1.0 
	f[67,75,83]: 1.0 
	f[67,76,75]: 1.0 
	f[67,77,76]: 1.0 
	f[67,78,88]: 1.0 
	f[67,79,70]: 1.0 
	f[67,80,79]: 1.0 
	f[67,81,72]: 1.0 
	f[67,82,81]: 1.0 
	f[67,83,84]: 1.0 
	f[67,84,85]: 1.0 
	f[67,85,86]: 1.0 
	f[67,86,87]: 1.0 
	f[67,87,78]: 1.0 
	f[67,88,89]: 1.0 
	f[67,89,98]: 1.0 
	f[67,90,82]: 1.0 
	f[67,91,90]: 1.0 
	f[67,92,91]: 1.0 
	f[67,93,92]: 1.0 
	f[67,94,93]: 1.0 
	f[67,95,94]: 1.0 
	f[67,96,95]: 1.0 
	f[67,97,96]: 1.0 
	f[67,98,97]: 1.0 
	f[68,5,6]: 1.0 
	f[68,6,7]: 1.0 
	f[68,7,8]: 1.0 
	f[68,8,17]: 1.0 
	f[68,14,22]: 1.0 
	f[68,15,14]: 1.0 
	f[68,16,15]: 1.0 
	f[68,17,16]: 1.0 
	f[68,22,23]: 1.0 
	f[68,23,24]: 1.0 
	f[68,24,25]: 1.0 
	f[68,25,26]: 1.0 
	f[68,26,34]: 1.0 
	f[68,34,35]: 1.0 
	f[68,35,43]: 1.0 
	f[68,43,44]: 1.0 
	f[68,44,53]: 1.0 
	f[68,48,59]: 1.0 
	f[68,49,48]: 1.0 
	f[68,50,49]: 1.0 
	f[68,51,50]: 1.0 
	f[68,52,51]: 1.0 
	f[68,53,52]: 1.0 
	f[68,59,60]: 1.0 
	f[68,60,61]: 1.0 
	f[68,61,62]: 1.0 
	f[68,62,71]: 1.0 
	f[68,69,68]: 1.0 
	f[68,70,69]: 1.0 
	f[68,71,80]: 1.0 
	f[68,79,70]: 1.0 
	f[68,80,79]: 1.0 
	f[69,5,6]: 1.0 
	f[69,6,7]: 1.0 
	f[69,7,8]: 1.0 
	f[69,8,17]: 1.0 
	f[69,14,22]: 1.0 
	f[69,15,14]: 1.0 
	f[69,16,15]: 1.0 
	f[69,17,16]: 1.0 
	f[69,22,23]: 1.0 
	f[69,23,24]: 1.0 
	f[69,24,25]: 1.0 
	f[69,25,26]: 1.0 
	f[69,26,34]: 1.0 
	f[69,34,35]: 1.0 
	f[69,35,43]: 1.0 
	f[69,43,44]: 1.0 
	f[69,44,53]: 1.0 
	f[69,48,59]: 1.0 
	f[69,49,48]: 1.0 
	f[69,50,49]: 1.0 
	f[69,51,50]: 1.0 
	f[69,52,51]: 1.0 
	f[69,53,52]: 1.0 
	f[69,59,60]: 1.0 
	f[69,60,61]: 1.0 
	f[69,61,62]: 1.0 
	f[69,62,71]: 1.0 
	f[69,70,69]: 1.0 
	f[69,71,80]: 1.0 
	f[69,79,70]: 1.0 
	f[69,80,79]: 1.0 
	f[70,5,6]: 1.0 
	f[70,6,7]: 1.0 
	f[70,7,8]: 1.0 
	f[70,8,17]: 1.0 
	f[70,14,22]: 1.0 
	f[70,15,14]: 1.0 
	f[70,16,15]: 1.0 
	f[70,17,16]: 1.0 
	f[70,22,23]: 1.0 
	f[70,23,24]: 1.0 
	f[70,24,25]: 1.0 
	f[70,25,26]: 1.0 
	f[70,26,34]: 1.0 
	f[70,34,35]: 1.0 
	f[70,35,43]: 1.0 
	f[70,43,44]: 1.0 
	f[70,44,53]: 1.0 
	f[70,48,59]: 1.0 
	f[70,49,48]: 1.0 
	f[70,50,49]: 1.0 
	f[70,51,50]: 1.0 
	f[70,52,51]: 1.0 
	f[70,53,52]: 1.0 
	f[70,59,60]: 1.0 
	f[70,60,61]: 1.0 
	f[70,61,62]: 1.0 
	f[70,62,71]: 1.0 
	f[70,71,80]: 1.0 
	f[70,79,70]: 1.0 
	f[70,80,79]: 1.0 
	f[71,5,6]: 1.0 
	f[71,6,7]: 1.0 
	f[71,7,8]: 1.0 
	f[71,8,17]: 1.0 
	f[71,14,22]: 1.0 
	f[71,15,14]: 1.0 
	f[71,16,15]: 1.0 
	f[71,17,16]: 1.0 
	f[71,22,23]: 1.0 
	f[71,23,24]: 1.0 
	f[71,24,25]: 1.0 
	f[71,25,26]: 1.0 
	f[71,26,34]: 1.0 
	f[71,34,35]: 1.0 
	f[71,35,43]: 1.0 
	f[71,43,44]: 1.0 
	f[71,44,53]: 1.0 
	f[71,48,59]: 1.0 
	f[71,49,48]: 1.0 
	f[71,50,49]: 1.0 
	f[71,51,50]: 1.0 
	f[71,52,51]: 1.0 
	f[71,53,52]: 1.0 
	f[71,59,60]: 1.0 
	f[71,60,61]: 1.0 
	f[71,61,62]: 1.0 
	f[71,62,71]: 1.0 
	f[72,5,6]: 1.0 
	f[72,6,7]: 1.0 
	f[72,7,8]: 1.0 
	f[72,8,17]: 1.0 
	f[72,14,22]: 1.0 
	f[72,15,14]: 1.0 
	f[72,16,15]: 1.0 
	f[72,17,16]: 1.0 
	f[72,22,23]: 1.0 
	f[72,23,24]: 1.0 
	f[72,24,25]: 1.0 
	f[72,25,26]: 1.0 
	f[72,26,34]: 1.0 
	f[72,34,35]: 1.0 
	f[72,35,43]: 1.0 
	f[72,43,44]: 1.0 
	f[72,44,53]: 1.0 
	f[72,48,59]: 1.0 
	f[72,49,48]: 1.0 
	f[72,50,49]: 1.0 
	f[72,51,50]: 1.0 
	f[72,52,51]: 1.0 
	f[72,53,52]: 1.0 
	f[72,59,60]: 1.0 
	f[72,60,61]: 1.0 
	f[72,61,62]: 1.0 
	f[72,62,71]: 1.0 
	f[72,68,77]: 1.0 
	f[72,69,68]: 1.0 
	f[72,70,69]: 1.0 
	f[72,71,80]: 1.0 
	f[72,75,83]: 1.0 
	f[72,76,75]: 1.0 
	f[72,77,76]: 1.0 
	f[72,78,88]: 1.0 
	f[72,79,70]: 1.0 
	f[72,80,79]: 1.0 
	f[72,81,72]: 1.0 
	f[72,82,81]: 1.0 
	f[72,83,84]: 1.0 
	f[72,84,85]: 1.0 
	f[72,85,86]: 1.0 
	f[72,86,87]: 1.0 
	f[72,87,78]: 1.0 
	f[72,88,89]: 1.0 
	f[72,89,98]: 1.0 
	f[72,90,82]: 1.0 
	f[72,91,90]: 1.0 
	f[72,92,91]: 1.0 
	f[72,93,92]: 1.0 
	f[72,94,93]: 1.0 
	f[72,95,94]: 1.0 
	f[72,96,95]: 1.0 
	f[72,97,96]: 1.0 
	f[72,98,97]: 1.0 
	f[73,5,6]: 1.0 
	f[73,6,7]: 1.0 
	f[73,7,8]: 1.0 
	f[73,8,17]: 1.0 
	f[73,14,22]: 1.0 
	f[73,15,14]: 1.0 
	f[73,16,15]: 1.0 
	f[73,17,16]: 1.0 
	f[73,22,23]: 1.0 
	f[73,23,24]: 1.0 
	f[73,24,25]: 1.0 
	f[73,25,26]: 1.0 
	f[73,26,34]: 1.0 
	f[73,34,35]: 1.0 
	f[73,35,43]: 1.0 
	f[73,43,44]: 1.0 
	f[73,44,53]: 1.0 
	f[73,48,59]: 1.0 
	f[73,49,48]: 1.0 
	f[73,50,49]: 1.0 
	f[73,51,50]: 1.0 
	f[73,52,51]: 1.0 
	f[73,53,52]: 1.0 
	f[73,59,60]: 1.0 
	f[73,60,61]: 1.0 
	f[73,61,62]: 1.0 
	f[73,62,71]: 1.0 
	f[73,68,77]: 1.0 
	f[73,69,68]: 1.0 
	f[73,70,69]: 1.0 
	f[73,71,80]: 1.0 
	f[73,72,73]: 1.0 
	f[73,75,83]: 1.0 
	f[73,76,75]: 1.0 
	f[73,77,76]: 1.0 
	f[73,78,88]: 1.0 
	f[73,79,70]: 1.0 
	f[73,80,79]: 1.0 
	f[73,81,72]: 1.0 
	f[73,82,81]: 1.0 
	f[73,83,84]: 1.0 
	f[73,84,85]: 1.0 
	f[73,85,86]: 1.0 
	f[73,86,87]: 1.0 
	f[73,87,78]: 1.0 
	f[73,88,89]: 1.0 
	f[73,89,98]: 1.0 
	f[73,90,82]: 1.0 
	f[73,91,90]: 1.0 
	f[73,92,91]: 1.0 
	f[73,93,92]: 1.0 
	f[73,94,93]: 1.0 
	f[73,95,94]: 1.0 
	f[73,96,95]: 1.0 
	f[73,97,96]: 1.0 
	f[73,98,97]: 1.0 
	f[74,5,6]: 1.0 
	f[74,6,7]: 1.0 
	f[74,7,8]: 1.0 
	f[74,8,17]: 1.0 
	f[74,14,22]: 1.0 
	f[74,15,14]: 1.0 
	f[74,16,15]: 1.0 
	f[74,17,16]: 1.0 
	f[74,22,23]: 1.0 
	f[74,23,24]: 1.0 
	f[74,24,25]: 1.0 
	f[74,25,26]: 1.0 
	f[74,26,34]: 1.0 
	f[74,34,35]: 1.0 
	f[74,35,43]: 1.0 
	f[74,43,44]: 1.0 
	f[74,44,53]: 1.0 
	f[74,48,59]: 1.0 
	f[74,49,48]: 1.0 
	f[74,50,49]: 1.0 
	f[74,51,50]: 1.0 
	f[74,52,51]: 1.0 
	f[74,53,52]: 1.0 
	f[74,59,60]: 1.0 
	f[74,60,61]: 1.0 
	f[74,61,62]: 1.0 
	f[74,62,71]: 1.0 
	f[74,68,77]: 1.0 
	f[74,69,68]: 1.0 
	f[74,70,69]: 1.0 
	f[74,71,80]: 1.0 
	f[74,72,73]: 1.0 
	f[74,73,74]: 1.0 
	f[74,75,83]: 1.0 
	f[74,76,75]: 1.0 
	f[74,77,76]: 1.0 
	f[74,78,88]: 1.0 
	f[74,79,70]: 1.0 
	f[74,80,79]: 1.0 
	f[74,81,72]: 1.0 
	f[74,82,81]: 1.0 
	f[74,83,84]: 1.0 
	f[74,84,85]: 1.0 
	f[74,85,86]: 1.0 
	f[74,86,87]: 1.0 
	f[74,87,78]: 1.0 
	f[74,88,89]: 1.0 
	f[74,89,98]: 1.0 
	f[74,90,82]: 1.0 
	f[74,91,90]: 1.0 
	f[74,92,91]: 1.0 
	f[74,93,92]: 1.0 
	f[74,94,93]: 1.0 
	f[74,95,94]: 1.0 
	f[74,96,95]: 1.0 
	f[74,97,96]: 1.0 
	f[74,98,97]: 1.0 
	f[75,5,6]: 1.0 
	f[75,6,7]: 1.0 
	f[75,7,8]: 1.0 
	f[75,8,17]: 1.0 
	f[75,14,22]: 1.0 
	f[75,15,14]: 1.0 
	f[75,16,15]: 1.0 
	f[75,17,16]: 1.0 
	f[75,22,23]: 1.0 
	f[75,23,24]: 1.0 
	f[75,24,25]: 1.0 
	f[75,25,26]: 1.0 
	f[75,26,34]: 1.0 
	f[75,34,35]: 1.0 
	f[75,35,43]: 1.0 
	f[75,43,44]: 1.0 
	f[75,44,53]: 1.0 
	f[75,48,59]: 1.0 
	f[75,49,48]: 1.0 
	f[75,50,49]: 1.0 
	f[75,51,50]: 1.0 
	f[75,52,51]: 1.0 
	f[75,53,52]: 1.0 
	f[75,59,60]: 1.0 
	f[75,60,61]: 1.0 
	f[75,61,62]: 1.0 
	f[75,62,71]: 1.0 
	f[75,68,77]: 1.0 
	f[75,69,68]: 1.0 
	f[75,70,69]: 1.0 
	f[75,71,80]: 1.0 
	f[75,76,75]: 1.0 
	f[75,77,76]: 1.0 
	f[75,79,70]: 1.0 
	f[75,80,79]: 1.0 
	f[76,5,6]: 1.0 
	f[76,6,7]: 1.0 
	f[76,7,8]: 1.0 
	f[76,8,17]: 1.0 
	f[76,14,22]: 1.0 
	f[76,15,14]: 1.0 
	f[76,16,15]: 1.0 
	f[76,17,16]: 1.0 
	f[76,22,23]: 1.0 
	f[76,23,24]: 1.0 
	f[76,24,25]: 1.0 
	f[76,25,26]: 1.0 
	f[76,26,34]: 1.0 
	f[76,34,35]: 1.0 
	f[76,35,43]: 1.0 
	f[76,43,44]: 1.0 
	f[76,44,53]: 1.0 
	f[76,48,59]: 1.0 
	f[76,49,48]: 1.0 
	f[76,50,49]: 1.0 
	f[76,51,50]: 1.0 
	f[76,52,51]: 1.0 
	f[76,53,52]: 1.0 
	f[76,59,60]: 1.0 
	f[76,60,61]: 1.0 
	f[76,61,62]: 1.0 
	f[76,62,71]: 1.0 
	f[76,68,77]: 1.0 
	f[76,69,68]: 1.0 
	f[76,70,69]: 1.0 
	f[76,71,80]: 1.0 
	f[76,77,76]: 1.0 
	f[76,79,70]: 1.0 
	f[76,80,79]: 1.0 
	f[77,5,6]: 1.0 
	f[77,6,7]: 1.0 
	f[77,7,8]: 1.0 
	f[77,8,17]: 1.0 
	f[77,14,22]: 1.0 
	f[77,15,14]: 1.0 
	f[77,16,15]: 1.0 
	f[77,17,16]: 1.0 
	f[77,22,23]: 1.0 
	f[77,23,24]: 1.0 
	f[77,24,25]: 1.0 
	f[77,25,26]: 1.0 
	f[77,26,34]: 1.0 
	f[77,34,35]: 1.0 
	f[77,35,43]: 1.0 
	f[77,43,44]: 1.0 
	f[77,44,53]: 1.0 
	f[77,48,59]: 1.0 
	f[77,49,48]: 1.0 
	f[77,50,49]: 1.0 
	f[77,51,50]: 1.0 
	f[77,52,51]: 1.0 
	f[77,53,52]: 1.0 
	f[77,59,60]: 1.0 
	f[77,60,61]: 1.0 
	f[77,61,62]: 1.0 
	f[77,62,71]: 1.0 
	f[77,68,77]: 1.0 
	f[77,69,68]: 1.0 
	f[77,70,69]: 1.0 
	f[77,71,80]: 1.0 
	f[77,79,70]: 1.0 
	f[77,80,79]: 1.0 
	f[78,5,6]: 1.0 
	f[78,6,7]: 1.0 
	f[78,7,8]: 1.0 
	f[78,8,17]: 1.0 
	f[78,14,22]: 1.0 
	f[78,15,14]: 1.0 
	f[78,16,15]: 1.0 
	f[78,17,16]: 1.0 
	f[78,22,23]: 1.0 
	f[78,23,24]: 1.0 
	f[78,24,25]: 1.0 
	f[78,25,26]: 1.0 
	f[78,26,34]: 1.0 
	f[78,34,35]: 1.0 
	f[78,35,43]: 1.0 
	f[78,43,44]: 1.0 
	f[78,44,53]: 1.0 
	f[78,48,59]: 1.0 
	f[78,49,48]: 1.0 
	f[78,50,49]: 1.0 
	f[78,51,50]: 1.0 
	f[78,52,51]: 1.0 
	f[78,53,52]: 1.0 
	f[78,59,60]: 1.0 
	f[78,60,61]: 1.0 
	f[78,61,62]: 1.0 
	f[78,62,71]: 1.0 
	f[78,68,77]: 1.0 
	f[78,69,68]: 1.0 
	f[78,70,69]: 1.0 
	f[78,71,80]: 1.0 
	f[78,75,83]: 1.0 
	f[78,76,75]: 1.0 
	f[78,77,76]: 1.0 
	f[78,79,70]: 1.0 
	f[78,80,79]: 1.0 
	f[78,83,84]: 1.0 
	f[78,84,85]: 1.0 
	f[78,85,86]: 1.0 
	f[78,86,87]: 1.0 
	f[78,87,78]: 1.0 
	f[79,5,6]: 1.0 
	f[79,6,7]: 1.0 
	f[79,7,8]: 1.0 
	f[79,8,17]: 1.0 
	f[79,14,22]: 1.0 
	f[79,15,14]: 1.0 
	f[79,16,15]: 1.0 
	f[79,17,16]: 1.0 
	f[79,22,23]: 1.0 
	f[79,23,24]: 1.0 
	f[79,24,25]: 1.0 
	f[79,25,26]: 1.0 
	f[79,26,34]: 1.0 
	f[79,34,35]: 1.0 
	f[79,35,43]: 1.0 
	f[79,43,44]: 1.0 
	f[79,44,53]: 1.0 
	f[79,48,59]: 1.0 
	f[79,49,48]: 1.0 
	f[79,50,49]: 1.0 
	f[79,51,50]: 1.0 
	f[79,52,51]: 1.0 
	f[79,53,52]: 1.0 
	f[79,59,60]: 1.0 
	f[79,60,61]: 1.0 
	f[79,61,62]: 1.0 
	f[79,62,71]: 1.0 
	f[79,71,80]: 1.0 
	f[79,80,79]: 1.0 
	f[80,5,6]: 1.0 
	f[80,6,7]: 1.0 
	f[80,7,8]: 1.0 
	f[80,8,17]: 1.0 
	f[80,14,22]: 1.0 
	f[80,15,14]: 1.0 
	f[80,16,15]: 1.0 
	f[80,17,16]: 1.0 
	f[80,22,23]: 1.0 
	f[80,23,24]: 1.0 
	f[80,24,25]: 1.0 
	f[80,25,26]: 1.0 
	f[80,26,34]: 1.0 
	f[80,34,35]: 1.0 
	f[80,35,43]: 1.0 
	f[80,43,44]: 1.0 
	f[80,44,53]: 1.0 
	f[80,48,59]: 1.0 
	f[80,49,48]: 1.0 
	f[80,50,49]: 1.0 
	f[80,51,50]: 1.0 
	f[80,52,51]: 1.0 
	f[80,53,52]: 1.0 
	f[80,59,60]: 1.0 
	f[80,60,61]: 1.0 
	f[80,61,62]: 1.0 
	f[80,62,71]: 1.0 
	f[80,71,80]: 1.0 
	f[81,5,6]: 1.0 
	f[81,6,7]: 1.0 
	f[81,7,8]: 1.0 
	f[81,8,17]: 1.0 
	f[81,14,22]: 1.0 
	f[81,15,14]: 1.0 
	f[81,16,15]: 1.0 
	f[81,17,16]: 1.0 
	f[81,22,23]: 1.0 
	f[81,23,24]: 1.0 
	f[81,24,25]: 1.0 
	f[81,25,26]: 1.0 
	f[81,26,34]: 1.0 
	f[81,34,35]: 1.0 
	f[81,35,43]: 1.0 
	f[81,43,44]: 1.0 
	f[81,44,53]: 1.0 
	f[81,48,59]: 1.0 
	f[81,49,48]: 1.0 
	f[81,50,49]: 1.0 
	f[81,51,50]: 1.0 
	f[81,52,51]: 1.0 
	f[81,53,52]: 1.0 
	f[81,59,60]: 1.0 
	f[81,60,61]: 1.0 
	f[81,61,62]: 1.0 
	f[81,62,71]: 1.0 
	f[81,68,77]: 1.0 
	f[81,69,68]: 1.0 
	f[81,70,69]: 1.0 
	f[81,71,80]: 1.0 
	f[81,75,83]: 1.0 
	f[81,76,75]: 1.0 
	f[81,77,76]: 1.0 
	f[81,78,88]: 1.0 
	f[81,79,70]: 1.0 
	f[81,80,79]: 1.0 
	f[81,82,81]: 1.0 
	f[81,83,84]: 1.0 
	f[81,84,85]: 1.0 
	f[81,85,86]: 1.0 
	f[81,86,87]: 1.0 
	f[81,87,78]: 1.0 
	f[81,88,89]: 1.0 
	f[81,89,98]: 1.0 
	f[81,90,82]: 1.0 
	f[81,91,90]: 1.0 
	f[81,92,91]: 1.0 
	f[81,93,92]: 1.0 
	f[81,94,93]: 1.0 
	f[81,95,94]: 1.0 
	f[81,96,95]: 1.0 
	f[81,97,96]: 1.0 
	f[81,98,97]: 1.0 
	f[82,5,6]: 1.0 
	f[82,6,7]: 1.0 
	f[82,7,8]: 1.0 
	f[82,8,17]: 1.0 
	f[82,14,22]: 1.0 
	f[82,15,14]: 1.0 
	f[82,16,15]: 1.0 
	f[82,17,16]: 1.0 
	f[82,22,23]: 1.0 
	f[82,23,24]: 1.0 
	f[82,24,25]: 1.0 
	f[82,25,26]: 1.0 
	f[82,26,34]: 1.0 
	f[82,34,35]: 1.0 
	f[82,35,43]: 1.0 
	f[82,43,44]: 1.0 
	f[82,44,53]: 1.0 
	f[82,48,59]: 1.0 
	f[82,49,48]: 1.0 
	f[82,50,49]: 1.0 
	f[82,51,50]: 1.0 
	f[82,52,51]: 1.0 
	f[82,53,52]: 1.0 
	f[82,59,60]: 1.0 
	f[82,60,61]: 1.0 
	f[82,61,62]: 1.0 
	f[82,62,71]: 1.0 
	f[82,68,77]: 1.0 
	f[82,69,68]: 1.0 
	f[82,70,69]: 1.0 
	f[82,71,80]: 1.0 
	f[82,75,83]: 1.0 
	f[82,76,75]: 1.0 
	f[82,77,76]: 1.0 
	f[82,78,88]: 1.0 
	f[82,79,70]: 1.0 
	f[82,80,79]: 1.0 
	f[82,83,84]: 1.0 
	f[82,84,85]: 1.0 
	f[82,85,86]: 1.0 
	f[82,86,87]: 1.0 
	f[82,87,78]: 1.0 
	f[82,88,89]: 1.0 
	f[82,89,98]: 1.0 
	f[82,90,82]: 1.0 
	f[82,91,90]: 1.0 
	f[82,92,91]: 1.0 
	f[82,93,92]: 1.0 
	f[82,94,93]: 1.0 
	f[82,95,94]: 1.0 
	f[82,96,95]: 1.0 
	f[82,97,96]: 1.0 
	f[82,98,97]: 1.0 
	f[83,5,6]: 1.0 
	f[83,6,7]: 1.0 
	f[83,7,8]: 1.0 
	f[83,8,17]: 1.0 
	f[83,14,22]: 1.0 
	f[83,15,14]: 1.0 
	f[83,16,15]: 1.0 
	f[83,17,16]: 1.0 
	f[83,22,23]: 1.0 
	f[83,23,24]: 1.0 
	f[83,24,25]: 1.0 
	f[83,25,26]: 1.0 
	f[83,26,34]: 1.0 
	f[83,34,35]: 1.0 
	f[83,35,43]: 1.0 
	f[83,43,44]: 1.0 
	f[83,44,53]: 1.0 
	f[83,48,59]: 1.0 
	f[83,49,48]: 1.0 
	f[83,50,49]: 1.0 
	f[83,51,50]: 1.0 
	f[83,52,51]: 1.0 
	f[83,53,52]: 1.0 
	f[83,59,60]: 1.0 
	f[83,60,61]: 1.0 
	f[83,61,62]: 1.0 
	f[83,62,71]: 1.0 
	f[83,68,77]: 1.0 
	f[83,69,68]: 1.0 
	f[83,70,69]: 1.0 
	f[83,71,80]: 1.0 
	f[83,75,83]: 1.0 
	f[83,76,75]: 1.0 
	f[83,77,76]: 1.0 
	f[83,79,70]: 1.0 
	f[83,80,79]: 1.0 
	f[84,5,6]: 1.0 
	f[84,6,7]: 1.0 
	f[84,7,8]: 1.0 
	f[84,8,17]: 1.0 
	f[84,14,22]: 1.0 
	f[84,15,14]: 1.0 
	f[84,16,15]: 1.0 
	f[84,17,16]: 1.0 
	f[84,22,23]: 1.0 
	f[84,23,24]: 1.0 
	f[84,24,25]: 1.0 
	f[84,25,26]: 1.0 
	f[84,26,34]: 1.0 
	f[84,34,35]: 1.0 
	f[84,35,43]: 1.0 
	f[84,43,44]: 1.0 
	f[84,44,53]: 1.0 
	f[84,48,59]: 1.0 
	f[84,49,48]: 1.0 
	f[84,50,49]: 1.0 
	f[84,51,50]: 1.0 
	f[84,52,51]: 1.0 
	f[84,53,52]: 1.0 
	f[84,59,60]: 1.0 
	f[84,60,61]: 1.0 
	f[84,61,62]: 1.0 
	f[84,62,71]: 1.0 
	f[84,68,77]: 1.0 
	f[84,69,68]: 1.0 
	f[84,70,69]: 1.0 
	f[84,71,80]: 1.0 
	f[84,75,83]: 1.0 
	f[84,76,75]: 1.0 
	f[84,77,76]: 1.0 
	f[84,79,70]: 1.0 
	f[84,80,79]: 1.0 
	f[84,83,84]: 1.0 
	f[85,5,6]: 1.0 
	f[85,6,7]: 1.0 
	f[85,7,8]: 1.0 
	f[85,8,17]: 1.0 
	f[85,14,22]: 1.0 
	f[85,15,14]: 1.0 
	f[85,16,15]: 1.0 
	f[85,17,16]: 1.0 
	f[85,22,23]: 1.0 
	f[85,23,24]: 1.0 
	f[85,24,25]: 1.0 
	f[85,25,26]: 1.0 
	f[85,26,34]: 1.0 
	f[85,34,35]: 1.0 
	f[85,35,43]: 1.0 
	f[85,43,44]: 1.0 
	f[85,44,53]: 1.0 
	f[85,48,59]: 1.0 
	f[85,49,48]: 1.0 
	f[85,50,49]: 1.0 
	f[85,51,50]: 1.0 
	f[85,52,51]: 1.0 
	f[85,53,52]: 1.0 
	f[85,59,60]: 1.0 
	f[85,60,61]: 1.0 
	f[85,61,62]: 1.0 
	f[85,62,71]: 1.0 
	f[85,68,77]: 1.0 
	f[85,69,68]: 1.0 
	f[85,70,69]: 1.0 
	f[85,71,80]: 1.0 
	f[85,75,83]: 1.0 
	f[85,76,75]: 1.0 
	f[85,77,76]: 1.0 
	f[85,79,70]: 1.0 
	f[85,80,79]: 1.0 
	f[85,83,84]: 1.0 
	f[85,84,85]: 1.0 
	f[86,5,6]: 1.0 
	f[86,6,7]: 1.0 
	f[86,7,8]: 1.0 
	f[86,8,17]: 1.0 
	f[86,14,22]: 1.0 
	f[86,15,14]: 1.0 
	f[86,16,15]: 1.0 
	f[86,17,16]: 1.0 
	f[86,22,23]: 1.0 
	f[86,23,24]: 1.0 
	f[86,24,25]: 1.0 
	f[86,25,26]: 1.0 
	f[86,26,34]: 1.0 
	f[86,34,35]: 1.0 
	f[86,35,43]: 1.0 
	f[86,43,44]: 1.0 
	f[86,44,53]: 1.0 
	f[86,48,59]: 1.0 
	f[86,49,48]: 1.0 
	f[86,50,49]: 1.0 
	f[86,51,50]: 1.0 
	f[86,52,51]: 1.0 
	f[86,53,52]: 1.0 
	f[86,59,60]: 1.0 
	f[86,60,61]: 1.0 
	f[86,61,62]: 1.0 
	f[86,62,71]: 1.0 
	f[86,68,77]: 1.0 
	f[86,69,68]: 1.0 
	f[86,70,69]: 1.0 
	f[86,71,80]: 1.0 
	f[86,75,83]: 1.0 
	f[86,76,75]: 1.0 
	f[86,77,76]: 1.0 
	f[86,79,70]: 1.0 
	f[86,80,79]: 1.0 
	f[86,83,84]: 1.0 
	f[86,84,85]: 1.0 
	f[86,85,86]: 1.0 
	f[87,5,6]: 1.0 
	f[87,6,7]: 1.0 
	f[87,7,8]: 1.0 
	f[87,8,17]: 1.0 
	f[87,14,22]: 1.0 
	f[87,15,14]: 1.0 
	f[87,16,15]: 1.0 
	f[87,17,16]: 1.0 
	f[87,22,23]: 1.0 
	f[87,23,24]: 1.0 
	f[87,24,25]: 1.0 
	f[87,25,26]: 1.0 
	f[87,26,34]: 1.0 
	f[87,34,35]: 1.0 
	f[87,35,43]: 1.0 
	f[87,43,44]: 1.0 
	f[87,44,53]: 1.0 
	f[87,48,59]: 1.0 
	f[87,49,48]: 1.0 
	f[87,50,49]: 1.0 
	f[87,51,50]: 1.0 
	f[87,52,51]: 1.0 
	f[87,53,52]: 1.0 
	f[87,59,60]: 1.0 
	f[87,60,61]: 1.0 
	f[87,61,62]: 1.0 
	f[87,62,71]: 1.0 
	f[87,68,77]: 1.0 
	f[87,69,68]: 1.0 
	f[87,70,69]: 1.0 
	f[87,71,80]: 1.0 
	f[87,75,83]: 1.0 
	f[87,76,75]: 1.0 
	f[87,77,76]: 1.0 
	f[87,79,70]: 1.0 
	f[87,80,79]: 1.0 
	f[87,83,84]: 1.0 
	f[87,84,85]: 1.0 
	f[87,85,86]: 1.0 
	f[87,86,87]: 1.0 
	f[88,5,6]: 1.0 
	f[88,6,7]: 1.0 
	f[88,7,8]: 1.0 
	f[88,8,17]: 1.0 
	f[88,14,22]: 1.0 
	f[88,15,14]: 1.0 
	f[88,16,15]: 1.0 
	f[88,17,16]: 1.0 
	f[88,22,23]: 1.0 
	f[88,23,24]: 1.0 
	f[88,24,25]: 1.0 
	f[88,25,26]: 1.0 
	f[88,26,34]: 1.0 
	f[88,34,35]: 1.0 
	f[88,35,43]: 1.0 
	f[88,43,44]: 1.0 
	f[88,44,53]: 1.0 
	f[88,48,59]: 1.0 
	f[88,49,48]: 1.0 
	f[88,50,49]: 1.0 
	f[88,51,50]: 1.0 
	f[88,52,51]: 1.0 
	f[88,53,52]: 1.0 
	f[88,59,60]: 1.0 
	f[88,60,61]: 1.0 
	f[88,61,62]: 1.0 
	f[88,62,71]: 1.0 
	f[88,68,77]: 1.0 
	f[88,69,68]: 1.0 
	f[88,70,69]: 1.0 
	f[88,71,80]: 1.0 
	f[88,75,83]: 1.0 
	f[88,76,75]: 1.0 
	f[88,77,76]: 1.0 
	f[88,78,88]: 1.0 
	f[88,79,70]: 1.0 
	f[88,80,79]: 1.0 
	f[88,83,84]: 1.0 
	f[88,84,85]: 1.0 
	f[88,85,86]: 1.0 
	f[88,86,87]: 1.0 
	f[88,87,78]: 1.0 
	f[89,5,6]: 1.0 
	f[89,6,7]: 1.0 
	f[89,7,8]: 1.0 
	f[89,8,17]: 1.0 
	f[89,14,22]: 1.0 
	f[89,15,14]: 1.0 
	f[89,16,15]: 1.0 
	f[89,17,16]: 1.0 
	f[89,22,23]: 1.0 
	f[89,23,24]: 1.0 
	f[89,24,25]: 1.0 
	f[89,25,26]: 1.0 
	f[89,26,34]: 1.0 
	f[89,34,35]: 1.0 
	f[89,35,43]: 1.0 
	f[89,43,44]: 1.0 
	f[89,44,53]: 1.0 
	f[89,48,59]: 1.0 
	f[89,49,48]: 1.0 
	f[89,50,49]: 1.0 
	f[89,51,50]: 1.0 
	f[89,52,51]: 1.0 
	f[89,53,52]: 1.0 
	f[89,59,60]: 1.0 
	f[89,60,61]: 1.0 
	f[89,61,62]: 1.0 
	f[89,62,71]: 1.0 
	f[89,68,77]: 1.0 
	f[89,69,68]: 1.0 
	f[89,70,69]: 1.0 
	f[89,71,80]: 1.0 
	f[89,75,83]: 1.0 
	f[89,76,75]: 1.0 
	f[89,77,76]: 1.0 
	f[89,78,88]: 1.0 
	f[89,79,70]: 1.0 
	f[89,80,79]: 1.0 
	f[89,83,84]: 1.0 
	f[89,84,85]: 1.0 
	f[89,85,86]: 1.0 
	f[89,86,87]: 1.0 
	f[89,87,78]: 1.0 
	f[89,88,89]: 1.0 
	f[90,5,6]: 1.0 
	f[90,6,7]: 1.0 
	f[90,7,8]: 1.0 
	f[90,8,17]: 1.0 
	f[90,14,22]: 1.0 
	f[90,15,14]: 1.0 
	f[90,16,15]: 1.0 
	f[90,17,16]: 1.0 
	f[90,22,23]: 1.0 
	f[90,23,24]: 1.0 
	f[90,24,25]: 1.0 
	f[90,25,26]: 1.0 
	f[90,26,34]: 1.0 
	f[90,34,35]: 1.0 
	f[90,35,43]: 1.0 
	f[90,43,44]: 1.0 
	f[90,44,53]: 1.0 
	f[90,48,59]: 1.0 
	f[90,49,48]: 1.0 
	f[90,50,49]: 1.0 
	f[90,51,50]: 1.0 
	f[90,52,51]: 1.0 
	f[90,53,52]: 1.0 
	f[90,59,60]: 1.0 
	f[90,60,61]: 1.0 
	f[90,61,62]: 1.0 
	f[90,62,71]: 1.0 
	f[90,68,77]: 1.0 
	f[90,69,68]: 1.0 
	f[90,70,69]: 1.0 
	f[90,71,80]: 1.0 
	f[90,75,83]: 1.0 
	f[90,76,75]: 1.0 
	f[90,77,76]: 1.0 
	f[90,78,88]: 1.0 
	f[90,79,70]: 1.0 
	f[90,80,79]: 1.0 
	f[90,83,84]: 1.0 
	f[90,84,85]: 1.0 
	f[90,85,86]: 1.0 
	f[90,86,87]: 1.0 
	f[90,87,78]: 1.0 
	f[90,88,89]: 1.0 
	f[90,89,98]: 1.0 
	f[90,91,90]: 1.0 
	f[90,92,91]: 1.0 
	f[90,93,92]: 1.0 
	f[90,94,93]: 1.0 
	f[90,95,94]: 1.0 
	f[90,96,95]: 1.0 
	f[90,97,96]: 1.0 
	f[90,98,97]: 1.0 
	f[91,5,6]: 1.0 
	f[91,6,7]: 1.0 
	f[91,7,8]: 1.0 
	f[91,8,17]: 1.0 
	f[91,14,22]: 1.0 
	f[91,15,14]: 1.0 
	f[91,16,15]: 1.0 
	f[91,17,16]: 1.0 
	f[91,22,23]: 1.0 
	f[91,23,24]: 1.0 
	f[91,24,25]: 1.0 
	f[91,25,26]: 1.0 
	f[91,26,34]: 1.0 
	f[91,34,35]: 1.0 
	f[91,35,43]: 1.0 
	f[91,43,44]: 1.0 
	f[91,44,53]: 1.0 
	f[91,48,59]: 1.0 
	f[91,49,48]: 1.0 
	f[91,50,49]: 1.0 
	f[91,51,50]: 1.0 
	f[91,52,51]: 1.0 
	f[91,53,52]: 1.0 
	f[91,59,60]: 1.0 
	f[91,60,61]: 1.0 
	f[91,61,62]: 1.0 
	f[91,62,71]: 1.0 
	f[91,68,77]: 1.0 
	f[91,69,68]: 1.0 
	f[91,70,69]: 1.0 
	f[91,71,80]: 1.0 
	f[91,75,83]: 1.0 
	f[91,76,75]: 1.0 
	f[91,77,76]: 1.0 
	f[91,78,88]: 1.0 
	f[91,79,70]: 1.0 
	f[91,80,79]: 1.0 
	f[91,83,84]: 1.0 
	f[91,84,85]: 1.0 
	f[91,85,86]: 1.0 
	f[91,86,87]: 1.0 
	f[91,87,78]: 1.0 
	f[91,88,89]: 1.0 
	f[91,89,98]: 1.0 
	f[91,92,91]: 1.0 
	f[91,93,92]: 1.0 
	f[91,94,93]: 1.0 
	f[91,95,94]: 1.0 
	f[91,96,95]: 1.0 
	f[91,97,96]: 1.0 
	f[91,98,97]: 1.0 
	f[92,5,6]: 1.0 
	f[92,6,7]: 1.0 
	f[92,7,8]: 1.0 
	f[92,8,17]: 1.0 
	f[92,14,22]: 1.0 
	f[92,15,14]: 1.0 
	f[92,16,15]: 1.0 
	f[92,17,16]: 1.0 
	f[92,22,23]: 1.0 
	f[92,23,24]: 1.0 
	f[92,24,25]: 1.0 
	f[92,25,26]: 1.0 
	f[92,26,34]: 1.0 
	f[92,34,35]: 1.0 
	f[92,35,43]: 1.0 
	f[92,43,44]: 1.0 
	f[92,44,53]: 1.0 
	f[92,48,59]: 1.0 
	f[92,49,48]: 1.0 
	f[92,50,49]: 1.0 
	f[92,51,50]: 1.0 
	f[92,52,51]: 1.0 
	f[92,53,52]: 1.0 
	f[92,59,60]: 1.0 
	f[92,60,61]: 1.0 
	f[92,61,62]: 1.0 
	f[92,62,71]: 1.0 
	f[92,68,77]: 1.0 
	f[92,69,68]: 1.0 
	f[92,70,69]: 1.0 
	f[92,71,80]: 1.0 
	f[92,75,83]: 1.0 
	f[92,76,75]: 1.0 
	f[92,77,76]: 1.0 
	f[92,78,88]: 1.0 
	f[92,79,70]: 1.0 
	f[92,80,79]: 1.0 
	f[92,83,84]: 1.0 
	f[92,84,85]: 1.0 
	f[92,85,86]: 1.0 
	f[92,86,87]: 1.0 
	f[92,87,78]: 1.0 
	f[92,88,89]: 1.0 
	f[92,89,98]: 1.0 
	f[92,93,92]: 1.0 
	f[92,94,93]: 1.0 
	f[92,95,94]: 1.0 
	f[92,96,95]: 1.0 
	f[92,97,96]: 1.0 
	f[92,98,97]: 1.0 
	f[93,5,6]: 1.0 
	f[93,6,7]: 1.0 
	f[93,7,8]: 1.0 
	f[93,8,17]: 1.0 
	f[93,14,22]: 1.0 
	f[93,15,14]: 1.0 
	f[93,16,15]: 1.0 
	f[93,17,16]: 1.0 
	f[93,22,23]: 1.0 
	f[93,23,24]: 1.0 
	f[93,24,25]: 1.0 
	f[93,25,26]: 1.0 
	f[93,26,34]: 1.0 
	f[93,34,35]: 1.0 
	f[93,35,43]: 1.0 
	f[93,43,44]: 1.0 
	f[93,44,53]: 1.0 
	f[93,48,59]: 1.0 
	f[93,49,48]: 1.0 
	f[93,50,49]: 1.0 
	f[93,51,50]: 1.0 
	f[93,52,51]: 1.0 
	f[93,53,52]: 1.0 
	f[93,59,60]: 1.0 
	f[93,60,61]: 1.0 
	f[93,61,62]: 1.0 
	f[93,62,71]: 1.0 
	f[93,68,77]: 1.0 
	f[93,69,68]: 1.0 
	f[93,70,69]: 1.0 
	f[93,71,80]: 1.0 
	f[93,75,83]: 1.0 
	f[93,76,75]: 1.0 
	f[93,77,76]: 1.0 
	f[93,78,88]: 1.0 
	f[93,79,70]: 1.0 
	f[93,80,79]: 1.0 
	f[93,83,84]: 1.0 
	f[93,84,85]: 1.0 
	f[93,85,86]: 1.0 
	f[93,86,87]: 1.0 
	f[93,87,78]: 1.0 
	f[93,88,89]: 1.0 
	f[93,89,98]: 1.0 
	f[93,94,93]: 1.0 
	f[93,95,94]: 1.0 
	f[93,96,95]: 1.0 
	f[93,97,96]: 1.0 
	f[93,98,97]: 1.0 
	f[94,5,6]: 1.0 
	f[94,6,7]: 1.0 
	f[94,7,8]: 1.0 
	f[94,8,17]: 1.0 
	f[94,14,22]: 1.0 
	f[94,15,14]: 1.0 
	f[94,16,15]: 1.0 
	f[94,17,16]: 1.0 
	f[94,22,23]: 1.0 
	f[94,23,24]: 1.0 
	f[94,24,25]: 1.0 
	f[94,25,26]: 1.0 
	f[94,26,34]: 1.0 
	f[94,34,35]: 1.0 
	f[94,35,43]: 1.0 
	f[94,43,44]: 1.0 
	f[94,44,53]: 1.0 
	f[94,48,59]: 1.0 
	f[94,49,48]: 1.0 
	f[94,50,49]: 1.0 
	f[94,51,50]: 1.0 
	f[94,52,51]: 1.0 
	f[94,53,52]: 1.0 
	f[94,59,60]: 1.0 
	f[94,60,61]: 1.0 
	f[94,61,62]: 1.0 
	f[94,62,71]: 1.0 
	f[94,68,77]: 1.0 
	f[94,69,68]: 1.0 
	f[94,70,69]: 1.0 
	f[94,71,80]: 1.0 
	f[94,75,83]: 1.0 
	f[94,76,75]: 1.0 
	f[94,77,76]: 1.0 
	f[94,78,88]: 1.0 
	f[94,79,70]: 1.0 
	f[94,80,79]: 1.0 
	f[94,83,84]: 1.0 
	f[94,84,85]: 1.0 
	f[94,85,86]: 1.0 
	f[94,86,87]: 1.0 
	f[94,87,78]: 1.0 
	f[94,88,89]: 1.0 
	f[94,89,98]: 1.0 
	f[94,95,94]: 1.0 
	f[94,96,95]: 1.0 
	f[94,97,96]: 1.0 
	f[94,98,97]: 1.0 
	f[95,5,6]: 1.0 
	f[95,6,7]: 1.0 
	f[95,7,8]: 1.0 
	f[95,8,17]: 1.0 
	f[95,14,22]: 1.0 
	f[95,15,14]: 1.0 
	f[95,16,15]: 1.0 
	f[95,17,16]: 1.0 
	f[95,22,23]: 1.0 
	f[95,23,24]: 1.0 
	f[95,24,25]: 1.0 
	f[95,25,26]: 1.0 
	f[95,26,34]: 1.0 
	f[95,34,35]: 1.0 
	f[95,35,43]: 1.0 
	f[95,43,44]: 1.0 
	f[95,44,53]: 1.0 
	f[95,48,59]: 1.0 
	f[95,49,48]: 1.0 
	f[95,50,49]: 1.0 
	f[95,51,50]: 1.0 
	f[95,52,51]: 1.0 
	f[95,53,52]: 1.0 
	f[95,59,60]: 1.0 
	f[95,60,61]: 1.0 
	f[95,61,62]: 1.0 
	f[95,62,71]: 1.0 
	f[95,68,77]: 1.0 
	f[95,69,68]: 1.0 
	f[95,70,69]: 1.0 
	f[95,71,80]: 1.0 
	f[95,75,83]: 1.0 
	f[95,76,75]: 1.0 
	f[95,77,76]: 1.0 
	f[95,78,88]: 1.0 
	f[95,79,70]: 1.0 
	f[95,80,79]: 1.0 
	f[95,83,84]: 1.0 
	f[95,84,85]: 1.0 
	f[95,85,86]: 1.0 
	f[95,86,87]: 1.0 
	f[95,87,78]: 1.0 
	f[95,88,89]: 1.0 
	f[95,89,98]: 1.0 
	f[95,96,95]: 1.0 
	f[95,97,96]: 1.0 
	f[95,98,97]: 1.0 
	f[96,5,6]: 1.0 
	f[96,6,7]: 1.0 
	f[96,7,8]: 1.0 
	f[96,8,17]: 1.0 
	f[96,14,22]: 1.0 
	f[96,15,14]: 1.0 
	f[96,16,15]: 1.0 
	f[96,17,16]: 1.0 
	f[96,22,23]: 1.0 
	f[96,23,24]: 1.0 
	f[96,24,25]: 1.0 
	f[96,25,26]: 1.0 
	f[96,26,34]: 1.0 
	f[96,34,35]: 1.0 
	f[96,35,43]: 1.0 
	f[96,43,44]: 1.0 
	f[96,44,53]: 1.0 
	f[96,48,59]: 1.0 
	f[96,49,48]: 1.0 
	f[96,50,49]: 1.0 
	f[96,51,50]: 1.0 
	f[96,52,51]: 1.0 
	f[96,53,52]: 1.0 
	f[96,59,60]: 1.0 
	f[96,60,61]: 1.0 
	f[96,61,62]: 1.0 
	f[96,62,71]: 1.0 
	f[96,68,77]: 1.0 
	f[96,69,68]: 1.0 
	f[96,70,69]: 1.0 
	f[96,71,80]: 1.0 
	f[96,75,83]: 1.0 
	f[96,76,75]: 1.0 
	f[96,77,76]: 1.0 
	f[96,78,88]: 1.0 
	f[96,79,70]: 1.0 
	f[96,80,79]: 1.0 
	f[96,83,84]: 1.0 
	f[96,84,85]: 1.0 
	f[96,85,86]: 1.0 
	f[96,86,87]: 1.0 
	f[96,87,78]: 1.0 
	f[96,88,89]: 1.0 
	f[96,89,98]: 1.0 
	f[96,97,96]: 1.0 
	f[96,98,97]: 1.0 
	f[97,5,6]: 1.0 
	f[97,6,7]: 1.0 
	f[97,7,8]: 1.0 
	f[97,8,17]: 1.0 
	f[97,14,22]: 1.0 
	f[97,15,14]: 1.0 
	f[97,16,15]: 1.0 
	f[97,17,16]: 1.0 
	f[97,22,23]: 1.0 
	f[97,23,24]: 1.0 
	f[97,24,25]: 1.0 
	f[97,25,26]: 1.0 
	f[97,26,34]: 1.0 
	f[97,34,35]: 1.0 
	f[97,35,43]: 1.0 
	f[97,43,44]: 1.0 
	f[97,44,53]: 1.0 
	f[97,48,59]: 1.0 
	f[97,49,48]: 1.0 
	f[97,50,49]: 1.0 
	f[97,51,50]: 1.0 
	f[97,52,51]: 1.0 
	f[97,53,52]: 1.0 
	f[97,59,60]: 1.0 
	f[97,60,61]: 1.0 
	f[97,61,62]: 1.0 
	f[97,62,71]: 1.0 
	f[97,68,77]: 1.0 
	f[97,69,68]: 1.0 
	f[97,70,69]: 1.0 
	f[97,71,80]: 1.0 
	f[97,75,83]: 1.0 
	f[97,76,75]: 1.0 
	f[97,77,76]: 1.0 
	f[97,78,88]: 1.0 
	f[97,79,70]: 1.0 
	f[97,80,79]: 1.0 
	f[97,83,84]: 1.0 
	f[97,84,85]: 1.0 
	f[97,85,86]: 1.0 
	f[97,86,87]: 1.0 
	f[97,87,78]: 1.0 
	f[97,88,89]: 1.0 
	f[97,89,98]: 1.0 
	f[97,98,97]: 1.0 
	f[98,5,6]: 1.0 
	f[98,6,7]: 1.0 
	f[98,7,8]: 1.0 
	f[98,8,17]: 1.0 
	f[98,14,22]: 1.0 
	f[98,15,14]: 1.0 
	f[98,16,15]: 1.0 
	f[98,17,16]: 1.0 
	f[98,22,23]: 1.0 
	f[98,23,24]: 1.0 
	f[98,24,25]: 1.0 
	f[98,25,26]: 1.0 
	f[98,26,34]: 1.0 
	f[98,34,35]: 1.0 
	f[98,35,43]: 1.0 
	f[98,43,44]: 1.0 
	f[98,44,53]: 1.0 
	f[98,48,59]: 1.0 
	f[98,49,48]: 1.0 
	f[98,50,49]: 1.0 
	f[98,51,50]: 1.0 
	f[98,52,51]: 1.0 
	f[98,53,52]: 1.0 
	f[98,59,60]: 1.0 
	f[98,60,61]: 1.0 
	f[98,61,62]: 1.0 
	f[98,62,71]: 1.0 
	f[98,68,77]: 1.0 
	f[98,69,68]: 1.0 
	f[98,70,69]: 1.0 
	f[98,71,80]: 1.0 
	f[98,75,83]: 1.0 
	f[98,76,75]: 1.0 
	f[98,77,76]: 1.0 
	f[98,78,88]: 1.0 
	f[98,79,70]: 1.0 
	f[98,80,79]: 1.0 
	f[98,83,84]: 1.0 
	f[98,84,85]: 1.0 
	f[98,85,86]: 1.0 
	f[98,86,87]: 1.0 
	f[98,87,78]: 1.0 
	f[98,88,89]: 1.0 
	f[98,89,98]: 1.0 
	objective value: 1211.0