
Gurobi 12.0.1 (win64) logging started Mon Mar 10 16:31:05 2025

Set parameter LogFile to value "logs/3b_f2_pr76.log"
Set parameter MIPGap to value 0
Set parameter TimeLimit to value 3600
Set parameter Presolve to value 0
Gurobi Optimizer version 12.0.1 build v12.0.1rc0 (win64 - Windows 11.0 (26100.2))

CPU model: 12th Gen Intel(R) Core(TM) i7-12700, instruction set [SSE2|AVX|AVX2]
Thread count: 12 physical cores, 20 logical processors, using up to 20 threads

Non-default parameters:
TimeLimit  3600
MIPGap  0
Presolve  0

Optimize a model with 6004 rows, 5852 columns and 28504 nonzeros
Model fingerprint: 0x3e6cdb56
Variable types: 0 continuous, 5852 integer (5776 binary)
Coefficient statistics:
  Matrix range     [1e+00, 8e+01]
  Objective range  [3e+02, 2e+04]
  Bounds range     [1e+00, 1e+00]
  RHS range        [1e+00, 8e+01]
Variable types: 0 continuous, 5852 integer (5776 binary)
Found heuristic solution: objective 549932.00000

Root relaxation: objective 7.765622e+04, 315 iterations, 0.01 seconds (0.01 work units)

    Nodes    |    Current Node    |     Objective Bounds      |     Work
 Expl Unexpl |  Obj  Depth IntInf | Incumbent    BestBd   Gap | It/Node Time

     0     0 77656.2237    0  125 549932.000 77656.2237  85.9%     -    0s
H    0     0                    425743.00000 77656.2237  81.8%     -    0s
H    0     0                    351798.00000 77656.2237  77.9%     -    0s
H    0     0                    335420.00000 77656.2237  76.8%     -    0s
H    0     0                    201534.00000 77656.2237  61.5%     -    0s
     0     0 98994.5000    0  192 201534.000 98994.5000  50.9%     -    0s
H    0     0                    181248.00000 98994.5000  45.4%     -    0s
H    0     0                    166717.00000 98994.5000  40.6%     -    0s
H    0     0                    166175.00000 98994.5000  40.4%     -    0s
     0     0 98994.5000    0  182 166175.000 98994.5000  40.4%     -    0s
     0     0 100261.664    0  175 166175.000 100261.664  39.7%     -    0s
     0     0 100261.664    0  176 166175.000 100261.664  39.7%     -    0s
H    0     0                    146319.00000 100261.664  31.5%     -    0s
H    0     0                    146240.00000 100261.664  31.4%     -    0s
     0     0 100919.333    0  168 146240.000 100919.333  31.0%     -    0s
H    0     0                    145210.00000 101251.000  30.3%     -    0s
H    0     0                    143040.00000 101251.000  29.2%     -    0s
     0     0 101251.000    0  168 143040.000 101251.000  29.2%     -    0s
H    0     0                    141317.00000 101251.000  28.4%     -    0s
H    0     0                    140812.00000 101251.000  28.1%     -    0s
H    0     0                    137412.00000 101251.000  26.3%     -    0s
     0     0 101251.000    0  168 137412.000 101251.000  26.3%     -    0s
     0     0 101672.000    0  160 137412.000 101672.000  26.0%     -    0s
     0     0 101672.000    0  195 137412.000 101672.000  26.0%     -    0s
     0     0 101672.000    0   69 137412.000 101672.000  26.0%     -    1s
     0     0 101672.000    0   72 137412.000 101672.000  26.0%     -    1s
     0     0 101672.000    0   77 137412.000 101672.000  26.0%     -    1s
     0     0 101672.000    0   77 137412.000 101672.000  26.0%     -    1s
     0     0 101672.000    0   71 137412.000 101672.000  26.0%     -    1s
     0     0 101672.000    0   73 137412.000 101672.000  26.0%     -    1s
     0     0 101672.000    0   78 137412.000 101672.000  26.0%     -    1s
     0     0 101672.000    0   78 137412.000 101672.000  26.0%     -    1s
     0     2 102156.000    0   75 137412.000 102156.000  25.7%     -    1s
H  426   434                    134311.00000 103691.411  22.8%  13.2    1s
H 1484  1495                    133327.00000 103691.411  22.2%  14.7    2s
H 2585  2691                    131957.00000 103706.784  21.4%  13.3    3s
H 2644  2684                    130879.00000 103706.784  20.8%  13.1    3s
H 3497  3469                    130705.00000 103706.855  20.7%  12.1    4s
H 3498  3447                    128236.00000 103706.855  19.1%  12.1    4s
H 3510  3456                    127885.00000 103706.855  18.9%  12.1    4s
  4293  4357 104089.792   44  139 127885.000 103715.287  18.9%  12.0    5s
H 5503  5035                    127748.00000 103753.268  18.8%  12.1    5s
H 5503  4784                    127108.00000 103753.268  18.4%  12.1    6s
H 5504  4544                    127078.00000 103753.268  18.4%  12.1    6s
H 5504  4317                    127059.00000 103753.268  18.3%  12.1    6s
H 5504  4101                    124921.00000 103753.268  16.9%  12.1    6s
H 5504  3896                    124379.00000 103753.268  16.6%  12.1    6s
H 5504  3701                    124005.00000 103753.268  16.3%  12.1    6s
H 5518  3525                    122188.00000 104582.214  14.4%  12.1    8s
H 5518  3349                    122148.00000 104582.214  14.4%  12.1    8s
H 5518  3181                    120217.00000 104582.214  13.0%  12.1    8s
H 5519  3022                    119100.00000 104663.817  12.1%  12.1    9s
H 5519  2870                    118019.00000 104663.817  11.3%  12.1    9s
H 5519  2726                    116840.00000 104663.817  10.4%  12.1    9s
H 5519  2590                    116485.00000 104663.817  10.1%  12.1    9s
  5521  2592 110207.000  139  219 116485.000 104727.699  10.1%  12.1   10s
H 5521  2462                    114876.00000 104727.699  8.83%  12.1   10s
H 5522  2338                    114797.00000 104727.699  8.77%  12.1   10s
H 5522  2221                    113954.00000 104727.699  8.10%  12.1   10s
H 5524  2112                    113941.00000 104727.699  8.09%  12.1   10s
H 5530  2009                    113449.00000 104742.968  7.67%  12.0   10s
H 5530  1908                    113186.00000 104742.968  7.46%  12.0   10s
H 5530  1812                    112975.00000 104742.968  7.29%  12.0   11s
H 5599  1775                    112961.00000 104880.000  7.15%  13.0   12s
H 5900  1871                    112882.00000 104880.000  7.09%  13.9   12s
  7064  2314 108296.539   58  159 112882.000 104880.000  7.09%  15.9   15s
H 7906  2453                    112621.00000 104903.351  6.85%  16.8   15s
H 8813  2672                    112588.00000 104931.447  6.80%  17.6   17s
H 8833  2522                    112157.00000 104931.447  6.44%  17.6   17s
H 9054  2538                    112124.00000 104931.447  6.41%  17.7   17s
H 9635  2328                    110761.00000 105007.605  5.19%  17.9   18s
 10236  2902 105715.234   20  125 110761.000 105090.257  5.12%  18.5   20s
 15438  6503 109745.142   38  108 110761.000 105463.880  4.78%  20.0   25s
H18272  7548                    110517.00000 105580.904  4.47%  20.6   28s
H18282  7177                    110438.00000 105580.904  4.40%  20.5   29s
H18283  6819                    109552.00000 105580.904  3.62%  20.5   29s
 18285  6820 108073.000   35  215 109552.000 105580.904  3.62%  20.5   30s
H18324  6508                    109518.00000 105580.904  3.59%  20.7   31s
H18451  6244                    109512.00000 105580.904  3.59%  20.8   31s
 20715  7176 105890.543   34  117 109512.000 105664.440  3.51%  21.5   35s
H21793  7095                    109393.00000 105748.129  3.33%  21.5   35s
 26120  8545 109023.841   57   80 109393.000 106024.806  3.08%  22.0   40s
 32148 10304 107494.852   35   74 109393.000 106211.333  2.91%  22.4   45s
 36536 11192 108290.803   41  172 109393.000 106317.238  2.81%  23.0   50s
H37126 10908                    109318.00000 106317.238  2.74%  23.4   53s
 37551 11031 108853.000   56  174 109318.000 106317.238  2.74%  23.5   55s
 41462 12178 108055.853   74  139 109318.000 106317.238  2.74%  24.3   60s
H45765 12225                    109317.00000 106317.238  2.74%  24.9   64s
 45767 12451 107585.221   80  115 109317.000 106317.238  2.74%  24.9   65s
*48453 12319             108    109234.00000 106317.238  2.67%  25.3   68s
*50151 11909              68    109201.00000 106355.921  2.61%  25.6   69s
 50354 12165 107059.617   49  225 109201.000 106376.667  2.59%  25.6   70s
 55649 13013 108387.415   58  115 109201.000 106504.585  2.47%  26.4   75s
*57315 12148              64    109047.00000 106535.875  2.30%  26.7   76s
*60372 10566              64    108699.00000 106584.650  1.95%  27.1   78s
 61713 10840 107518.851   54   53 108699.000 106619.146  1.91%  27.3   80s
H65081 10839                    108562.00000 106670.693  1.74%  27.8   82s
*66455 10812              59    108516.00000 106697.382  1.68%  28.0   83s
 68143 11305 108226.085   55   56 108516.000 106742.364  1.63%  28.2   85s
H72207 11319                    108437.00000 106826.908  1.48%  28.8   89s
H72218  9675                    108226.00000 106826.908  1.29%  28.8   89s
 72237  9828     cutoff   51      108226.000 106830.120  1.29%  28.8   90s
 76828 10329 108076.000   51   93 108226.000 106940.636  1.19%  29.5   95s
 80464 10686 107369.875   50  130 108226.000 107027.155  1.11%  30.0  100s
 83775 10754 108166.888   54  261 108226.000 107091.356  1.05%  30.5  105s
H83775 10216                    108183.00000 107091.356  1.01%  30.5  105s
 84807 10539 107488.711   75   73 108183.000 107091.356  1.01%  30.7  110s
H87817 10353                    108159.00000 107091.356  0.99%  30.8  113s
 89325 10776     cutoff   75      108159.000 107091.356  0.99%  30.8  115s
 94437 10768 107091.356   68  206 108159.000 107091.356  0.99%  31.0  120s
 99312 11003 107091.356   67  189 108159.000 107091.356  0.99%  31.3  125s
 104216 10939 107412.213   65  198 108159.000 107091.356  0.99%  31.5  130s
 107428 10412 107309.195   78   78 108159.000 107091.356  0.99%  31.6  137s
 107448 10425 107808.500   69  271 108159.000 107091.356  0.99%  31.6  140s
 107468 10439 107660.241   70  277 108159.000 107091.356  0.99%  31.6  145s
 107484 10449 107637.278   70  292 108159.000 107091.356  0.99%  31.6  150s
 107499 10459 107721.724   74  303 108159.000 107091.356  0.99%  31.6  155s
 107784 10601 107143.753   72  192 108159.000 107091.356  0.99%  31.8  160s
 112240 10672 108020.250   81   61 108159.000 107091.356  0.99%  32.1  165s
 117999  9581 107435.333   79  108 108159.000 107322.770  0.77%  32.3  170s
 122455  8022 infeasible   89      108159.000 107511.333  0.60%  32.5  175s
 127402  5133 108055.567   82  147 108159.000 107756.374  0.37%  32.6  180s

Cutting planes:
  Learned: 34
  Gomory: 64
  Cover: 50
  Implied bound: 98
  Projected implied bound: 62
  MIR: 224
  Mixing: 34
  StrongCG: 11
  Flow cover: 1101
  GUB cover: 1
  Inf proof: 64
  Zero half: 216
  RLT: 77
  Relax-and-lift: 81
  BQP: 24
  PSD: 18

Explored 131860 nodes (4258826 simplex iterations) in 184.32 seconds (128.97 work units)
Thread count was 20 (of 20 available processors)

Solution count 10: 108159 108183 108226 ... 109234

Optimal solution found (tolerance 0.00e+00)
Best objective 1.081590000000e+05, best bound 1.081590000000e+05, gap 0.0000%

 	 Optimal Solution:
	x[0,22]: 1.0 
	x[1,74]: 1.0 
	x[2,1]: 1.0 
	x[3,2]: 1.0 
	x[4,3]: 1.0 
	x[5,4]: 1.0 
	x[6,5]: 1.0 
	x[7,6]: 1.0 
	x[8,7]: 1.0 
	x[9,8]: 1.0 
	x[10,9]: 1.0 
	x[11,10]: 1.0 
	x[12,11]: 1.0 
	x[13,12]: 1.0 
	x[14,73]: 1.0 
	x[15,14]: 1.0 
	x[16,15]: 1.0 
	x[17,16]: 1.0 
	x[18,30]: 1.0 
	x[19,18]: 1.0 
	x[20,24]: 1.0 
	x[21,20]: 1.0 
	x[22,21]: 1.0 
	x[23,45]: 1.0 
	x[24,23]: 1.0 
	x[25,19]: 1.0 
	x[26,25]: 1.0 
	x[27,26]: 1.0 
	x[28,31]: 1.0 
	x[29,28]: 1.0 
	x[30,29]: 1.0 
	x[31,32]: 1.0 
	x[32,34]: 1.0 
	x[33,39]: 1.0 
	x[34,33]: 1.0 
	x[35,36]: 1.0 
	x[36,17]: 1.0 
	x[37,35]: 1.0 
	x[38,37]: 1.0 
	x[39,38]: 1.0 
	x[40,59]: 1.0 
	x[41,42]: 1.0 
	x[42,27]: 1.0 
	x[43,47]: 1.0 
	x[44,43]: 1.0 
	x[45,44]: 1.0 
	x[46,68]: 1.0 
	x[47,46]: 1.0 
	x[48,50]: 1.0 
	x[49,48]: 1.0 
	x[50,65]: 1.0 
	x[51,52]: 1.0 
	x[52,53]: 1.0 
	x[53,41]: 1.0 
	x[54,51]: 1.0 
	x[55,54]: 1.0 
	x[56,55]: 1.0 
	x[57,56]: 1.0 
	x[58,57]: 1.0 
	x[59,58]: 1.0 
	x[60,40]: 1.0 
	x[61,60]: 1.0 
	x[62,61]: 1.0 
	x[63,62]: 1.0 
	x[64,70]: 1.0 
	x[65,64]: 1.0 
	x[66,49]: 1.0 
	x[67,69]: 1.0 
	x[68,67]: 1.0 
	x[69,66]: 1.0 
	x[70,71]: 1.0 
	x[71,72]: 1.0 
	x[72,63]: 1.0 
	x[73,13]: 1.0 
	x[74,75]: 1.0 
	x[75,0]: 1.0 
	u[0]: 8.0 
	u[1]: 5.0 
	u[2]: 4.0 
	u[3]: 3.0 
	u[4]: 2.0 
	u[5]: 1.0 
	u[6]: 76.0 
	u[7]: 75.0 
	u[8]: 74.0 
	u[9]: 73.0 
	u[10]: 72.0 
	u[11]: 71.0 
	u[12]: 70.0 
	u[13]: 69.0 
	u[14]: 67.0 
	u[15]: 66.0 
	u[16]: 65.0 
	u[17]: 64.0 
	u[18]: 51.0 
	u[19]: 50.0 
	u[20]: 11.0 
	u[21]: 10.0 
	u[22]: 9.0 
	u[23]: 13.0 
	u[24]: 12.0 
	u[25]: 49.0 
	u[26]: 48.0 
	u[27]: 47.0 
	u[28]: 54.0 
	u[29]: 53.0 
	u[30]: 52.0 
	u[31]: 55.0 
	u[32]: 56.0 
	u[33]: 58.0 
	u[34]: 57.0 
	u[35]: 62.0 
	u[36]: 63.0 
	u[37]: 61.0 
	u[38]: 60.0 
	u[39]: 59.0 
	u[40]: 35.0 
	u[41]: 45.0 
	u[42]: 46.0 
	u[43]: 16.0 
	u[44]: 15.0 
	u[45]: 14.0 
	u[46]: 18.0 
	u[47]: 17.0 
	u[48]: 24.0 
	u[49]: 23.0 
	u[50]: 25.0 
	u[51]: 42.0 
	u[52]: 43.0 
	u[53]: 44.0 
	u[54]: 41.0 
	u[55]: 40.0 
	u[56]: 39.0 
	u[57]: 38.0 
	u[58]: 37.0 
	u[59]: 36.0 
	u[60]: 34.0 
	u[61]: 33.0 
	u[62]: 32.0 
	u[63]: 31.0 
	u[64]: 27.0 
	u[65]: 26.0 
	u[66]: 22.0 
	u[67]: 20.0 
	u[68]: 19.0 
	u[69]: 21.0 
	u[70]: 28.0 
	u[71]: 29.0 
	u[72]: 30.0 
	u[73]: 68.0 
	u[74]: 6.0 
	u[75]: 7.0 
	objective value: 108159.0