
Gurobi 11.0.3 (win64) logging started Fri Mar 14 16:19:25 2025

Set parameter LogFile to value "logs/3b_f2_bays29.log"
Set parameter MIPGap to value 0
Set parameter TimeLimit to value 3600
Set parameter Presolve to value 0
Gurobi Optimizer version 11.0.3 build v11.0.3rc0 (win64 - Windows 11+.0 (26100.2))

CPU model: 12th Gen Intel(R) Core(TM) i7-12700, instruction set [SSE2|AVX|AVX2]
Thread count: 12 physical cores, 20 logical processors, using up to 20 threads

Optimize a model with 928 rows, 870 columns and 4064 nonzeros
Model fingerprint: 0xe20bd28c
Variable types: 0 continuous, 870 integer (841 binary)
Coefficient statistics:
  Matrix range     [1e+00, 3e+01]
  Objective range  [3e+01, 5e+02]
  Bounds range     [1e+00, 1e+00]
  RHS range        [1e+00, 3e+01]
Variable types: 0 continuous, 870 integer (841 binary)

Root relaxation: objective 1.774000e+03, 118 iterations, 0.00 seconds (0.00 work units)

    Nodes    |    Current Node    |     Objective Bounds      |     Work
 Expl Unexpl |  Obj  Depth IntInf | Incumbent    BestBd   Gap | It/Node Time

     0     0 1774.00000    0   51          - 1774.00000      -     -    0s
H    0     0                    2430.0000000 1774.00000  27.0%     -    0s
H    0     0                    2316.0000000 1774.00000  23.4%     -    0s
     0     0 1944.00000    0   85 2316.00000 1944.00000  16.1%     -    0s
H    0     0                    2291.0000000 1945.75862  15.1%     -    0s
     0     0 1945.75862    0   77 2291.00000 1945.75862  15.1%     -    0s
H    0     0                    2253.0000000 1945.75862  13.6%     -    0s
     0     0 1947.00000    0   76 2253.00000 1947.00000  13.6%     -    0s
     0     0 1947.00000    0   68 2253.00000 1947.00000  13.6%     -    0s
     0     0 1949.27586    0   77 2253.00000 1949.27586  13.5%     -    0s
H    0     0                    2228.0000000 1949.27586  12.5%     -    0s
     0     0 1949.27586    0   76 2228.00000 1949.27586  12.5%     -    0s
H    0     0                    2172.0000000 1949.27586  10.3%     -    0s
     0     0 1961.00000    0   64 2172.00000 1961.00000  9.71%     -    0s
     0     0 1961.58621    0   67 2172.00000 1961.58621  9.69%     -    0s
     0     0 1961.58621    0   62 2172.00000 1961.58621  9.69%     -    0s
     0     0 1961.58621    0   64 2172.00000 1961.58621  9.69%     -    0s
     0     0 1961.58621    0   20 2172.00000 1961.58621  9.69%     -    0s
     0     0 1961.58621    0   20 2172.00000 1961.58621  9.69%     -    0s
     0     0 1961.58621    0   31 2172.00000 1961.58621  9.69%     -    0s
H    0     0                    2147.0000000 1961.71724  8.63%     -    0s
H    0     0                    2122.0000000 1961.71724  7.55%     -    0s
     0     0 1961.75912    0   18 2122.00000 1961.75912  7.55%     -    0s
H    0     0                    2089.0000000 1962.28736  6.07%     -    0s
     0     2 1962.28736    0   18 2089.00000 1962.28736  6.07%     -    0s
H   31    38                    2034.0000000 1966.24138  3.33%  19.4    0s
H   31    38                    2026.0000000 1966.24138  2.95%  19.4    0s
*  230   131              20    2022.0000000 1988.00000  1.68%   9.8    0s
*  273   129              22    2020.0000000 1988.00000  1.58%   9.8    0s

Cutting planes:
  Learned: 195
  Gomory: 18
  Implied bound: 12
  MIR: 28
  Zero half: 1
  Mod-K: 7
  RLT: 22
  Relax-and-lift: 26
  PSD: 3

Explored 1110 nodes (11107 simplex iterations) in 1.14 seconds (0.34 work units)
Thread count was 20 (of 20 available processors)

Solution count 10: 2020 2022 2026 ... 2253

Optimal solution found (tolerance 0.00e+00)
Best objective 2.020000000000e+03, best bound 2.020000000000e+03, gap 0.0000%

 	 Optimal Solution:
	x[0,20]: 1.0 
	x[1,2]: 1.0 
	x[2,28]: 1.0 
	x[3,9]: 1.0 
	x[4,8]: 1.0 
	x[5,27]: 1.0 
	x[6,24]: 1.0 
	x[7,26]: 1.0 
	x[8,11]: 1.0 
	x[9,19]: 1.0 
	x[10,21]: 1.0 
	x[11,5]: 1.0 
	x[12,15]: 1.0 
	x[13,16]: 1.0 
	x[14,3]: 1.0 
	x[15,23]: 1.0 
	x[16,17]: 1.0 
	x[17,14]: 1.0 
	x[18,10]: 1.0 
	x[19,1]: 1.0 
	x[20,12]: 1.0 
	x[21,13]: 1.0 
	x[22,6]: 1.0 
	x[23,7]: 1.0 
	x[24,18]: 1.0 
	x[25,4]: 1.0 
	x[26,22]: 1.0 
	x[27,0]: 1.0 
	x[28,25]: 1.0 
	u[0]: 3.0 
	u[1]: 23.0 
	u[2]: 24.0 
	u[3]: 20.0 
	u[4]: 27.0 
	u[5]: 1.0 
	u[6]: 11.0 
	u[7]: 8.0 
	u[8]: 28.0 
	u[9]: 21.0 
	u[10]: 14.0 
	u[11]: 29.0 
	u[12]: 5.0 
	u[13]: 16.0 
	u[14]: 19.0 
	u[15]: 6.0 
	u[16]: 17.0 
	u[17]: 18.0 
	u[18]: 13.0 
	u[19]: 22.0 
	u[20]: 4.0 
	u[21]: 15.0 
	u[22]: 10.0 
	u[23]: 7.0 
	u[24]: 12.0 
	u[25]: 26.0 
	u[26]: 9.0 
	u[27]: 2.0 
	u[28]: 25.0 
	objective value: 2020.0