
Gurobi 11.0.3 (win64) logging started Fri Mar 14 16:19:27 2025

Set parameter LogFile to value "logs/3b_f2_dantzig42.log"
Set parameter MIPGap to value 0
Set parameter TimeLimit to value 3600
Set parameter Presolve to value 0
Gurobi Optimizer version 11.0.3 build v11.0.3rc0 (win64 - Windows 11+.0 (26100.2))

CPU model: 12th Gen Intel(R) Core(TM) i7-12700, instruction set [SSE2|AVX|AVX2]
Thread count: 12 physical cores, 20 logical processors, using up to 20 threads

Optimize a model with 1890 rows, 1806 columns and 8614 nonzeros
Model fingerprint: 0x11cbffef
Variable types: 0 continuous, 1806 integer (1764 binary)
Coefficient statistics:
  Matrix range     [1e+00, 4e+01]
  Objective range  [3e+00, 2e+02]
  Bounds range     [1e+00, 1e+00]
  RHS range        [1e+00, 4e+01]
Variable types: 0 continuous, 1806 integer (1764 binary)
Found heuristic solution: objective 3302.0000000

Root relaxation: objective 5.353810e+02, 129 iterations, 0.00 seconds (0.00 work units)

    Nodes    |    Current Node    |     Objective Bounds      |     Work
 Expl Unexpl |  Obj  Depth IntInf | Incumbent    BestBd   Gap | It/Node Time

     0     0  535.38095    0   72 3302.00000  535.38095  83.8%     -    0s
H    0     0                    1649.0000000  535.38095  67.5%     -    0s
H    0     0                    1327.0000000  631.09524  52.4%     -    0s
     0     0  631.09524    0  118 1327.00000  631.09524  52.4%     -    0s
H    0     0                     811.0000000  631.09524  22.2%     -    0s
     0     0  633.00000    0   92  811.00000  633.00000  21.9%     -    0s
     0     0  633.00000    0   77  811.00000  633.00000  21.9%     -    0s
     0     0  636.50000    0   89  811.00000  636.50000  21.5%     -    0s
     0     0  636.50000    0   91  811.00000  636.50000  21.5%     -    0s
     0     0  636.50000    0   96  811.00000  636.50000  21.5%     -    0s
     0     0  636.50000    0   96  811.00000  636.50000  21.5%     -    0s
     0     0  637.50000    0   63  811.00000  637.50000  21.4%     -    0s
     0     0  637.50000    0   62  811.00000  637.50000  21.4%     -    0s
     0     0  637.50000    0   79  811.00000  637.50000  21.4%     -    0s
     0     0  637.50000    0   76  811.00000  637.50000  21.4%     -    0s
     0     0  638.00000    0   76  811.00000  638.00000  21.3%     -    0s
     0     2  639.50000    0   73  811.00000  639.50000  21.1%     -    0s
H   27    40                     794.0000000  639.50000  19.5%  29.0    1s
H   28    40                     755.0000000  639.50000  15.3%  29.1    1s
H 2471  2046                     752.0000000  639.87817  14.9%   6.6    4s
H 2471  1943                     735.0000000  639.87817  12.9%   6.6    4s
H 2472  1847                     734.0000000  640.29507  12.8%   6.6    5s
H 2472  1754                     733.0000000  640.29507  12.6%   6.6    5s
H 2475  1668                     727.0000000  640.60748  11.9%   6.6    5s
H 2570  1665                     718.0000000  640.60748  10.8%   8.1    7s
H 2584  1582                     714.0000000  640.60748  10.3%   8.2    7s
H 2628  1551                     707.0000000  640.60748  9.39%   8.4    7s
  5254  2540  687.59872   41   59  707.00000  640.60748  9.39%  10.7   10s
* 8153  3174              36     706.0000000  647.73906  8.25%  12.3   11s
H 9917  3536                     705.0000000  650.64440  7.71%  13.1   13s
H 9920  3143                     699.0000000  650.64440  6.92%  13.1   13s
 11031  3185  672.00000   24   50  699.00000  654.92418  6.31%  13.6   15s
 17670  1930  695.04628   24   26  699.00000  681.50000  2.50%  15.0   20s

Cutting planes:
  Learned: 390
  Gomory: 133
  Lift-and-project: 8
  Cover: 21
  Implied bound: 9
  Projected implied bound: 16
  MIR: 34
  Mixing: 5
  StrongCG: 1
  Flow cover: 165
  Inf proof: 20
  Zero half: 21
  Mod-K: 3
  RLT: 29
  Relax-and-lift: 31
  BQP: 3
  PSD: 3

Explored 22621 nodes (341522 simplex iterations) in 24.18 seconds (8.37 work units)
Thread count was 20 (of 20 available processors)

Solution count 10: 699 705 706 ... 735

Optimal solution found (tolerance 0.00e+00)
Best objective 6.990000000000e+02, best bound 6.990000000000e+02, gap 0.0000%

 	 Optimal Solution:
	x[0,1]: 1.0 
	x[1,2]: 1.0 
	x[2,3]: 1.0 
	x[3,4]: 1.0 
	x[4,5]: 1.0 
	x[5,6]: 1.0 
	x[6,7]: 1.0 
	x[7,8]: 1.0 
	x[8,9]: 1.0 
	x[9,10]: 1.0 
	x[10,11]: 1.0 
	x[11,12]: 1.0 
	x[12,13]: 1.0 
	x[13,14]: 1.0 
	x[14,15]: 1.0 
	x[15,16]: 1.0 
	x[16,17]: 1.0 
	x[17,18]: 1.0 
	x[18,19]: 1.0 
	x[19,20]: 1.0 
	x[20,21]: 1.0 
	x[21,22]: 1.0 
	x[22,23]: 1.0 
	x[23,24]: 1.0 
	x[24,25]: 1.0 
	x[25,26]: 1.0 
	x[26,27]: 1.0 
	x[27,28]: 1.0 
	x[28,29]: 1.0 
	x[29,30]: 1.0 
	x[30,31]: 1.0 
	x[31,32]: 1.0 
	x[32,33]: 1.0 
	x[33,34]: 1.0 
	x[34,35]: 1.0 
	x[35,36]: 1.0 
	x[36,37]: 1.0 
	x[37,38]: 1.0 
	x[38,39]: 1.0 
	x[39,40]: 1.0 
	x[40,41]: 1.0 
	x[41,0]: 1.0 
	u[0]: 38.0 
	u[1]: 39.0 
	u[2]: 40.0 
	u[3]: 41.0 
	u[4]: 42.0 
	u[5]: 1.0 
	u[6]: 2.0 
	u[7]: 3.0 
	u[8]: 4.0 
	u[9]: 5.0 
	u[10]: 6.0 
	u[11]: 7.0 
	u[12]: 8.0 
	u[13]: 9.0 
	u[14]: 10.0 
	u[15]: 11.0 
	u[16]: 12.0 
	u[17]: 13.0 
	u[18]: 14.0 
	u[19]: 15.0 
	u[20]: 16.0 
	u[21]: 17.0 
	u[22]: 18.0 
	u[23]: 19.0 
	u[24]: 20.0 
	u[25]: 21.0 
	u[26]: 22.0 
	u[27]: 23.0 
	u[28]: 24.0 
	u[29]: 25.0 
	u[30]: 26.0 
	u[31]: 27.0 
	u[32]: 28.0 
	u[33]: 29.0 
	u[34]: 30.0 
	u[35]: 31.0 
	u[36]: 32.0 
	u[37]: 33.0 
	u[38]: 34.0 
	u[39]: 35.0 
	u[40]: 36.0 
	u[41]: 37.0 
	objective value: 699.0