
Gurobi 11.0.3 (win64) logging started Fri Mar 14 16:29:04 2025

Set parameter LogFile to value "logs/3b_f2_rat99.log"
Set parameter MIPGap to value 0
Set parameter TimeLimit to value 3600
Set parameter Presolve to value 0
Gurobi Optimizer version 11.0.3 build v11.0.3rc0 (win64 - Windows 11+.0 (26100.2))

CPU model: 12th Gen Intel(R) Core(TM) i7-12700, instruction set [SSE2|AVX|AVX2]
Thread count: 12 physical cores, 20 logical processors, using up to 20 threads

Optimize a model with 10098 rows, 9900 columns and 48514 nonzeros
Model fingerprint: 0xbb59d546
Variable types: 0 continuous, 9900 integer (9801 binary)
Coefficient statistics:
  Matrix range     [1e+00, 1e+02]
  Objective range  [4e+00, 2e+02]
  Bounds range     [1e+00, 1e+00]
  RHS range        [1e+00, 1e+02]
Variable types: 0 continuous, 9900 integer (9801 binary)

Root relaxation: objective 1.090899e+03, 389 iterations, 0.03 seconds (0.02 work units)

    Nodes    |    Current Node    |     Objective Bounds      |     Work
 Expl Unexpl |  Obj  Depth IntInf | Incumbent    BestBd   Gap | It/Node Time

     0     0 1090.89899    0  174          - 1090.89899      -     -    0s
     0     0 1173.05724    0  258          - 1173.05724      -     -    1s
     0     0 1173.05724    0  239          - 1173.05724      -     -    1s
     0     0 1198.00000    0  250          - 1198.00000      -     -    2s
     0     0 1198.00000    0  246          - 1198.00000      -     -    2s
     0     0 1198.50000    0  261          - 1198.50000      -     -    2s
     0     0 1198.50000    0  266          - 1198.50000      -     -    2s
     0     0 1198.50000    0  264          - 1198.50000      -     -    3s
     0     0 1198.50000    0  266          - 1198.50000      -     -    3s
H    0     0                    1454.0000000 1198.50000  17.6%     -    3s
     0     0 1198.50000    0  174 1454.00000 1198.50000  17.6%     -    3s
H    0     0                    1289.0000000 1198.50000  7.02%     -    5s
     0     0 1198.50000    0  171 1289.00000 1198.50000  7.02%     -    5s
     0     0 1198.50000    0  213 1289.00000 1198.50000  7.02%     -    6s
     0     0 1198.50000    0  248 1289.00000 1198.50000  7.02%     -    6s
     0     0 1198.50000    0  200 1289.00000 1198.50000  7.02%     -    6s
     0     0 1198.50000    0  200 1289.00000 1198.50000  7.02%     -    6s
     0     0 1198.70000    0  206 1289.00000 1198.70000  7.01%     -    7s
     0     0 1199.00000    0  205 1289.00000 1199.00000  6.98%     -    7s
     0     0 1199.00000    0  214 1289.00000 1199.00000  6.98%     -    7s
     0     0 1199.50000    0  214 1289.00000 1199.50000  6.94%     -    7s
     0     0 1199.50000    0  227 1289.00000 1199.50000  6.94%     -    7s
     0     0 1199.50000    0  227 1289.00000 1199.50000  6.94%     -    7s
     0     0 1199.50000    0  201 1289.00000 1199.50000  6.94%     -    8s
     0     0 1199.50000    0  199 1289.00000 1199.50000  6.94%     -    8s
     0     2 1203.00000    0  172 1289.00000 1203.00000  6.67%     -    8s
    91   109 1203.00000   10   93 1289.00000 1203.00000  6.67%  44.8   10s
H  304   323                    1274.0000000 1203.00000  5.57%  25.5   12s
   921   959 1204.51136    9   66 1274.00000 1203.00000  5.57%  14.5   15s
  2325  2380 1213.79392  144   99 1274.00000 1203.00000  5.57%  10.0   20s
H 3250  2995                    1255.0000000 1203.00000  4.14%   9.3   23s
  3588  3262 1251.70992  117  181 1255.00000 1203.00000  4.14%   9.5   27s
H 3588  3098                    1252.0000000 1203.00000  3.91%   9.5   29s
H 3588  2943                    1245.0000000 1203.00000  3.37%   9.5   30s
  3592  2946 1238.70000   82  252 1245.00000 1203.00000  3.37%   9.5   37s
  3593  2947 1215.20000  135  224 1245.00000 1203.00000  3.37%   9.5   43s
H 3596  2802                    1238.0000000 1204.03083  2.74%   9.5   48s
H 3597  2661                    1228.0000000 1204.03083  1.95%   9.5   48s
  3599  2663 1205.79509   82  250 1228.00000 1204.03083  1.95%   9.5   50s
  3607  2668 1228.00000   40  263 1228.00000 1206.00577  1.79%   9.5   55s
H 3608  2536                    1223.0000000 1206.57825  1.34%   9.5   57s
H 3609  2408                    1222.0000000 1206.77738  1.25%   9.5   59s
  3611  2410 1212.93687  193  289 1222.00000 1206.77831  1.25%   9.5   60s
H 3611  2289                    1213.0000000 1207.02027  0.49%   9.5   62s
H 3611  2175                    1212.0000000 1207.02027  0.41%   9.5   62s
  3613  2176 1207.23970   15  288 1212.00000 1207.23970  0.39%   9.5   65s
H 3615  2067                    1211.0000000 1207.39901  0.30%   9.5   69s
  3616  2068 1211.00000  168  281 1211.00000 1207.39901  0.30%   9.4   70s
  3637  2087 1207.74065   14  156 1211.00000 1207.74065  0.27%  11.7   75s
  3661  2103 1207.90735   17  269 1211.00000 1207.74423  0.27%  12.2   80s
  3827  2060 1208.71850   19  144 1211.00000 1207.91131  0.26%  13.8   85s
  4015  1965 1209.00000   22   81 1211.00000 1208.00467  0.25%  14.9   90s

Cutting planes:
  Learned: 64
  Gomory: 47
  Lift-and-project: 1
  Cover: 1
  Implied bound: 3
  Projected implied bound: 9
  MIR: 44
  Mixing: 7
  Flow cover: 211
  Inf proof: 1
  Zero half: 57
  RLT: 84
  Relax-and-lift: 23
  BQP: 7
  PSD: 4

Explored 4055 nodes (63976 simplex iterations) in 92.28 seconds (22.13 work units)
Thread count was 20 (of 20 available processors)

Solution count 10: 1211 1212 1213 ... 1255

Optimal solution found (tolerance 0.00e+00)
Best objective 1.211000000000e+03, best bound 1.211000000000e+03, gap 0.0000%

 	 Optimal Solution:
	x[0,9]: 1.0 
	x[1,0]: 1.0 
	x[2,1]: 1.0 
	x[3,2]: 1.0 
	x[4,13]: 1.0 
	x[5,4]: 1.0 
	x[6,5]: 1.0 
	x[7,6]: 1.0 
	x[8,7]: 1.0 
	x[9,10]: 1.0 
	x[10,11]: 1.0 
	x[11,12]: 1.0 
	x[12,21]: 1.0 
	x[13,3]: 1.0 
	x[14,15]: 1.0 
	x[15,16]: 1.0 
	x[16,17]: 1.0 
	x[17,8]: 1.0 
	x[18,27]: 1.0 
	x[19,18]: 1.0 
	x[20,19]: 1.0 
	x[21,20]: 1.0 
	x[22,14]: 1.0 
	x[23,22]: 1.0 
	x[24,23]: 1.0 
	x[25,24]: 1.0 
	x[26,25]: 1.0 
	x[27,36]: 1.0 
	x[28,29]: 1.0 
	x[29,30]: 1.0 
	x[30,31]: 1.0 
	x[31,32]: 1.0 
	x[32,33]: 1.0 
	x[33,42]: 1.0 
	x[34,26]: 1.0 
	x[35,34]: 1.0 
	x[36,28]: 1.0 
	x[37,46]: 1.0 
	x[38,47]: 1.0 
	x[39,38]: 1.0 
	x[40,39]: 1.0 
	x[41,40]: 1.0 
	x[42,41]: 1.0 
	x[43,35]: 1.0 
	x[44,43]: 1.0 
	x[45,54]: 1.0 
	x[46,45]: 1.0 
	x[47,37]: 1.0 
	x[48,49]: 1.0 
	x[49,50]: 1.0 
	x[50,51]: 1.0 
	x[51,52]: 1.0 
	x[52,53]: 1.0 
	x[53,44]: 1.0 
	x[54,63]: 1.0 
	x[55,56]: 1.0 
	x[56,57]: 1.0 
	x[57,58]: 1.0 
	x[58,67]: 1.0 
	x[59,48]: 1.0 
	x[60,59]: 1.0 
	x[61,60]: 1.0 
	x[62,61]: 1.0 
	x[63,64]: 1.0 
	x[64,55]: 1.0 
	x[65,74]: 1.0 
	x[66,65]: 1.0 
	x[67,66]: 1.0 
	x[68,69]: 1.0 
	x[69,70]: 1.0 
	x[70,79]: 1.0 
	x[71,62]: 1.0 
	x[72,81]: 1.0 
	x[73,72]: 1.0 
	x[74,73]: 1.0 
	x[75,76]: 1.0 
	x[76,77]: 1.0 
	x[77,68]: 1.0 
	x[78,87]: 1.0 
	x[79,80]: 1.0 
	x[80,71]: 1.0 
	x[81,82]: 1.0 
	x[82,90]: 1.0 
	x[83,75]: 1.0 
	x[84,83]: 1.0 
	x[85,84]: 1.0 
	x[86,85]: 1.0 
	x[87,86]: 1.0 
	x[88,78]: 1.0 
	x[89,88]: 1.0 
	x[90,91]: 1.0 
	x[91,92]: 1.0 
	x[92,93]: 1.0 
	x[93,94]: 1.0 
	x[94,95]: 1.0 
	x[95,96]: 1.0 
	x[96,97]: 1.0 
	x[97,98]: 1.0 
	x[98,89]: 1.0 
	u[0]: 7.0 
	u[1]: 6.0 
	u[2]: 5.0 
	u[3]: 4.0 
	u[4]: 2.0 
	u[5]: 1.0 
	u[6]: 99.0 
	u[7]: 98.0 
	u[8]: 97.0 
	u[9]: 8.0 
	u[10]: 9.0 
	u[11]: 10.0 
	u[12]: 11.0 
	u[13]: 3.0 
	u[14]: 93.0 
	u[15]: 94.0 
	u[16]: 95.0 
	u[17]: 96.0 
	u[18]: 15.0 
	u[19]: 14.0 
	u[20]: 13.0 
	u[21]: 12.0 
	u[22]: 92.0 
	u[23]: 91.0 
	u[24]: 90.0 
	u[25]: 89.0 
	u[26]: 88.0 
	u[27]: 16.0 
	u[28]: 18.0 
	u[29]: 19.0 
	u[30]: 20.0 
	u[31]: 21.0 
	u[32]: 22.0 
	u[33]: 23.0 
	u[34]: 87.0 
	u[35]: 86.0 
	u[36]: 17.0 
	u[37]: 30.0 
	u[38]: 28.0 
	u[39]: 27.0 
	u[40]: 26.0 
	u[41]: 25.0 
	u[42]: 24.0 
	u[43]: 85.0 
	u[44]: 84.0 
	u[45]: 32.0 
	u[46]: 31.0 
	u[47]: 29.0 
	u[48]: 78.0 
	u[49]: 79.0 
	u[50]: 80.0 
	u[51]: 81.0 
	u[52]: 82.0 
	u[53]: 83.0 
	u[54]: 33.0 
	u[55]: 36.0 
	u[56]: 37.0 
	u[57]: 38.0 
	u[58]: 39.0 
	u[59]: 77.0 
	u[60]: 76.0 
	u[61]: 75.0 
	u[62]: 74.0 
	u[63]: 34.0 
	u[64]: 35.0 
	u[65]: 42.0 
	u[66]: 41.0 
	u[67]: 40.0 
	u[68]: 68.0 
	u[69]: 69.0 
	u[70]: 70.0 
	u[71]: 73.0 
	u[72]: 45.0 
	u[73]: 44.0 
	u[74]: 43.0 
	u[75]: 65.0 
	u[76]: 66.0 
	u[77]: 67.0 
	u[78]: 59.0 
	u[79]: 71.0 
	u[80]: 72.0 
	u[81]: 46.0 
	u[82]: 47.0 
	u[83]: 64.0 
	u[84]: 63.0 
	u[85]: 62.0 
	u[86]: 61.0 
	u[87]: 60.0 
	u[88]: 58.0 
	u[89]: 57.0 
	u[90]: 48.0 
	u[91]: 49.0 
	u[92]: 50.0 
	u[93]: 51.0 
	u[94]: 52.0 
	u[95]: 53.0 
	u[96]: 54.0 
	u[97]: 55.0 
	u[98]: 56.0 
	objective value: 1211.0