
Gurobi 12.0.1 (win64) logging started Mon Mar 10 19:42:46 2025

Set parameter LogFile to value "logs/3c_f3_rat99.log"
Set parameter MIPGap to value 0
Set parameter TimeLimit to value 3600
Set parameter Cuts to value 0
Gurobi Optimizer version 12.0.1 build v12.0.1rc0 (win64 - Windows 11.0 (26100.2))

CPU model: 12th Gen Intel(R) Core(TM) i7-12700, instruction set [SSE2|AVX|AVX2]
Thread count: 12 physical cores, 20 logical processors, using up to 20 threads

Non-default parameters:
TimeLimit  3600
MIPGap  0
Cuts  0

Optimize a model with 10098 rows, 9900 columns and 48514 nonzeros
Model fingerprint: 0xbb59d546
Variable types: 0 continuous, 9900 integer (9801 binary)
Coefficient statistics:
  Matrix range     [1e+00, 1e+02]
  Objective range  [4e+00, 2e+02]
  Bounds range     [1e+00, 1e+00]
  RHS range        [1e+00, 1e+02]
Presolve removed 394 rows and 100 columns
Presolve time: 0.13s
Presolved: 9704 rows, 9800 columns, 47922 nonzeros
Variable types: 0 continuous, 9800 integer (9702 binary)

Root relaxation: objective 1.090918e+03, 405 iterations, 0.03 seconds (0.02 work units)

    Nodes    |    Current Node    |     Objective Bounds      |     Work
 Expl Unexpl |  Obj  Depth IntInf | Incumbent    BestBd   Gap | It/Node Time

     0     0 1090.91837    0  178          - 1090.91837      -     -    0s
     0     0 1090.91837    0  165          - 1090.91837      -     -    0s
     0     2 1091.00000    0  165          - 1091.00000      -     -    2s
   314   352 1160.19983   20   94          - 1099.87755      -  34.0    5s
  1206  1230 1218.90306  115   52          - 1099.87755      -  17.4   10s
  2010  2058 1223.50510  206   77          - 1099.87755      -  13.7   15s
  2915  2915 1606.67857  264   83          - 1099.87755      -  11.7   20s
  3844  3890 1630.96088  340   50          - 1099.87755      -  10.5   26s
* 3920  3890             380    2802.0000000 1099.87755  60.7%  10.4   26s
H 4094  3895                    2479.0000000 1099.87755  55.6%  10.2   26s
H 4101  3894                    2445.0000000 1099.87755  55.0%  10.2   26s
H 4101  3878                    2328.0000000 1099.87755  52.8%  10.2   26s
H 4260  4032                    2305.0000000 1099.87755  52.3%  10.1   28s
H 4269  4026                    2226.0000000 1099.87755  50.6%  10.1   28s
H 4449  4194                    2192.0000000 1099.87755  49.8%  10.0   29s
  4461  4370 1964.68367  395   19 2192.00000 1099.87755  49.8%  10.0   30s
H 4650  4087                    1756.0000000 1099.87755  37.4%   9.9   31s
  5387  4843 1133.39235    7  179 1756.00000 1099.87755  37.4%  10.4   35s
H 5878  5130                    1743.0000000 1099.87755  36.9%  10.8   36s
  5879  5131 1501.63265  284  165 1743.00000 1099.87755  36.9%  10.8   41s
H 5883  4879                    1346.0000000 1103.91837  18.0%   0.2   49s
  5931  4920 1119.44330   18  177 1346.00000 1103.91837  18.0%   0.5   50s
  6388  5175 1177.07585   38  128 1346.00000 1103.91837  18.0%   1.9   55s
  6864  5433 1200.20766   55  136 1346.00000 1103.91837  18.0%   3.0   60s
  7295  5687 1297.88265   76  214 1346.00000 1103.91837  18.0%   3.7   65s
  7846  5909 1279.09278   96  186 1346.00000 1103.91837  18.0%   4.7   70s
H 7870  5680                    1345.0000000 1103.91837  17.9%   4.7   73s
H 7884  5432                    1338.0000000 1103.91837  17.5%   4.7   73s
  8007  5569 infeasible  108      1338.00000 1103.91837  17.5%   4.9   75s
  8498  5900 1222.45704   61  103 1338.00000 1103.91837  17.5%   5.6   80s
  9146  6272 1310.94502  123  256 1338.00000 1103.91837  17.5%   6.3   86s
  9799  6565 1204.67869   33  211 1338.00000 1103.91837  17.5%   6.8   90s
 10445  6927 1280.49098   90  249 1338.00000 1103.91837  17.5%   7.4   95s
 11260  7324 1320.99742  127  149 1338.00000 1106.18557  17.3%   8.0  100s
 12178  7831 1224.52577   60   49 1338.00000 1107.89485  17.2%   8.7  105s
 12926  8245 1310.28866  114   28 1338.00000 1107.97938  17.2%   9.1  110s
 13707  8682 1213.15729   45  300 1338.00000 1108.90515  17.1%   9.3  115s
 14529  8988 1183.85309   33  133 1338.00000 1112.86598  16.8%   9.6  120s
H14864  7922                    1313.0000000 1112.86598  15.2%   9.8  122s
 15260  8616 1267.11856   71  104 1313.00000 1113.09278  15.2%  10.0  127s
 15826  8776 1271.90206  128   90 1313.00000 1113.74227  15.2%  10.1  130s
 16791  9231 1225.47251   43  161 1313.00000 1115.14948  15.1%  10.5  135s
 17884  9533 1208.02205   39  272 1313.00000 1117.52835  14.9%  11.1  141s
 18246 10231 1219.24442   49  277 1313.00000 1117.52835  14.9%  11.3  147s
 19255 10555     cutoff   85      1313.00000 1118.56701  14.8%  11.5  150s
*20244  6483              81    1251.0000000 1119.44330  10.5%  11.7  154s
 20464  6659 1149.21649   24  148 1251.00000 1119.44330  10.5%  11.7  158s
 21215  7122 1238.80412   76   40 1251.00000 1120.40206  10.4%  12.0  161s
 21990  7632 1246.71134   71   85 1251.00000 1120.52577  10.4%  12.2  165s
 23535  8608     cutoff   57      1251.00000 1124.46048  10.1%  12.6  172s
 24289  9113 1243.87629   46  106 1251.00000 1125.52577  10.0%  12.8  176s
 25893 10108 1144.15464   22  110 1251.00000 1126.54639  9.95%  13.2  183s
 26805 10346 1152.08591   23  141 1251.00000 1128.48454  9.79%  13.4  186s
 27200 10801 1221.82887   52  172 1251.00000 1128.48454  9.79%  13.5  190s
 28806 11721 1239.63476   54  266 1251.00000 1130.34708  9.64%  13.8  197s
 29496 12247 1227.74794   59  290 1251.00000 1130.53608  9.63%  14.0  201s
 30364 12772 1212.44330   43   97 1251.00000 1130.99072  9.59%  14.1  205s
 31215 13263 1222.36770   41  105 1251.00000 1131.96392  9.52%  14.4  211s
 32157 14028 1203.73093   33  203 1251.00000 1133.52921  9.39%  14.6  216s
 33482 14820 1225.62629   40  274 1251.00000 1134.48454  9.31%  14.7  222s
 34791 14827 infeasible   52      1251.00000 1135.61512  9.22%  15.0  227s
H34803 11697                    1234.0000000 1135.61512  7.97%  15.0  227s
 34805 11897     cutoff   55      1234.00000 1136.24399  7.92%  15.0  231s
H34839 11704                    1233.0000000 1136.24399  7.85%  15.0  231s
H34931  9695                    1223.0000000 1136.24399  7.09%  15.0  231s
 35199 10328 1186.67354   29  376 1223.00000 1136.29897  7.09%  15.1  237s
 36466 11090 1192.64948   33   91 1223.00000 1137.26804  7.01%  15.3  245s
 37964 11791 1215.41924   35   84 1223.00000 1138.39347  6.92%  15.6  251s
 39266 12256 1221.75945   39  117 1223.00000 1139.63574  6.82%  15.9  256s
 40131 12847 1205.47938   41  140 1223.00000 1140.50000  6.75%  16.1  262s
 41224 13371 1213.69691   37  130 1223.00000 1140.50000  6.75%  16.3  268s
 42367 13707     cutoff   39      1223.00000 1141.05155  6.70%  16.5  272s
H42445 13488                    1222.0000000 1141.05155  6.62%  16.5  272s
 43142 14070 1206.73540   38  126 1222.00000 1141.38832  6.60%  16.6  279s
 44411 14619 1177.83711   29  128 1222.00000 1144.58866  6.33%  16.9  285s
 45813 14983 1208.92416   34  346 1222.00000 1145.50722  6.26%  17.1  292s
 47029 15532 1199.38144   30  137 1222.00000 1146.44845  6.18%  17.3  298s
 48508 16057 1181.54845   29  152 1222.00000 1147.40378  6.10%  17.5  304s
 49927 16517 infeasible   38      1222.00000 1148.68041  6.00%  17.7  309s
 50823 17197 1168.25773   29  140 1222.00000 1149.25086  5.95%  17.8  315s
 52210 17872 1218.61856   42  164 1222.00000 1150.00945  5.89%  18.0  320s
 53725 18530 1179.81661   28  238 1222.00000 1150.31615  5.87%  18.1  327s
 55303 19274 1191.80550   32  202 1222.00000 1151.06048  5.81%  18.3  334s
 56663 19881 1200.34021   39  107 1222.00000 1151.30584  5.79%  18.5  339s
 58097 20346 1196.66438   52  114 1222.00000 1151.93677  5.73%  18.6  343s
 59182 20713 1175.00653   29  174 1222.00000 1152.27526  5.71%  18.7  348s
 60110 21408 1202.72680   34  181 1222.00000 1152.93471  5.65%  18.8  352s
 61420 22034 1207.81787   39  161 1222.00000 1153.09278  5.64%  18.9  358s
 62903 22520 infeasible   40      1222.00000 1153.66186  5.59%  19.0  362s
 64033 22965 1204.33162   35  174 1222.00000 1154.01031  5.56%  19.1  367s
 65180 23509 1206.86770   40  149 1222.00000 1154.32646  5.54%  19.2  371s
 66407 23962 1213.34364   38  171 1222.00000 1154.90378  5.49%  19.3  377s
 67877 24224 1212.74248   37  304 1222.00000 1155.13746  5.47%  19.4  381s
 68798 24746 1170.03265   28  259 1222.00000 1155.36048  5.45%  19.6  385s
 71224 25915 1203.70619   33  132 1222.00000 1156.00687  5.40%  19.7  394s
 72630 26578 1207.72509   34  155 1222.00000 1156.32646  5.37%  19.8  399s
 74067 27054     cutoff   43      1222.00000 1156.97251  5.32%  19.9  405s
 76616 28002 1188.70275   31  173 1222.00000 1157.80069  5.25%  20.1  414s
 77902 28369 1196.61856   31  202 1222.00000 1158.05361  5.23%  20.2  418s
 79084 28823 1174.10036   26  320 1222.00000 1158.23024  5.22%  20.2  422s
 80309 29304 1204.03093   47   72 1222.00000 1158.82474  5.17%  20.3  426s
H80413 27974                    1218.0000000 1158.82474  4.86%  20.3  426s
 81203 28509 1185.91360   31  270 1218.00000 1158.99828  4.84%  20.4  430s
 82447 28901 1159.40893   28  172 1218.00000 1159.07216  4.84%  20.4  436s
 83609 29453     cutoff   34      1218.00000 1159.15979  4.83%  20.5  440s
 84877 30173 1188.44674   31  158 1218.00000 1159.77801  4.78%  20.6  445s
 86514 30578 1184.52784   31  133 1218.00000 1159.91409  4.77%  20.6  450s
 87219 31185 1203.57045   37  152 1218.00000 1159.95979  4.77%  20.6  456s
 88862 31554 1212.82474   36  160 1218.00000 1160.05842  4.76%  20.6  460s
 91295 32339 1214.60103   35  140 1218.00000 1160.38144  4.73%  20.8  469s
 92460 32945 1214.53093   33   80 1218.00000 1160.74227  4.70%  20.9  475s
 95142 33789 1182.68557   29  215 1218.00000 1161.09622  4.67%  21.0  482s
 96211 34044 1216.23643   54  171 1218.00000 1161.11512  4.67%  21.0  486s
 97316 34444 1213.08677   36  179 1218.00000 1161.36186  4.65%  21.1  490s
 99429 35313 1200.79553   33  150 1218.00000 1161.86082  4.61%  21.2  498s
 100547 35703 infeasible   44      1218.00000 1161.98076  4.60%  21.2  502s
 101660 36102     cutoff   38      1218.00000 1162.07646  4.59%  21.3  506s
 102798 36530 1211.57560   38  109 1218.00000 1162.22337  4.58%  21.3  510s
 104043 37116 infeasible   35      1218.00000 1162.53265  4.55%  21.4  515s
 105401 37613 1199.51546   31  106 1218.00000 1162.79381  4.53%  21.4  520s
 108375 38556 infeasible   43      1218.00000 1163.00550  4.52%  21.5  529s
 109847 38830     cutoff   32      1218.00000 1163.18763  4.50%  21.6  533s
 110950 39041 1200.10567   38  276 1218.00000 1163.38557  4.48%  21.6  538s
 112133 39542 1196.52577   35   91 1218.00000 1163.65979  4.46%  21.7  542s
 113218 40112 1194.61426   29  137 1218.00000 1163.76289  4.45%  21.7  547s
 114830 40562 infeasible   35      1218.00000 1163.87457  4.44%  21.7  552s
 116108 40926 1210.46544   33  255 1218.00000 1163.95876  4.44%  21.7  556s
 118440 41558 1190.68557   32  212 1218.00000 1164.17526  4.42%  21.8  563s
 119666 42143 1211.89175   43  187 1218.00000 1164.35258  4.40%  21.8  568s
 120995 42470 1183.19914   28  185 1218.00000 1164.72165  4.37%  21.9  571s
 122214 43004 1169.97079   28  176 1218.00000 1164.83505  4.36%  21.9  575s
 123388 43495 1209.76289   37  197 1218.00000 1164.90722  4.36%  21.9  580s
 125839 44317 1180.81959   29  216 1218.00000 1165.05052  4.35%  22.0  588s
 127040 44682     cutoff   36      1218.00000 1165.15808  4.34%  22.0  592s
 128257 45015 1166.97595   25  154 1218.00000 1165.32990  4.32%  22.1  596s
 129571 45478     cutoff   32      1218.00000 1165.68385  4.30%  22.1  600s
 130621 46210 1177.62337   28  215 1218.00000 1165.75258  4.29%  22.1  606s
 133589 46909 1210.52715   32  201 1218.00000 1165.95876  4.27%  22.2  614s
 134613 47282 1206.55326   38  208 1218.00000 1166.04467  4.27%  22.2  617s
 135746 47541 1207.49485   36  128 1218.00000 1166.12371  4.26%  22.3  621s
 136694 47853 1209.64261   37  138 1218.00000 1166.17526  4.25%  22.3  625s
 137879 48215 infeasible   29      1218.00000 1166.59794  4.22%  22.3  633s
 138846 48548     cutoff   37      1218.00000 1166.68076  4.21%  22.3  638s
 140016 49001 1197.69416   37  243 1218.00000 1166.79381  4.20%  22.4  642s
 141198 49443 1212.74227   34  101 1218.00000 1166.88660  4.20%  22.4  647s
 142670 49805 1214.34536   35  127 1218.00000 1166.98969  4.19%  22.4  652s
 143931 50342     cutoff   36      1218.00000 1167.06186  4.18%  22.4  657s
 145575 50616 1200.46392   31  192 1218.00000 1167.23918  4.17%  22.5  661s
 146686 51232 1214.44330   42   47 1218.00000 1167.47766  4.15%  22.5  665s
 148249 51650 1208.86318   35  324 1218.00000 1167.69966  4.13%  22.5  670s
 149233 52484 1187.97526   31  165 1218.00000 1167.75464  4.13%  22.5  675s
 151331 52830 1193.90309   36  173 1218.00000 1167.88660  4.11%  22.6  680s
 153644 53686 1205.42268   35   87 1218.00000 1167.97938  4.11%  22.6  687s
 154709 54114 1212.45189   37  212 1218.00000 1168.02165  4.10%  22.6  692s
 156151 54346 1173.25430   32  164 1218.00000 1168.07560  4.10%  22.7  695s
 157186 54595 1202.08522   37  168 1218.00000 1168.14433  4.09%  22.7  700s
 159140 55249 1209.62371   35  114 1218.00000 1168.47423  4.07%  22.7  707s
 160229 55455 1185.51753   28  129 1218.00000 1168.64811  4.05%  22.7  713s
 160794 55626 1206.93814   39   62 1218.00000 1168.64811  4.05%  22.7  719s
 161219 55794 1173.99553   24  197 1218.00000 1168.68557  4.05%  22.7  724s
 161608 55938 1194.90292   34  226 1218.00000 1168.68557  4.05%  22.7  730s
 162117 56101 1210.37113   37   70 1218.00000 1168.68729  4.05%  22.7  735s
 162625 56530 1186.76220   29  189 1218.00000 1168.69278  4.05%  22.7  741s
 163464 57056 1213.15464   39  176 1218.00000 1168.76976  4.04%  22.7  748s
 164868 57561 1190.74914   29  155 1218.00000 1168.85842  4.03%  22.8  754s
 166552 57936 infeasible   35      1218.00000 1168.93814  4.03%  22.8  760s
 167788 58396 1196.08110   33  260 1218.00000 1169.00687  4.02%  22.8  765s
 169381 58636 1186.46801   33  287 1218.00000 1169.11546  4.01%  22.8  770s
 170438 59036     cutoff   35      1218.00000 1169.20619  4.01%  22.8  775s
 172902 59941     cutoff   41      1218.00000 1169.65979  3.97%  22.9  784s
 174313 60446 1214.17732   36  125 1218.00000 1169.73196  3.96%  22.9  788s
 175741 60846 1210.87251   34  176 1218.00000 1169.78694  3.96%  22.9  792s
 176714 61354 infeasible   32      1218.00000 1169.81959  3.96%  22.9  797s
 178195 61634 1186.83505   31   99 1218.00000 1169.87113  3.95%  22.9  800s
 179957 62350 1209.49485   35   91 1218.00000 1169.93986  3.95%  22.9  809s
 181387 62725 1201.95361   37  175 1218.00000 1169.99141  3.94%  22.9  813s
 182503 63109 infeasible   40      1218.00000 1170.04467  3.94%  22.9  819s
 183926 63453     cutoff   36      1218.00000 1170.12887  3.93%  22.9  823s
 185245 63686 infeasible   38      1218.00000 1170.22680  3.92%  23.0  828s
 186410 64322 1212.86598   34  123 1218.00000 1170.40206  3.91%  23.0  834s
 188050 64862 1206.71735   43  104 1218.00000 1170.64519  3.89%  23.0  837s
 189044 65447 1195.20962   36   92 1218.00000 1170.67402  3.89%  23.0  843s
 190580 65904 1185.74227   33   85 1218.00000 1170.74914  3.88%  23.0  847s
 192134 66288     cutoff   36      1218.00000 1170.80412  3.87%  23.0  852s
 193566 66536     cutoff   36      1218.00000 1170.84570  3.87%  23.0  855s
 194510 66843 1195.84021   30  116 1218.00000 1170.88660  3.87%  23.0  860s
 196833 67367 1208.36426   35  138 1218.00000 1170.96564  3.86%  23.0  867s
 197901 67657 1209.53608   36  132 1218.00000 1171.01718  3.86%  23.0  872s
 199367 67837     cutoff   47      1218.00000 1171.08395  3.85%  23.0  875s
 201027 68341 1209.59863   35  223 1218.00000 1171.19416  3.84%  23.1  884s
 202112 68801 1185.90034   34  145 1218.00000 1171.31924  3.83%  23.1  889s
 203607 69351     cutoff   34      1218.00000 1171.52577  3.82%  23.1  893s
 204704 70020 1200.85223   35  116 1218.00000 1171.61856  3.81%  23.1  899s
 206533 70587 infeasible   46      1218.00000 1171.70790  3.80%  23.1  903s
 207990 70898 1188.47766   28  270 1218.00000 1171.76289  3.80%  23.1  907s
 208929 71299 1190.46907   32   85 1218.00000 1171.78351  3.79%  23.1  912s
 210276 71607 1202.66495   36  203 1218.00000 1171.80412  3.79%  23.1  915s
 211284 71972     cutoff   36      1218.00000 1171.83849  3.79%  23.1  920s
 213737 72591 1213.38218   45  185 1218.00000 1171.91615  3.78%  23.1  927s
 214739 73014 1180.79381   31  128 1218.00000 1171.95418  3.78%  23.1  932s
 216118 73245 infeasible   32      1218.00000 1172.00000  3.78%  23.1  935s
 218216 73932 1207.23436   33  214 1218.00000 1172.11616  3.77%  23.2  944s
 219607 74221 1198.75086   38  224 1218.00000 1172.21392  3.76%  23.2  948s
 220675 74540 1188.91065   30  130 1218.00000 1172.27835  3.75%  23.2  953s
 222247 74803 infeasible   38      1218.00000 1172.50515  3.74%  23.2  957s
 222940 75793 infeasible   38      1218.00000 1172.53952  3.73%  23.2  968s
 225816 76139 1194.47995   36  177 1218.00000 1172.71340  3.72%  23.2  972s
 226742 76555 1207.77320   37   72 1218.00000 1172.75258  3.71%  23.2  976s
 227770 76965 1198.52191   32  156 1218.00000 1172.76289  3.71%  23.2  982s
 229476 77413 1193.46598   30  146 1218.00000 1172.81271  3.71%  23.2  987s
 231007 77679 1215.53608   34  109 1218.00000 1172.85911  3.71%  23.2  990s
 231946 77910 1191.85773   34  214 1218.00000 1172.87629  3.70%  23.2  995s
 233019 77905 1185.90722   32   71 1218.00000 1172.92096  3.70%  23.2 1000s
 233045 77970 1196.73196   33   84 1218.00000 1172.92096  3.70%  23.2 1006s
 233234 78082 1196.85309   34  238 1218.00000 1172.92784  3.70%  23.2 1010s
 234126 78339     cutoff   36      1218.00000 1172.94845  3.70%  23.2 1015s
 235281 78578 1190.87801   29  150 1218.00000 1172.97938  3.70%  23.2 1020s
 237523 79197 1199.58763   36  122 1218.00000 1173.08454  3.69%  23.2 1029s
 238833 79668     cutoff   31      1218.00000 1173.14296  3.68%  23.3 1034s
 240503 79976 1202.73654   35  157 1218.00000 1173.24399  3.67%  23.3 1039s
 241653 80270 1201.26942   36  317 1218.00000 1173.46306  3.66%  23.3 1045s
 242550 80707 1201.82474   34  103 1218.00000 1173.50859  3.65%  23.3 1050s
 243930 81350 1185.60997   28  231 1218.00000 1173.63918  3.64%  23.2 1058s
 245774 81867     cutoff   42      1218.00000 1173.70653  3.64%  23.2 1064s
 247528 82439     cutoff   37      1218.00000 1173.75258  3.63%  23.2 1070s
 250141 83256 infeasible   42      1218.00000 1173.81357  3.63%  23.2 1079s
 251671 83604 1178.67698   32  174 1218.00000 1173.84536  3.63%  23.2 1083s
 252658 84060 1184.06186   31  128 1218.00000 1173.86942  3.62%  23.2 1089s
 254185 84342 1211.65945   35  232 1218.00000 1173.93814  3.62%  23.2 1092s
 255161 84705 1208.56014   37  172 1218.00000 1173.95876  3.62%  23.2 1097s
 256669 84993 infeasible   32      1218.00000 1174.00515  3.61%  23.2 1101s
 257771 85268 infeasible   37      1218.00000 1174.06048  3.61%  23.2 1107s
 259085 85495 1175.77320   26  124 1218.00000 1174.11890  3.60%  23.3 1112s
 260238 85808 1179.93729   30  207 1218.00000 1174.18557  3.60%  23.3 1117s
 261492 86237 1213.89863   32  249 1218.00000 1174.29897  3.59%  23.3 1122s
 263239 86535 infeasible   36      1218.00000 1174.52921  3.57%  23.3 1126s
 264314 87182     cutoff   38      1218.00000 1174.60052  3.56%  23.3 1131s
 266861 88025 1203.76289   31  122 1218.00000 1174.69543  3.56%  23.3 1140s
 269315 88560 1206.05241   47  113 1218.00000 1174.73883  3.55%  23.3 1145s
 270816 89366 1205.67784   33  115 1218.00000 1174.79072  3.55%  23.3 1153s
 272339 89765 1180.71478   35  213 1218.00000 1174.82589  3.54%  23.3 1157s
 273466 90204 1212.70103   39  168 1218.00000 1174.84536  3.54%  23.3 1162s
 274879 90417 1209.52577   31  111 1218.00000 1174.89003  3.54%  23.3 1165s
 275858 90716     cutoff   37      1218.00000 1174.90722  3.54%  23.3 1170s
 277366 90926 1207.64433   34   97 1218.00000 1174.93814  3.54%  23.3 1175s
 278496 91340 1207.78351   33  122 1218.00000 1174.97938  3.53%  23.3 1180s
 281249 91839 1213.73814   37  154 1218.00000 1175.09794  3.52%  23.3 1190s
 283634 92280 1205.79794   37  139 1218.00000 1175.28351  3.51%  23.3 1198s
H283784 81917                    1211.0000000 1175.28351  2.95%  23.3 1198s
 284550 82208     cutoff   36      1211.00000 1175.30412  2.95%  23.3 1203s
 286001 82495 1202.35052   33  177 1211.00000 1175.50000  2.93%  23.3 1207s
 287002 82875 1178.62887   26  147 1211.00000 1175.55670  2.93%  23.3 1213s
 288612 83248 1197.28866   37   92 1211.00000 1175.63918  2.92%  23.3 1218s
 290242 83369 1198.85567   34  151 1211.00000 1175.69278  2.92%  23.3 1222s
 290814 83481     cutoff   35      1211.00000 1175.71478  2.91%  23.3 1226s
 291828 83650 infeasible   39      1211.00000 1175.74227  2.91%  23.3 1230s
 292898 84005 1199.79210   34  179 1211.00000 1175.78007  2.91%  23.3 1236s
 294503 84165 infeasible   34      1211.00000 1175.83505  2.90%  23.3 1240s
 295557 84423 1179.83505   30  184 1211.00000 1175.86289  2.90%  23.3 1246s
 297079 84580     cutoff   37      1211.00000 1175.91753  2.90%  23.3 1251s
 299273 84796 1203.05567   42  155 1211.00000 1175.99656  2.89%  23.3 1258s
 300222 84933 1197.82302   34  145 1211.00000 1176.04124  2.89%  23.4 1263s
 301728 85017 infeasible   36      1211.00000 1176.10744  2.88%  23.4 1267s
 302680 85108 1176.93471   26  116 1211.00000 1176.17526  2.88%  23.4 1271s
 303767 85394 infeasible   35      1211.00000 1176.27973  2.87%  23.4 1276s
 305291 85684 1198.65155   39  171 1211.00000 1176.45189  2.85%  23.4 1281s
 306247 85988 infeasible   50      1211.00000 1176.53608  2.85%  23.4 1286s
 307859 86238 1192.60893   32  200 1211.00000 1176.58557  2.84%  23.4 1290s
 308864 86582 infeasible   36      1211.00000 1176.63574  2.84%  23.4 1295s
 311703 87079 1196.61856   32  145 1211.00000 1176.72165  2.83%  23.4 1303s
 312719 87267     cutoff   34      1211.00000 1176.74777  2.83%  23.4 1307s
 313745 87526     cutoff   38      1211.00000 1176.78007  2.83%  23.4 1314s
 315201 87650     cutoff   35      1211.00000 1176.81443  2.82%  23.4 1318s
 316309 87768     cutoff   35      1211.00000 1176.83299  2.82%  23.4 1322s
 317439 87911 1197.92268   36  112 1211.00000 1176.86684  2.82%  23.4 1326s
 318520 88169 1188.91065   30  271 1211.00000 1176.90550  2.82%  23.4 1331s
 319957 88265     cutoff   32      1211.00000 1176.94974  2.81%  23.4 1335s
 322118 88544 1209.32990   35   81 1211.00000 1177.02194  2.81%  23.4 1344s
 323285 88702 1184.98454   29  161 1211.00000 1177.07691  2.80%  23.4 1350s
 325935 89029 1194.24536   32  166 1211.00000 1177.22887  2.79%  23.5 1359s
 327432 89207 infeasible   34      1211.00000 1177.32216  2.78%  23.5 1364s
 328585 89534 1195.54639   34  276 1211.00000 1177.43299  2.77%  23.5 1369s
 330127 89806 1199.57732   39  157 1211.00000 1177.51890  2.76%  23.5 1373s
 331102 90226 1185.72509   31  172 1211.00000 1177.55670  2.76%  23.5 1378s
 332715 90427 1199.84536   39   78 1211.00000 1177.60481  2.76%  23.5 1383s
 333904 90788 infeasible   40      1211.00000 1177.63780  2.75%  23.4 1388s
 335628 91039     cutoff   37      1211.00000 1177.68213  2.75%  23.4 1392s
 336699 91240 1180.65979   32  184 1211.00000 1177.71134  2.75%  23.4 1396s
 337747 91416 infeasible   39      1211.00000 1177.72680  2.75%  23.4 1400s
 338510 91663 1200.92440   36  215 1211.00000 1177.74227  2.75%  23.4 1405s
 339625 91966 1186.76289   34  130 1211.00000 1177.77629  2.74%  23.5 1410s
 341259 92092 1178.14570   31  200 1211.00000 1177.81100  2.74%  23.5 1419s
 342009 92273 infeasible   34      1211.00000 1177.81649  2.74%  23.5 1424s
 343162 92430     cutoff   31      1211.00000 1177.86598  2.74%  23.5 1428s
 344343 92675 1191.73910   32  200 1211.00000 1177.89691  2.73%  23.5 1435s
 345954 92823     cutoff   33      1211.00000 1177.93814  2.73%  23.5 1440s
 347125 93026 1206.55464   32  137 1211.00000 1177.96907  2.73%  23.5 1445s
 348675 93117 1201.73024   33  165 1211.00000 1178.02062  2.72%  23.5 1450s
 349850 93299 1196.94845   40  224 1211.00000 1178.08247  2.72%  23.5 1455s
 351213 93422 1187.87113   30  150 1211.00000 1178.15120  2.71%  23.5 1462s
 352613 93539     cutoff   34      1211.00000 1178.23601  2.71%  23.5 1466s
 353620 93626 1199.92784   32  118 1211.00000 1178.27320  2.70%  23.5 1471s
 354724 93788 1192.02612   30  184 1211.00000 1178.39175  2.69%  23.5 1476s
 355954 93925 1197.95876   38  167 1211.00000 1178.47423  2.69%  23.6 1481s
 356594 94396 1206.50580   33  220 1211.00000 1178.50000  2.68%  23.6 1487s
 358377 94667     cutoff   35      1211.00000 1178.57904  2.68%  23.5 1492s
 359531 94968 1206.45011   34  206 1211.00000 1178.60137  2.68%  23.5 1499s
 361054 95339 1202.65438   40  298 1211.00000 1178.62887  2.67%  23.5 1506s
 362715 95542 infeasible   35      1211.00000 1178.66323  2.67%  23.5 1510s
 363870 95714 infeasible   34      1211.00000 1178.69072  2.67%  23.5 1515s
 365023 95878 1186.62887   27  164 1211.00000 1178.71478  2.67%  23.5 1520s
 366170 96051     cutoff   37      1211.00000 1178.73449  2.66%  23.5 1525s
 367291 96346     cutoff   42      1211.00000 1178.75945  2.66%  23.5 1531s
 368955 96544 infeasible   37      1211.00000 1178.79381  2.66%  23.5 1537s
 370066 96695 infeasible   40      1211.00000 1178.81787  2.66%  23.5 1543s
 371375 96932 1203.32990   36  134 1211.00000 1178.84880  2.65%  23.6 1550s
 374211 97196 infeasible   33      1211.00000 1178.90034  2.65%  23.6 1559s
 375375 97283     cutoff   38      1211.00000 1178.92955  2.65%  23.6 1564s
 376524 97360     cutoff   34      1211.00000 1178.95052  2.65%  23.6 1568s
 377747 97468 1193.99278   33  216 1211.00000 1178.99313  2.64%  23.6 1574s
 378878 97645 1206.41237   33  128 1211.00000 1179.04296  2.64%  23.6 1580s
 380504 97751 1208.79381   39  219 1211.00000 1179.11615  2.63%  23.6 1586s
 381626 97846 1204.07216   37  125 1211.00000 1179.17526  2.63%  23.6 1591s
 382828 98059 1198.14777   35  193 1211.00000 1179.24742  2.62%  23.6 1597s
 384431 98305 1179.81357   33  140 1211.00000 1179.41340  2.61%  23.6 1602s
 385533 98690     cutoff   51      1211.00000 1179.42784  2.61%  23.6 1608s
 387207 98988 1204.49485   35  230 1211.00000 1179.52921  2.60%  23.6 1614s
 388565 99219 1197.55228   30  248 1211.00000 1179.57732  2.59%  23.6 1619s
 389531 99397 1201.50515   33  136 1211.00000 1179.59983  2.59%  23.6 1624s
 390436 99645 1191.58419   34  196 1211.00000 1179.62199  2.59%  23.6 1630s
 391700 100001 1207.49485   42   73 1211.00000 1179.64605  2.59%  23.6 1637s
 393527 100292 infeasible   43      1211.00000 1179.67216  2.59%  23.6 1642s
 394684 100508 1204.65120   36  119 1211.00000 1179.69588  2.58%  23.6 1647s
 395744 100736 1198.61856   35  181 1211.00000 1179.70103  2.58%  23.6 1653s
 397053 100971 1199.72474   33  170 1211.00000 1179.73540  2.58%  23.6 1658s
 398263 101210 1180.31335   31  344 1211.00000 1179.75739  2.58%  23.6 1665s
 399929 101395     cutoff   35      1211.00000 1179.78855  2.58%  23.6 1670s
 401067 101645 1199.94845   35  147 1211.00000 1179.80481  2.58%  23.6 1676s
 402629 101820 1193.93849   29  224 1211.00000 1179.83505  2.57%  23.6 1681s
 403755 101957     cutoff   36      1211.00000 1179.84880  2.57%  23.6 1686s
 404927 102083 infeasible   30      1211.00000 1179.87973  2.57%  23.6 1692s
 405998 102157 1197.66323   34  175 1211.00000 1179.89897  2.57%  23.6 1698s
 406807 102216 1206.18454   32  116 1211.00000 1179.90722  2.57%  23.6 1707s
 407705 102335 1188.50515   32  133 1211.00000 1179.91237  2.57%  23.6 1715s
 408863 102448 infeasible   33      1211.00000 1179.91468  2.57%  23.6 1724s
 410515 102515 1193.64948   37  143 1211.00000 1180.01753  2.56%  23.6 1733s
 412090 102724 1199.84536   38  134 1211.00000 1180.08333  2.55%  23.6 1741s
 413824 102814 1197.38918   32  140 1211.00000 1180.12371  2.55%  23.6 1748s
 415349 102961 1183.42268   28  112 1211.00000 1180.25017  2.54%  23.7 1755s
 416842 103500 infeasible   36      1211.00000 1180.37973  2.53%  23.7 1764s
 418954 103836 1204.49055   40  250 1211.00000 1180.46392  2.52%  23.6 1770s
 420380 104261 infeasible   35      1211.00000 1180.51031  2.52%  23.6 1779s
 422107 104519 1196.41237   34  112 1211.00000 1180.55052  2.51%  23.6 1785s
 423372 104836     cutoff   37      1211.00000 1180.57732  2.51%  23.6 1792s
 425072 104960 1196.14227   35  226 1211.00000 1180.60309  2.51%  23.6 1795s
 426866 105407 1196.02612   35  144 1211.00000 1180.63230  2.51%  23.6 1804s
 428339 105507 infeasible   40      1211.00000 1180.65808  2.51%  23.6 1809s
 429370 105750 1209.72852   39  102 1211.00000 1180.67010  2.50%  23.6 1815s
 431814 106121 infeasible   35      1211.00000 1180.71134  2.50%  23.6 1825s
 433223 106242 1192.53093   28   87 1211.00000 1180.73196  2.50%  23.6 1830s
 434274 106434 1204.34021   31  106 1211.00000 1180.75258  2.50%  23.6 1835s
 435726 106508 infeasible   31      1211.00000 1180.77320  2.50%  23.6 1840s
 437347 106675     cutoff   33      1211.00000 1180.79588  2.49%  23.6 1849s
 438407 106774 1193.91649   34  161 1211.00000 1180.80756  2.49%  23.6 1856s
 439934 106864 1204.89691   34  125 1211.00000 1180.83505  2.49%  23.6 1861s
 440996 106944 1205.64639   35  140 1211.00000 1180.85567  2.49%  23.6 1865s
 442042 107095 1190.86804   30  138 1211.00000 1180.88076  2.49%  23.6 1871s
 443149 107300 1197.59828   35  204 1211.00000 1180.90378  2.49%  23.6 1879s
 444985 107352 1202.92784   36  106 1211.00000 1180.94845  2.48%  23.6 1884s
 446060 107448     cutoff   33      1211.00000 1180.96392  2.48%  23.6 1889s
 447180 107564     cutoff   32      1211.00000 1180.98969  2.48%  23.6 1895s
 448819 107641 1205.54639   35  130 1211.00000 1181.04124  2.47%  23.7 1900s
 449572 107762     cutoff   33      1211.00000 1181.07216  2.47%  23.7 1907s
 450987 107854 1196.24055   34  169 1211.00000 1181.12577  2.47%  23.7 1912s
 452057 107955 1203.03711   34  143 1211.00000 1181.18041  2.46%  23.7 1917s
 453212 108120 1201.64605   36  125 1211.00000 1181.24399  2.46%  23.7 1923s
 454761 108304 1200.21649   33   60 1211.00000 1181.36340  2.45%  23.7 1928s
 455837 108704 1200.41924   34  197 1211.00000 1181.41777  2.44%  23.7 1934s
 457430 108988 1204.58763   41  175 1211.00000 1181.45876  2.44%  23.7 1939s
 458569 109356 1199.62999   28  152 1211.00000 1181.48797  2.44%  23.7 1945s
 460135 109695 1194.64359   30  190 1211.00000 1181.53608  2.43%  23.6 1952s
 461633 109855 1205.42268   36   79 1211.00000 1181.56014  2.43%  23.6 1957s
 462553 110017 1203.38058   38  292 1211.00000 1181.57560  2.43%  23.6 1961s
 463555 110239 infeasible   37      1211.00000 1181.59021  2.43%  23.6 1967s
 464757 110382 1200.72165   32   72 1211.00000 1181.60825  2.43%  23.6 1974s
 465905 110694 1192.85322   33  221 1211.00000 1181.62887  2.43%  23.6 1980s
 467587 110829     cutoff   35      1211.00000 1181.65155  2.42%  23.6 1985s
 468641 110977 1205.55541   32  219 1211.00000 1181.66838  2.42%  23.6 1990s
 469717 111163     cutoff   42      1211.00000 1181.68557  2.42%  23.6 1997s
 471257 111321 1190.76804   36  154 1211.00000 1181.70447  2.42%  23.6 2003s
 472331 111560 1200.48454   36  101 1211.00000 1181.72165  2.42%  23.6 2010s
 473927 111708 1190.63918   29  233 1211.00000 1181.74141  2.42%  23.6 2015s
 475026 111830     cutoff   44      1211.00000 1181.74914  2.42%  23.6 2021s
 476584 111964 infeasible   33      1211.00000 1181.76878  2.41%  23.6 2026s
 477620 112179 1203.47423   35   74 1211.00000 1181.78351  2.41%  23.6 2033s
 479032 112248 1195.62887   34  192 1211.00000 1181.80412  2.41%  23.6 2039s
 480119 112403     cutoff   36      1211.00000 1181.81787  2.41%  23.6 2047s
 481958 112508 1209.02887   31  120 1211.00000 1181.84227  2.41%  23.6 2052s
 482718 112570 1209.37629   34   97 1211.00000 1181.85567  2.41%  23.6 2057s
 483853 112682 1198.82646   30  231 1211.00000 1181.88660  2.40%  23.6 2063s
 485105 112783     cutoff   36      1211.00000 1181.91055  2.40%  23.7 2069s
 486365 112877 1192.77234   33  202 1211.00000 1181.93814  2.40%  23.7 2075s
 487563 112985     cutoff   35      1211.00000 1181.95533  2.40%  23.7 2083s
 489090 113087     cutoff   36      1211.00000 1181.99054  2.40%  23.7 2089s
 490248 113237 1204.62887   35   89 1211.00000 1182.02062  2.39%  23.7 2096s
 491904 113340     cutoff   32      1211.00000 1182.06237  2.39%  23.7 2101s
 493004 113490 1197.44330   27  184 1211.00000 1182.09794  2.39%  23.7 2108s
 494531 113505     cutoff   40      1211.00000 1182.16701  2.38%  23.7 2113s
 495667 113583 1202.22371   41  164 1211.00000 1182.22062  2.38%  23.7 2119s
 496719 113756 1182.61856   30  131 1211.00000 1182.28041  2.37%  23.7 2126s
 498300 113967 1194.06186   32  131 1211.00000 1182.35395  2.37%  23.7 2132s
 499192 114190 infeasible   30      1211.00000 1182.39863  2.36%  23.7 2136s
 500228 114421 infeasible   38      1211.00000 1182.43299  2.36%  23.7 2142s
 501208 114675 1191.54124   31  128 1211.00000 1182.45601  2.36%  23.7 2147s
 502368 115070 1202.54639   34  248 1211.00000 1182.48247  2.35%  23.7 2154s
 504074 115252 1205.64261   32  123 1211.00000 1182.52234  2.35%  23.7 2160s
 505090 115528 1190.54639   30  224 1211.00000 1182.53608  2.35%  23.7 2166s
 506481 115819 1201.36082   37  187 1211.00000 1182.56186  2.35%  23.7 2173s
 507907 115969     cutoff   36      1211.00000 1182.58694  2.35%  23.7 2178s
 508966 116225 1205.53230   33  165 1211.00000 1182.60052  2.35%  23.7 2185s
 510593 116352 1191.74914   37  109 1211.00000 1182.61856  2.34%  23.6 2191s
 511533 116643 1203.48797   38  137 1211.00000 1182.62887  2.34%  23.6 2197s
 513139 116824 1182.93299   31  146 1211.00000 1182.65292  2.34%  23.6 2203s
 514248 116960 1203.41356   31  315 1211.00000 1182.66667  2.34%  23.6 2208s
 515356 117135 1195.61856   29   88 1211.00000 1182.68041  2.34%  23.6 2216s
 517057 117189 1202.68247   32  129 1211.00000 1182.69588  2.34%  23.6 2221s
 517815 117303 1202.76976   36  110 1211.00000 1182.70619  2.34%  23.6 2225s
 518739 117522 1204.50172   34  198 1211.00000 1182.71649  2.34%  23.6 2232s
 520296 117631 1190.64777   36  183 1211.00000 1182.73196  2.33%  23.6 2237s
 521257 117785 1198.81443   36  102 1211.00000 1182.74399  2.33%  23.6 2243s
 522711 117868 1185.75043   32  218 1211.00000 1182.76289  2.33%  23.6 2248s
 523434 118024 1188.88402   35  120 1211.00000 1182.77320  2.33%  23.6 2254s
 524884 118137 1190.84261   31  182 1211.00000 1182.79124  2.33%  23.6 2259s
 525924 118239 infeasible   33      1211.00000 1182.80756  2.33%  23.6 2265s
 526878 118268 1205.44674   28  100 1211.00000 1182.82474  2.33%  23.6 2271s
 527865 118411     cutoff   40      1211.00000 1182.83162  2.33%  23.6 2277s
 529192 118499 1193.79725   35  240 1211.00000 1182.85052  2.32%  23.6 2283s
 530127 118588 infeasible   37      1211.00000 1182.86529  2.32%  23.6 2289s
 531339 118772 1187.86082   34  151 1211.00000 1182.88247  2.32%  23.6 2296s
 532805 118814 1203.84536   33  209 1211.00000 1182.91237  2.32%  23.6 2303s
 533899 118931     cutoff   33      1211.00000 1182.93127  2.32%  23.6 2309s
 535032 119034 1206.49570   34  151 1211.00000 1182.95533  2.32%  23.6 2316s
 536432 119172 1203.62027   33  149 1211.00000 1182.98797  2.31%  23.6 2324s
 537994 119261 1203.76357   36  322 1211.00000 1183.02663  2.31%  23.6 2329s
 539071 119298 infeasible   34      1211.00000 1183.06186  2.31%  23.6 2335s
 540199 119370 infeasible   35      1211.00000 1183.10570  2.30%  23.6 2341s
 541335 119458 1197.32990   33   48 1211.00000 1183.15120  2.30%  23.7 2348s
 542633 119563 infeasible   35      1211.00000 1183.21649  2.29%  23.7 2354s
 543771 119761 infeasible   37      1211.00000 1183.29897  2.29%  23.7 2360s
 544948 120101 1185.40206   35  111 1211.00000 1183.33471  2.28%  23.7 2368s
 546649 120405     cutoff   39      1211.00000 1183.41237  2.28%  23.6 2375s
 548189 120616 1203.38660   40   82 1211.00000 1183.45361  2.27%  23.6 2381s
 549324 120854 1202.82801   38  261 1211.00000 1183.47938  2.27%  23.6 2387s
 550383 121062 1207.43814   32  131 1211.00000 1183.49227  2.27%  23.6 2394s
 551465 121272 infeasible   38      1211.00000 1183.51546  2.27%  23.6 2401s
 552828 121566 infeasible   37      1211.00000 1183.53608  2.27%  23.6 2408s
 554325 121692     cutoff   34      1211.00000 1183.54983  2.27%  23.6 2413s
 555308 122017 1206.38144   39   93 1211.00000 1183.56186  2.27%  23.6 2420s
 557831 122335 1198.65464   36  121 1211.00000 1183.58763  2.26%  23.6 2430s
 558744 122604 1202.52463   34  171 1211.00000 1183.59794  2.26%  23.6 2437s
 560252 122768 1205.44330   31  185 1211.00000 1183.61856  2.26%  23.6 2442s
 561282 122903 1202.84261   35  146 1211.00000 1183.62887  2.26%  23.6 2448s
 562341 123101 1201.76117   40  127 1211.00000 1183.64296  2.26%  23.6 2455s
 563928 123203 1198.47251   30  179 1211.00000 1183.65979  2.26%  23.6 2461s
 564900 123205 1193.02877   29  333 1211.00000 1183.67010  2.26%  23.6 2466s
 564921 123234 1202.08320   30  354 1211.00000 1183.67096  2.26%  23.6 2472s
 565348 123353 1203.86082   35  242 1211.00000 1183.67216  2.26%  23.6 2478s
 566271 123488 1193.65893   33  278 1211.00000 1183.68385  2.26%  23.6 2484s
 567473 123586 1192.72474   33  178 1211.00000 1183.69416  2.25%  23.6 2492s
 568620 123788 1195.50000   29  108 1211.00000 1183.71014  2.25%  23.6 2500s
 570342 123849 1195.79897   33  143 1211.00000 1183.72715  2.25%  23.6 2507s
 571177 123952 1197.75601   34  194 1211.00000 1183.73711  2.25%  23.6 2514s
 572323 124049 1198.86426   37  153 1211.00000 1183.75258  2.25%  23.6 2522s
 573956 124082 1185.13402   33  141 1211.00000 1183.77320  2.25%  23.6 2529s
 574920 124174 1202.62887   30  195 1211.00000 1183.78351  2.25%  23.6 2536s
 576353 124275 infeasible   34      1211.00000 1183.80069  2.25%  23.6 2542s
 577430 124389 infeasible   38      1211.00000 1183.80636  2.25%  23.6 2549s
 577752 124389 1193.00074   34  145 1211.00000 1183.80636  2.25%  23.6 2550s
 578721 124445 1208.76976   35  164 1211.00000 1183.83505  2.24%  23.6 2557s
 579808 124528 1196.64433   34  101 1211.00000 1183.84536  2.24%  23.6 2563s
 581001 124656 infeasible   38      1211.00000 1183.86598  2.24%  23.6 2570s
 582277 124768 1202.02320   36  268 1211.00000 1183.88660  2.24%  23.6 2579s
 583916 124864     cutoff   41      1211.00000 1183.90722  2.24%  23.6 2586s
 585246 124981     cutoff   35      1211.00000 1183.93471  2.23%  23.6 2593s
 586531 125016 1205.76804   36  220 1211.00000 1183.96564  2.23%  23.6 2600s
 587623 125080 1200.89742   37  277 1211.00000 1183.98023  2.23%  23.6 2609s
 589270 125098     cutoff   36      1211.00000 1184.03196  2.23%  23.6 2614s
 589762 125242 1194.99828   33  160 1211.00000 1184.04101  2.23%  23.6 2633s
 592516 125339 1184.42268   35  165 1211.00000 1184.11340  2.22%  23.6 2645s
 594161 125500 1194.11134   36  231 1211.00000 1184.16495  2.22%  23.6 2655s
 596045 125652 infeasible   37      1211.00000 1184.26392  2.21%  23.6 2662s
 597195 126002 1189.50859   33  193 1211.00000 1184.32990  2.20%  23.6 2671s
 598976 126134 1189.59184   31  289 1211.00000 1184.40206  2.20%  23.6 2678s
 600089 126440 1187.52749   34  117 1211.00000 1184.41924  2.19%  23.6 2686s
 601892 126656 1201.89691   34  221 1211.00000 1184.44502  2.19%  23.6 2692s
 602985 126973 1204.49485   39   72 1211.00000 1184.46392  2.19%  23.6 2700s
 604449 127150 1196.47766   29  189 1211.00000 1184.48454  2.19%  23.6 2707s
 605497 127418     cutoff   36      1211.00000 1184.50206  2.19%  23.6 2713s
 606780 127618 1203.18505   36  324 1211.00000 1184.51546  2.19%  23.6 2719s
 607863 127913 1184.65979   31   95 1211.00000 1184.52784  2.19%  23.6 2728s
 609493 128002 1191.60825   36   90 1211.00000 1184.54639  2.18%  23.6 2733s
 610317 128239 1202.82131   38  150 1211.00000 1184.55670  2.18%  23.6 2739s
 611517 128379 1185.04467   33  215 1211.00000 1184.56495  2.18%  23.6 2746s
 612520 128577 1203.64261   30  109 1211.00000 1184.57320  2.18%  23.6 2753s
 614096 128714 1192.63230   29  108 1211.00000 1184.59278  2.18%  23.6 2759s
 615122 128918     cutoff   37      1211.00000 1184.60309  2.18%  23.6 2767s
 616644 129058 infeasible   31      1211.00000 1184.61856  2.18%  23.6 2773s
 617658 129207 infeasible   35      1211.00000 1184.62887  2.18%  23.6 2779s
 618730 129374 1202.58247   34  126 1211.00000 1184.63918  2.18%  23.6 2786s
 620314 129461 infeasible   33      1211.00000 1184.64948  2.18%  23.6 2793s
 621250 129569 infeasible   37      1211.00000 1184.65979  2.18%  23.6 2801s
 622779 129643 1200.29897   31  103 1211.00000 1184.67354  2.17%  23.6 2806s
 623418 129750 1204.51497   36  148 1211.00000 1184.68041  2.17%  23.6 2811s
 624331 129863 1196.56014   34  196 1211.00000 1184.68299  2.17%  23.6 2819s
 625730 129984 1192.76632   33  162 1211.00000 1184.70361  2.17%  23.6 2827s
 626832 130132 1196.94502   34  167 1211.00000 1184.71478  2.17%  23.6 2836s
 628676 130282 1200.50945   32  272 1211.00000 1184.72852  2.17%  23.5 2842s
 629708 130384 1198.71005   39  294 1211.00000 1184.74227  2.17%  23.5 2849s
 630815 130464 1198.75601   34  159 1211.00000 1184.75258  2.17%  23.6 2856s
 632386 130534 1198.93814   32  109 1211.00000 1184.76804  2.17%  23.6 2863s
 633235 130630 1198.49943   32  184 1211.00000 1184.77835  2.17%  23.6 2870s
 634316 130732     cutoff   36      1211.00000 1184.79381  2.16%  23.6 2876s
 635418 130880 1205.60825   32  163 1211.00000 1184.80412  2.16%  23.6 2885s
 637005 130962 1187.97113   36  209 1211.00000 1184.82474  2.16%  23.6 2891s
 638087 131121 1187.82852   35  123 1211.00000 1184.84192  2.16%  23.6 2900s
 639746 131168     cutoff   36      1211.00000 1184.86942  2.16%  23.6 2905s
 640741 131289 infeasible   32      1211.00000 1184.88432  2.16%  23.6 2915s
 642177 131361 1192.89038   31  183 1211.00000 1184.90309  2.15%  23.6 2921s
 643161 131457 1195.88316   32  162 1211.00000 1184.92268  2.15%  23.6 2927s
 644195 131579     cutoff   40      1211.00000 1184.94115  2.15%  23.6 2936s
 645775 131635 1198.95636   40  191 1211.00000 1184.97113  2.15%  23.6 2941s
 646654 131670     cutoff   32      1211.00000 1184.98832  2.15%  23.6 2946s
 647672 131722     cutoff   35      1211.00000 1185.01031  2.15%  23.6 2953s
 648691 131836 1189.04811   32  197 1211.00000 1185.02749  2.14%  23.6 2960s
 649679 131891 1209.71907   37  185 1211.00000 1185.04811  2.14%  23.6 2970s
 651132 131955 1191.78351   31  184 1211.00000 1185.06254  2.14%  23.6 2976s
 652215 132036 1203.98832   33  327 1211.00000 1185.09278  2.14%  23.6 2984s
 653456 132087 1196.25773   40  223 1211.00000 1185.12921  2.14%  23.6 2991s
 654557 132228 1199.40550   34   67 1211.00000 1185.20103  2.13%  23.6 3001s
 656389 132389 1206.78351   32  129 1211.00000 1185.26993  2.12%  23.6 3008s
 657527 132680 1202.10790   33  194 1211.00000 1185.32938  2.12%  23.6 3017s
 659269 133022     cutoff   38      1211.00000 1185.36426  2.12%  23.6 3026s
 660968 133187 1207.27835   30   82 1211.00000 1185.40206  2.11%  23.5 3032s
 661940 133539 1202.84021   40  201 1211.00000 1185.41237  2.11%  23.5 3042s
 663642 133660     cutoff   36      1211.00000 1185.44674  2.11%  23.5 3046s
 664430 133807     cutoff   34      1211.00000 1185.45876  2.11%  23.5 3052s
 665538 134021 1206.48454   34   59 1211.00000 1185.47079  2.11%  23.5 3058s
 666566 134278 1205.58076   36  144 1211.00000 1185.48454  2.11%  23.5 3067s
 668010 134451 1201.53351   34  200 1211.00000 1185.50344  2.11%  23.5 3072s
 668982 134724 infeasible   35      1211.00000 1185.51546  2.10%  23.5 3080s
 670558 134955 infeasible   46      1211.00000 1185.53265  2.10%  23.5 3088s
 672045 135108 1206.81787   38  172 1211.00000 1185.54845  2.10%  23.5 3094s
 673015 135189     cutoff   36      1211.00000 1185.55670  2.10%  23.5 3100s
 673927 135294 infeasible   38      1211.00000 1185.56701  2.10%  23.5 3106s
 674943 135494 1203.58027   30  174 1211.00000 1185.57388  2.10%  23.5 3114s
 676159 135604 1194.41237   32  110 1211.00000 1185.58282  2.10%  23.5 3121s
 677145 135873 1203.55670   32  186 1211.00000 1185.59107  2.10%  23.5 3129s
 678763 135976     cutoff   38      1211.00000 1185.60273  2.10%  23.5 3136s
 679886 136072     cutoff   37      1211.00000 1185.61168  2.10%  23.5 3143s
 680945 136347 infeasible   36      1211.00000 1185.62062  2.10%  23.5 3153s
 682868 136439 1205.40206   31  171 1211.00000 1185.63780  2.09%  23.5 3160s
 683832 136506 1205.41237   36  162 1211.00000 1185.64948  2.09%  23.5 3167s
 684982 136700 1188.00369   30  272 1211.00000 1185.65155  2.09%  23.5 3176s
 686608 136768 1206.46048   35  158 1211.00000 1185.67010  2.09%  23.5 3181s
 687497 136875 1204.55498   35  103 1211.00000 1185.67440  2.09%  23.5 3188s
 688588 136997 1194.00859   38  292 1211.00000 1185.68729  2.09%  23.5 3197s
 690123 137059     cutoff   36      1211.00000 1185.69759  2.09%  23.5 3204s
 691221 137151 infeasible   37      1211.00000 1185.71134  2.09%  23.5 3211s
 692362 137183     cutoff   36      1211.00000 1185.72165  2.09%  23.5 3217s
 693147 137258 infeasible   36      1211.00000 1185.72474  2.09%  23.5 3224s
 694274 137402 1209.02635   33  214 1211.00000 1185.73883  2.09%  23.5 3232s
 695685 137467 1202.73883   35  108 1211.00000 1185.75498  2.08%  23.5 3241s
 696822 137541 1185.95418   38  191 1211.00000 1185.76512  2.08%  23.5 3249s
 698331 137597 1201.69072   35  128 1211.00000 1185.77835  2.08%  23.5 3257s
 699420 137757     cutoff   39      1211.00000 1185.78998  2.08%  23.5 3267s
 701287 137784 infeasible   34      1211.00000 1185.80825  2.08%  23.5 3274s
 702293 137848 1195.76976   32  176 1211.00000 1185.82131  2.08%  23.5 3281s
 703414 137923 infeasible   37      1211.00000 1185.83333  2.08%  23.5 3289s
 704776 137988 1206.95052   34  170 1211.00000 1185.84880  2.08%  23.5 3296s
 705884 138076     cutoff   40      1211.00000 1185.86735  2.08%  23.5 3303s
 707069 138162 1197.01718   31  174 1211.00000 1185.87470  2.07%  23.5 3313s
 708571 138215 1202.95189   34  196 1211.00000 1185.89347  2.07%  23.5 3320s
 709657 138284 infeasible   37      1211.00000 1185.91615  2.07%  23.5 3329s
 711261 138320 1208.50687   36  187 1211.00000 1185.94158  2.07%  23.5 3335s
 712153 138371 1207.86460   32  222 1211.00000 1185.95704  2.07%  23.5 3342s
 713296 138429 infeasible   35      1211.00000 1185.97423  2.07%  23.5 3351s
 714918 138470     cutoff   41      1211.00000 1186.00155  2.06%  23.5 3358s
 715928 138493     cutoff   34      1211.00000 1186.01546  2.06%  23.5 3368s
 717351 138550 infeasible   36      1211.00000 1186.05155  2.06%  23.5 3376s
 718413 138589 infeasible   36      1211.00000 1186.07560  2.06%  23.5 3386s
 720057 138659 infeasible   36      1211.00000 1186.11340  2.06%  23.5 3393s
 721176 138736 1200.96907   37   70 1211.00000 1186.14433  2.05%  23.5 3401s
 722449 138825     cutoff   38      1211.00000 1186.18002  2.05%  23.5 3410s
 724053 138926 infeasible   36      1211.00000 1186.24330  2.04%  23.5 3416s
 725133 139149 1200.73785   51  242 1211.00000 1186.27784  2.04%  23.5 3426s
 726700 139310     cutoff   39      1211.00000 1186.32990  2.04%  23.5 3432s
 727637 139587 infeasible   40      1211.00000 1186.35395  2.04%  23.5 3441s
 729207 139766 infeasible   32      1211.00000 1186.38643  2.03%  23.5 3447s
 730247 139957 1208.06289   34  228 1211.00000 1186.40206  2.03%  23.5 3454s
 731080 139957 infeasible   42      1211.00000 1186.40241  2.03%  23.5 3455s
 731285 140244 1193.38144   30   93 1211.00000 1186.41186  2.03%  23.5 3464s
 733023 140447 1187.54381   31  119 1211.00000 1186.43643  2.03%  23.5 3470s
 734004 140696 1207.10241   47  270 1211.00000 1186.45361  2.03%  23.5 3479s
 735712 140910     cutoff   37      1211.00000 1186.47128  2.03%  23.5 3488s
 736940 141065 infeasible   36      1211.00000 1186.48625  2.02%  23.5 3494s
 737758 141065 1187.58247   32  160 1211.00000 1186.48883  2.02%  23.5 3495s
 737930 141347 1206.29381   39   83 1211.00000 1186.49588  2.02%  23.5 3504s
 739791 141517 1197.97938   38  135 1211.00000 1186.51546  2.02%  23.5 3511s
 740814 141686 1186.59175   30  194 1211.00000 1186.52577  2.02%  23.5 3517s
 741915 141859 1201.30670   31  188 1211.00000 1186.53608  2.02%  23.5 3526s
 743634 141981 1197.32474   27   77 1211.00000 1186.54845  2.02%  23.4 3534s
 744656 142163 infeasible   40      1211.00000 1186.55670  2.02%  23.4 3542s
 746271 142297 1199.36942   34  115 1211.00000 1186.57251  2.02%  23.4 3548s
 747318 142469 1205.77251   37  196 1211.00000 1186.57732  2.02%  23.4 3557s
 748821 142599 1204.57938   33  168 1211.00000 1186.59107  2.02%  23.4 3563s
 749861 142737 1208.42268   37  259 1211.00000 1186.59794  2.02%  23.4 3570s
 751089 142834 1196.77457   30  173 1211.00000 1186.60825  2.01%  23.4 3577s
 752126 142939     cutoff   36      1211.00000 1186.61942  2.01%  23.4 3584s
 753413 142945 1200.78007   34  140 1211.00000 1186.63574  2.01%  23.4 3593s
 753429 142941     cutoff   35      1211.00000 1186.63574  2.01%  23.4 3600s

Explored 753450 nodes (17725930 simplex iterations) in 3600.37 seconds (856.23 work units)
Thread count was 20 (of 20 available processors)

Solution count 10: 1211 1218 1222 ... 1345

Time limit reached
Best objective 1.211000000000e+03, best bound 1.187000000000e+03, gap 1.9818%
