
Gurobi 12.0.1 (win64) logging started Mon Mar 10 18:39:09 2025

Set parameter LogFile to value "logs/3c_f3_dantzig42.log"
Set parameter MIPGap to value 0
Set parameter TimeLimit to value 3600
Set parameter Cuts to value 0
Gurobi Optimizer version 12.0.1 build v12.0.1rc0 (win64 - Windows 11.0 (26100.2))

CPU model: 12th Gen Intel(R) Core(TM) i7-12700, instruction set [SSE2|AVX|AVX2]
Thread count: 12 physical cores, 20 logical processors, using up to 20 threads

Non-default parameters:
TimeLimit  3600
MIPGap  0
Cuts  0

Optimize a model with 1890 rows, 1806 columns and 8614 nonzeros
Model fingerprint: 0x11cbffef
Variable types: 0 continuous, 1806 integer (1764 binary)
Coefficient statistics:
  Matrix range     [1e+00, 4e+01]
  Objective range  [3e+00, 2e+02]
  Bounds range     [1e+00, 1e+00]
  RHS range        [1e+00, 4e+01]
Presolve removed 166 rows and 43 columns
Presolve time: 0.02s
Presolved: 1724 rows, 1763 columns, 8364 nonzeros
Variable types: 0 continuous, 1763 integer (1722 binary)
Found heuristic solution: objective 2817.0000000

Root relaxation: objective 5.354634e+02, 134 iterations, 0.00 seconds (0.00 work units)

    Nodes    |    Current Node    |     Objective Bounds      |     Work
 Expl Unexpl |  Obj  Depth IntInf | Incumbent    BestBd   Gap | It/Node Time

     0     0  535.46341    0   69 2817.00000  535.46341  81.0%     -    0s
H    0     0                     958.0000000  535.46341  44.1%     -    0s
H    0     0                     948.0000000  535.46341  43.5%     -    0s
H    0     0                     929.0000000  535.46341  42.4%     -    0s
H    0     0                     926.0000000  535.46341  42.2%     -    0s
H    0     0                     925.0000000  535.46341  42.1%     -    0s
H    0     0                     924.0000000  535.46341  42.0%     -    0s
H    0     0                     900.0000000  535.46341  40.5%     -    0s
H    0     0                     892.0000000  535.46341  40.0%     -    0s
     0     0  535.53659    0   69  892.00000  535.53659  40.0%     -    0s
H    0     0                     856.0000000  535.53659  37.4%     -    0s
H    0     0                     817.0000000  535.53659  34.5%     -    0s
H    0     0                     816.0000000  535.53659  34.4%     -    0s
H    0     0                     805.0000000  541.46341  32.7%     -    0s
     0     2  541.46341    0   69  805.00000  541.46341  32.7%     -    0s
H   27    40                     739.0000000  541.46341  26.7%   9.9    1s
H   28    40                     737.0000000  541.46341  26.5%   9.9    1s
H   32    40                     726.0000000  541.46341  25.4%  10.2    1s
H   35    40                     718.0000000  541.46341  24.6%  10.7    1s
H 2287  1545                     715.0000000  589.53659  17.5%  13.1    4s
  2768  1843  692.97500   29   46  715.00000  589.53659  17.5%  13.4    5s
H 3342  1916                     711.0000000  589.53659  17.1%  13.2    5s
H 3825  1889                     710.0000000  589.53659  17.0%  13.1    6s
H 4959  2119                     708.0000000  603.77500  14.7%  12.7    7s
  8935  3736  671.77500   29   43  708.00000  620.32500  12.4%  12.1   10s
 16160  7378     cutoff   30       708.00000  633.72500  10.5%  11.6   15s
 21761  9604  648.10000   34   35  708.00000  635.55000  10.2%  11.7   20s
 27691 11980  639.80833   23   41  708.00000  638.28750  9.85%  11.6   25s
 33451 13928  643.15833   25   30  708.00000  640.02500  9.60%  11.4   31s
*34701 13838              33     706.0000000  640.25000  9.31%  11.4   31s
H35016 13686                     704.0000000  640.53750  9.01%  11.4   32s
H35020 13535                     702.0000000  640.53750  8.76%  11.4   32s
H35041 13207                     699.0000000  640.55000  8.36%  11.4   32s
 37851 13847  694.42500   36   21  699.00000  641.30000  8.25%  11.2   36s
 41821 14406  690.80833   28   61  699.00000  642.22500  8.12%  11.1   40s
 47717 15159  690.52500   25   34  699.00000  643.59375  7.93%  10.9   45s
 54048 15694 infeasible   35       699.00000  644.72500  7.76%  10.8   51s
 58579 15882  689.02500   33   42  699.00000  645.59375  7.64%  10.7   56s
 62960 16037  690.74375   29   65  699.00000  646.27500  7.54%  10.7   60s
 69476 16259  652.00000   27   26  699.00000  647.34583  7.39%  10.6   66s
 73745 16274  663.57500   27   40  699.00000  647.97500  7.30%  10.5   70s
 76388 16301     cutoff   29       699.00000  648.01250  7.29%  10.5   75s
 80981 16241  653.80000   24   34  699.00000  648.91250  7.17%  10.5   82s
 84744 16151  695.25833   29   44  699.00000  649.53333  7.08%  10.4   86s
 90743 16066  656.80833   27   63  699.00000  650.45000  6.95%  10.4   92s
 93366 16044  694.42500   34   42  699.00000  650.85000  6.89%  10.4   95s
 98331 15954  691.32500   29   53  699.00000  651.60000  6.78%  10.3  100s
 103164 15786  656.35000   23   55  699.00000  652.28333  6.68%  10.3  105s
 108184 15497 infeasible   35       699.00000  653.10000  6.57%  10.3  111s
 113012 15404     cutoff   31       699.00000  653.85000  6.46%  10.3  115s
 117593 15070  656.86667   27   57  699.00000  654.66875  6.34%  10.2  121s
 122427 14687  672.48333   24   53  699.00000  655.50000  6.22%  10.2  126s
 127145 14397 infeasible   37       699.00000  656.30000  6.11%  10.2  131s
 131548 14060  658.95833   28   43  699.00000  657.20000  5.98%  10.1  136s
 136236 13640     cutoff   30       699.00000  658.28333  5.82%  10.1  142s
 140601 13140     cutoff   25       699.00000  659.23333  5.69%  10.1  147s
 142860 12870  683.94167   29   61  699.00000  660.01667  5.58%  10.1  150s
 147502 12229     cutoff   27       699.00000  661.31250  5.39%  10.0  155s
 151990 11458  668.00000   30   45  699.00000  662.61667  5.21%  10.0  161s
 156187 10469 infeasible   43       699.00000  664.17500  4.98%  10.0  165s
 162305  8216 infeasible   26       699.00000  668.70000  4.33%  10.0  171s
 166256  6823 infeasible   26       699.00000  675.05000  3.43%  10.1  176s
 170331  6066  683.94167   27   72  699.00000  680.30000  2.68%  10.1  181s
 174641  5301  693.73125   31   61  699.00000  683.32500  2.24%  10.1  186s
 178921  4320 infeasible   31       699.00000  685.47292  1.94%  10.1  191s
 183198  3687 infeasible   27       699.00000  688.12500  1.56%  10.1  196s
 183941  3112     cutoff   30       699.00000  688.30000  1.53%  10.1  200s
 187163   582 infeasible   30       699.00000  689.00000  1.43%  10.1  206s

Explored 189914 nodes (1919355 simplex iterations) in 207.23 seconds (19.84 work units)
Thread count was 20 (of 20 available processors)

Solution count 10: 699 702 704 ... 726

Optimal solution found (tolerance 0.00e+00)
Best objective 6.990000000000e+02, best bound 6.990000000000e+02, gap 0.0000%

 	 Optimal Solution:
	x[0,41]: 1.0 
	x[1,0]: 1.0 
	x[2,1]: 1.0 
	x[3,2]: 1.0 
	x[4,3]: 1.0 
	x[5,4]: 1.0 
	x[6,5]: 1.0 
	x[7,6]: 1.0 
	x[8,7]: 1.0 
	x[9,8]: 1.0 
	x[10,9]: 1.0 
	x[11,10]: 1.0 
	x[12,11]: 1.0 
	x[13,12]: 1.0 
	x[14,13]: 1.0 
	x[15,14]: 1.0 
	x[16,15]: 1.0 
	x[17,16]: 1.0 
	x[18,17]: 1.0 
	x[19,18]: 1.0 
	x[20,19]: 1.0 
	x[21,20]: 1.0 
	x[22,21]: 1.0 
	x[23,22]: 1.0 
	x[24,23]: 1.0 
	x[25,24]: 1.0 
	x[26,25]: 1.0 
	x[27,26]: 1.0 
	x[28,27]: 1.0 
	x[29,28]: 1.0 
	x[30,29]: 1.0 
	x[31,30]: 1.0 
	x[32,31]: 1.0 
	x[33,32]: 1.0 
	x[34,33]: 1.0 
	x[35,34]: 1.0 
	x[36,35]: 1.0 
	x[37,36]: 1.0 
	x[38,37]: 1.0 
	x[39,38]: 1.0 
	x[40,39]: 1.0 
	x[41,40]: 1.0 
	u[0]: 6.0 
	u[1]: 5.0 
	u[2]: 4.0 
	u[3]: 3.0 
	u[4]: 2.0 
	u[5]: 1.0 
	u[6]: 42.0 
	u[7]: 41.0 
	u[8]: 40.0 
	u[9]: 39.0 
	u[10]: 38.0 
	u[11]: 37.0 
	u[12]: 36.0 
	u[13]: 35.0 
	u[14]: 34.0 
	u[15]: 33.0 
	u[16]: 32.0 
	u[17]: 31.0 
	u[18]: 30.0 
	u[19]: 29.0 
	u[20]: 28.0 
	u[21]: 27.0 
	u[22]: 26.0 
	u[23]: 25.0 
	u[24]: 24.0 
	u[25]: 23.0 
	u[26]: 22.0 
	u[27]: 21.0 
	u[28]: 20.0 
	u[29]: 19.0 
	u[30]: 18.0 
	u[31]: 17.0 
	u[32]: 16.0 
	u[33]: 15.0 
	u[34]: 14.0 
	u[35]: 13.0 
	u[36]: 12.0 
	u[37]: 11.0 
	u[38]: 10.0 
	u[39]: 9.0 
	u[40]: 8.0 
	u[41]: 7.0 
	objective value: 699.0