
Gurobi 12.0.1 (win64) logging started Mon Mar 10 16:37:51 2025

Set parameter LogFile to value "logs/3c_f2_dantzig42.log"
Set parameter MIPGap to value 0
Set parameter TimeLimit to value 3600
Set parameter Cuts to value 0
Gurobi Optimizer version 12.0.1 build v12.0.1rc0 (win64 - Windows 11.0 (26100.2))

CPU model: 12th Gen Intel(R) Core(TM) i7-12700, instruction set [SSE2|AVX|AVX2]
Thread count: 12 physical cores, 20 logical processors, using up to 20 threads

Non-default parameters:
TimeLimit  3600
MIPGap  0
Cuts  0

Optimize a model with 1890 rows, 1806 columns and 8614 nonzeros
Model fingerprint: 0x11cbffef
Variable types: 0 continuous, 1806 integer (1764 binary)
Coefficient statistics:
  Matrix range     [1e+00, 4e+01]
  Objective range  [3e+00, 2e+02]
  Bounds range     [1e+00, 1e+00]
  RHS range        [1e+00, 4e+01]
Presolve removed 166 rows and 43 columns
Presolve time: 0.01s
Presolved: 1724 rows, 1763 columns, 8364 nonzeros
Variable types: 0 continuous, 1763 integer (1722 binary)
Found heuristic solution: objective 2817.0000000

Root relaxation: objective 5.354634e+02, 134 iterations, 0.00 seconds (0.00 work units)

    Nodes    |    Current Node    |     Objective Bounds      |     Work
 Expl Unexpl |  Obj  Depth IntInf | Incumbent    BestBd   Gap | It/Node Time

     0     0  535.46341    0   69 2817.00000  535.46341  81.0%     -    0s
H    0     0                     958.0000000  535.46341  44.1%     -    0s
H    0     0                     948.0000000  535.46341  43.5%     -    0s
H    0     0                     929.0000000  535.46341  42.4%     -    0s
H    0     0                     926.0000000  535.46341  42.2%     -    0s
H    0     0                     925.0000000  535.46341  42.1%     -    0s
H    0     0                     924.0000000  535.46341  42.0%     -    0s
H    0     0                     900.0000000  535.46341  40.5%     -    0s
H    0     0                     892.0000000  535.46341  40.0%     -    0s
     0     0  535.53659    0   69  892.00000  535.53659  40.0%     -    0s
H    0     0                     856.0000000  535.53659  37.4%     -    0s
H    0     0                     817.0000000  535.53659  34.5%     -    0s
H    0     0                     816.0000000  535.53659  34.4%     -    0s
H    0     0                     805.0000000  541.46341  32.7%     -    0s
     0     2  541.46341    0   69  805.00000  541.46341  32.7%     -    0s
H   27    40                     739.0000000  541.46341  26.7%   9.9    0s
H   28    40                     737.0000000  541.46341  26.5%   9.9    0s
H   32    40                     726.0000000  541.46341  25.4%  10.2    0s
H   35    40                     718.0000000  541.46341  24.6%  10.7    0s
H 2287  1545                     715.0000000  589.53659  17.5%  13.1    1s
H 3342  1916                     711.0000000  589.53659  17.1%  13.2    1s
H 3825  1889                     710.0000000  589.53659  17.0%  13.1    1s
H 4959  2119                     708.0000000  603.77500  14.7%  12.7    2s
 16814  7666 infeasible   28       708.00000  633.75833  10.5%  11.6    5s
*34701 13838              33     706.0000000  640.25000  9.31%  11.4    9s
H35016 13686                     704.0000000  640.53750  9.01%  11.4    9s
H35020 13535                     702.0000000  640.53750  8.76%  11.4    9s
H35041 13207                     699.0000000  640.55000  8.36%  11.4    9s
 36282 13574  663.98333   29   34  699.00000  640.90000  8.31%  11.3   10s
 54048 15694 infeasible   35       699.00000  644.72500  7.76%  10.8   15s
 71680 16242  692.29167   26   51  699.00000  647.68750  7.34%  10.6   20s
 84744 16151  695.25833   29   44  699.00000  649.53333  7.08%  10.4   25s
 100716 15851  657.98333   29   35  699.00000  651.91250  6.74%  10.3   30s
 115149 15222  659.03333   28   50  699.00000  654.15000  6.42%  10.3   35s
 129474 14211 infeasible   43       699.00000  656.75000  6.04%  10.1   40s
 142860 12870  683.94167   29   61  699.00000  660.01667  5.58%  10.1   45s
 158404  9819 infeasible   33       699.00000  665.37500  4.81%  10.0   50s
 172577  5708  685.66875   23   73  699.00000  681.96667  2.44%  10.1   55s
 184811  2045 infeasible   32       699.00000  688.45000  1.51%  10.1   60s

Explored 189914 nodes (1919355 simplex iterations) in 61.86 seconds (19.84 work units)
Thread count was 20 (of 20 available processors)

Solution count 10: 699 702 704 ... 726

Optimal solution found (tolerance 0.00e+00)
Best objective 6.990000000000e+02, best bound 6.990000000000e+02, gap 0.0000%

 	 Optimal Solution:
	x[0,41]: 1.0 
	x[1,0]: 1.0 
	x[2,1]: 1.0 
	x[3,2]: 1.0 
	x[4,3]: 1.0 
	x[5,4]: 1.0 
	x[6,5]: 1.0 
	x[7,6]: 1.0 
	x[8,7]: 1.0 
	x[9,8]: 1.0 
	x[10,9]: 1.0 
	x[11,10]: 1.0 
	x[12,11]: 1.0 
	x[13,12]: 1.0 
	x[14,13]: 1.0 
	x[15,14]: 1.0 
	x[16,15]: 1.0 
	x[17,16]: 1.0 
	x[18,17]: 1.0 
	x[19,18]: 1.0 
	x[20,19]: 1.0 
	x[21,20]: 1.0 
	x[22,21]: 1.0 
	x[23,22]: 1.0 
	x[24,23]: 1.0 
	x[25,24]: 1.0 
	x[26,25]: 1.0 
	x[27,26]: 1.0 
	x[28,27]: 1.0 
	x[29,28]: 1.0 
	x[30,29]: 1.0 
	x[31,30]: 1.0 
	x[32,31]: 1.0 
	x[33,32]: 1.0 
	x[34,33]: 1.0 
	x[35,34]: 1.0 
	x[36,35]: 1.0 
	x[37,36]: 1.0 
	x[38,37]: 1.0 
	x[39,38]: 1.0 
	x[40,39]: 1.0 
	x[41,40]: 1.0 
	u[0]: 6.0 
	u[1]: 5.0 
	u[2]: 4.0 
	u[3]: 3.0 
	u[4]: 2.0 
	u[5]: 1.0 
	u[6]: 42.0 
	u[7]: 41.0 
	u[8]: 40.0 
	u[9]: 39.0 
	u[10]: 38.0 
	u[11]: 37.0 
	u[12]: 36.0 
	u[13]: 35.0 
	u[14]: 34.0 
	u[15]: 33.0 
	u[16]: 32.0 
	u[17]: 31.0 
	u[18]: 30.0 
	u[19]: 29.0 
	u[20]: 28.0 
	u[21]: 27.0 
	u[22]: 26.0 
	u[23]: 25.0 
	u[24]: 24.0 
	u[25]: 23.0 
	u[26]: 22.0 
	u[27]: 21.0 
	u[28]: 20.0 
	u[29]: 19.0 
	u[30]: 18.0 
	u[31]: 17.0 
	u[32]: 16.0 
	u[33]: 15.0 
	u[34]: 14.0 
	u[35]: 13.0 
	u[36]: 12.0 
	u[37]: 11.0 
	u[38]: 10.0 
	u[39]: 9.0 
	u[40]: 8.0 
	u[41]: 7.0 
	objective value: 699.0