
Gurobi 12.0.1 (win64) logging started Mon Mar 10 18:42:37 2025

Set parameter LogFile to value "logs/3c_f3_pr76.log"
Set parameter MIPGap to value 0
Set parameter TimeLimit to value 3600
Set parameter Cuts to value 0
Gurobi Optimizer version 12.0.1 build v12.0.1rc0 (win64 - Windows 11.0 (26100.2))

CPU model: 12th Gen Intel(R) Core(TM) i7-12700, instruction set [SSE2|AVX|AVX2]
Thread count: 12 physical cores, 20 logical processors, using up to 20 threads

Non-default parameters:
TimeLimit  3600
MIPGap  0
Cuts  0

Optimize a model with 6004 rows, 5852 columns and 28504 nonzeros
Model fingerprint: 0x3e6cdb56
Variable types: 0 continuous, 5852 integer (5776 binary)
Coefficient statistics:
  Matrix range     [1e+00, 8e+01]
  Objective range  [3e+02, 2e+04]
  Bounds range     [1e+00, 1e+00]
  RHS range        [1e+00, 8e+01]
Presolve removed 302 rows and 77 columns
Presolve time: 0.06s
Presolved: 5702 rows, 5775 columns, 28050 nonzeros
Variable types: 0 continuous, 5775 integer (5700 binary)

Root relaxation: objective 7.766339e+04, 307 iterations, 0.01 seconds (0.01 work units)

    Nodes    |    Current Node    |     Objective Bounds      |     Work
 Expl Unexpl |  Obj  Depth IntInf | Incumbent    BestBd   Gap | It/Node Time

     0     0 77663.3867    0  129          - 77663.3867      -     -    0s
     0     0 77663.3867    0  129          - 77663.3867      -     -    0s
H    0     0                    156022.00000 77663.3867  50.2%     -    0s
H    0     0                    153023.00000 77663.3867  49.2%     -    0s
H    0     0                    148793.00000 77663.3867  47.8%     -    0s
H    0     0                    144588.00000 78929.3867  45.4%     -    1s
H    0     0                    141304.00000 78929.3867  44.1%     -    1s
H    0     0                    135019.00000 78929.3867  41.5%     -    1s
H    0     0                    133160.00000 78929.3867  40.7%     -    1s
H    0     0                    128873.00000 78929.3867  38.8%     -    1s
H    0     0                    127815.00000 78929.3867  38.2%     -    2s
H    0     0                    123377.00000 78929.3867  36.0%     -    2s
     0     2 78929.3867    0  129 123377.000 78929.3867  36.0%     -    2s
H   65    76                    120851.00000 78929.3867  34.7%  24.1    3s
   803   842 101562.247   59  115 120851.000 78929.3867  34.7%  20.6    5s
  2761  2715 100430.931   22  115 120851.000 79460.2000  34.2%  14.9   10s
H 2867  2581                    116958.00000 79460.2000  32.1%  15.0   11s
H 2867  2452                    116404.00000 79460.2000  31.7%  15.0   11s
H 2870  2333                    115072.00000 79484.4802  30.9%  15.2   13s
  3120  2484 88357.8329   25  110 115072.000 79769.1694  30.7%  15.6   15s
  4264  3140 107842.075   75   95 115072.000 79769.1694  30.7%  17.0   20s
H 4481  3070                    115058.00000 79795.8450  30.6%  17.3   20s
H 4489  2949                    114307.00000 79795.8450  30.2%  17.3   20s
H 5342  3190                    113171.00000 81361.2198  28.1%  17.7   24s
  5488  3373 106553.626   55   73 113171.000 81388.4667  28.1%  17.7   25s
  7512  4275 110099.650   88  112 113171.000 82711.5286  26.9%  17.3   30s
H 8371  4189                    111463.00000 83539.8045  25.1%  17.0   32s
  8935  4892 107193.811   61   71 111463.000 84257.1128  24.4%  16.9   35s
 11273  6558 103795.096   41  107 111463.000 84819.5054  23.9%  17.5   40s
 12707  7879 108800.291   64  103 111463.000 85003.5305  23.7%  17.6   45s
 14879  9286 infeasible   35      111463.000 86412.3054  22.5%  17.4   51s
 16775 10393 110464.153   43   89 111463.000 87430.5441  21.6%  17.8   55s
 18558 11900 109510.047   38  109 111463.000 87874.3045  21.2%  18.1   61s
 20016 12893 103053.374   33  126 111463.000 87969.0613  21.1%  18.4   65s
H21979 13090                    110968.00000 88456.6598  20.3%  18.4   68s
 21984 13367     cutoff   42      110968.000 88456.6598  20.3%  18.4   70s
 23554 14102 105164.341   33  129 110968.000 88806.1609  20.0%  18.5   75s
H23693 13260                    109694.00000 88806.1609  19.0%  18.5   75s
 24741 14550 103659.443   41   86 109694.000 88993.7870  18.9%  18.6   81s
 26800 15953 103680.695   38  100 109694.000 89228.4477  18.7%  19.0   86s
 27699 16962 102361.370   33   99 109694.000 89478.8143  18.4%  19.1   90s
H29246 16799                    109530.00000 89761.1669  18.0%  19.2   94s
H29248 16762                    109500.00000 89761.1669  18.0%  19.2   94s
H29249 16623                    109336.00000 89761.1669  17.9%  19.2   94s
H29256 16587                    109301.00000 89761.1669  17.9%  19.2   94s
H29258 16702                    109276.00000 89761.1669  17.9%  19.2   98s
H29350 16376                    109006.00000 89761.1669  17.7%  19.2   98s
 29539 16992 92892.7151   19  124 109006.000 89821.3005  17.6%  19.2  102s
 30851 17610 106607.245   32  115 109006.000 90031.1227  17.4%  19.2  106s
 31807 18342 100386.808   38   88 109006.000 90203.7685  17.2%  19.3  110s
 33215 19120 103767.899   33  113 109006.000 90379.5933  17.1%  19.3  115s
 35727 20600 105854.850   32  136 109006.000 90697.0257  16.8%  19.4  125s
 38628 21613 108108.723   44   67 109006.000 90803.2420  16.7%  19.4  131s
 40879 22964 96661.2899   28  106 109006.000 91033.4993  16.5%  19.5  137s
 42022 23575 104041.762   32   90 109006.000 91142.2151  16.4%  19.6  140s
 44086 25000 96096.4899   25  114 109006.000 91399.5829  16.2%  19.6  147s
 45716 25559 94633.6791   23  113 109006.000 91483.8699  16.1%  19.6  150s
 47854 26788 93168.9222   21  119 109006.000 91670.9584  15.9%  19.7  157s
 49156 27569 94178.6047   22  104 109006.000 91782.8681  15.8%  19.7  160s
 51290 29007 97690.0259   30   97 109006.000 91920.9995  15.7%  19.7  166s
 54256 30359 92093.0173   21  131 109006.000 91994.5736  15.6%  19.7  174s
 55727 31308 99384.5213   28  106 109006.000 92026.8196  15.6%  19.7  177s
 57451 31813 104610.673   39  110 109006.000 92080.5632  15.5%  19.7  180s
 59271 33134 infeasible   39      109006.000 92126.9639  15.5%  19.7  186s
 62502 34466 100735.344   33   89 109006.000 92177.6668  15.4%  19.6  191s
 64813 35617 94640.9123   25  114 109006.000 92224.6249  15.4%  19.6  196s
 67161 36671 99390.7781   29  120 109006.000 92276.7515  15.3%  19.5  200s
 69238 37818 95161.6141   23  116 109006.000 92317.4610  15.3%  19.5  206s
 71759 38849     cutoff   39      109006.000 92352.5295  15.3%  19.5  210s
 74054 40384 93921.2600   24  121 109006.000 92411.4348  15.2%  19.6  217s
 76406 42090 96069.4211   26  140 109006.000 92470.8445  15.2%  19.7  222s
 78936 43163 108065.997   39   81 109006.000 92549.2966  15.1%  19.7  227s
 81590 44448 99509.0122   27  108 109006.000 92643.7440  15.0%  19.7  232s
 83892 45616 96815.7164   28  134 109006.000 92728.8862  14.9%  19.6  237s
 86355 47005 103291.972   32  130 109006.000 92798.8728  14.9%  19.7  241s
 88862 48014 107984.980   37  117 109006.000 92895.4047  14.8%  19.7  246s
 91462 49412 107328.265   33  111 109006.000 92966.7424  14.7%  19.7  251s
 94052 50938 103243.823   31  148 109006.000 93018.0663  14.7%  19.7  256s
 96823 52210 107799.308   41   82 109006.000 93097.1204  14.6%  19.7  260s
 99161 53319 96275.1611   29  100 109006.000 93142.7825  14.6%  19.7  265s
 102901 55224 98948.2941   31  122 109006.000 93213.5218  14.5%  19.7  271s
 105519 56388 93330.9407   19  135 109006.000 93258.7645  14.4%  19.7  275s
 108955 58628 98799.5552   29  113 109006.000 93322.3818  14.4%  19.8  281s
 111635 59777 infeasible   35      109006.000 93346.3335  14.4%  19.8  285s
 113908 61066 98412.0653   25  100 109006.000 93392.3591  14.3%  19.8  290s
 117505 62943 107810.463   42   72 109006.000 93457.7160  14.3%  19.8  296s
 120209 64347 94665.8850   26  145 109006.000 93500.9543  14.2%  19.8  300s
 124096 65868 105831.943   34   94 109006.000 93571.7578  14.2%  19.8  306s
 126728 67055 93739.3593   22  126 109006.000 93609.0208  14.1%  19.8  310s
 129540 68695 107618.209   31  141 109006.000 93623.3805  14.1%  19.8  316s
H130482 68652                    108981.00000 93623.3805  14.1%  19.8  316s
 132156 70423 105802.044   33  117 108981.000 93695.6772  14.0%  19.8  321s
 135578 71896 99616.0768   27  121 108981.000 93732.4088  14.0%  19.8  326s
 138279 73427 104709.862   36   82 108981.000 93778.6629  13.9%  19.8  331s
 142411 75440     cutoff   42      108981.000 93823.4841  13.9%  19.8  336s
 145347 76782 98152.1564   25  104 108981.000 93857.8436  13.9%  19.7  340s
 149014 78958 96169.4446   25  131 108981.000 93891.3732  13.8%  19.8  346s
 152586 80755 95424.4424   25  137 108981.000 93925.6249  13.8%  19.8  351s
 156624 82651 101041.612   28  127 108981.000 93988.2087  13.8%  19.8  356s
 160231 84930 101009.938   28  104 108981.000 94027.4402  13.7%  19.8  361s
 163974 86918 95939.9058   27  136 108981.000 94059.9970  13.7%  19.8  366s
 166670 88212 103057.342   34   79 108981.000 94087.7387  13.7%  19.8  370s
 168391 89258 99133.2115   31  131 108981.000 94099.7798  13.7%  19.8  375s
 171341 90173 99809.0937   28   82 108981.000 94116.7898  13.6%  19.9  380s
 173801 92438 96741.2349   31  125 108981.000 94146.0655  13.6%  19.9  387s
 176675 93755 infeasible   34      108981.000 94168.9300  13.6%  19.9  391s
 179501 95036 97906.3732   27  133 108981.000 94194.3259  13.6%  19.9  395s
 182327 96226 96326.7151   21  111 108981.000 94226.8506  13.5%  19.9  400s
 186132 98017 infeasible   44      108981.000 94274.3955  13.5%  19.8  406s
 188432 98993 infeasible   38      108981.000 94300.7977  13.5%  19.8  410s
 190963 100265 107063.084   41  101 108981.000 94324.5444  13.4%  19.8  415s
 194560 101988 103546.129   35  109 108981.000 94360.9606  13.4%  19.8  420s
 198062 103706 104722.929   37   88 108981.000 94388.8548  13.4%  19.8  426s
 200581 104189 100250.116   29  124 108981.000 94411.3910  13.4%  19.8  431s
 200609 104208 101723.134   31  103 108981.000 94416.6616  13.4%  19.8  435s
 200771 104698 106016.923   34  122 108981.000 94416.6616  13.4%  19.8  440s
 202790 105868 107673.472   36   93 108981.000 94431.8976  13.4%  19.8  447s
 205337 107017 102768.921   34  129 108981.000 94456.3850  13.3%  19.9  452s
 206522 107654 96120.8276   25  104 108981.000 94466.7840  13.3%  19.8  456s
 209368 108914 106653.857   31  113 108981.000 94491.3411  13.3%  19.9  462s
 210708 109527 108721.448   57   31 108981.000 94502.3665  13.3%  19.8  465s
 213249 110809 107439.166   36   64 108981.000 94527.9838  13.3%  19.8  471s
 214656 111148 108616.069   38   62 108981.000 94537.8448  13.3%  19.8  475s
 217389 112058 106632.348   35   95 108981.000 94560.4515  13.2%  19.8  481s
 219855 113340 108125.617   44   94 108981.000 94576.0393  13.2%  19.8  487s
 221307 113742 107433.431   35   81 108981.000 94590.9182  13.2%  19.8  490s
 224900 115597 102043.158   31  114 108981.000 94616.5511  13.2%  19.8  497s
 227397 116806 96672.9957   27  106 108981.000 94636.3642  13.2%  19.8  502s
 228751 117319 107465.519   39   98 108981.000 94647.0871  13.2%  19.8  505s
 231038 118534 107490.502   37  127 108981.000 94669.7641  13.1%  19.8  511s
 233752 119588 95163.8906   24  107 108981.000 94682.9016  13.1%  19.8  516s
 236047 120826 103332.373   38   95 108981.000 94692.8570  13.1%  19.8  522s
 237429 121418 infeasible   38      108981.000 94706.0002  13.1%  19.8  525s
 239984 122613 97835.0647   28  113 108981.000 94719.8503  13.1%  19.8  531s
 242988 124078 103950.890   33   78 108981.000 94733.3187  13.1%  19.8  537s
 245352 125410 106507.144   35   71 108981.000 94751.0600  13.1%  19.8  542s
 246709 126099 infeasible   38      108981.000 94760.3816  13.0%  19.8  545s
H248131 124548                    108461.00000 94761.1861  12.6%  19.8  547s
 248564 125056     cutoff   39      108461.000 94767.9993  12.6%  19.8  551s
 251120 126121 107508.948   38  113 108461.000 94788.3085  12.6%  19.8  557s
 252450 126847 107051.860   41   93 108461.000 94794.1681  12.6%  19.8  560s
 255089 128304 96810.9003   28  136 108461.000 94813.8457  12.6%  19.8  566s
 257577 129148 100279.479   30  137 108461.000 94827.8141  12.6%  19.8  571s
 258206 129685 101548.203   33  105 108461.000 94827.8141  12.6%  19.8  575s
 259394 130841 103026.117   31   81 108461.000 94832.9136  12.6%  19.8  582s
H260219 130004                    108264.00000 94832.9619  12.4%  19.8  582s
 261766 130913 95074.7631   29  124 108264.000 94853.5533  12.4%  19.8  587s
 263418 131736 107284.082   37  107 108264.000 94869.5431  12.4%  19.8  592s
 265467 132282 107544.272   38  109 108264.000 94876.9156  12.4%  19.8  596s
 267344 132965 104142.640   30  122 108264.000 94889.0964  12.4%  19.8  600s
 270053 134142 95623.3940   30  141 108264.000 94916.6712  12.3%  19.8  607s
 271421 134792     cutoff   41      108264.000 94922.7223  12.3%  19.8  611s
 274305 135948 101003.176   30  130 108264.000 94942.7512  12.3%  19.8  618s
 275750 136432 99625.8468   26   89 108264.000 94945.6448  12.3%  19.8  622s
 276968 137207 infeasible   36      108264.000 94962.3847  12.3%  19.8  626s
 279795 138423 102284.893   33  123 108264.000 94987.2106  12.3%  19.8  632s
 281053 139039 95917.7422   26  129 108264.000 94993.6693  12.3%  19.8  635s
 283484 140045 98377.3273   29  138 108264.000 95007.4565  12.2%  19.8  642s
 284882 140482 100860.486   29  112 108264.000 95021.6996  12.2%  19.8  645s
 287567 141604 98574.0232   27  138 108264.000 95032.9289  12.2%  19.8  652s
 289009 141938 infeasible   37      108264.000 95040.8660  12.2%  19.8  655s
 291803 142815 107216.085   37   71 108264.000 95056.0108  12.2%  19.8  662s
 292954 143496 101907.220   33  118 108264.000 95065.5329  12.2%  19.8  665s
 295610 144994 96487.2840   26  103 108264.000 95075.8638  12.2%  19.8  671s
 298228 146361 98980.6163   25  126 108264.000 95090.0880  12.2%  19.8  677s
 299609 146799 98742.0622   26  108 108264.000 95097.0303  12.2%  19.8  680s
 302009 148012 104452.937   32  110 108264.000 95111.5034  12.1%  19.8  686s
 304219 149174 infeasible   36      108264.000 95123.6887  12.1%  19.8  692s
 305564 149813 107202.027   34  115 108264.000 95128.4658  12.1%  19.8  696s
 308275 151010 107456.160   44   93 108264.000 95146.1054  12.1%  19.8  702s
 309339 151637 106888.507   37  119 108264.000 95151.5579  12.1%  19.8  705s
 312089 152989 102060.717   28  120 108264.000 95167.9695  12.1%  19.8  713s
 313430 153474 infeasible   37      108264.000 95176.0124  12.1%  19.8  716s
 316038 154729 106216.977   32   87 108264.000 95196.0022  12.1%  19.8  723s
 317304 155206 98913.9025   28  125 108264.000 95198.1547  12.1%  19.8  725s
 319867 156216 106227.732   37  119 108264.000 95218.6678  12.0%  19.8  732s
 321241 156683 107190.414   35   84 108264.000 95227.7647  12.0%  19.8  735s
 323605 157989 97446.9856   30  103 108264.000 95245.3760  12.0%  19.8  741s
 326237 159215 107630.679   38   59 108264.000 95250.0774  12.0%  19.8  748s
 327627 159607 96205.2647   27  128 108264.000 95267.9820  12.0%  19.8  751s
 328817 160172 101611.409   33  112 108264.000 95274.7319  12.0%  19.8  755s
 331560 161359 106828.296   39  103 108264.000 95291.3622  12.0%  19.8  761s
 332577 161886 95404.9449   24  128 108264.000 95298.3596  12.0%  19.8  765s
 335266 163069 infeasible   29      108264.000 95315.9075  12.0%  19.8  772s
 336466 163504 107082.850   35   83 108264.000 95321.3478  12.0%  19.8  776s
 339201 164464 105607.741   37  129 108264.000 95330.7885  11.9%  19.8  782s
 340447 164759 99296.0686   28   92 108264.000 95343.7786  11.9%  19.8  785s
H340970 164148                    108159.00000 95344.3060  11.8%  19.8  785s
 342323 165513 102435.288   33  100 108159.000 95353.9094  11.8%  19.8  793s
 343456 166115 99934.7466   26  103 108159.000 95362.1587  11.8%  19.8  797s
 344792 166675     cutoff   38      108159.000 95367.5995  11.8%  19.8  802s
 346348 167239 97982.4211   29  126 108159.000 95374.9838  11.8%  19.8  805s
 348788 168519 100231.799   31  110 108159.000 95384.6186  11.8%  19.8  814s
 350213 168977 96892.9550   27   72 108159.000 95391.0948  11.8%  19.8  818s
 351351 169448 100700.703   31  100 108159.000 95399.1746  11.8%  19.8  822s
 352672 169889 106857.217   35  124 108159.000 95404.1623  11.8%  19.8  827s
 354054 170381 106856.031   33  119 108159.000 95413.0732  11.8%  19.8  830s
 355179 170795 103203.801   29  108 108159.000 95420.0269  11.8%  19.8  835s
 357896 171811 infeasible   40      108159.000 95433.5259  11.8%  19.8  842s
 359089 172338 107031.921   38   52 108159.000 95436.9076  11.8%  19.8  846s
 360344 172897 infeasible   44      108159.000 95439.9225  11.8%  19.8  851s
 362798 173931 99194.0666   29  152 108159.000 95459.2392  11.7%  19.8  858s
 364181 174438 96411.4743   30  151 108159.000 95464.0935  11.7%  19.8  863s
 365528 174923 97433.9344   23  139 108159.000 95477.2608  11.7%  19.8  866s
 366613 175671 100705.544   32  114 108159.000 95482.0452  11.7%  19.8  871s
 367925 176191 100113.628   34   71 108159.000 95488.7895  11.7%  19.8  875s
 370658 177134     cutoff   37      108159.000 95503.2600  11.7%  19.8  883s
 371827 177709 105559.394   35  107 108159.000 95509.0552  11.7%  19.8  887s
 373049 178360 95597.3478   22  134 108159.000 95515.7859  11.7%  19.8  891s
 374414 178840 99332.5820   29   97 108159.000 95525.3196  11.7%  19.8  895s
 376812 179916 97668.1081   21   94 108159.000 95536.0641  11.7%  19.8  902s
 377913 180571     cutoff   37      108159.000 95542.4553  11.7%  19.8  906s
 379229 181121 infeasible   39      108159.000 95548.9446  11.7%  19.8  910s
 381815 182155 95667.1488   22  111 108159.000 95566.3097  11.6%  19.8  917s
 382939 182817 104510.083   31  105 108159.000 95571.0858  11.6%  19.8  921s
 384275 183525 105443.332   36   83 108159.000 95579.3876  11.6%  19.8  925s
 385513 184186 101394.126   27  111 108159.000 95586.6457  11.6%  19.8  930s
 388126 185219 100622.095   37  138 108159.000 95598.7795  11.6%  19.8  938s
 389555 185759 106664.581   38  100 108159.000 95607.4416  11.6%  19.8  942s
 390787 186361 103431.997   34   81 108159.000 95608.7241  11.6%  19.8  945s
 391896 186935 infeasible   36      108159.000 95612.7793  11.6%  19.8  950s
 394483 187833 107331.038   36   94 108159.000 95624.6243  11.6%  19.8  958s
 395743 188306 107231.062   33  104 108159.000 95629.2679  11.6%  19.8  962s
 397138 188761 infeasible   36      108159.000 95636.4991  11.6%  19.8  966s
 398343 189230 99673.6251   29  137 108159.000 95646.0901  11.6%  19.8  970s
 400878 190229 107951.860   45   91 108159.000 95659.8119  11.6%  19.8  977s
 401858 190903 106431.810   34  127 108159.000 95664.6274  11.6%  19.8  981s
 403193 191453 99264.1746   25  111 108159.000 95669.8515  11.5%  19.8  986s
 404595 191863 107027.892   37   91 108159.000 95675.8998  11.5%  19.8  990s
 407074 193048 96681.0710   25  121 108159.000 95690.9332  11.5%  19.8  998s
 408268 193522 96892.2011   26  135 108159.000 95696.3232  11.5%  19.8 1002s
 409577 194087 95979.3923   22  109 108159.000 95702.2344  11.5%  19.8 1007s
 411053 194674 99316.2476   28  126 108159.000 95708.4641  11.5%  19.8 1011s
 413402 195629 100818.796   32  103 108159.000 95720.4506  11.5%  19.8 1018s
 414573 195963 105718.546   39  127 108159.000 95724.7805  11.5%  19.8 1022s
 415903 196497 106491.024   39   84 108159.000 95728.8742  11.5%  19.8 1026s
 417039 197035 97641.3220   25   98 108159.000 95735.1077  11.5%  19.8 1030s
 419750 198215 97018.0344   27  174 108159.000 95747.6121  11.5%  19.8 1038s
 421128 198620 97078.0627   26   87 108159.000 95755.7206  11.5%  19.8 1043s
 422157 199017 105474.174   35  128 108159.000 95759.9610  11.5%  19.8 1048s
 423009 199718 101031.976   30  135 108159.000 95761.7202  11.5%  19.8 1055s
 424794 200595 97202.0614   23  127 108159.000 95769.5142  11.5%  19.8 1061s
 426394 201206 100533.517   30  102 108159.000 95775.9330  11.4%  19.8 1067s
 427733 201891 100692.270   31  107 108159.000 95783.9579  11.4%  19.8 1073s
 429238 202647 106124.013   35   85 108159.000 95791.6881  11.4%  19.8 1078s
 430757 203238 98115.6926   22  122 108159.000 95797.1678  11.4%  19.8 1083s
 432087 203961 105561.957   35   64 108159.000 95803.9923  11.4%  19.8 1089s
 433617 204559 98771.7872   27  114 108159.000 95810.9993  11.4%  19.8 1095s
 434922 205102 106163.231   32   98 108159.000 95812.9841  11.4%  19.8 1100s
 436312 205802 99491.5339   30  122 108159.000 95818.7735  11.4%  19.8 1105s
 437714 206443 98366.7556   24  146 108159.000 95831.4584  11.4%  19.8 1110s
 439080 207024 100707.326   29  124 108159.000 95836.8349  11.4%  19.8 1116s
 440583 207643 100000.711   30  117 108159.000 95842.2063  11.4%  19.8 1120s
 441623 208078 106728.619   41  111 108159.000 95845.6162  11.4%  19.8 1125s
 442596 208541 100875.648   28  106 108159.000 95849.7195  11.4%  19.8 1130s
 444100 208909     cutoff   38      108159.000 95853.5886  11.4%  19.8 1135s
 446674 209916 98414.9944   26  137 108159.000 95863.2730  11.4%  19.8 1145s
 449289 210977 101297.730   31   91 108159.000 95873.7155  11.4%  19.8 1153s
 450370 211587 98541.1969   24  100 108159.000 95878.5335  11.4%  19.8 1158s
 451687 212366 infeasible   37      108159.000 95883.2718  11.3%  19.8 1162s
 452999 212900 103158.762   31  118 108159.000 95886.0277  11.3%  19.8 1167s
 454169 213313 100990.619   36  131 108159.000 95887.7448  11.3%  19.8 1172s
 455419 213622 106739.152   37  127 108159.000 95891.1049  11.3%  19.8 1177s
 456823 213949     cutoff   38      108159.000 95896.5105  11.3%  19.8 1182s
 458010 214491 101218.807   27  110 108159.000 95900.8443  11.3%  19.8 1188s
 459550 215024 106909.895   42   44 108159.000 95908.2989  11.3%  19.8 1192s
 460741 215476 106498.604   37   93 108159.000 95911.6265  11.3%  19.8 1198s
 462002 216070 106848.795   38   85 108159.000 95918.6205  11.3%  19.8 1203s
 463352 216659 102310.170   31  102 108159.000 95923.8323  11.3%  19.8 1208s
 464685 217048 infeasible   37      108159.000 95927.8039  11.3%  19.8 1213s
 465896 217750 96018.2971   24  140 108159.000 95931.9634  11.3%  19.8 1218s
 467139 218169 106543.390   35  119 108159.000 95934.6193  11.3%  19.8 1222s
 468434 218744     cutoff   41      108159.000 95937.3886  11.3%  19.8 1227s
 469519 219410 99053.3570   29  125 108159.000 95940.3468  11.3%  19.8 1233s
 470968 219908 107141.271   44  127 108159.000 95945.9097  11.3%  19.8 1238s
 472345 220394 106925.207   35   88 108159.000 95948.7467  11.3%  19.8 1243s
 473674 220793 104733.795   33   90 108159.000 95951.8112  11.3%  19.8 1247s
 474838 221319 105795.727   41  115 108159.000 95959.0277  11.3%  19.8 1253s
 476107 221727 100445.151   28  123 108159.000 95962.1160  11.3%  19.8 1259s
 477636 222318 98920.1183   27  120 108159.000 95966.5341  11.3%  19.8 1264s
 478831 222791 100850.053   30  111 108159.000 95972.6818  11.3%  19.8 1268s
 479944 223411 105419.981   32   58 108159.000 95975.2106  11.3%  19.7 1273s
 481312 223980 106771.473   73   70 108159.000 95982.1723  11.3%  19.7 1278s
 482516 224521 100997.139   30  129 108159.000 95985.2732  11.3%  19.7 1283s
 483541 225126 104419.481   35  117 108159.000 95988.9053  11.3%  19.7 1288s
 484913 225697 107198.306   39   98 108159.000 95992.1283  11.2%  19.7 1293s
 486330 226325 100435.389   27  106 108159.000 95996.0903  11.2%  19.7 1298s
 487591 226696 105792.270   33  108 108159.000 96000.4429  11.2%  19.7 1303s
 488917 227243 97175.6962   28  114 108159.000 96004.2975  11.2%  19.7 1308s
 490193 227724 106694.747   46   65 108159.000 96006.2705  11.2%  19.7 1313s
 491557 228382 101711.239   30  124 108159.000 96010.4721  11.2%  19.7 1318s
 492699 228986 102320.974   28  141 108159.000 96013.0800  11.2%  19.7 1323s
 494010 229528 97246.7088   26  116 108159.000 96015.9987  11.2%  19.7 1328s
 495290 230118 106013.783   34  103 108159.000 96020.3715  11.2%  19.7 1334s
 496678 230726 106948.947   37  104 108159.000 96023.1533  11.2%  19.7 1340s
 498127 231163 98025.8996   24  121 108159.000 96030.1723  11.2%  19.7 1345s
 499148 231839 98003.4621   29  136 108159.000 96031.6125  11.2%  19.7 1350s
 500530 232458 104406.418   37   94 108159.000 96035.7478  11.2%  19.7 1355s
 501833 232927 infeasible   42      108159.000 96038.7037  11.2%  19.7 1360s
 504198 234084 99354.0631   27   77 108159.000 96045.3908  11.2%  19.7 1369s
 505475 234615 106925.594   38  102 108159.000 96049.2604  11.2%  19.7 1374s
 506582 235115 106811.154   38   97 108159.000 96052.1722  11.2%  19.7 1380s
 507878 235701 106317.653   37  101 108159.000 96058.9000  11.2%  19.7 1386s
 509265 236203     cutoff   43      108159.000 96063.0950  11.2%  19.7 1390s
 510464 236781     cutoff   42      108159.000 96067.0582  11.2%  19.7 1396s
 511747 237326     cutoff   36      108159.000 96071.3255  11.2%  19.7 1401s
 513054 237822 106975.967   37  102 108159.000 96076.2792  11.2%  19.7 1407s
 514545 237831 106971.382   31  118 108159.000 96081.6881  11.2%  19.7 1410s
 514863 238647 103351.993   34  125 108159.000 96081.7569  11.2%  19.7 1418s
 516121 239274 98946.1273   33  108 108159.000 96085.1705  11.2%  19.7 1423s
 517411 239829 108040.900   37  104 108159.000 96089.0005  11.2%  19.7 1429s
 518948 240109 106846.631   37   77 108159.000 96093.3685  11.2%  19.7 1435s
 520256 240495 infeasible   39      108159.000 96096.9297  11.2%  19.7 1440s
 521386 240996     cutoff   36      108159.000 96100.7200  11.1%  19.7 1447s
 522722 241558 99354.1153   29  119 108159.000 96102.0050  11.1%  19.7 1452s
 524084 242231 102250.975   32  149 108159.000 96107.8142  11.1%  19.7 1458s
 525399 242785 infeasible   37      108159.000 96113.7750  11.1%  19.7 1462s
 526474 243347 106721.634   39   98 108159.000 96118.5146  11.1%  19.7 1468s
 527894 243793     cutoff   41      108159.000 96123.3934  11.1%  19.7 1474s
 529164 244369 106933.256   38  107 108159.000 96127.5982  11.1%  19.7 1480s
 530455 244829 infeasible   36      108159.000 96132.5620  11.1%  19.7 1485s
 531639 245332 infeasible   40      108159.000 96135.3931  11.1%  19.7 1491s
 533050 246035 107271.515   35  102 108159.000 96141.0147  11.1%  19.7 1496s
 534362 246489 105237.185   36   98 108159.000 96144.4250  11.1%  19.7 1502s
 535471 247110 106790.628   38   92 108159.000 96150.0556  11.1%  19.7 1507s
 536779 247486 107005.379   37   77 108159.000 96153.5089  11.1%  19.7 1513s
 538172 247936 infeasible   32      108159.000 96157.4223  11.1%  19.7 1518s
 539416 248599 infeasible   41      108159.000 96158.8337  11.1%  19.7 1523s
 540808 249122 107148.004   43   52 108159.000 96164.0821  11.1%  19.7 1529s
 541978 249759 104735.649   38  100 108159.000 96167.3095  11.1%  19.7 1535s
 543535 250291 99021.0000   29   87 108159.000 96171.5393  11.1%  19.7 1541s
 544682 250507 96285.6023   26  137 108159.000 96173.7501  11.1%  19.7 1548s
 544974 250585 96309.7274   27  122 108159.000 96173.7501  11.1%  19.7 1551s
 545191 250837 99548.8760   28  122 108159.000 96173.7501  11.1%  19.7 1555s
 545860 251420     cutoff   40      108159.000 96176.6359  11.1%  19.7 1561s
 547194 252159 101438.146   32  121 108159.000 96184.5405  11.1%  19.7 1568s
 548631 252615 104036.525   30  111 108159.000 96188.2380  11.1%  19.7 1574s
 549808 253271 102779.430   28   73 108159.000 96194.5079  11.1%  19.7 1579s
 550906 253869 105521.846   31   92 108159.000 96196.8728  11.1%  19.7 1585s
 552336 254469 101410.947   27  101 108159.000 96201.5317  11.1%  19.7 1590s
 553603 254903 102747.572   31  102 108159.000 96204.8007  11.1%  19.7 1595s
 554674 255346 102356.735   34  149 108159.000 96209.1159  11.0%  19.7 1601s
 556129 255891     cutoff   40      108159.000 96213.6656  11.0%  19.7 1607s
 557343 256563 107140.011   49   77 108159.000 96217.6138  11.0%  19.7 1612s
 558626 257135 97265.9201   26  112 108159.000 96220.3820  11.0%  19.7 1617s
 559735 257708 104779.431   38   99 108159.000 96222.2602  11.0%  19.7 1623s
 561211 258292 infeasible   38      108159.000 96227.4482  11.0%  19.7 1629s
 562540 258868 107911.767   36   97 108159.000 96232.0150  11.0%  19.7 1634s
 563831 259512 106927.209   36   88 108159.000 96235.1950  11.0%  19.7 1640s
 565028 260138 105222.198   35   80 108159.000 96238.4177  11.0%  19.7 1647s
 566616 260557 107068.399   33  110 108159.000 96239.9560  11.0%  19.7 1651s
 567591 260915 106238.405   31   87 108159.000 96244.7291  11.0%  19.7 1657s
 568965 261425 102436.474   30  109 108159.000 96246.8625  11.0%  19.7 1662s
 570248 261861 102224.678   31  142 108159.000 96250.6250  11.0%  19.7 1667s
 571414 262379 106898.281   38  100 108159.000 96255.6731  11.0%  19.7 1673s
 572652 262995 103626.529   32  143 108159.000 96259.1141  11.0%  19.7 1678s
 573890 263451     cutoff   40      108159.000 96262.0474  11.0%  19.7 1683s
 575049 264174 infeasible   36      108159.000 96265.7879  11.0%  19.7 1689s
 576303 264732 107327.301   40   92 108159.000 96269.7878  11.0%  19.7 1694s
 577523 265134 106544.161   35  103 108159.000 96272.6430  11.0%  19.7 1699s
 578756 265733     cutoff   38      108159.000 96276.6683  11.0%  19.7 1705s
 579937 266318 100873.234   29  116 108159.000 96279.1080  11.0%  19.7 1710s
 581111 266880 infeasible   34      108159.000 96281.3579  11.0%  19.7 1715s
 582332 267356 104047.194   35   97 108159.000 96285.1665  11.0%  19.7 1720s
 583481 267940 98560.1622   25   84 108159.000 96289.3232  11.0%  19.7 1726s
 584876 268413 106033.277   35  105 108159.000 96292.9754  11.0%  19.7 1731s
 586065 268927 98055.6926   31  107 108159.000 96297.5989  11.0%  19.7 1738s
 587446 269457 108067.243   36   85 108159.000 96301.8620  11.0%  19.7 1742s
 588602 270011 101040.738   28  119 108159.000 96302.4853  11.0%  19.7 1748s
 590028 270584     cutoff   39      108159.000 96306.0507  11.0%  19.7 1754s
 591277 271030 102534.330   29   97 108159.000 96309.4881  11.0%  19.7 1760s
 592504 271663 infeasible   33      108159.000 96313.4925  11.0%  19.7 1765s
 593814 272254 103141.612   32   84 108159.000 96318.0717  10.9%  19.7 1770s
 595022 272820 100926.997   29  133 108159.000 96321.0800  10.9%  19.7 1776s
 596372 273285 98267.9398   31  121 108159.000 96326.3411  10.9%  19.7 1781s
 597599 273867 99983.2004   32  120 108159.000 96329.7233  10.9%  19.7 1787s
 598840 274443 105757.620   34  106 108159.000 96332.2494  10.9%  19.7 1793s
 600132 275076 106116.368   43  103 108159.000 96336.2832  10.9%  19.7 1798s
 601310 275753 98375.8681   28  123 108159.000 96339.0575  10.9%  19.7 1804s
 602736 276255     cutoff   40      108159.000 96342.3575  10.9%  19.7 1809s
 604001 276661 105116.152   37  117 108159.000 96344.4504  10.9%  19.7 1814s
 605111 277083 96387.1834   26  120 108159.000 96349.2007  10.9%  19.7 1820s
 606433 277562 107187.114   52   48 108159.000 96352.5214  10.9%  19.7 1825s
 607606 278201 99529.8795   27  104 108159.000 96355.1137  10.9%  19.7 1831s
 609037 278785 104467.015   34   93 108159.000 96358.6531  10.9%  19.7 1836s
 610278 279263 infeasible   34      108159.000 96362.0430  10.9%  19.7 1842s
 611501 279859 106420.569   30   97 108159.000 96366.1936  10.9%  19.7 1847s
 612791 280345 97650.7641   24  132 108159.000 96368.9328  10.9%  19.7 1853s
 613989 280797 98488.2856   25  109 108159.000 96372.6099  10.9%  19.7 1858s
 615163 281531 99524.8231   30  140 108159.000 96376.4766  10.9%  19.7 1863s
 616516 282169 106380.565   40   98 108159.000 96378.4427  10.9%  19.7 1869s
 617807 282607 96626.9463   26  113 108159.000 96382.1926  10.9%  19.7 1874s
 618985 283088 infeasible   35      108159.000 96386.2780  10.9%  19.7 1881s
 620376 283478 105339.833   37   89 108159.000 96388.2268  10.9%  19.7 1886s
 621538 284015 101690.170   35  125 108159.000 96391.2098  10.9%  19.7 1891s
 622880 284615 108022.353   39   63 108159.000 96394.3344  10.9%  19.7 1897s
 624185 285163 infeasible   44      108159.000 96398.9368  10.9%  19.7 1902s
 625317 285734 105006.327   32  118 108159.000 96402.0282  10.9%  19.7 1908s
 626765 286142 infeasible   35      108159.000 96406.7358  10.9%  19.7 1913s
 627839 286728 97837.5559   24  149 108159.000 96408.4888  10.9%  19.7 1918s
 629102 287229 107179.508   32   79 108159.000 96412.0353  10.9%  19.7 1924s
 630435 287724 97624.6040   26  111 108159.000 96415.3163  10.9%  19.7 1930s
 631617 288317 100141.259   29  135 108159.000 96418.3933  10.9%  19.7 1935s
 632955 288951 101546.670   30  118 108159.000 96420.6611  10.9%  19.7 1942s
 634270 289393 106894.292   35  103 108159.000 96423.8124  10.8%  19.7 1947s
 635554 289910 106730.986   35  106 108159.000 96428.4719  10.8%  19.7 1954s
 637071 290492 infeasible   37      108159.000 96433.3406  10.8%  19.7 1960s
 638487 290920 106452.453   35  119 108159.000 96436.2378  10.8%  19.7 1965s
 639498 291515 107292.734   43   97 108159.000 96438.0980  10.8%  19.7 1971s
 640913 292124 106036.852   35  123 108159.000 96441.6581  10.8%  19.7 1977s
 642142 292631 101267.438   28  110 108159.000 96445.1395  10.8%  19.7 1982s
 643399 293309 108142.335   32  129 108159.000 96448.8468  10.8%  19.7 1988s
 644664 293724 106581.301   44   52 108159.000 96451.2586  10.8%  19.7 1993s
 646036 294162 98355.7659   32  108 108159.000 96454.4215  10.8%  19.7 1998s
 647290 294784 102841.145   33  130 108159.000 96458.4025  10.8%  19.7 2004s
 648618 295329 infeasible   41      108159.000 96462.3886  10.8%  19.7 2009s
 649810 295826 infeasible   39      108159.000 96465.7811  10.8%  19.7 2015s
 651149 296287 101813.420   33  127 108159.000 96469.9088  10.8%  19.7 2021s
 652371 296709     cutoff   40      108159.000 96474.9161  10.8%  19.7 2028s
 653778 297239 106399.954   37   97 108159.000 96478.7893  10.8%  19.7 2033s
 655146 297876 104880.135   36  103 108159.000 96481.8863  10.8%  19.7 2039s
 656427 298451 107291.840   37  106 108159.000 96484.4766  10.8%  19.7 2046s
 657857 298981 98363.7071   28   98 108159.000 96488.1953  10.8%  19.7 2051s
 659021 299591 96759.1635   28  133 108159.000 96492.9582  10.8%  19.7 2057s
 660299 300184 107635.878   34   84 108159.000 96496.5237  10.8%  19.7 2063s
 661640 300820 101328.211   31  107 108159.000 96499.1996  10.8%  19.7 2068s
 662902 301379 98979.8165   30  103 108159.000 96501.0033  10.8%  19.7 2074s
 664310 301900 104464.389   38   72 108159.000 96504.5068  10.8%  19.7 2080s
 665643 302355 100549.790   27  104 108159.000 96506.8944  10.8%  19.7 2085s
 666820 302945 99078.0950   28  128 108159.000 96509.1688  10.8%  19.7 2091s
 668058 303511 99068.8959   30  136 108159.000 96511.7034  10.8%  19.7 2096s
 669188 304067 infeasible   36      108159.000 96513.4342  10.8%  19.7 2102s
 670574 304488 107232.085   41  104 108159.000 96516.9370  10.8%  19.7 2108s
 671915 305148 105822.244   33  120 108159.000 96519.8431  10.8%  19.7 2113s
 673108 305777 102541.512   33   83 108159.000 96523.0179  10.8%  19.7 2119s
 674548 306095 105968.087   34   85 108159.000 96525.6234  10.8%  19.7 2125s
 675711 306602     cutoff   37      108159.000 96526.9659  10.8%  19.7 2130s
 676999 307122 infeasible   38      108159.000 96531.1928  10.8%  19.7 2135s
 678148 307761 100351.102   30  132 108159.000 96533.7859  10.7%  19.7 2141s
 679445 308324 106663.857   39  103 108159.000 96536.4135  10.7%  19.7 2147s
 680776 308822 97239.0703   30  145 108159.000 96539.7264  10.7%  19.7 2152s
 681857 309449 106558.573   32   93 108159.000 96542.4854  10.7%  19.7 2158s
 683218 309995 106444.984   43   86 108159.000 96545.0540  10.7%  19.7 2163s
 684361 310576 98520.2432   27   99 108159.000 96549.0370  10.7%  19.7 2168s
 685613 311061 107284.678   34  111 108159.000 96550.8085  10.7%  19.7 2174s
 687010 311577 105636.227   36  107 108159.000 96554.3633  10.7%  19.7 2180s
 688202 311982 103139.393   30  125 108159.000 96556.4586  10.7%  19.7 2186s
 689643 312676 102057.927   25   98 108159.000 96557.6789  10.7%  19.7 2192s
 690873 313144 107047.087   37   90 108159.000 96560.1054  10.7%  19.7 2198s
 692080 313800 106435.988   33  103 108159.000 96562.5306  10.7%  19.7 2205s
 693620 314357 104933.318   33   89 108159.000 96565.3303  10.7%  19.7 2211s
 694997 314671 97813.0329   27  110 108159.000 96570.3277  10.7%  19.7 2216s
 696321 315119 106940.708   37  119 108159.000 96571.7377  10.7%  19.7 2225s
 697457 315735 107830.098   38  114 108159.000 96572.0532  10.7%  19.7 2231s
 698843 315742 infeasible   43      108159.000 96576.6958  10.7%  19.7 2236s
 698879 315757 101523.853   29  103 108159.000 96576.6958  10.7%  19.7 2242s
 698910 315799 103955.948   31   87 108159.000 96576.6958  10.7%  19.7 2246s
 698986 316326 105234.988   32   98 108159.000 96576.6958  10.7%  19.7 2252s
 700068 316969 97651.5623   21  119 108159.000 96579.1220  10.7%  19.7 2260s
 701550 317644 101826.953   30  119 108159.000 96583.0091  10.7%  19.7 2265s
 702889 318270 105695.069   37   97 108159.000 96584.9717  10.7%  19.7 2273s
 704561 318898 infeasible   36      108159.000 96588.1793  10.7%  19.7 2278s
 705850 319493 104277.416   36  118 108159.000 96591.0923  10.7%  19.7 2285s
 707229 320045 101517.093   38  113 108159.000 96594.8530  10.7%  19.7 2291s
 708539 320665     cutoff   40      108159.000 96597.1928  10.7%  19.7 2297s
 709910 321219 99947.0214   28  124 108159.000 96600.5800  10.7%  19.7 2304s
 711381 321633 107955.266   38  126 108159.000 96605.0043  10.7%  19.7 2310s
 712461 322115 102887.736   35   92 108159.000 96607.8940  10.7%  19.7 2316s
 713686 322434 107841.244   36   92 108159.000 96609.4831  10.7%  19.7 2322s
 715007 322980 infeasible   36      108159.000 96611.2780  10.7%  19.7 2328s
 716356 323421 100317.759   29  109 108159.000 96616.0106  10.7%  19.7 2333s
 717597 324035 103450.494   31  108 108159.000 96619.0443  10.7%  19.7 2339s
 718934 324742 98551.3607   27  131 108159.000 96621.9629  10.7%  19.7 2345s
 720307 325179 107339.783   36   80 108159.000 96624.5887  10.7%  19.7 2351s
 721450 325741 99927.9898   29  149 108159.000 96627.6518  10.7%  19.7 2357s
 722740 326284 106623.776   33  105 108159.000 96629.6927  10.7%  19.7 2362s
 723936 326899 infeasible   37      108159.000 96629.8739  10.7%  19.7 2368s
 725245 327440 101192.430   33  100 108159.000 96633.0395  10.7%  19.7 2374s
 726486 328067 105685.044   33  101 108159.000 96634.9955  10.7%  19.7 2380s
 727645 328458 106877.909   40   95 108159.000 96636.0227  10.7%  19.7 2387s
 729130 328902 98416.8457   32  135 108159.000 96639.5405  10.7%  19.7 2392s
 730184 329445 101003.578   26   95 108159.000 96641.1939  10.6%  19.7 2398s
 731519 330062 99382.4436   27  120 108159.000 96644.4474  10.6%  19.7 2402s
 732526 330586 infeasible   38      108159.000 96645.9807  10.6%  19.7 2409s
 733832 331196 99297.4300   30  133 108159.000 96648.8232  10.6%  19.7 2415s
 735058 331650 106891.760   40  116 108159.000 96651.5885  10.6%  19.7 2421s
 736238 332350 107994.569   34   54 108159.000 96655.0868  10.6%  19.7 2427s
 737634 332934 103774.954   32  119 108159.000 96657.4537  10.6%  19.7 2433s
 738981 333510 106182.967   36  113 108159.000 96660.8728  10.6%  19.7 2439s
 740256 334180 100877.410   30  104 108159.000 96663.0268  10.6%  19.7 2445s
 741566 334623     cutoff   43      108159.000 96666.9795  10.6%  19.7 2452s
 742872 335022 102431.835   32  100 108159.000 96669.8182  10.6%  19.7 2458s
 744032 335705 105436.845   36  111 108159.000 96673.0224  10.6%  19.7 2464s
 745415 336275 infeasible   40      108159.000 96674.9899  10.6%  19.7 2471s
 746870 336802 104924.581   35  112 108159.000 96676.5871  10.6%  19.7 2476s
 747956 337417 98886.7434   29  110 108159.000 96678.1431  10.6%  19.7 2482s
 749346 337838 101819.832   27   98 108159.000 96680.8065  10.6%  19.7 2489s
 750572 338435 106232.315   39   92 108159.000 96682.8187  10.6%  19.7 2494s
 751762 338952 106959.778   37   83 108159.000 96685.4359  10.6%  19.7 2500s
 753086 339416 103600.069   34  113 108159.000 96688.9610  10.6%  19.7 2506s
 754203 340033 97995.1770   26  130 108159.000 96691.2105  10.6%  19.7 2512s
 755554 340591 107183.322   39   83 108159.000 96694.7016  10.6%  19.7 2517s
 756624 341183 107956.646   43   91 108159.000 96698.7714  10.6%  19.7 2524s
 757943 341831 98098.4191   29  127 108159.000 96701.8197  10.6%  19.7 2530s
 759260 342191 98759.7493   30  113 108159.000 96703.5575  10.6%  19.7 2536s
 760252 342712 104970.658   33   69 108159.000 96707.0050  10.6%  19.7 2542s
 761652 343396 97014.1117   30  108 108159.000 96712.5103  10.6%  19.7 2549s
 763015 343857 102529.568   37  102 108159.000 96715.9651  10.6%  19.7 2554s
 764131 344502 104086.779   31  101 108159.000 96718.3615  10.6%  19.7 2562s
 765647 344864 infeasible   40      108159.000 96718.3615  10.6%  19.7 2568s
 766729 345034     cutoff   35      108159.000 96723.8883  10.6%  19.7 2571s
 767207 345159     cutoff   35      108159.000 96724.3435  10.6%  19.7 2577s
 767341 345229     cutoff   35      108159.000 96724.3435  10.6%  19.7 2581s
 767679 345711 107064.686   36  126 108159.000 96724.3435  10.6%  19.7 2592s
 768875 346516 103559.683   37  116 108159.000 96727.6834  10.6%  19.7 2602s
 770803 347298 infeasible   34      108159.000 96733.0169  10.6%  19.7 2612s
 772896 348003 99153.5462   29  131 108159.000 96736.8097  10.6%  19.7 2621s
 774558 348625 101381.016   32  129 108159.000 96740.7751  10.6%  19.7 2630s
 776077 349391     cutoff   34      108159.000 96744.3292  10.6%  19.7 2638s
 777644 350074 104726.281   36   97 108159.000 96749.3197  10.5%  19.7 2644s
 779017 350762 99965.0850   34  127 108159.000 96750.7623  10.5%  19.7 2653s
 780665 351398 infeasible   41      108159.000 96756.2515  10.5%  19.7 2660s
 782024 352128 102603.177   33   85 108159.000 96759.1936  10.5%  19.7 2667s
 783505 352580 101878.331   30  108 108159.000 96761.8326  10.5%  19.7 2674s
 784668 353073 105652.423   35  104 108159.000 96762.2589  10.5%  19.7 2680s
 785866 353594 100127.833   31   72 108159.000 96764.4887  10.5%  19.7 2685s
 786917 353995 106945.941   44   72 108159.000 96765.7843  10.5%  19.7 2691s
 788386 354511 106235.857   38   98 108159.000 96768.7537  10.5%  19.7 2697s
 789594 355138     cutoff   46      108159.000 96771.3458  10.5%  19.7 2703s
 790817 355708 107452.879   40  108 108159.000 96773.9926  10.5%  19.7 2710s
 792055 356147 102881.835   33  112 108159.000 96776.5150  10.5%  19.7 2716s
 793245 356750 102904.042   31  116 108159.000 96779.2059  10.5%  19.7 2723s
 794622 357435 98611.3255   25  122 108159.000 96783.0843  10.5%  19.7 2729s
 795932 357997 103170.153   30  130 108159.000 96785.3591  10.5%  19.7 2735s
 797123 358626 101740.606   26  138 108159.000 96787.7333  10.5%  19.7 2741s
 798439 358946 106486.212   37   67 108159.000 96789.8965  10.5%  19.7 2748s
 799670 359384 97986.0967   36  133 108159.000 96790.9869  10.5%  19.7 2755s
 801139 359891     cutoff   42      108159.000 96794.7737  10.5%  19.7 2761s
 802358 360517 103034.502   39  105 108159.000 96798.5335  10.5%  19.7 2769s
 803828 361027 105175.489   34   96 108159.000 96800.8604  10.5%  19.7 2775s
 805061 361432 107006.309   39   97 108159.000 96802.9876  10.5%  19.7 2783s
 806476 361868 98810.2059   25  111 108159.000 96805.5911  10.5%  19.7 2789s
 807603 362494 97439.2821   25  105 108159.000 96808.1441  10.5%  19.7 2796s
 809047 363104 104907.164   42  123 108159.000 96811.7571  10.5%  19.7 2803s
 810445 363622 105838.444   35   94 108159.000 96813.8439  10.5%  19.7 2810s
 811690 364162 107068.419   51   46 108159.000 96815.8070  10.5%  19.7 2816s
 812837 364821 104496.625   38  109 108159.000 96818.5240  10.5%  19.7 2823s
 814178 365420 104367.637   30  108 108159.000 96820.1103  10.5%  19.7 2829s
 815366 365960 102886.989   31  129 108159.000 96823.0750  10.5%  19.7 2836s
 816806 366417 infeasible   34      108159.000 96826.4281  10.5%  19.7 2842s
 817966 367078 106256.394   34   77 108159.000 96829.5979  10.5%  19.7 2848s
 819300 367708 102347.951   33   93 108159.000 96832.1254  10.5%  19.7 2856s
 820604 368211 107925.101   32   76 108159.000 96834.0214  10.5%  19.7 2863s
 821813 368929 100517.752   27  131 108159.000 96836.7939  10.5%  19.7 2870s
 823321 369544 100246.762   28   96 108159.000 96838.8408  10.5%  19.7 2876s
 824674 370073 infeasible   43      108159.000 96840.4632  10.5%  19.7 2883s
 825920 370686 98572.5495   28   79 108159.000 96841.7534  10.5%  19.7 2890s
 827252 371086 98378.8705   30  115 108159.000 96845.3593  10.5%  19.7 2897s
 828386 371553 infeasible   36      108159.000 96849.1431  10.5%  19.7 2904s
 829746 372116 98044.0804   27  133 108159.000 96852.1528  10.5%  19.7 2910s
 830960 372612 infeasible   38      108159.000 96854.1748  10.5%  19.7 2916s
 832316 372993 107866.477   40   44 108159.000 96856.0112  10.5%  19.7 2923s
 833586 373594 107021.435   39   97 108159.000 96859.3031  10.4%  19.7 2930s
 834896 373915 infeasible   37      108159.000 96861.7585  10.4%  19.7 2937s
 836379 374550 infeasible   39      108159.000 96863.1879  10.4%  19.6 2942s
 837458 375265 107945.287   40   43 108159.000 96864.9246  10.4%  19.7 2950s
 838871 375758 104449.315   35   49 108159.000 96867.0716  10.4%  19.7 2955s
 839987 376365 96919.1029   32  109 108159.000 96869.8323  10.4%  19.7 2962s
 841356 376941 101924.943   32   98 108159.000 96872.5651  10.4%  19.7 2969s
 842618 377423 103362.767   33   92 108159.000 96875.9880  10.4%  19.7 2975s
 843867 378019 107176.528   38  116 108159.000 96877.8030  10.4%  19.7 2982s
 845160 378554 105144.091   37  130 108159.000 96880.6468  10.4%  19.7 2988s
 846483 379047 infeasible   34      108159.000 96883.3967  10.4%  19.7 2994s
 847743 379570 100307.805   32  107 108159.000 96885.0330  10.4%  19.7 3000s
 849057 379990 100642.410   34  118 108159.000 96888.0849  10.4%  19.7 3008s
 850354 380462 infeasible   36      108159.000 96889.6305  10.4%  19.6 3014s
 851556 380849 105961.287   39  114 108159.000 96891.6160  10.4%  19.6 3021s
 852896 381388 98594.9954   28  134 108159.000 96893.8234  10.4%  19.6 3027s
 854216 381857 106603.220   39   72 108159.000 96897.3886  10.4%  19.6 3033s
 855340 382424 105661.122   36  125 108159.000 96899.1254  10.4%  19.6 3041s
 856718 382933 106992.581   41  101 108159.000 96901.7354  10.4%  19.6 3048s
 857916 383501 101259.576   31   99 108159.000 96903.0620  10.4%  19.6 3055s
 859306 383970 102571.100   28  109 108159.000 96905.8820  10.4%  19.6 3060s
 860409 384443 99970.5224   29  111 108159.000 96907.9766  10.4%  19.6 3067s
 861868 385095 98071.0215   29  155 108159.000 96909.8013  10.4%  19.6 3074s
 863219 385421 101353.445   28  100 108159.000 96912.3123  10.4%  19.6 3079s
 864094 385731 101975.901   30  118 108159.000 96914.4721  10.4%  19.6 3085s
 864791 386298 103358.684   31  112 108159.000 96915.1725  10.4%  19.6 3093s
 866153 386790 106279.400   32  142 108159.000 96917.6172  10.4%  19.6 3100s
 867471 387287 106485.214   36   74 108159.000 96921.1701  10.4%  19.6 3107s
 868905 387893 102400.808   32  104 108159.000 96924.5843  10.4%  19.6 3113s
 870089 388437 107653.198   39  111 108159.000 96926.1595  10.4%  19.6 3121s
 871553 389043 103521.188   34   97 108159.000 96929.5133  10.4%  19.6 3128s
 872914 389649 105356.952   36  140 108159.000 96932.3171  10.4%  19.6 3134s
 874109 390160 106533.378   35  105 108159.000 96933.2624  10.4%  19.6 3142s
 875564 390637 105007.007   32   92 108159.000 96935.3982  10.4%  19.6 3148s
 876814 391040     cutoff   42      108159.000 96937.2344  10.4%  19.6 3154s
 878045 391549 102704.794   26  125 108159.000 96939.8349  10.4%  19.6 3162s
 879276 392093 104689.213   33  131 108159.000 96942.9968  10.4%  19.6 3167s
 880393 392597 101301.017   29  113 108159.000 96945.7526  10.4%  19.6 3173s
 881577 393122 105073.455   39   99 108159.000 96946.9043  10.4%  19.6 3180s
 882956 393600 103273.740   31  125 108159.000 96948.9021  10.4%  19.6 3185s
 884074 394114 99055.0157   32  125 108159.000 96951.6023  10.4%  19.6 3192s
 885399 394598 101781.826   27  113 108159.000 96953.6389  10.4%  19.6 3199s
 886597 395432 104490.176   36   94 108159.000 96957.1380  10.4%  19.6 3205s
 887912 395989 106870.371   42   89 108159.000 96958.3253  10.4%  19.6 3211s
 889128 396545 101316.121   31   98 108159.000 96958.4686  10.4%  19.6 3218s
 890461 397057 98316.3129   26  132 108159.000 96961.4993  10.4%  19.6 3224s
 891701 397600 102683.278   33   95 108159.000 96964.3863  10.4%  19.6 3232s
 893058 398197 105445.897   39  130 108159.000 96966.5457  10.3%  19.6 3239s
 894217 398998 103457.268   32  118 108159.000 96967.9541  10.3%  19.6 3247s
 895777 399634 107216.382   40  120 108159.000 96970.0317  10.3%  19.6 3254s
 897126 400288 103189.842   35  125 108159.000 96974.4095  10.3%  19.6 3260s
 898214 400766 101239.558   31  120 108159.000 96975.1977  10.3%  19.6 3267s
 899611 401286 104253.396   33  123 108159.000 96978.0635  10.3%  19.6 3274s
 900905 401901 104569.775   33  101 108159.000 96980.2762  10.3%  19.6 3281s
 902368 402358 104729.188   30   90 108159.000 96982.2136  10.3%  19.6 3288s
 903690 402829 100780.619   35  118 108159.000 96983.6096  10.3%  19.6 3295s
 904791 403221 106639.196   37   96 108159.000 96985.5879  10.3%  19.6 3301s
 906145 403683 107120.756   36  115 108159.000 96986.1705  10.3%  19.6 3307s
 907363 404270 104310.041   36   99 108159.000 96988.9926  10.3%  19.6 3314s
 908754 404856 103230.221   31  110 108159.000 96991.2258  10.3%  19.6 3321s
 910158 405287 98906.4000   31  127 108159.000 96993.7737  10.3%  19.6 3328s
 911413 405711 infeasible   39      108159.000 96996.2762  10.3%  19.6 3336s
 912825 406391 103631.462   35  129 108159.000 96998.8458  10.3%  19.6 3342s
 914117 406802 infeasible   34      108159.000 97000.5066  10.3%  19.6 3348s
 915334 407334 107444.257   34  122 108159.000 97001.5687  10.3%  19.6 3355s
 916616 407903 106093.513   45   99 108159.000 97004.5630  10.3%  19.6 3361s
 917768 408425 infeasible   40      108159.000 97005.2825  10.3%  19.6 3368s
 919032 408829 97198.5161   29  119 108159.000 97009.4032  10.3%  19.6 3375s
 920129 409418 104445.440   34  109 108159.000 97012.0532  10.3%  19.6 3382s
 921489 409938 104208.706   31  118 108159.000 97013.8142  10.3%  19.6 3388s
 922747 410542 103756.062   31   92 108159.000 97016.5765  10.3%  19.6 3395s
 924118 410972 100837.016   31  121 108159.000 97018.8908  10.3%  19.6 3401s
 925241 411421     cutoff   40      108159.000 97020.9576  10.3%  19.6 3408s
 926558 411932 106811.696   39  115 108159.000 97024.3413  10.3%  19.6 3415s
 927849 412471 infeasible   32      108159.000 97027.7356  10.3%  19.6 3421s
 929024 412825 98699.2135   30  108 108159.000 97029.0407  10.3%  19.6 3428s
 930320 413437 103352.514   38  109 108159.000 97031.3503  10.3%  19.6 3436s
 931729 413842 infeasible   41      108159.000 97034.5894  10.3%  19.6 3441s
 932896 414377 106403.094   36  112 108159.000 97037.7493  10.3%  19.6 3448s
 934295 414856 107570.973   40  103 108159.000 97041.1012  10.3%  19.6 3455s
 935489 415220 99077.7737   27  120 108159.000 97042.7792  10.3%  19.6 3462s
 936957 415615 99450.1543   30  100 108159.000 97044.0151  10.3%  19.6 3468s
 938045 416178     cutoff   42      108159.000 97046.8345  10.3%  19.6 3474s
 939261 416760 infeasible   39      108159.000 97048.8461  10.3%  19.6 3481s
 940466 417134 99066.6865   34   85 108159.000 97050.9268  10.3%  19.6 3487s
 941774 417494 103935.711   32   93 108159.000 97052.0258  10.3%  19.6 3493s
 942964 418221 104993.816   32  107 108159.000 97054.8349  10.3%  19.6 3500s
 944262 418586 103883.418   32  111 108159.000 97057.1982  10.3%  19.6 3506s
 945597 419010 infeasible   38      108159.000 97057.4959  10.3%  19.6 3512s
 946750 419520 infeasible   38      108159.000 97060.3480  10.3%  19.6 3519s
 948016 420016 107077.421   42  136 108159.000 97062.4854  10.3%  19.6 3527s
 949486 420453 103950.277   38  108 108159.000 97063.9128  10.3%  19.6 3533s
 950646 420938 100004.421   31   92 108159.000 97065.7559  10.3%  19.6 3539s
 951833 421378     cutoff   36      108159.000 97069.2146  10.3%  19.6 3545s
 953046 421724 infeasible   36      108159.000 97070.8640  10.3%  19.6 3551s
 954482 422234 106192.372   36  120 108159.000 97073.8220  10.2%  19.6 3559s
 955725 422653 98887.5577   27  100 108159.000 97076.0465  10.2%  19.6 3564s
 956833 423123 103250.338   30  130 108159.000 97078.4162  10.2%  19.6 3571s
 958168 423605 107206.988   38  112 108159.000 97080.8396  10.2%  19.6 3577s
 959259 424030 106235.808   35   73 108159.000 97082.7817  10.2%  19.6 3584s
 960801 424546 102294.586   30  135 108159.000 97084.6086  10.2%  19.6 3592s
 962030 425170 100118.783   29  111 108159.000 97086.7335  10.2%  19.6 3598s
 963287 425265 106331.276   44   88 108159.000 97088.2090  10.2%  19.6 3600s

Explored 963639 nodes (18869667 simplex iterations) in 3600.22 seconds (539.20 work units)
Thread count was 20 (of 20 available processors)

Solution count 10: 108159 108264 108461 ... 109530

Time limit reached
Best objective 1.081590000000e+05, best bound 9.708900000000e+04, gap 10.2349%
