
Gurobi 11.0.3 (win64) logging started Fri Mar 14 18:54:09 2025

Set parameter LogFile to value "logs/3c_f2_rat99.log"
Set parameter MIPGap to value 0
Set parameter TimeLimit to value 3600
Set parameter Cuts to value 0
Gurobi Optimizer version 11.0.3 build v11.0.3rc0 (win64 - Windows 11+.0 (26100.2))

CPU model: 12th Gen Intel(R) Core(TM) i7-12700, instruction set [SSE2|AVX|AVX2]
Thread count: 12 physical cores, 20 logical processors, using up to 20 threads

Optimize a model with 10098 rows, 9900 columns and 48514 nonzeros
Model fingerprint: 0xbb59d546
Variable types: 0 continuous, 9900 integer (9801 binary)
Coefficient statistics:
  Matrix range     [1e+00, 1e+02]
  Objective range  [4e+00, 2e+02]
  Bounds range     [1e+00, 1e+00]
  RHS range        [1e+00, 1e+02]
Presolve removed 394 rows and 100 columns
Presolve time: 0.11s
Presolved: 9704 rows, 9800 columns, 47922 nonzeros
Variable types: 0 continuous, 9800 integer (9702 binary)

Root relaxation: objective 1.090918e+03, 405 iterations, 0.02 seconds (0.02 work units)

    Nodes    |    Current Node    |     Objective Bounds      |     Work
 Expl Unexpl |  Obj  Depth IntInf | Incumbent    BestBd   Gap | It/Node Time

     0     0 1090.91837    0  158          - 1090.91837      -     -    0s
     0     0 1091.00000    0  158          - 1091.00000      -     -    0s
     0     2 1091.00000    0  158          - 1091.00000      -     -    2s
   265   296 1145.28571   18  126          - 1099.89796      -  35.3    5s
  1145  1203 1222.18367   77   81          - 1099.89796      -  16.3   10s
  2063  2123 1242.61224  154   72          - 1099.89796      -  12.4   15s
  2979  3105 1257.66327  238   68          - 1099.89796      -  11.1   20s
  4159  4291 1586.19388  352   33          - 1099.89796      -  10.2   25s
  5168  5332 1872.21429  429   28          - 1099.89796      -   9.6   30s
* 6251  6274             569    2451.0000000 1099.89796  55.1%   9.1   34s
  6448  6261     cutoff  509      2451.00000 1099.93197  55.1%   9.0   39s
H 6451  1954                    1224.0000000 1099.93197  10.1%   9.0   39s
  6463  2068 1122.48299    5  155 1224.00000 1099.93197  10.1%   9.0   41s
  6797  2204 1122.48299    6  158 1224.00000 1099.93197  10.1%  10.1   46s
  6802  2210 1101.93814   13  170 1224.00000 1101.93814  10.0%   0.2   54s
  6840  2244 1101.93814   17  156 1224.00000 1101.93814  10.0%   0.3   55s
  7385  2533 1184.51775   45  220 1224.00000 1101.93814  10.0%   1.9   60s
  8108  2748 1133.37113   29   80 1224.00000 1101.93814  10.0%   3.2   65s
  8928  3003 1206.35567  115   72 1224.00000 1101.93814  10.0%   4.3   70s
  9963  3123 1177.18900   39  172 1224.00000 1101.93814  10.0%   5.1   75s
 11136  3432 1204.00687  109  102 1224.00000 1101.93814  10.0%   6.3   80s
 11791  3636 1131.64948   20  157 1224.00000 1102.83505  9.90%   6.8  100s
 12548  4033 1187.50172   57  193 1224.00000 1102.83505  9.90%   7.2  105s
 13861  4379 1195.37769  180  166 1224.00000 1102.83505  9.90%   7.6  110s
 15230  5529 1210.31100   50  182 1224.00000 1105.12371  9.71%   8.1  116s
 16383  6303 1144.29553   25  137 1224.00000 1112.46392  9.11%   8.5  120s
 17421  7082 1198.25430   44   78 1224.00000 1112.46392  9.11%   8.9  125s
 19022  7901 1209.59622  183  143 1224.00000 1112.46392  9.11%   9.1  130s
 19298  7910 1210.70962  206  102 1224.00000 1112.46392  9.11%   9.1  138s
H19302  6599                    1212.0000000 1112.46392  8.21%   9.1  138s
 19311  6601     cutoff  206      1212.00000 1112.46392  8.21%   9.1  161s
H19316  6443                    1211.0000000 1112.46392  8.14%   9.1  161s
 19773  6946 1202.02749   39  191 1211.00000 1120.60825  7.46%   9.3  166s
 20661  7558 infeasible   35      1211.00000 1121.78351  7.37%   9.8  172s
 21256  7808 1202.05326   56  196 1211.00000 1124.44330  7.15%  10.1  175s
 22254  8506 1184.83849   30  136 1211.00000 1126.04639  7.02%  10.7  181s
 22853  8903 1206.41065   48  224 1211.00000 1127.20619  6.92%  11.0  185s
 23561  9304 1147.17182   24  180 1211.00000 1128.54639  6.81%  11.3  190s
 25056 10003 1165.21821   28  160 1211.00000 1131.62887  6.55%  11.9  199s
 25779 10363 1167.26804   27  137 1211.00000 1132.73196  6.46%  12.2  203s
 26578 10892 1202.90722   47   70 1211.00000 1133.95361  6.36%  12.6  208s
 27393 11241 1178.63058   25  106 1211.00000 1135.35052  6.25%  13.0  212s
 27935 11703     cutoff   48      1211.00000 1135.37113  6.25%  13.2  217s
 28921 12118 1188.26976   31  145 1211.00000 1136.00172  6.19%  13.4  222s
 29869 12671 1196.73196   30  109 1211.00000 1137.39691  6.08%  13.8  228s
 30818 13156 1197.81615   32  144 1211.00000 1138.21649  6.01%  14.0  234s
 31880 13622 1183.52491   32  205 1211.00000 1139.45567  5.91%  14.3  240s
 33055 14246 1194.86254   32  120 1211.00000 1140.56186  5.82%  14.5  246s
 34158 14733 1162.53780   24  184 1211.00000 1141.57388  5.73%  14.9  253s
 35344 15170 1162.17440   26  187 1211.00000 1143.19502  5.60%  15.2  259s
 36376 15767 1208.17182   41  174 1211.00000 1143.47423  5.58%  15.4  269s
 37959 16393 1199.03608   32  142 1211.00000 1144.22337  5.51%  15.8  276s
 39277 16913 1159.18729   27  142 1211.00000 1145.02062  5.45%  16.1  283s
 40614 17443 1202.80498   39  181 1211.00000 1145.35739  5.42%  16.3  289s
 41903 17938     cutoff   34      1211.00000 1145.64605  5.40%  16.5  296s
 43193 18277 1198.04639   39  162 1211.00000 1146.35223  5.34%  16.7  303s
 44460 18666 1200.57560   31  124 1211.00000 1146.69072  5.31%  16.9  308s
 45436 19188 1191.06100   35  184 1211.00000 1147.14433  5.27%  17.1  315s
 46835 19733 infeasible   32      1211.00000 1147.31959  5.26%  17.2  322s
 48158 20315 1205.98454   39  100 1211.00000 1148.05842  5.20%  17.4  329s
 49459 20664 1186.01031   28  133 1211.00000 1148.45017  5.17%  17.5  335s
 50738 21256 infeasible   38      1211.00000 1148.90893  5.13%  17.7  341s
 52029 21785 1179.86426   31  164 1211.00000 1149.25601  5.10%  17.8  348s
 53409 22329     cutoff   38      1211.00000 1149.70790  5.06%  17.9  354s
 54731 22859 infeasible   37      1211.00000 1150.17526  5.02%  18.0  362s
 55927 23399 1202.77062   82  144 1211.00000 1150.37801  5.01%  18.1  370s
 57608 24124 1185.16753   37  150 1211.00000 1151.09450  4.95%  18.2  376s
 58963 24679 1169.27320   27  142 1211.00000 1151.29553  4.93%  18.3  382s
 60323 25161 1161.41753   30  195 1211.00000 1151.52234  4.91%  18.4  388s
 61586 25724     cutoff   37      1211.00000 1151.89347  4.88%  18.5  394s
 62931 26245 1192.26289   35  121 1211.00000 1152.16323  4.86%  18.6  399s
 64277 26661     cutoff   37      1211.00000 1152.30670  4.85%  18.6  405s
 65572 27104 1192.78645   30  156 1211.00000 1152.65464  4.82%  18.7  410s
 66619 27652 1194.74055   37  165 1211.00000 1153.05326  4.79%  18.8  416s
 67881 28111 1183.13488   35  139 1211.00000 1153.09107  4.78%  18.9  421s
 69130 28586 1167.40893   29  148 1211.00000 1153.26117  4.77%  19.0  427s
 70438 28898 1184.74914   26  119 1211.00000 1153.45361  4.75%  19.0  433s
 71787 29367 1170.45876   31  177 1211.00000 1153.60481  4.74%  19.1  438s
 73077 29994     cutoff   38      1211.00000 1153.92096  4.71%  19.2  445s
 74484 30432 1189.14065   30  225 1211.00000 1154.14089  4.70%  19.3  450s
 75830 30729 1171.24742   28  163 1211.00000 1154.31615  4.68%  19.4  456s
 76839 31159 1174.51804   29  194 1211.00000 1154.50945  4.66%  19.4  461s
 78116 31626 1189.70790   32  199 1211.00000 1154.70790  4.65%  19.5  467s
 79463 32041 infeasible   37      1211.00000 1155.04038  4.62%  19.5  472s
 80799 32473 1190.24355   35  210 1211.00000 1155.19759  4.61%  19.6  478s
 82187 32908 1203.63918   33  119 1211.00000 1155.36426  4.59%  19.6  484s
 83486 33356     cutoff   35      1211.00000 1155.68385  4.57%  19.7  489s
 84791 33716 1199.80928   37   67 1211.00000 1155.97251  4.54%  19.7  494s
 86096 34075     cutoff   46      1211.00000 1156.17526  4.53%  19.8  500s
 87279 34454 1201.66649   40  137 1211.00000 1156.26289  4.52%  19.8  505s
 88603 34679 1199.91753   39  162 1211.00000 1156.43986  4.51%  19.9  510s
 89708 35028 1207.99141   38  134 1211.00000 1156.51031  4.50%  19.9  515s
 91048 35424 infeasible   37      1211.00000 1156.93814  4.46%  20.0  522s
 92495 35806 infeasible   36      1211.00000 1157.02491  4.46%  20.0  527s
 93749 36080 1180.67045   32  156 1211.00000 1157.13918  4.45%  20.1  532s
 95050 36399     cutoff   37      1211.00000 1157.26632  4.44%  20.1  537s
 96324 36651 infeasible   33      1211.00000 1157.42268  4.42%  20.1  542s
 97629 36961     cutoff   37      1211.00000 1157.53780  4.41%  20.2  547s
 98891 37450 1161.64948   25  119 1211.00000 1157.83162  4.39%  20.2  552s
 100174 37844     cutoff   33      1211.00000 1158.03866  4.37%  20.2  558s
 101527 38181 1202.63058   31   93 1211.00000 1158.14089  4.36%  20.2  563s
 102849 38442 1204.62887   33   85 1211.00000 1158.22680  4.36%  20.3  568s
 104145 38771 infeasible   29      1211.00000 1158.38144  4.35%  20.3  573s
 105334 39162 1189.17440   33  159 1211.00000 1158.52062  4.33%  20.4  578s
 106599 39311 1159.93814   38   56 1211.00000 1158.78007  4.31%  20.4  582s
 106992 39777     cutoff   38      1211.00000 1158.85567  4.31%  20.4  587s
 108259 40273 1203.78041   41  102 1211.00000 1159.00172  4.29%  20.4  593s
 109577 40729 infeasible   32      1211.00000 1159.11512  4.28%  20.4  600s
 111069 41056 1169.25086   33  170 1211.00000 1159.19244  4.28%  20.5  606s
 112423 41338     cutoff   41      1211.00000 1159.30596  4.27%  20.5  611s
 113684 41661 1173.38144   29  136 1211.00000 1159.39175  4.26%  20.5  616s
 114878 42065 infeasible   35      1211.00000 1159.59450  4.24%  20.5  621s
 116178 42479 1202.06186   43   99 1211.00000 1159.80069  4.23%  20.5  627s
 117476 42846     cutoff   36      1211.00000 1159.93814  4.22%  20.5  632s
 118806 43155 1177.20103   27  123 1211.00000 1160.03093  4.21%  20.6  637s
 120027 43483     cutoff   36      1211.00000 1160.17698  4.20%  20.6  642s
 121364 43861 1188.09794   32  177 1211.00000 1160.28179  4.19%  20.6  648s
 122743 44105     cutoff   36      1211.00000 1160.32302  4.18%  20.6  653s
 124088 44333 1191.99356   34  146 1211.00000 1160.45361  4.17%  20.6  658s
 125422 44645 infeasible   35      1211.00000 1160.56357  4.16%  20.6  663s
 126673 45010 1183.33540   33  199 1211.00000 1160.82131  4.14%  20.6  668s
 127917 45449 1185.64261   33  108 1211.00000 1160.91409  4.14%  20.6  675s
 129316 45895 1173.06117   28  245 1211.00000 1161.03265  4.13%  20.7  680s
 130632 46331 1176.02062   30  121 1211.00000 1161.12371  4.12%  20.7  685s
 131970 46774     cutoff   33      1211.00000 1161.19588  4.11%  20.7  690s
 133311 47191     cutoff   30      1211.00000 1161.28522  4.11%  20.7  695s
 134648 47354 1187.17526   35  124 1211.00000 1161.35911  4.10%  20.7  701s
 135875 47663 1196.95017   35  129 1211.00000 1161.39863  4.10%  20.7  706s
 137210 47944     cutoff   32      1211.00000 1161.50859  4.09%  20.7  711s
 138558 48358 1187.83763   33  185 1211.00000 1161.66821  4.07%  20.8  716s
 139886 48878     cutoff   36      1211.00000 1161.83505  4.06%  20.8  721s
 141197 49315 1205.09794   41  131 1211.00000 1161.94845  4.05%  20.8  726s
 142541 49350 1176.37715   28  197 1211.00000 1162.01632  4.04%  20.8  757s
 142589 49831 1202.28436   32  198 1211.00000 1162.01718  4.04%  20.8  763s
 143848 50234 1183.84107   29  199 1211.00000 1162.05326  4.04%  20.8  769s
 145226 50623 1204.78694   28  157 1211.00000 1162.13058  4.04%  20.8  775s
 146647 51011     cutoff   34      1211.00000 1162.20275  4.03%  20.8  783s
 148102 51274 infeasible   37      1211.00000 1162.30584  4.02%  20.9  789s
 149481 51600 1199.31271   33  145 1211.00000 1162.40722  4.01%  20.9  794s
 150781 51832 1168.55155   34  147 1211.00000 1162.56357  4.00%  20.9  800s
 151991 52311 1167.63230   31  144 1211.00000 1162.72852  3.99%  20.9  805s
 153346 52697 1186.88660   33   90 1211.00000 1162.83505  3.98%  20.9  811s
 154766 53162     cutoff   35      1211.00000 1162.89691  3.97%  20.9  817s
 156108 53538 1209.46564   37   89 1211.00000 1163.00515  3.96%  21.0  823s
 157473 53928 1180.76460   26  149 1211.00000 1163.08247  3.96%  21.0  829s
 158837 54313 1182.11340   31  118 1211.00000 1163.15464  3.95%  21.0  834s
 160173 54664 1178.93643   27  232 1211.00000 1163.24227  3.94%  21.0  840s
 161497 55016     cutoff   33      1211.00000 1163.31615  3.94%  21.0  846s
 162725 55240 1178.21134   28  195 1211.00000 1163.38316  3.93%  21.0  851s
 164043 55420 1203.92998   35  252 1211.00000 1163.45361  3.93%  21.0  857s
 165376 55766     cutoff   31      1211.00000 1163.53952  3.92%  21.0  863s
 166761 56179 1206.58247   38   72 1211.00000 1163.67869  3.91%  21.1  869s
 168071 56617 1205.59278   33   90 1211.00000 1163.79588  3.90%  21.1  874s
 169489 56967     cutoff   34      1211.00000 1163.82274  3.90%  21.1  880s
 170699 57490 1194.99227   33  127 1211.00000 1163.87148  3.89%  21.1  885s
 172060 57919 infeasible   37      1211.00000 1163.95533  3.88%  21.1  891s
 173486 58331     cutoff   39      1211.00000 1164.03265  3.88%  21.1  897s
 174892 58671 1198.35052   33  163 1211.00000 1164.09192  3.87%  21.1  903s
 176297 59000     cutoff   42      1211.00000 1164.15979  3.87%  21.1  909s
 177719 59328 infeasible   41      1211.00000 1164.20619  3.86%  21.1  914s
 179050 59561 1174.88832   30  189 1211.00000 1164.27182  3.86%  21.1  920s
 180454 59773 1193.79381   38  169 1211.00000 1164.33677  3.85%  21.1  925s
 181743 59923 1191.30412   34  201 1211.00000 1164.41409  3.85%  21.1  930s
 182995 60245 1204.09278   33  116 1211.00000 1164.51976  3.84%  21.1  935s
 184301 60687 1175.58591   30  111 1211.00000 1164.67869  3.83%  21.1  942s
 185678 61086 1198.55670   38  105 1211.00000 1164.82474  3.81%  21.1  947s
 187086 61544 1174.01598   32  156 1211.00000 1164.86942  3.81%  21.1  953s
 188511 61947 1193.22852   39  142 1211.00000 1164.92955  3.80%  21.1  958s
 189887 62320 1172.13402   29  123 1211.00000 1165.00687  3.80%  21.1  964s
 191103 62718 1167.37027   28  241 1211.00000 1165.06357  3.79%  21.2  970s
 192443 62935 1188.12715   35  141 1211.00000 1165.11512  3.79%  21.2  975s
 193958 63236 1202.67182   34  139 1211.00000 1165.18213  3.78%  21.2  981s
 195351 63561 1195.97059   34  251 1211.00000 1165.24914  3.78%  21.2  986s
 196738 63866 infeasible   31      1211.00000 1165.30756  3.77%  21.2  991s
 198120 64187 1175.56701   31  182 1211.00000 1165.40206  3.77%  21.2  996s
 199387 64463 1197.94330   31  168 1211.00000 1165.50515  3.76%  21.2 1002s
 200697 64878     cutoff   37      1211.00000 1165.65979  3.74%  21.2 1007s
 202057 65154 infeasible   32      1211.00000 1165.74055  3.74%  21.2 1014s
 203466 65689 1186.58763   33  109 1211.00000 1165.80069  3.73%  21.2 1020s
 204993 66106 1196.87113   33  155 1211.00000 1165.86598  3.73%  21.2 1025s
 206410 66567 1188.84021   34  149 1211.00000 1165.92440  3.72%  21.2 1031s
 207844 66593     cutoff   40      1211.00000 1165.97938  3.72%  21.2 1037s
 207947 67017 infeasible   40      1211.00000 1165.98797  3.72%  21.2 1044s
 209478 67312 1203.77320   34  127 1211.00000 1166.03436  3.71%  21.2 1050s
 210984 67709 1174.31959   30  168 1211.00000 1166.07904  3.71%  21.2 1056s
 212404 67968 1207.63402   36  116 1211.00000 1166.13660  3.70%  21.2 1063s
 213884 68283 1170.73196   27  158 1211.00000 1166.19759  3.70%  21.2 1069s
 215329 68501 1189.79038   40  104 1211.00000 1166.23024  3.70%  21.2 1075s
 216639 68818     cutoff   36      1211.00000 1166.26804  3.69%  21.2 1081s
 218014 69092 1201.60653   35  113 1211.00000 1166.33162  3.69%  21.3 1087s
 219374 69425 1200.05842   34  118 1211.00000 1166.41409  3.68%  21.3 1092s
 220742 69777 1198.06186   33  143 1211.00000 1166.50344  3.67%  21.3 1099s
 222157 70205 1202.35052   33  132 1211.00000 1166.64089  3.66%  21.3 1105s
 223478 70653 1185.89863   33  137 1211.00000 1166.70825  3.66%  21.3 1110s
 224852 71060 1204.66495   40  111 1211.00000 1166.80412  3.65%  21.3 1116s
 226274 71369     cutoff   38      1211.00000 1166.86254  3.64%  21.3 1122s
 227701 71791 1171.17010   30  143 1211.00000 1166.93471  3.64%  21.3 1129s
 229049 72155 1191.12887   33  146 1211.00000 1166.97595  3.64%  21.3 1134s
 230447 72524 1191.66237   36  183 1211.00000 1167.02148  3.63%  21.3 1141s
 231966 72912 1192.89347   29  111 1211.00000 1167.06873  3.63%  21.3 1147s
 233426 73285     cutoff   35      1211.00000 1167.11168  3.62%  21.3 1153s
 234885 73572     cutoff   36      1211.00000 1167.16495  3.62%  21.3 1159s
 236276 73941 1184.96048   30  120 1211.00000 1167.20275  3.62%  21.3 1165s
 237741 74221 1184.91649   27  231 1211.00000 1167.25601  3.61%  21.3 1171s
 239136 74492 1206.15248   34  238 1211.00000 1167.29553  3.61%  21.3 1178s
 240661 74748 1189.89347   30  130 1211.00000 1167.36186  3.60%  21.4 1184s
 242055 74950 infeasible   37      1211.00000 1167.44845  3.60%  21.4 1190s
 243234 75221 1177.59966   28  203 1211.00000 1167.52491  3.59%  21.4 1195s
 244597 75561 1193.34708   31  135 1211.00000 1167.56357  3.59%  21.4 1200s
 245979 75870     cutoff   32      1211.00000 1167.68729  3.58%  21.4 1206s
 247424 76258 infeasible   27      1211.00000 1167.73196  3.57%  21.4 1212s
 248860 76635 1193.76031   37  136 1211.00000 1167.79656  3.57%  21.4 1217s
 250265 77105 1196.64777   32  161 1211.00000 1167.83247  3.56%  21.4 1222s
 251657 77559 1187.95189   30  157 1211.00000 1167.87010  3.56%  21.4 1228s
 253132 77876 1209.96907   32   72 1211.00000 1167.92096  3.56%  21.4 1233s
 254464 78160 1168.29038   28  153 1211.00000 1167.96907  3.55%  21.4 1239s
 255935 78489 infeasible   37      1211.00000 1168.00687  3.55%  21.4 1245s
 257341 78910 1185.67268   27  195 1211.00000 1168.05979  3.55%  21.4 1252s
 258910 79261 1178.16151   30  130 1211.00000 1168.10997  3.54%  21.4 1258s
 260398 79559 1178.97251   33  174 1211.00000 1168.15808  3.54%  21.4 1264s
 261860 79921 infeasible   36      1211.00000 1168.20619  3.53%  21.4 1270s
 263392 80158     cutoff   36      1211.00000 1168.25430  3.53%  21.4 1276s
 264693 80382 1204.25601   34  133 1211.00000 1168.29210  3.53%  21.4 1282s
 266155 80609     cutoff   36      1211.00000 1168.33677  3.52%  21.4 1288s
 267566 80770 1188.33204   29  198 1211.00000 1168.40722  3.52%  21.4 1293s
 268904 80990 1206.77973   40  142 1211.00000 1168.44330  3.51%  21.4 1299s
 270331 81276 1203.91065   31  188 1211.00000 1168.52577  3.51%  21.4 1304s
 271701 81634 1183.05326   31  140 1211.00000 1168.62543  3.50%  21.4 1309s
 272984 81995 1180.65979   30  129 1211.00000 1168.71735  3.49%  21.4 1314s
 274381 82567 1204.63918   31  126 1211.00000 1168.78351  3.49%  21.4 1320s
 275826 82994 infeasible   41      1211.00000 1168.83505  3.48%  21.4 1327s
 277286 83381 1176.74570   26  158 1211.00000 1168.87973  3.48%  21.4 1333s
 278793 83785 1184.98900   33  193 1211.00000 1168.92440  3.47%  21.4 1339s
 280279 84083 infeasible   41      1211.00000 1168.96821  3.47%  21.4 1345s
 281822 84548 1200.27320   42  153 1211.00000 1169.01718  3.47%  21.4 1351s
 283315 84857 1175.83162   26  124 1211.00000 1169.05842  3.46%  21.4 1358s
 284737 85200 1188.94674   32  203 1211.00000 1169.09966  3.46%  21.4 1364s
 286347 85423     cutoff   39      1211.00000 1169.14089  3.46%  21.4 1370s
 287934 85719 1196.96134   32  144 1211.00000 1169.18213  3.45%  21.4 1376s
 289450 86086 1195.94158   34  241 1211.00000 1169.21134  3.45%  21.4 1382s
 290911 86379 1191.86197   35  189 1211.00000 1169.26117  3.45%  21.4 1388s
 292357 86655 1199.77320   33  130 1211.00000 1169.30584  3.44%  21.4 1394s
 293840 86967     cutoff   31      1211.00000 1169.36976  3.44%  21.4 1401s
 295360 87227 infeasible   34      1211.00000 1169.40893  3.43%  21.4 1407s
 296756 87452 1205.53608   34  206 1211.00000 1169.47079  3.43%  21.4 1412s
 298092 87733 1185.52609   32  218 1211.00000 1169.55326  3.42%  21.4 1418s
 299461 88085 1199.84278   37  146 1211.00000 1169.63402  3.42%  21.4 1423s
 300865 88456 1205.89072   32  203 1211.00000 1169.70790  3.41%  21.4 1429s
 302381 88814 1187.71198   31  179 1211.00000 1169.76117  3.41%  21.4 1435s
 303733 89265 1182.08763   33  138 1211.00000 1169.80928  3.40%  21.4 1441s
 305282 89591 1179.79381   34  128 1211.00000 1169.83162  3.40%  21.4 1447s
 306839 89944 1172.86340   28  128 1211.00000 1169.86598  3.40%  21.4 1453s
 308456 90272 1201.55670   54   88 1211.00000 1169.90378  3.39%  21.4 1460s
 309985 90662 1178.87973   32  121 1211.00000 1169.93041  3.39%  21.4 1465s
 311570 91010 1191.51031   35  154 1211.00000 1169.96701  3.39%  21.4 1473s
 313180 91382 1194.37371   30  134 1211.00000 1170.00687  3.39%  21.4 1479s
 314715 91784 1209.46564   41  198 1211.00000 1170.03780  3.38%  21.4 1485s
 316196 92070 1185.10438   38  163 1211.00000 1170.07216  3.38%  21.4 1491s
 317656 92391 1179.20893   32  171 1211.00000 1170.10739  3.38%  21.4 1498s
 319213 92638 1193.56186   40  148 1211.00000 1170.13058  3.37%  21.4 1504s
 320576 92903 1203.07216   40   83 1211.00000 1170.17912  3.37%  21.4 1510s
 322135 93143 1191.21993   30  179 1211.00000 1170.21649  3.37%  21.4 1516s
 323678 93510     cutoff   36      1211.00000 1170.25258  3.36%  21.4 1522s
 324961 93760 1193.14003   36  210 1211.00000 1170.29639  3.36%  21.4 1528s
 326463 94044 1201.06186   31  162 1211.00000 1170.36770  3.36%  21.4 1534s
 327928 94276     cutoff   33      1211.00000 1170.43299  3.35%  21.4 1539s
 329331 94546 1202.00859   38  157 1211.00000 1170.46649  3.35%  21.5 1546s
 330729 94879     cutoff   41      1211.00000 1170.55670  3.34%  21.5 1552s
 332046 95307 1205.86598   37  133 1211.00000 1170.63230  3.33%  21.5 1558s
 333495 95758     cutoff   41      1211.00000 1170.69588  3.33%  21.5 1564s
 335038 96165 1170.92440   26  183 1211.00000 1170.73883  3.32%  21.5 1570s
 336613 96651 1200.92268   37  222 1211.00000 1170.78007  3.32%  21.4 1576s
 338113 96944 1179.91065   31  166 1211.00000 1170.80584  3.32%  21.4 1582s
 339459 97365 1205.16495   31  125 1211.00000 1170.84708  3.32%  21.4 1588s
 341076 97755 1202.67354   37  140 1211.00000 1170.89175  3.31%  21.4 1594s
 342738 98136     cutoff   40      1211.00000 1170.93471  3.31%  21.4 1600s
 344328 98480     cutoff   43      1211.00000 1170.97423  3.31%  21.4 1606s
 345740 98824 1196.86082   49  182 1211.00000 1170.99656  3.30%  21.4 1612s
 347171 99163     cutoff   34      1211.00000 1171.02749  3.30%  21.4 1619s
 348802 99456 1180.82990   33  144 1211.00000 1171.06873  3.30%  21.4 1625s
 350392 99684     cutoff   32      1211.00000 1171.09450  3.30%  21.4 1631s
 351966 99977 1173.64261   33  213 1211.00000 1171.12715  3.29%  21.4 1637s
 353339 100248 infeasible   35      1211.00000 1171.16151  3.29%  21.4 1643s
 354846 100609 1199.13488   37  150 1211.00000 1171.18557  3.29%  21.4 1649s
 356343 100850 1206.69072   38   84 1211.00000 1171.23711  3.28%  21.5 1655s
 357901 101062 1185.64948   37   68 1211.00000 1171.27491  3.28%  21.5 1661s
 359280 101305 1196.80412   35  110 1211.00000 1171.32216  3.28%  21.5 1667s
 360732 101499 1189.24513   35  195 1211.00000 1171.35584  3.27%  21.5 1673s
 362006 101725 infeasible   42      1211.00000 1171.40979  3.27%  21.5 1679s
 363431 101963 1201.73711   39  102 1211.00000 1171.47423  3.26%  21.5 1684s
 364645 101963 infeasible   40      1211.00000 1171.49485  3.26%  21.5 1685s
 364898 102293 1191.60825   37  129 1211.00000 1171.51203  3.26%  21.5 1691s
 366352 102622 1194.77148   34  160 1211.00000 1171.58677  3.25%  21.5 1697s
 367798 102877 1199.80670   43  169 1211.00000 1171.64605  3.25%  21.5 1703s
 369032 103375 1193.62027   30  117 1211.00000 1171.68557  3.25%  21.5 1709s
 370618 103826     cutoff   34      1211.00000 1171.72337  3.24%  21.5 1716s
 372208 104244     cutoff   36      1211.00000 1171.75945  3.24%  21.5 1722s
 373813 104693 1195.20619   34  112 1211.00000 1171.79897  3.24%  21.5 1729s
 375396 105104 1200.35567   42  106 1211.00000 1171.82131  3.24%  21.5 1735s
 377005 105485 infeasible   36      1211.00000 1171.86082  3.23%  21.5 1741s
 378472 105865     cutoff   35      1211.00000 1171.87801  3.23%  21.5 1748s
 380052 106327 1182.93814   32  160 1211.00000 1171.88758  3.23%  21.5 1755s
 381716 106777 1191.74536   42  175 1211.00000 1171.93471  3.23%  21.5 1762s
 383383 107172 infeasible   36      1211.00000 1171.95876  3.22%  21.5 1769s
 384953 107493 1203.13101   43  159 1211.00000 1171.98969  3.22%  21.5 1776s
 386562 107938 1186.81787   33  134 1211.00000 1172.01203  3.22%  21.5 1784s
 388333 108330 1172.41237   31  156 1211.00000 1172.04467  3.22%  21.4 1791s
 390049 108543 infeasible   39      1211.00000 1172.08247  3.21%  21.4 1798s
 391541 108930     cutoff   44      1211.00000 1172.10593  3.21%  21.4 1804s
 393158 109240 1206.65034   39  181 1211.00000 1172.14261  3.21%  21.4 1812s
 394926 109540     cutoff   40      1211.00000 1172.18041  3.21%  21.4 1819s
 396536 109778     cutoff   37      1211.00000 1172.21306  3.20%  21.4 1826s
 398084 110033 infeasible   31      1211.00000 1172.24399  3.20%  21.5 1832s
 399556 110286 infeasible   31      1211.00000 1172.27835  3.20%  21.5 1839s
 401014 110524     cutoff   40      1211.00000 1172.32474  3.19%  21.5 1845s
 402538 110757     cutoff   31      1211.00000 1172.36254  3.19%  21.5 1852s
 404065 110998 1196.81873   37  119 1211.00000 1172.42405  3.19%  21.5 1859s
 405470 111186 infeasible   32      1211.00000 1172.46735  3.18%  21.5 1865s
 406783 111382 1192.18385   34  169 1211.00000 1172.51546  3.18%  21.5 1871s
 408328 111734 1184.15979   36  194 1211.00000 1172.57388  3.17%  21.5 1878s
 409885 112126     cutoff   42      1211.00000 1172.62887  3.17%  21.5 1884s
 411438 112524 1195.53780   33  149 1211.00000 1172.67869  3.16%  21.5 1890s
 412964 112844 1196.63402   38  119 1211.00000 1172.72165  3.16%  21.5 1896s
 414355 113255 1193.64605   26  149 1211.00000 1172.76753  3.16%  21.5 1903s
 416045 113719 1175.43299   34  134 1211.00000 1172.79502  3.15%  21.5 1910s
 417705 114217     cutoff   37      1211.00000 1172.82302  3.15%  21.5 1918s
 419228 114694     cutoff   37      1211.00000 1172.85052  3.15%  21.5 1925s
 420835 115109     cutoff   34      1211.00000 1172.88660  3.15%  21.5 1933s
 422582 115522 1187.30155   33  190 1211.00000 1172.91581  3.14%  21.5 1940s
 424284 115849 infeasible   36      1211.00000 1172.94502  3.14%  21.5 1947s
 425985 116199 1204.43814   39  168 1211.00000 1172.96735  3.14%  21.5 1954s
 427586 116474     cutoff   35      1211.00000 1172.99656  3.14%  21.5 1961s
 429379 116699 1190.75630   35  223 1211.00000 1173.01718  3.14%  21.5 1969s
 430983 116966 1202.36082   47  134 1211.00000 1173.03780  3.13%  21.5 1976s
 432683 117118 1201.84364   36  139 1211.00000 1173.06357  3.13%  21.5 1982s
 433518 117383     cutoff   36      1211.00000 1173.07732  3.13%  21.5 1989s
 435064 117699 infeasible   34      1211.00000 1173.10137  3.13%  21.5 1996s
 436787 118022 1195.81100   34  123 1211.00000 1173.13058  3.13%  21.5 2004s
 438467 118294 infeasible   37      1211.00000 1173.16667  3.12%  21.5 2011s
 440134 118564     cutoff   36      1211.00000 1173.21134  3.12%  21.5 2018s
 441618 118727 1195.75430   36  100 1211.00000 1173.24399  3.12%  21.5 2025s
 443263 119044 1200.44880   33  215 1211.00000 1173.26460  3.12%  21.5 2032s
 444978 119244 1187.55584   33  129 1211.00000 1173.30155  3.11%  21.5 2039s
 446608 119482 1204.79553   38  217 1211.00000 1173.33247  3.11%  21.5 2046s
 448146 119729 1182.19931   30  155 1211.00000 1173.39347  3.11%  21.5 2053s
 449589 119915     cutoff   41      1211.00000 1173.42955  3.10%  21.5 2059s
 450916 120188 1196.37113   36  125 1211.00000 1173.48454  3.10%  21.5 2065s
 452393 120518     cutoff   31      1211.00000 1173.53608  3.09%  21.5 2071s
 453917 120528 1198.11684   36  123 1211.00000 1173.59450  3.09%  21.5 2084s
 453931 120749 1198.15808   37  109 1211.00000 1173.59536  3.09%  21.5 2091s
 455322 121158 infeasible   37      1211.00000 1173.65636  3.08%  21.5 2098s
 456805 121554 1196.17526   33  152 1211.00000 1173.69072  3.08%  21.5 2106s
 458448 121989 1196.82517   33  154 1211.00000 1173.72509  3.08%  21.5 2116s
 460157 122286 1192.58076   30  207 1211.00000 1173.75773  3.08%  21.5 2124s
 461815 122529 1202.62887   38   75 1211.00000 1173.79038  3.07%  21.5 2131s
 463247 122982     cutoff   32      1211.00000 1173.81443  3.07%  21.5 2140s
 465099 123415 infeasible   39      1211.00000 1173.83986  3.07%  21.5 2149s
 466756 123936 1187.73711   30  138 1211.00000 1173.87113  3.07%  21.5 2157s
 468554 124273 1202.96392   38  120 1211.00000 1173.89863  3.06%  21.5 2165s
 470094 124600 1188.39691   35  139 1211.00000 1173.91924  3.06%  21.4 2173s
 471849 124978 1199.79381   42  119 1211.00000 1173.93127  3.06%  21.4 2181s
 473508 125212 1182.95017   29  160 1211.00000 1173.97079  3.06%  21.4 2189s
 475104 125510 1174.14089   28  147 1211.00000 1173.98625  3.06%  21.4 2197s
 476700 125794 1201.10653   40  126 1211.00000 1174.00687  3.05%  21.4 2207s
 478475 126104     cutoff   40      1211.00000 1174.03093  3.05%  21.5 2215s
 480067 126407     cutoff   31      1211.00000 1174.06701  3.05%  21.5 2223s
 481735 126701 1189.25086   35  151 1211.00000 1174.09708  3.05%  21.5 2232s
 483366 127012 1194.95361   38  175 1211.00000 1174.12543  3.04%  21.5 2240s
 485033 127325 infeasible   35      1211.00000 1174.15464  3.04%  21.5 2249s
 486816 127628 1209.84708   39  138 1211.00000 1174.17869  3.04%  21.5 2256s
 488359 127812 infeasible   41      1211.00000 1174.20619  3.04%  21.5 2265s
 490016 127999 1187.16151   30  147 1211.00000 1174.23196  3.04%  21.5 2273s
 491646 128258 1196.76289   35  165 1211.00000 1174.26460  3.03%  21.5 2281s
 493308 128515     cutoff   32      1211.00000 1174.29768  3.03%  21.5 2289s
 494950 128659 1174.54296   27  130 1211.00000 1174.33419  3.03%  21.5 2298s
 496453 128825 1188.32474   37  166 1211.00000 1174.37629  3.02%  21.5 2305s
 497926 129065 1190.28265   30  203 1211.00000 1174.41409  3.02%  21.5 2312s
 499544 129349 1198.46657   41  240 1211.00000 1174.47423  3.02%  21.5 2318s
 501089 129623 1203.68857   37  202 1211.00000 1174.51031  3.01%  21.5 2325s
 502596 129931 infeasible   39      1211.00000 1174.56701  3.01%  21.5 2332s
 503833 130183 1186.12113   34  155 1211.00000 1174.60481  3.01%  21.5 2339s
 505525 130598 infeasible   40      1211.00000 1174.64605  3.00%  21.5 2347s
 507176 130842 1180.64948   34  139 1211.00000 1174.68729  3.00%  21.5 2373s
 508209 131230 1203.36598   41  173 1211.00000 1174.69874  3.00%  21.5 2383s
 510045 131586 infeasible   43      1211.00000 1174.74227  2.99%  21.5 2393s
 512032 132160 1190.33677   33  194 1211.00000 1174.77663  2.99%  21.5 2403s
 514193 132586 infeasible   39      1211.00000 1174.80069  2.99%  21.5 2414s
 516151 132998 1179.73196   33   87 1211.00000 1174.83162  2.99%  21.4 2422s
 517909 133365 1184.16495   39  126 1211.00000 1174.85567  2.98%  21.4 2431s
 519593 133792 1200.03093   45   72 1211.00000 1174.87629  2.98%  21.4 2439s
 521496 134069 1193.61512   32  161 1211.00000 1174.89777  2.98%  21.4 2448s
 523105 134452 1203.01031   36  110 1211.00000 1174.91753  2.98%  21.4 2456s
 524848 134864 1204.59794   34  125 1211.00000 1174.94158  2.98%  21.4 2465s
 526516 135227 1194.28866   38  208 1211.00000 1174.96392  2.98%  21.4 2474s
 528320 135558 1199.74742   30  116 1211.00000 1174.98282  2.97%  21.4 2482s
 530183 135953 1182.96048   31  149 1211.00000 1175.01203  2.97%  21.4 2491s
 531986 136269 1178.39175   31  144 1211.00000 1175.03780  2.97%  21.4 2501s
 533719 136616 1201.93643   34  147 1211.00000 1175.06873  2.97%  21.4 2511s
 535706 136864     cutoff   32      1211.00000 1175.09278  2.97%  21.4 2519s
 537439 137127     cutoff   38      1211.00000 1175.11340  2.96%  21.4 2528s
 539326 137390 infeasible   39      1211.00000 1175.13402  2.96%  21.4 2536s
 540925 137683 1204.03093   33  139 1211.00000 1175.15550  2.96%  21.4 2543s
 542699 137934 1177.37973   37  185 1211.00000 1175.18729  2.96%  21.4 2551s
 544467 138171 infeasible   43      1211.00000 1175.20962  2.96%  21.4 2559s
 546141 138424 infeasible   37      1211.00000 1175.24399  2.95%  21.4 2567s
 547661 138644 1198.63574   31  221 1211.00000 1175.27491  2.95%  21.4 2574s
 548207 138644 1189.14433   31  137 1211.00000 1175.27835  2.95%  21.4 2575s
 549269 138794 1200.86856   34  208 1211.00000 1175.30584  2.95%  21.4 2582s
 550740 139064 1180.34021   31  141 1211.00000 1175.32646  2.95%  21.4 2590s
 552319 139198     cutoff   36      1211.00000 1175.37113  2.94%  21.4 2598s
 553929 139309 1198.24227   38  138 1211.00000 1175.41237  2.94%  21.4 2605s
 555396 139637 infeasible   38      1211.00000 1175.46048  2.93%  21.4 2613s
 556948 139896     cutoff   39      1211.00000 1175.50515  2.93%  21.4 2620s
 558442 140223 1194.73196   30  131 1211.00000 1175.55326  2.93%  21.4 2628s
 560123 140646 infeasible   37      1211.00000 1175.60309  2.92%  21.4 2636s
 561762 140994 1198.43986   32  163 1211.00000 1175.63574  2.92%  21.4 2643s
 563313 141372     cutoff   42      1211.00000 1175.66495  2.92%  21.4 2651s
 565033 141867     cutoff   43      1211.00000 1175.69072  2.92%  21.4 2659s
 566797 142264 1186.83677   30  162 1211.00000 1175.71821  2.91%  21.4 2666s
 568514 142638 1188.32646   35  124 1211.00000 1175.74742  2.91%  21.4 2676s
 570039 143025 1187.58076   32  140 1211.00000 1175.76804  2.91%  21.4 2686s
 572135 143432     cutoff   37      1211.00000 1175.79381  2.91%  21.4 2696s
 574117 143878 infeasible   38      1211.00000 1175.83162  2.90%  21.4 2705s
 576076 144203 1197.89347   27  112 1211.00000 1175.85567  2.90%  21.4 2714s
 577841 144586 infeasible   32      1211.00000 1175.87285  2.90%  21.4 2723s
 579789 144900 infeasible   37      1211.00000 1175.90034  2.90%  21.4 2731s
 581722 145235     cutoff   31      1211.00000 1175.91924  2.90%  21.4 2738s
 583602 145267 1180.51546   32  147 1211.00000 1175.94989  2.89%  21.4 2747s
 583756 145647 1183.52577   33  130 1211.00000 1175.95189  2.89%  21.4 2757s
 585556 146048 1188.05971   29  207 1211.00000 1175.97423  2.89%  21.4 2767s
 587527 146368     cutoff   35      1211.00000 1176.00000  2.89%  21.4 2777s
 589503 146663 1187.86942   32  147 1211.00000 1176.02062  2.89%  21.4 2786s
 591278 146987 infeasible   38      1211.00000 1176.04124  2.89%  21.4 2796s
 593179 147371     cutoff   37      1211.00000 1176.06787  2.88%  21.4 2805s
 595141 147643     cutoff   38      1211.00000 1176.09278  2.88%  21.4 2814s
 597000 147871 1179.21856   30  182 1211.00000 1176.10825  2.88%  21.4 2823s
 598703 148043 infeasible   36      1211.00000 1176.13058  2.88%  21.4 2831s
 600470 148295     cutoff   37      1211.00000 1176.15155  2.88%  21.4 2840s
 602025 148510 1205.67010   45  157 1211.00000 1176.17698  2.88%  21.4 2848s
 603827 148669 1198.98625   32  139 1211.00000 1176.19931  2.87%  21.4 2857s
 605451 148924 1191.21478   30  175 1211.00000 1176.23196  2.87%  21.4 2866s
 607159 149172 1189.76632   34  121 1211.00000 1176.25430  2.87%  21.4 2875s
 608940 149428     cutoff   33      1211.00000 1176.29467  2.87%  21.4 2884s
 610711 149556     cutoff   35      1211.00000 1176.32474  2.86%  21.4 2892s
 612263 149763 1194.10997   36  210 1211.00000 1176.35739  2.86%  21.4 2899s
 612938 149763     cutoff   36      1211.00000 1176.35954  2.86%  21.4 2900s
 613968 149950 infeasible   38      1211.00000 1176.37973  2.86%  21.4 2906s
 615628 150191 1203.55670   33  104 1211.00000 1176.41753  2.86%  21.4 2914s
 617039 150468     cutoff   36      1211.00000 1176.45017  2.85%  21.4 2922s
 618669 150689 1194.34794   39  199 1211.00000 1176.49656  2.85%  21.4 2930s
 620197 150943     cutoff   41      1211.00000 1176.53918  2.85%  21.4 2938s
 621868 151280     cutoff   35      1211.00000 1176.57990  2.84%  21.4 2945s
 623570 151694     cutoff   41      1211.00000 1176.61512  2.84%  21.4 2955s
 625335 151926     cutoff   43      1211.00000 1176.65979  2.84%  21.4 2963s
 627064 152371     cutoff   33      1211.00000 1176.66753  2.84%  21.4 2971s
 628794 152802 1199.61684   33  162 1211.00000 1176.70619  2.83%  21.4 2980s
 630528 153259     cutoff   34      1211.00000 1176.73196  2.83%  21.4 2989s
 631810 153259 1177.01753   33  157 1211.00000 1176.73703  2.83%  21.4 2990s
 632486 153678 infeasible   37      1211.00000 1176.75945  2.83%  21.4 2998s
 634342 154121     cutoff   40      1211.00000 1176.77629  2.83%  21.4 3008s
 636219 154530 1197.41237   39  120 1211.00000 1176.79897  2.82%  21.4 3017s
 638129 154905 infeasible   40      1211.00000 1176.81186  2.82%  21.4 3025s
 640107 155156 1196.57560   31  145 1211.00000 1176.83162  2.82%  21.4 3034s
 641910 155540 1203.78991   36  181 1211.00000 1176.84880  2.82%  21.4 3045s
 643900 155923 1192.27320   41  113 1211.00000 1176.87371  2.82%  21.3 3053s
 645711 156196 1177.38832   29  199 1211.00000 1176.89691  2.82%  21.3 3062s
 647619 156491 infeasible   36      1211.00000 1176.92268  2.81%  21.3 3071s
 649187 156779 1198.16237   35  201 1211.00000 1176.93643  2.81%  21.3 3080s
 651157 157140     cutoff   35      1211.00000 1176.95361  2.81%  21.3 3089s
 653126 157398 1198.75258   38  148 1211.00000 1176.97844  2.81%  21.3 3099s
 655054 157703 1184.90722   32  117 1211.00000 1176.99656  2.81%  21.3 3108s
 656785 158058 1205.79954   35  169 1211.00000 1177.01375  2.81%  21.4 3117s
 658772 158369 1187.72165   32   82 1211.00000 1177.03608  2.80%  21.3 3127s
 660715 158651 1189.91409   32  199 1211.00000 1177.05842  2.80%  21.3 3137s
 662703 158835 1199.85395   34  165 1211.00000 1177.08247  2.80%  21.3 3145s
 664263 159112     cutoff   37      1211.00000 1177.10309  2.80%  21.3 3154s
 666244 159386     cutoff   35      1211.00000 1177.12715  2.80%  21.3 3164s
 668243 159630 1192.05842   28  189 1211.00000 1177.14811  2.80%  21.3 3173s
 670176 159911 1196.45704   37  203 1211.00000 1177.17526  2.79%  21.3 3183s
 671906 160114     cutoff   40      1211.00000 1177.19931  2.79%  21.3 3192s
 673813 160308 1194.84021   40  134 1211.00000 1177.22680  2.79%  21.3 3201s
 675700 160478 infeasible   34      1211.00000 1177.25318  2.79%  21.3 3210s
 677545 160639 1195.97320   36  198 1211.00000 1177.28007  2.78%  21.3 3218s
 678974 160782     cutoff   30      1211.00000 1177.30206  2.78%  21.3 3228s
 680676 160961     cutoff   34      1211.00000 1177.33063  2.78%  21.3 3236s
 682362 161109 1207.69897   34  198 1211.00000 1177.36156  2.78%  21.4 3245s
 684032 161325 1199.76546   34  152 1211.00000 1177.40464  2.77%  21.4 3253s
 685608 161580 1177.67182   31  177 1211.00000 1177.44330  2.77%  21.3 3261s
 687281 161825 1200.54639   34  158 1211.00000 1177.47423  2.77%  21.3 3268s
 688856 162142 1203.87629   32  122 1211.00000 1177.51546  2.77%  21.3 3276s
 690629 162501 1205.69588   34   86 1211.00000 1177.55498  2.76%  21.3 3284s
 692155 162845 infeasible   34      1211.00000 1177.57302  2.76%  21.3 3292s
 693890 163215 1198.70919   35  173 1211.00000 1177.61340  2.76%  21.3 3301s
 695671 163618 1185.65979   33   72 1211.00000 1177.64691  2.75%  21.3 3310s
 697597 164020     cutoff   40      1211.00000 1177.68041  2.75%  21.3 3320s
 699411 164397 1208.00515   37  144 1211.00000 1177.70447  2.75%  21.3 3330s
 701339 164781     cutoff   36      1211.00000 1177.72165  2.75%  21.3 3340s
 703327 165160 1191.92268   32  159 1211.00000 1177.75258  2.75%  21.3 3349s
 705248 165542 1187.79381   33  121 1211.00000 1177.77062  2.74%  21.3 3358s
 707064 165948 1177.92869   32  176 1211.00000 1177.79038  2.74%  21.3 3367s
 709048 166297 1200.59536   39  131 1211.00000 1177.81615  2.74%  21.3 3376s
 710997 166645 1205.52921   34  116 1211.00000 1177.83505  2.74%  21.3 3386s
 712930 166991 1185.78522   36  151 1211.00000 1177.85567  2.74%  21.3 3395s
 714788 167300 1201.29152   39  228 1211.00000 1177.88402  2.73%  21.3 3404s
 716771 167638     cutoff   37      1211.00000 1177.89863  2.73%  21.3 3414s
 718734 168001 1196.01546   38  115 1211.00000 1177.91924  2.73%  21.3 3423s
 720612 168335 1200.39175   37  155 1211.00000 1177.94158  2.73%  21.3 3432s
 722193 168687 1201.64863   33  144 1211.00000 1177.95876  2.73%  21.3 3442s
 724172 169033 1192.35052   35  119 1211.00000 1177.97595  2.73%  21.3 3451s
 726145 169312     cutoff   41      1211.00000 1178.00000  2.73%  21.3 3461s
 728138 169548 1199.98969   29  127 1211.00000 1178.02062  2.72%  21.3 3470s
 729955 169715 1178.24890   36  135 1211.00000 1178.03780  2.72%  21.3 3478s
 731803 169969 1190.93385   35  206 1211.00000 1178.05498  2.72%  21.3 3488s
 733754 170221 1203.45017   33  144 1211.00000 1178.07732  2.72%  21.3 3497s
 735597 170426 1198.79038   34  171 1211.00000 1178.09794  2.72%  21.3 3506s
 737293 170688 1201.89805   34  213 1211.00000 1178.12199  2.71%  21.3 3516s
 739488 170969     cutoff   32      1211.00000 1178.14605  2.71%  21.3 3525s
 741364 171143 1207.63918   32   93 1211.00000 1178.17182  2.71%  21.3 3534s
 743356 171332 1198.82474   36  125 1211.00000 1178.20103  2.71%  21.3 3544s
 744991 171526     cutoff   35      1211.00000 1178.21821  2.71%  21.3 3553s
 746971 171675 infeasible   31      1211.00000 1178.24948  2.70%  21.3 3578s
 748521 171945 1203.88488   36  156 1211.00000 1178.27835  2.70%  21.3 3589s
 750706 172071     cutoff   37      1211.00000 1178.31959  2.70%  21.3 3600s

Explored 752416 nodes (16093947 simplex iterations) in 3600.29 seconds (972.55 work units)
Thread count was 20 (of 20 available processors)

Solution count 4: 1211 1212 1224 2451 

Time limit reached
Best objective 1.211000000000e+03, best bound 1.179000000000e+03, gap 2.6424%
