
Gurobi 11.0.3 (win64) logging started Fri Mar 14 17:53:59 2025

Set parameter LogFile to value "logs/3c_f2_pr76.log"
Set parameter MIPGap to value 0
Set parameter TimeLimit to value 3600
Set parameter Cuts to value 0
Gurobi Optimizer version 11.0.3 build v11.0.3rc0 (win64 - Windows 11+.0 (26100.2))

CPU model: 12th Gen Intel(R) Core(TM) i7-12700, instruction set [SSE2|AVX|AVX2]
Thread count: 12 physical cores, 20 logical processors, using up to 20 threads

Optimize a model with 6004 rows, 5852 columns and 28504 nonzeros
Model fingerprint: 0x3e6cdb56
Variable types: 0 continuous, 5852 integer (5776 binary)
Coefficient statistics:
  Matrix range     [1e+00, 8e+01]
  Objective range  [3e+02, 2e+04]
  Bounds range     [1e+00, 1e+00]
  RHS range        [1e+00, 8e+01]
Presolve removed 302 rows and 77 columns
Presolve time: 0.05s
Presolved: 5702 rows, 5775 columns, 28050 nonzeros
Variable types: 0 continuous, 5775 integer (5700 binary)

Root relaxation: objective 7.766339e+04, 307 iterations, 0.01 seconds (0.01 work units)

    Nodes    |    Current Node    |     Objective Bounds      |     Work
 Expl Unexpl |  Obj  Depth IntInf | Incumbent    BestBd   Gap | It/Node Time

     0     0 77663.3867    0  129          - 77663.3867      -     -    0s
     0     0 78268.1733    0  129          - 78268.1733      -     -    0s
     0     2 78929.3867    0  129          - 78929.3867      -     -    1s
  1630  1687 107801.683  117   71          - 79922.6000      -  14.5    5s
  3913  4091 110978.100  325   55          - 79922.6000      -  10.3   10s
H 4868  4798                    196302.00000 79922.6000  59.3%   9.4   11s
H 4913  3912                    136204.00000 79922.6000  41.3%   9.4   13s
H 4919  3561                    128487.00000 79922.6000  37.8%   9.4   13s
H 5257  3798                    128408.00000 80417.1867  37.4%  10.1   14s
  5258  3799 92383.2533   12  129 128408.000 80417.1867  37.4%  10.1   15s
H 5262  3613                    118994.00000 80421.4802  32.4%  10.2   18s
  5488  3743 89981.3299   22  109 118994.000 85125.5072  28.5%  10.5   20s
H 6737  4258                    117816.00000 85201.3605  27.7%  12.3   23s
  7277  4545 97622.5946   28  129 117816.000 85201.3605  27.7%  12.7   25s
* 9050  5123             123    117709.00000 85225.1173  27.6%  13.3   28s
H 9206  4987                    117208.00000 85225.1173  27.3%  13.4   28s
H 9223  4673                    115985.00000 85225.1173  26.5%  13.4   28s
H 9310  4478                    115860.00000 85225.1173  26.4%  13.4   28s
H 9317  4146                    114621.00000 85225.1173  25.6%  13.4   28s
  9629  4523 109877.464   58   62 114621.000 85225.1173  25.6%  13.6   30s
H10798  4688                    113763.00000 87512.6038  23.1%  14.0   34s
H10825  4495                    113396.00000 87512.6038  22.8%  14.0   34s
 11225  4702 99150.2703   28   68 113396.000 87512.6038  22.8%  14.2   35s
 13597  6147 105834.622   35  118 113396.000 88706.3427  21.8%  15.3   40s
H14041  6139                    113079.00000 88876.2254  21.4%  15.5   40s
 15702  7707 110275.484   41  118 113079.000 89157.7962  21.2%  16.2   51s
 17958  9657 93962.7086   22  111 113079.000 89678.3847  20.7%  16.3   56s
 20229 11167 109004.547   39   77 113079.000 90219.6578  20.2%  16.7   60s
 22965 13045 101286.946   27  105 113079.000 90572.4146  19.9%  17.1   65s
 25523 14828 100982.020   28  113 113079.000 90736.2389  19.8%  17.5   70s
H27877 15994                    113036.00000 90840.1171  19.6%  17.7   79s
H27878 15051                    111724.00000 90840.1171  18.7%  17.7   79s
 27889 15738 107956.787   39  125 111724.000 90862.6195  18.7%  17.7   81s
 29910 16904 99619.9340   27  138 111724.000 91079.6849  18.5%  17.9   86s
 32303 18371 91722.3200   22  121 111724.000 91334.0295  18.3%  18.1   91s
 34886 19722     cutoff   44      111724.000 91528.0006  18.1%  18.4   96s
 35781 20774 110872.047   42  106 111724.000 91573.8470  18.0%  18.4  100s
H37705 20743                    111409.00000 91708.1996  17.7%  18.4  103s
 38137 21415     cutoff   41      111409.000 91718.8425  17.7%  18.4  106s
 40918 23171 92870.9015   21  143 111409.000 91917.3470  17.5%  18.5  112s
 43310 24643 104117.602   35  146 111409.000 91998.7710  17.4%  18.8  117s
 44592 25480 106587.716   39  110 111409.000 92102.6241  17.3%  18.8  120s
 47390 27020 105390.939   34   92 111409.000 92223.9301  17.2%  18.9  127s
 49797 28560 110008.182   82   28 111409.000 92325.7577  17.1%  19.0  132s
 52307 29920 infeasible   39      111409.000 92413.1105  17.1%  19.1  137s
 53455 31142 96902.9416   21  112 111409.000 92455.2817  17.0%  19.0  140s
 56441 32699 99200.6441   32   97 111409.000 92541.4957  16.9%  19.1  145s
 59964 34792 101202.027   30   99 111409.000 92632.3605  16.9%  19.1  152s
 62358 36268 108850.001   34  134 111409.000 92687.3112  16.8%  19.2  155s
 64751 37724 108046.354   39  103 111409.000 92739.8757  16.8%  19.2  160s
 67245 39216 109775.525   37   90 111409.000 92805.3610  16.7%  19.2  165s
 69969 40820 93373.8607   26  115 111409.000 92854.8335  16.7%  19.2  170s
 72777 42491 96115.2335   28  115 111409.000 92916.0227  16.6%  19.2  176s
 75800 44074 99211.0394   28  108 111409.000 92990.1578  16.5%  19.1  180s
 78346 45213 94477.4809   21  105 111409.000 93046.3425  16.5%  19.1  185s
H79293 45148                    111366.00000 93060.3368  16.4%  19.1  185s
 79727 45158 101178.391   32  115 111366.000 93065.2141  16.4%  19.1  194s
H79730 43564                    110490.00000 93065.2141  15.8%  19.1  194s
 79741 44212 102567.915   33  118 110490.000 93068.6689  15.8%  19.1  197s
 81047 44870 107970.959   45   85 110490.000 93102.0723  15.7%  19.2  200s
 83454 46319 109003.060   44  106 110490.000 93153.9461  15.7%  19.2  205s
 85950 47772 109508.383   42   55 110490.000 93219.9439  15.6%  19.2  211s
 88468 49057 109614.434   43  107 110490.000 93276.4349  15.6%  19.3  217s
 89809 50039 infeasible   43      110490.000 93306.1038  15.6%  19.3  221s
 92635 51578 109575.595   45   64 110490.000 93356.5759  15.5%  19.3  226s
 95136 53337 99631.8036   28  103 110490.000 93402.5632  15.5%  19.4  233s
 96532 54230 95903.8233   27  125 110490.000 93410.8317  15.5%  19.4  236s
 99335 55740 97762.8604   24   89 110490.000 93463.7206  15.4%  19.4  241s
 101698 57119 103867.237   34   95 110490.000 93498.6771  15.4%  19.5  247s
 104009 58663 108064.351   40   81 110490.000 93521.1578  15.4%  19.5  252s
 105410 59409 93673.8081   28  125 110490.000 93535.1781  15.3%  19.5  255s
 107943 60891 107972.313   38  104 110490.000 93570.7494  15.3%  19.5  261s
 110881 62367 94912.2389   25  117 110490.000 93616.9777  15.3%  19.6  267s
 113453 63638     cutoff   38      110490.000 93648.3132  15.2%  19.6  272s
 115755 65016 108565.459   41  111 110490.000 93676.2774  15.2%  19.6  277s
 116954 65710 110193.338   38   81 110490.000 93687.9470  15.2%  19.7  280s
 119425 67078 96543.1578   27  109 110490.000 93710.5306  15.2%  19.7  285s
 122187 68515 105799.889   39   96 110490.000 93745.4979  15.2%  19.7  290s
 124455 69818 108424.226   36   98 110490.000 93761.2074  15.1%  19.8  295s
 127590 70973 104123.366   38  100 110490.000 93786.2277  15.1%  19.8  301s
 129874 72339 102751.090   36   87 110490.000 93806.9257  15.1%  19.8  306s
 132441 73452 110040.865   37   74 110490.000 93829.2770  15.1%  19.8  311s
 134841 74801 109149.950   38  106 110490.000 93851.9627  15.1%  19.8  315s
 137427 76014 95664.8577   27  119 110490.000 93868.2659  15.0%  19.8  320s
 139811 77356 97615.3876   26  109 110490.000 93886.2997  15.0%  19.8  325s
 143329 79162 107876.750   43   53 110490.000 93914.7549  15.0%  19.9  331s
 146096 80840 104947.050   36   92 110490.000 93936.1955  15.0%  19.9  336s
 147347 80869 98451.4279   28  103 110490.000 93940.2405  15.0%  19.9  341s
 147412 81541 98461.2252   29   90 110490.000 93940.9416  15.0%  19.9  345s
 150156 82929 102952.079   33  118 110490.000 93974.2322  14.9%  19.9  351s
 152733 84432 103863.048   29  112 110490.000 93991.8816  14.9%  20.0  356s
 155105 85686 101840.087   27  115 110490.000 93995.6443  14.9%  20.0  363s
 156304 85812 101973.877   31   94 110490.000 94010.8745  14.9%  20.0  374s
 156529 86569 103657.895   33  117 110490.000 94013.2620  14.9%  20.0  378s
 157831 87307 102547.698   38   73 110490.000 94026.6173  14.9%  20.1  382s
 159312 87981 101778.982   27   76 110490.000 94042.7051  14.9%  20.1  385s
 162024 89171 108728.122   41   63 110490.000 94066.4025  14.9%  20.1  393s
 163388 89894 108705.552   37  110 110490.000 94073.2297  14.9%  20.1  397s
 164876 90566 99221.7917   27  153 110490.000 94085.6895  14.8%  20.1  401s
 167509 92009 108858.876   35   93 110490.000 94112.6593  14.8%  20.1  407s
 169882 93273 96111.5473   24  107 110490.000 94134.7481  14.8%  20.1  413s
 171112 93754 104972.198   37   94 110490.000 94149.6105  14.8%  20.2  416s
 173641 95045 97608.9349   25  113 110490.000 94165.9571  14.8%  20.2  422s
 174812 95687 97920.4297   27  105 110490.000 94177.0811  14.8%  20.2  425s
 177434 97072 104625.444   37  122 110490.000 94194.9793  14.7%  20.2  431s
 179878 98417 infeasible   38      110490.000 94219.5858  14.7%  20.2  436s
 182292 99955 110370.095   39   82 110490.000 94233.2110  14.7%  20.3  444s
 183594 100832 109863.720   46   79 110490.000 94244.8335  14.7%  20.3  447s
 186284 102330 105909.258   33  103 110490.000 94268.6105  14.7%  20.3  452s
 187672 102833 infeasible   36      110490.000 94273.0295  14.7%  20.3  455s
 190388 104204 106532.946   36   75 110490.000 94304.6036  14.6%  20.3  461s
 192951 105549 104853.122   37  104 110490.000 94321.1771  14.6%  20.4  467s
 194024 106138 108083.317   51   75 110490.000 94326.9146  14.6%  20.4  470s
 196719 107542 103818.728   37  115 110490.000 94350.4146  14.6%  20.4  475s
 199365 108832 107969.768   43   83 110490.000 94367.7209  14.6%  20.4  480s
 200653 109644 108692.922   34  108 110490.000 94373.8131  14.6%  20.4  485s
 203438 111123 104603.132   36  113 110490.000 94389.3898  14.6%  20.4  490s
 205875 112510 96288.1305   29  102 110490.000 94401.5227  14.6%  20.4  495s
 208451 113762 96373.7389   22  127 110490.000 94425.1865  14.5%  20.5  500s
 210959 115129 99142.4822   27  109 110490.000 94437.8144  14.5%  20.5  505s
 213453 116450 102492.727   30  115 110490.000 94445.0404  14.5%  20.5  510s
 215903 117570 106715.886   35  131 110490.000 94463.6241  14.5%  20.5  515s
 218446 119210 94547.1700   28  122 110490.000 94474.9078  14.5%  20.6  520s
 221195 120539 94643.2804   25  120 110490.000 94493.4484  14.5%  20.6  525s
 223712 121917 106026.897   35   96 110490.000 94507.0462  14.5%  20.6  530s
 226300 123247 109494.922   44  117 110490.000 94524.5916  14.4%  20.6  535s
 228925 124358 101562.698   25  136 110490.000 94541.5903  14.4%  20.6  540s
 231560 125673 109880.777   40   95 110490.000 94571.0517  14.4%  20.6  545s
 234140 126802 101132.613   25  110 110490.000 94589.5414  14.4%  20.6  550s
 236903 128215 infeasible   43      110490.000 94608.4968  14.4%  20.6  555s
 239736 129797 98068.2811   32  112 110490.000 94622.4686  14.4%  20.6  561s
 242247 130922 103389.142   30  102 110490.000 94637.3005  14.3%  20.6  565s
 245221 132245 107756.909   36   74 110490.000 94653.5634  14.3%  20.6  570s
 247427 133426 105200.443   32   96 110490.000 94667.4568  14.3%  20.7  575s
 251309 135315 107804.892   36   71 110490.000 94688.9656  14.3%  20.7  581s
 253883 136583 108550.573   34  115 110490.000 94707.9551  14.3%  20.7  586s
 256639 138012 102153.289   37  100 110490.000 94719.0450  14.3%  20.7  591s
 259274 139196 104900.291   34  106 110490.000 94727.8004  14.3%  20.7  595s
 261564 140616 99902.3779   29  126 110490.000 94739.5708  14.3%  20.7  600s
 265304 142844 109351.959   42   71 110490.000 94754.4905  14.2%  20.7  606s
 267726 144235 109590.041   44   39 110490.000 94763.6657  14.2%  20.8  610s
 271669 146252     cutoff   36      110490.000 94785.6625  14.2%  20.8  616s
 274113 147472 109568.394   38   92 110490.000 94796.6644  14.2%  20.8  621s
 276735 148832     cutoff   38      110490.000 94816.4063  14.2%  20.8  625s
 279254 150208 108966.514   41   80 110490.000 94829.0539  14.2%  20.9  630s
 281839 151572 101461.834   33  105 110490.000 94847.4191  14.2%  20.9  635s
 285888 153592 107603.788   47   43 110490.000 94870.0267  14.1%  20.9  642s
 288351 154599     cutoff   40      110490.000 94876.5159  14.1%  20.9  646s
 290853 156050 102771.918   36  102 110490.000 94890.4957  14.1%  20.9  650s
 293471 157304 107852.649   66   43 110490.000 94890.4957  14.1%  20.9  655s
 295843 158655 100636.639   29  122 110490.000 94920.8638  14.1%  20.9  660s
 299967 160448 infeasible   36      110490.000 94944.8020  14.1%  20.9  666s
 302551 161576 96940.7268   25  102 110490.000 94955.0114  14.1%  20.9  671s
 305094 163115 104070.331   34  147 110490.000 94967.5794  14.0%  20.9  675s
 308870 165160 105419.885   35   59 110490.000 94979.9307  14.0%  21.0  681s
 311571 166367 97632.9162   25   85 110490.000 94994.4279  14.0%  21.0  687s
 313892 167631 95448.9754   27  118 110490.000 95004.4315  14.0%  21.0  691s
 316441 168923 109523.856   41   91 110490.000 95017.8739  14.0%  21.0  695s
 320362 170681 102769.574   28  101 110490.000 95033.6038  14.0%  21.0  701s
 322828 172132 101535.175   28  125 110490.000 95041.9266  14.0%  21.1  705s
 326741 173728 107817.732   36   98 110490.000 95058.7524  14.0%  21.1  711s
 329440 175280 96511.0894   24   97 110490.000 95066.7592  14.0%  21.1  716s
 332078 176628 infeasible   44      110490.000 95074.5497  14.0%  21.1  720s
 334708 177927 95722.6148   34  106 110490.000 95090.1714  13.9%  21.1  725s
 338739 179890 105194.931   33  124 110490.000 95107.6754  13.9%  21.1  731s
 341324 181068 104566.293   30   88 110490.000 95118.8108  13.9%  21.1  735s
 344001 182452 101416.151   34   79 110490.000 95133.0127  13.9%  21.1  740s
 346537 183575 100489.266   28  112 110490.000 95139.9820  13.9%  21.2  745s
 349421 184645 109285.568   39   57 110490.000 95151.6533  13.9%  21.2  750s
 352050 185938 107651.784   46   51 110490.000 95162.5811  13.9%  21.2  755s
 354730 187212 103326.811   37  106 110490.000 95175.0885  13.9%  21.2  760s
 358512 189313 95264.3312   28  110 110490.000 95193.3147  13.8%  21.2  767s
 361053 190465 108523.428   38   98 110490.000 95200.6054  13.8%  21.2  772s
 363533 191798 105441.214   32  105 110490.000 95211.3018  13.8%  21.2  776s
 366237 193160 105518.146   36   96 110490.000 95219.9619  13.8%  21.2  782s
 367418 193712 107356.726   33   89 110490.000 95224.9461  13.8%  21.2  785s
 370258 194515 97837.2322   28  125 110490.000 95234.5283  13.8%  21.2  790s
 372948 195329 infeasible   45      110490.000 95244.8876  13.8%  21.2  795s
 375518 196708 100136.261   30  133 110490.000 95251.5768  13.8%  21.2  800s
 377930 197921 109126.824   38  103 110490.000 95257.9551  13.8%  21.2  805s
 380583 199188 99818.7748   30   96 110490.000 95269.9641  13.8%  21.2  810s
 383357 200313 infeasible   38      110490.000 95278.4299  13.8%  21.2  815s
 385954 201409 infeasible   47      110490.000 95295.4957  13.8%  21.2  821s
 388718 202665     cutoff   39      110490.000 95306.1511  13.7%  21.2  826s
 391258 203978     cutoff   36      110490.000 95319.8851  13.7%  21.2  831s
 393660 205176 infeasible   38      110490.000 95331.4041  13.7%  21.3  837s
 396203 206511 109454.686   40  116 110490.000 95342.6097  13.7%  21.3  842s
 397637 207171 infeasible   39      110490.000 95351.4568  13.7%  21.3  845s
 400284 208602 102964.209   31   94 110490.000 95360.3741  13.7%  21.3  850s
 401770 211557 102380.610   27   80 110490.000 95366.8077  13.7%  21.3  871s
 407926 212164 95521.5362   25  125 110490.000 95384.1837  13.7%  21.3  875s
 410182 213667 109326.932   43   76 110490.000 95398.0158  13.7%  21.3  880s
 412934 215154 99933.9122   34   97 110490.000 95406.2239  13.7%  21.3  886s
 415603 216743 101311.196   34   93 110490.000 95415.5439  13.6%  21.3  891s
 416866 217522 100343.468   34   82 110490.000 95420.2445  13.6%  21.4  895s
 419670 218811 106645.673   41   82 110490.000 95432.3198  13.6%  21.4  902s
 421175 219384 98034.4506   27  119 110490.000 95441.3335  13.6%  21.4  905s
 423687 220546     cutoff   36      110490.000 95450.8620  13.6%  21.4  911s
 426278 221715 96972.7000   27  115 110490.000 95459.4532  13.6%  21.4  918s
 427494 222336 109083.946   41   77 110490.000 95465.7162  13.6%  21.4  921s
 430169 223810 103316.754   32  112 110490.000 95474.1615  13.6%  21.4  927s
 431499 224456     cutoff   37      110490.000 95479.8097  13.6%  21.4  930s
 434085 225708 101842.729   31  139 110490.000 95492.4416  13.6%  21.4  937s
 435376 226410 98933.9106   29  116 110490.000 95496.5666  13.6%  21.4  940s
 437740 227852 103617.385   33  111 110490.000 95503.7051  13.6%  21.4  947s
 439075 228599 99480.2387   31   82 110490.000 95508.4685  13.6%  21.4  950s
 441650 230040 105319.576   39  110 110490.000 95519.4865  13.5%  21.4  957s
 442921 230707     cutoff   34      110490.000 95523.8268  13.5%  21.4  960s
 445789 231629 107078.074   36   95 110490.000 95531.2389  13.5%  21.4  967s
 447283 232294 107883.945   33  103 110490.000 95538.7524  13.5%  21.4  971s
 450042 233491 102599.677   31  104 110490.000 95551.3063  13.5%  21.4  978s
 451269 234253 infeasible   32      110490.000 95557.9822  13.5%  21.4  981s
 452622 235006     cutoff   38      110490.000 95562.6984  13.5%  21.4  985s
 455421 236223 infeasible   37      110490.000 95571.2914  13.5%  21.4  992s
 456853 236890 97005.6054   27  101 110490.000 95577.4809  13.5%  21.4  996s
 459299 238407 100559.741   31   88 110490.000 95587.2568  13.5%  21.5 1003s
 460606 239025     cutoff   54      110490.000 95587.8741  13.5%  21.5 1006s
 462023 239519 108988.208   38  103 110490.000 95593.0514  13.5%  21.5 1010s
 464760 240924 95669.3876   27  134 110490.000 95601.5800  13.5%  21.5 1016s
 466139 241468 108554.378   44   72 110490.000 95608.4144  13.5%  21.5 1020s
 468832 242697     cutoff   40      110490.000 95620.7209  13.5%  21.5 1027s
 470284 243433 106966.694   33  118 110490.000 95627.0405  13.5%  21.5 1030s
 472919 244847 107118.074   37   96 110490.000 95635.4505  13.4%  21.5 1037s
 474268 245223 109569.189   41   79 110490.000 95639.8617  13.4%  21.5 1041s
 475725 245662 infeasible   36      110490.000 95643.5735  13.4%  21.5 1045s
 478330 246966 102836.790   33  123 110490.000 95651.5712  13.4%  21.5 1052s
 479626 247655 106396.078   32  105 110490.000 95658.4279  13.4%  21.5 1055s
 482011 248878 107830.568   37   62 110490.000 95666.7219  13.4%  21.5 1061s
 483373 249488 110213.135   39   72 110490.000 95670.6533  13.4%  21.5 1065s
 486080 250748 101918.623   27  109 110490.000 95682.6376  13.4%  21.5 1072s
 487344 251216 109415.817   38  130 110490.000 95688.9754  13.4%  21.5 1076s
 489949 252729 98918.4686   27  102 110490.000 95696.0529  13.4%  21.5 1082s
 491176 253233 109071.698   36   79 110490.000 95699.8689  13.4%  21.5 1085s
 493648 254576 103136.386   29  125 110490.000 95704.7541  13.4%  21.5 1093s
 495051 255174     cutoff   43      110490.000 95707.6070  13.4%  21.6 1097s
 496581 255847 101242.446   33  102 110490.000 95711.2296  13.4%  21.5 1100s
 499283 256891     cutoff   39      110490.000 95720.2658  13.4%  21.6 1113s
 500543 257685 102750.300   35  124 110490.000 95725.6038  13.4%  21.6 1118s
 502037 258629 104820.392   33   99 110490.000 95731.2659  13.4%  21.6 1122s
 503562 259370 110074.672   35   91 110490.000 95734.1533  13.4%  21.6 1127s
 505239 260130 101005.911   29  109 110490.000 95739.4865  13.4%  21.6 1131s
 506807 260918 107625.311   39  101 110490.000 95744.8846  13.3%  21.6 1135s
 509731 262233 98775.4076   30  115 110490.000 95754.2153  13.3%  21.6 1143s
 511261 262888 107939.457   31   88 110490.000 95758.5225  13.3%  21.6 1147s
 512611 263741 97952.0384   27  115 110490.000 95764.4912  13.3%  21.6 1150s
 515316 265177 104126.768   36   71 110490.000 95772.6014  13.3%  21.6 1157s
 516535 265831 108993.194   39  104 110490.000 95775.0295  13.3%  21.6 1160s
 519123 267292 110401.741   43   87 110490.000 95782.3589  13.3%  21.6 1168s
 520472 267849 99692.3641   27  100 110490.000 95787.3198  13.3%  21.6 1172s
 521844 268270 103782.450   35  131 110490.000 95792.3191  13.3%  21.6 1175s
 524521 269446 108945.405   40   74 110490.000 95800.4189  13.3%  21.6 1182s
 525937 270086 104400.288   26  114 110490.000 95804.4568  13.3%  21.6 1186s
 528548 271226 101103.230   32  120 110490.000 95810.0197  13.3%  21.6 1193s
 529793 271884 99463.1961   28  131 110490.000 95815.0182  13.3%  21.6 1197s
 531176 272526 107056.223   41  107 110490.000 95820.2817  13.3%  21.6 1201s
 532744 272624 107094.318   40   91 110490.000 95825.5362  13.3%  21.6 1206s
 532929 273311 107183.320   38   74 110490.000 95826.3470  13.3%  21.6 1211s
 534479 274043 100335.018   28  107 110490.000 95832.0911  13.3%  21.6 1215s
 536999 275571 99690.5946   27   75 110490.000 95838.3216  13.3%  21.7 1223s
 538402 276295     cutoff   57      110490.000 95841.3862  13.3%  21.7 1227s
 539742 277046 104621.313   25  110 110490.000 95847.1322  13.3%  21.7 1232s
 541255 277869 infeasible   35      110490.000 95851.6173  13.2%  21.7 1236s
 542670 277872 100007.028   27   94 110490.000 95855.4910  13.2%  21.7 1245s
 544011 279388 103047.284   40  109 110490.000 95859.5784  13.2%  21.7 1254s
 545364 280056 107235.043   38   96 110490.000 95863.4957  13.2%  21.7 1258s
 546799 280642 102231.903   29  107 110490.000 95869.0700  13.2%  21.7 1263s
 548308 281371 105202.913   31  128 110490.000 95870.8739  13.2%  21.7 1268s
 549707 282024 95960.2344   26  120 110490.000 95876.4077  13.2%  21.7 1273s
 551211 282441 108330.399   36   85 110490.000 95883.6173  13.2%  21.7 1277s
 552470 283129 infeasible   39      110490.000 95887.5333  13.2%  21.7 1281s
 553831 283777 99462.7027   33   87 110490.000 95891.3290  13.2%  21.7 1285s
 555091 284493 103547.478   29  113 110490.000 95894.1263  13.2%  21.7 1290s
 557682 285996 97245.4214   24  114 110490.000 95901.9130  13.2%  21.7 1298s
 559021 286602 101858.101   32  114 110490.000 95906.8831  13.2%  21.7 1302s
 560257 287253 infeasible   39      110490.000 95909.7727  13.2%  21.7 1306s
 561679 287967 108934.591   40   94 110490.000 95913.2293  13.2%  21.7 1310s
 564197 289167 99196.1279   29  115 110490.000 95919.6079  13.2%  21.7 1319s
 565712 289714     cutoff   31      110490.000 95923.2389  13.2%  21.7 1323s
 567010 290509 103678.850   33  112 110490.000 95927.5970  13.2%  21.7 1328s
 568533 291035 108665.973   40   75 110490.000 95929.9822  13.2%  21.7 1333s
 569790 291667 102209.392   29  110 110490.000 95935.7727  13.2%  21.7 1338s
 571356 292360 96376.7743   28   91 110490.000 95940.2658  13.2%  21.7 1341s
 572527 293115 101874.745   29  109 110490.000 95942.6195  13.2%  21.7 1345s
 575151 294290 107774.730   37   64 110490.000 95948.5631  13.2%  21.7 1353s
 576445 295035 97136.1369   26  107 110490.000 95952.5811  13.2%  21.7 1358s
 577674 295618     cutoff   34      110490.000 95955.1114  13.2%  21.7 1362s
 579259 296132 103169.517   30  106 110490.000 95958.9191  13.2%  21.7 1366s
 580565 296787     cutoff   40      110490.000 95962.7333  13.1%  21.7 1370s
 583219 298203 109636.068   46  100 110490.000 95970.9611  13.1%  21.7 1378s
 584384 298947 109980.135   49   78 110490.000 95974.8081  13.1%  21.7 1382s
 585676 299603 105647.959   38   95 110490.000 95978.0639  13.1%  21.7 1387s
 587069 300301 101098.686   30   95 110490.000 95981.4313  13.1%  21.7 1391s
 588391 300927 109094.082   38   64 110490.000 95986.3808  13.1%  21.7 1396s
 589763 301538 98813.1975   32  113 110490.000 95991.5712  13.1%  21.7 1400s
 592495 302613 99663.1601   28  126 110490.000 96000.1804  13.1%  21.7 1409s
 593819 303274 107656.084   42  117 110490.000 96005.3009  13.1%  21.7 1413s
 595229 303675 108399.944   39   79 110490.000 96008.6862  13.1%  21.7 1417s
 596681 304396 97871.7569   27  130 110490.000 96011.2209  13.1%  21.7 1421s
 597965 304954 107715.334   32  109 110490.000 96014.9011  13.1%  21.7 1425s
 599328 305514 infeasible   44      110490.000 96020.4011  13.1%  21.7 1430s
 601956 307047 99798.7336   28  120 110490.000 96029.1759  13.1%  21.7 1438s
 603316 307677 infeasible   49      110490.000 96031.8166  13.1%  21.7 1443s
 604836 308351 103450.914   33  150 110490.000 96033.3876  13.1%  21.7 1447s
 606195 309122 109287.574   33  129 110490.000 96039.8335  13.1%  21.7 1451s
 607512 309768 109323.307   32  120 110490.000 96040.4057  13.1%  21.7 1456s
 608824 310615 103588.502   34  130 110490.000 96043.4484  13.1%  21.7 1460s
 611631 312126 107161.899   42   58 110490.000 96048.0559  13.1%  21.8 1469s
 612989 312867     cutoff   37      110490.000 96051.9196  13.1%  21.8 1473s
 614283 313498 108964.727   33  102 110490.000 96054.5903  13.1%  21.8 1477s
 615755 314131     cutoff   36      110490.000 96060.7939  13.1%  21.8 1481s
 618275 315228 108695.936   37   92 110490.000 96062.6813  13.1%  21.8 1489s
 619874 315746 105454.243   25  106 110490.000 96069.2220  13.1%  21.8 1494s
 621180 316449 110454.534   45   69 110490.000 96074.2313  13.0%  21.8 1498s
 622581 316989 101082.694   29  124 110490.000 96078.1892  13.0%  21.8 1503s
 624092 317656 99741.4578   29  136 110490.000 96080.1646  13.0%  21.8 1507s
 625431 318337 106558.846   36   69 110490.000 96085.1160  13.0%  21.8 1512s
 626731 318940 106353.043   35   81 110490.000 96088.0632  13.0%  21.8 1516s
 628208 319385 109095.987   38   98 110490.000 96092.2455  13.0%  21.8 1520s
 629383 320018 98761.1578   29  107 110490.000 96095.9425  13.0%  21.8 1525s
 632098 321154 108687.200   36  126 110490.000 96102.4766  13.0%  21.8 1533s
 633547 321780 108971.457   40  104 110490.000 96108.0141  13.0%  21.8 1537s
 634919 322515 104699.008   24  113 110490.000 96110.3784  13.0%  21.8 1541s
 636209 323076 infeasible   41      110490.000 96114.5577  13.0%  21.8 1546s
 637471 323680 108608.041   36   94 110490.000 96117.9676  13.0%  21.8 1550s
 640042 324945 106743.101   36  113 110490.000 96126.2056  13.0%  21.8 1558s
 641318 325739 109516.061   40   93 110490.000 96128.9135  13.0%  21.8 1563s
 642810 326688 108450.288   40   49 110490.000 96133.9957  13.0%  21.8 1567s
 643985 327246 105130.430   40   60 110490.000 96135.0517  13.0%  21.8 1571s
 645348 327970 110484.647   42   65 110490.000 96136.1539  13.0%  21.8 1575s
 647913 329195 109517.723   41   57 110490.000 96141.2811  13.0%  21.8 1583s
 649170 329864 108926.843   44   59 110490.000 96144.6241  13.0%  21.8 1587s
 650561 330377 98049.9146   26   96 110490.000 96148.9957  13.0%  21.8 1593s
 651978 331050 infeasible   34      110490.000 96153.5135  13.0%  21.8 1597s
 653467 331736 103121.324   30   92 110490.000 96157.2817  13.0%  21.8 1602s
 654946 332251 109417.671   35  105 110490.000 96161.4498  13.0%  21.8 1606s
 656334 332845 106686.774   39   93 110490.000 96164.2050  13.0%  21.8 1610s
 657779 333666 99754.2115   31   99 110490.000 96169.1772  13.0%  21.8 1615s
 659069 334462 101333.333   34  110 110490.000 96170.9730  13.0%  21.8 1620s
 660588 334976 infeasible   38      110490.000 96172.3335  13.0%  21.8 1625s
 663164 336329 106213.222   35  120 110490.000 96180.4526  13.0%  21.8 1633s
 664380 337049 99171.1511   26  125 110490.000 96183.9877  12.9%  21.8 1637s
 665707 337600 infeasible   40      110490.000 96186.6144  12.9%  21.8 1641s
 667023 338302 103630.350   33   98 110490.000 96191.2930  12.9%  21.8 1646s
 668295 338988 101206.695   32  119 110490.000 96193.6443  12.9%  21.8 1650s
 671150 340253 109817.279   45   38 110490.000 96202.6070  12.9%  21.8 1659s
 672474 340858 102372.288   31  104 110490.000 96206.7817  12.9%  21.8 1663s
 673811 341512 108302.970   37   75 110490.000 96210.0298  12.9%  21.8 1667s
 675280 341909 108917.754   37   88 110490.000 96216.0514  12.9%  21.8 1672s
 676677 342568 109205.173   36   70 110490.000 96218.2254  12.9%  21.8 1676s
 677992 342993 108814.095   34   88 110490.000 96222.4204  12.9%  21.8 1681s
 679378 343390 109881.739   41  104 110490.000 96222.7653  12.9%  21.9 1685s
 680911 343930 108234.346   41   90 110490.000 96226.3715  12.9%  21.9 1690s
 682295 344501 infeasible   39      110490.000 96229.6982  12.9%  21.9 1695s
 684887 345783 105643.568   38   86 110490.000 96239.3470  12.9%  21.9 1703s
 686280 346516 96362.0712   27   96 110490.000 96241.4027  12.9%  21.9 1707s
 687433 347233 99837.1958   33  112 110490.000 96244.1865  12.9%  21.9 1712s
 688805 348042 105278.653   35  113 110490.000 96246.8052  12.9%  21.9 1716s
 690128 348660 107629.822   33   81 110490.000 96248.0173  12.9%  21.9 1720s
 691593 349096 97623.4988   27  144 110490.000 96254.1054  12.9%  21.9 1725s
 694344 350376 99408.9562   32  120 110490.000 96261.2661  12.9%  21.9 1733s
 695540 350894 99879.8685   25   86 110490.000 96263.5063  12.9%  21.9 1737s
 696824 351600 infeasible   37      110490.000 96265.6383  12.9%  21.9 1742s
 698286 352161 109697.108   46   64 110490.000 96269.6263  12.9%  21.9 1747s
 699411 352763 98701.7984   32  110 110490.000 96273.1398  12.9%  21.9 1752s
 701034 353307 108595.630   35   86 110490.000 96278.2659  12.9%  21.9 1756s
 702350 353786 98609.7135   27  111 110490.000 96279.9551  12.9%  21.9 1760s
 703663 354356 108718.966   41   76 110490.000 96282.3946  12.9%  21.9 1765s
 706436 355711 101409.585   33  106 110490.000 96288.1802  12.9%  21.9 1774s
 707729 355961 100880.770   29  102 110490.000 96291.3974  12.9%  21.9 1786s
 708221 356695 108489.450   36  111 110490.000 96294.2005  12.8%  21.9 1792s
 709587 357529 109990.752   58   57 110490.000 96296.7436  12.8%  21.9 1797s
 711215 358053 110481.108   38   89 110490.000 96300.4297  12.8%  21.9 1804s
 713000 358786 109320.776   47   90 110490.000 96304.9568  12.8%  21.9 1809s
 714448 359521 101946.851   26   83 110490.000 96309.2533  12.8%  21.9 1814s
 715965 360222 103367.646   32  117 110490.000 96312.7930  12.8%  21.9 1820s
 717225 361078 106982.959   37   85 110490.000 96315.3257  12.8%  21.9 1826s
 718835 361737 108166.701   39  107 110490.000 96318.5227  12.8%  21.9 1831s
 720349 362399 108725.631   43   69 110490.000 96323.0295  12.8%  21.9 1836s
 721779 363115 106848.493   40   97 110490.000 96326.1324  12.8%  21.9 1841s
 723083 363789 104872.770   32   85 110490.000 96329.5910  12.8%  21.9 1845s
 724483 364287 110305.268   45  104 110490.000 96333.7389  12.8%  21.9 1851s
 725822 365072 96857.1250   25  104 110490.000 96338.5362  12.8%  21.9 1856s
 727202 365668 100920.533   27  107 110490.000 96341.4838  12.8%  21.9 1860s
 728595 366386     cutoff   47      110490.000 96345.5739  12.8%  21.9 1866s
 730024 366898 101668.057   34  106 110490.000 96349.3216  12.8%  21.9 1870s
 731394 367590 109598.374   43   96 110490.000 96350.5292  12.8%  21.9 1875s
 732738 367607 107312.383   40  119 110490.000 96352.9117  12.8%  21.9 1883s
 732774 368299 107352.000   41   64 110490.000 96353.1535  12.8%  21.9 1888s
 733957 368902 98684.3333   32  122 110490.000 96356.1149  12.8%  21.9 1894s
 735557 369498 109259.671   39   66 110490.000 96359.9712  12.8%  21.9 1899s
 736819 370200 infeasible   37      110490.000 96362.4432  12.8%  21.9 1904s
 738111 370729 101454.703   29   80 110490.000 96365.9414  12.8%  21.9 1910s
 739469 371321 102888.669   31  110 110490.000 96369.5295  12.8%  21.9 1916s
 740949 371952 103282.443   34   99 110490.000 96374.4550  12.8%  21.9 1921s
 742216 372553 105618.658   33   84 110490.000 96376.4078  12.8%  21.9 1927s
 743652 373205 109202.706   33   64 110490.000 96381.2769  12.8%  21.9 1932s
 744952 373828 101221.553   29   98 110490.000 96386.2995  12.8%  21.9 1937s
 746405 374456 109355.432   37   64 110490.000 96389.1578  12.8%  21.9 1942s
 747694 375179 102518.813   28  114 110490.000 96394.0362  12.8%  21.9 1947s
 748899 375815 101952.075   32  115 110490.000 96396.9155  12.8%  21.9 1953s
 750295 376519     cutoff   41      110490.000 96400.6443  12.8%  21.9 1958s
 751607 377147 107482.946   38   77 110490.000 96404.5295  12.7%  21.9 1963s
 752952 377833 102811.506   32   99 110490.000 96408.2750  12.7%  21.9 1970s
 754548 378426 infeasible   37      110490.000 96412.5159  12.7%  21.9 1975s
 755854 378910 107300.209   34   97 110490.000 96415.3114  12.7%  21.9 1981s
 757263 379469 infeasible   41      110490.000 96418.2541  12.7%  21.9 1986s
 758399 380220 105103.574   30  132 110490.000 96421.2432  12.7%  21.9 1991s
 759611 380967 109244.707   42  114 110490.000 96423.3214  12.7%  21.9 1997s
 761161 381773 105947.473   34   49 110490.000 96427.0790  12.7%  21.9 2002s
 762379 382467 108688.842   52   46 110490.000 96428.6533  12.7%  21.9 2007s
 763771 382975 108898.982   37  140 110490.000 96432.0858  12.7%  21.9 2012s
 765112 383703 109917.437   47   89 110490.000 96434.3622  12.7%  21.9 2017s
 766369 384379 infeasible   40      110490.000 96436.0139  12.7%  21.9 2023s
 767725 384966 109487.183   39  115 110490.000 96440.8867  12.7%  21.9 2029s
 769189 385674 106687.930   32   88 110490.000 96445.8235  12.7%  21.9 2035s
 770514 386361 100183.711   31  146 110490.000 96447.4720  12.7%  21.9 2040s
 771847 387171 105250.105   35  114 110490.000 96451.0768  12.7%  21.9 2046s
 773326 387810 infeasible   42      110490.000 96453.1874  12.7%  22.0 2052s
 774744 388418 100271.511   28  114 110490.000 96459.1241  12.7%  21.9 2058s
 776126 389150 infeasible   45      110490.000 96461.8290  12.7%  21.9 2063s
 777414 389804 109177.267   39  116 110490.000 96464.9868  12.7%  22.0 2068s
 778752 390364 102128.356   33  112 110490.000 96468.5295  12.7%  22.0 2075s
 780070 391151 97853.5597   25  116 110490.000 96472.5385  12.7%  22.0 2080s
 781389 391855 104121.894   34  119 110490.000 96475.6668  12.7%  22.0 2086s
 782785 392587 99164.5126   26  111 110490.000 96478.5598  12.7%  22.0 2091s
 784088 393340 infeasible   40      110490.000 96481.5272  12.7%  22.0 2097s
 785630 394047 97307.7523   24   87 110490.000 96484.6714  12.7%  22.0 2102s
 787001 394641 99698.8306   31  110 110490.000 96487.9609  12.7%  22.0 2108s
 788419 395247 96692.4686   28  125 110490.000 96492.0818  12.7%  22.0 2114s
 789754 395997 105236.160   35   94 110490.000 96495.8217  12.7%  22.0 2121s
 791239 396786     cutoff   45      110490.000 96499.0970  12.7%  22.0 2126s
 792456 397332 106946.486   40   89 110490.000 96501.2412  12.7%  22.0 2133s
 793926 397913 108992.838   42   60 110490.000 96504.0721  12.7%  22.0 2139s
 795566 398710 107942.068   38   63 110490.000 96508.0768  12.7%  22.0 2145s
 796889 399434 109532.378   44   38 110490.000 96510.0913  12.7%  22.0 2150s
 798255 400249 109705.000   42  110 110490.000 96512.4957  12.7%  22.0 2156s
 799676 400961 102972.890   31  106 110490.000 96514.8351  12.6%  22.0 2161s
 801024 401436 109209.392   45   47 110490.000 96517.9820  12.6%  22.0 2167s
 802310 402035 infeasible   40      110490.000 96519.7558  12.6%  22.0 2172s
 803661 402787 108274.043   42   73 110490.000 96522.8198  12.6%  22.0 2178s
 805133 403444 108998.568   54   34 110490.000 96526.8919  12.6%  22.0 2184s
 806571 404104 106611.868   32  107 110490.000 96531.9841  12.6%  22.0 2189s
 807849 404875 101368.718   29  104 110490.000 96535.4290  12.6%  22.0 2195s
 809187 405524 infeasible   30      110490.000 96538.3689  12.6%  22.0 2202s
 810680 406300 101870.923   35   90 110490.000 96541.2000  12.6%  22.0 2208s
 812121 406915 104941.973   38   99 110490.000 96545.1088  12.6%  22.0 2213s
 813643 407274 108819.959   43   52 110490.000 96547.4011  12.6%  22.0 2219s
 815028 407824 97040.7432   25  116 110490.000 96550.2962  12.6%  22.0 2224s
 816495 408264 infeasible   38      110490.000 96554.3578  12.6%  22.0 2230s
 818129 408691 108317.401   36   94 110490.000 96556.3943  12.6%  22.0 2236s
 819578 409229 108287.986   32  120 110490.000 96559.4617  12.6%  22.0 2242s
 820875 409877 101588.578   34  118 110490.000 96562.6939  12.6%  22.0 2247s
 822155 410574 100077.259   29  123 110490.000 96564.3079  12.6%  22.0 2253s
 823441 411334 100845.703   26  119 110490.000 96567.7523  12.6%  22.0 2258s
 824986 412080 102224.879   34  132 110490.000 96571.7107  12.6%  22.0 2263s
 826231 412797     cutoff   37      110490.000 96572.9101  12.6%  22.0 2269s
 827755 413450 102276.857   28  123 110490.000 96576.8230  12.6%  22.0 2274s
 828747 414255 103664.520   28  104 110490.000 96578.8306  12.6%  22.0 2280s
 830314 414924 infeasible   41      110490.000 96582.3290  12.6%  22.0 2286s
 831810 415598 99032.0430   25  100 110490.000 96585.7162  12.6%  22.0 2292s
 833371 416197 103568.156   33   92 110490.000 96591.0700  12.6%  22.0 2299s
 834799 416831 96628.0919   27  132 110490.000 96594.0766  12.6%  22.0 2304s
 836231 417531 infeasible   38      110490.000 96596.8931  12.6%  22.0 2310s
 837547 418017 98778.8697   30  104 110490.000 96600.3184  12.6%  22.0 2315s
 838941 418575 108827.078   31  103 110490.000 96601.8876  12.6%  22.0 2321s
 840299 419237 109341.554   44   52 110490.000 96605.6871  12.6%  22.0 2326s
 841736 419759 99538.6756   30  121 110490.000 96607.9146  12.6%  22.0 2332s
 843077 420408 106231.622   31  125 110490.000 96610.2930  12.6%  22.0 2338s
 844611 421094 infeasible   42      110490.000 96614.8417  12.6%  22.0 2344s
 846112 421720 96766.7946   30  102 110490.000 96617.7059  12.6%  22.0 2350s
 847407 422561 102820.209   33  101 110490.000 96620.3132  12.6%  22.0 2356s
 848823 422993 109298.324   40  105 110490.000 96622.6335  12.6%  22.0 2361s
 850256 423681 96712.0637   24  115 110490.000 96625.5241  12.5%  22.0 2367s
 851481 424435 infeasible   36      110490.000 96627.8132  12.5%  22.0 2372s
 852877 425142 105916.401   33   88 110490.000 96631.2604  12.5%  22.0 2377s
 854212 425821 105702.660   37   80 110490.000 96634.6017  12.5%  22.0 2383s
 855606 426393 98884.2342   26  108 110490.000 96637.2703  12.5%  22.0 2389s
 857034 426893 101845.683   30  136 110490.000 96641.6343  12.5%  22.0 2394s
 858508 427516 100438.428   33  102 110490.000 96643.8065  12.5%  22.0 2400s
 859850 428254 108550.779   35  112 110490.000 96647.9324  12.5%  22.0 2405s
 861105 428857 97985.7772   23  127 110490.000 96649.1578  12.5%  22.0 2411s
 862566 429532 infeasible   34      110490.000 96653.1463  12.5%  22.0 2416s
 863850 430014     cutoff   43      110490.000 96655.1376  12.5%  22.0 2423s
 865509 430787 103936.058   33  110 110490.000 96658.5811  12.5%  22.0 2428s
 866920 431452 109925.128   42   94 110490.000 96661.6443  12.5%  22.0 2434s
 868411 431458 101612.078   34  102 110490.000 96662.9730  12.5%  22.0 2444s
 868424 432043 101772.177   34  111 110490.000 96663.6779  12.5%  22.0 2450s
 869761 432636 103512.279   33   98 110490.000 96667.7793  12.5%  22.0 2456s
 871194 433118     cutoff   40      110490.000 96670.5683  12.5%  22.0 2462s
 872611 433570 107051.531   35   85 110490.000 96673.5993  12.5%  22.0 2468s
 874051 434415 108523.891   34   94 110490.000 96676.1101  12.5%  22.0 2473s
 875357 435174 104951.684   30  122 110490.000 96678.1441  12.5%  22.0 2478s
 876722 435719 109477.652   43   62 110490.000 96679.6308  12.5%  22.0 2484s
 877876 436409 109945.117   38  108 110490.000 96682.3243  12.5%  22.0 2490s
 879309 437012 101656.249   28  123 110490.000 96684.7389  12.5%  22.0 2496s
 880667 437762 110233.295   36   91 110490.000 96688.4574  12.5%  22.0 2501s
 882132 438624 96770.8029   27  113 110490.000 96690.9989  12.5%  22.0 2507s
 883359 439184 109460.709   53   69 110490.000 96692.7270  12.5%  22.0 2512s
 884650 439806 infeasible   35      110490.000 96693.6714  12.5%  22.0 2519s
 886038 440377 103517.816   33  119 110490.000 96696.1746  12.5%  22.0 2525s
 887597 441112 108627.218   34   99 110490.000 96699.7524  12.5%  22.0 2531s
 889118 441743 98253.0766   26   86 110490.000 96701.8739  12.5%  22.0 2537s
 890738 442230 108545.268   37  108 110490.000 96705.6308  12.5%  22.0 2543s
 892147 442984 102271.770   33  134 110490.000 96709.7162  12.5%  22.0 2550s
 893602 443704 106618.809   38   74 110490.000 96712.1533  12.5%  22.0 2555s
 895007 444457 105433.179   33  104 110490.000 96714.8200  12.5%  22.0 2562s
 896325 445227 infeasible   52      110490.000 96716.3808  12.5%  22.0 2567s
 897649 445947 107694.982   41   72 110490.000 96718.8414  12.5%  22.0 2573s
 899145 446721 109135.254   33  109 110490.000 96720.5732  12.5%  22.0 2579s
 900484 447173 102180.117   33  115 110490.000 96724.1890  12.5%  22.0 2585s
 902128 447839     cutoff   39      110490.000 96726.1310  12.5%  22.0 2591s
 903507 448534 98789.8514   34  102 110490.000 96729.8560  12.5%  22.0 2597s
 904994 449159 108682.333   36   47 110490.000 96731.6324  12.5%  22.0 2603s
 906097 449947 98205.2372   26  116 110490.000 96735.3200  12.4%  22.0 2608s
 907507 450331 108508.189   37   66 110490.000 96735.4619  12.4%  22.0 2613s
 908882 451061 97102.9281   28  123 110490.000 96739.7586  12.4%  22.0 2619s
 910340 451799     cutoff   37      110490.000 96743.8605  12.4%  22.0 2625s
 911791 452442 101594.675   32   97 110490.000 96746.8335  12.4%  22.0 2631s
 913166 452839 98517.9810   30  126 110490.000 96749.6443  12.4%  22.0 2637s
 914467 453602 103335.974   34  110 110490.000 96752.6714  12.4%  22.0 2643s
 915906 454324 98132.0421   25  132 110490.000 96755.5202  12.4%  22.0 2648s
 917240 455151 105629.497   36   93 110490.000 96757.9373  12.4%  22.0 2654s
 918680 455769 104198.295   31  135 110490.000 96760.2750  12.4%  22.0 2660s
 920004 456455 106940.754   37   83 110490.000 96764.9889  12.4%  22.0 2666s
 921567 457042 105079.277   32  122 110490.000 96768.6122  12.4%  22.0 2672s
 922997 457510 infeasible   39      110490.000 96772.1984  12.4%  22.0 2678s
 924392 458175 104548.497   32  117 110490.000 96775.2885  12.4%  22.0 2683s
 925661 458897 106514.910   38   66 110490.000 96776.7885  12.4%  22.0 2689s
 926938 459551 98608.1350   27  110 110490.000 96779.9754  12.4%  22.0 2695s
 928342 460135 101824.228   28  118 110490.000 96782.9957  12.4%  22.0 2700s
 929830 460612 104687.241   35  124 110490.000 96785.9416  12.4%  22.0 2707s
 931382 461145 110174.680   40  105 110490.000 96788.3020  12.4%  22.0 2712s
 932756 461794 infeasible   40      110490.000 96789.6351  12.4%  22.0 2717s
 933957 462454 109294.358   41   97 110490.000 96792.7117  12.4%  22.0 2723s
 935349 463235 101363.736   27  115 110490.000 96795.3284  12.4%  22.0 2729s
 936724 463998 100852.799   30  131 110490.000 96797.5090  12.4%  22.0 2736s
 938313 464668 110240.378   43   59 110490.000 96801.4686  12.4%  22.0 2741s
 939502 465376 109492.802   39  102 110490.000 96804.1640  12.4%  22.0 2747s
 940884 466043 106186.207   35  113 110490.000 96806.5047  12.4%  22.0 2753s
 942405 466628 100407.869   34   85 110490.000 96809.2841  12.4%  22.0 2760s
 943941 467278     cutoff   27      110490.000 96811.6414  12.4%  22.0 2766s
 945429 467989 106369.261   33  122 110490.000 96814.7088  12.4%  22.0 2771s
 946879 468556 108541.186   41   96 110490.000 96818.4658  12.4%  22.0 2778s
 948210 469494 100545.358   24  114 110490.000 96821.2207  12.4%  22.0 2783s
 949479 470199 102658.261   29  108 110490.000 96822.0423  12.4%  22.0 2789s
 950959 470887 109960.038   41   66 110490.000 96822.7342  12.4%  22.0 2794s
 952325 471722 109731.871   44  122 110490.000 96826.9754  12.4%  22.0 2800s
 953769 472541     cutoff   35      110490.000 96829.5690  12.4%  22.0 2806s
 955060 473352 107276.027   41   97 110490.000 96830.6363  12.4%  22.0 2813s
 956576 474113 102392.932   33   86 110490.000 96832.8577  12.4%  22.0 2820s
 958212 474744 106502.542   34  120 110490.000 96836.3347  12.4%  22.0 2826s
 959813 475503 106449.638   37  128 110490.000 96840.1486  12.4%  22.0 2833s
 961351 476137 107165.297   37   88 110490.000 96843.4486  12.4%  22.0 2838s
 962679 476872 109139.446   43   68 110490.000 96844.8198  12.3%  22.0 2844s
 964116 477529 106870.932   36   83 110490.000 96847.7672  12.3%  22.0 2850s
 965463 478252 105724.151   40  122 110490.000 96850.0700  12.3%  22.0 2856s
 966954 478880 106463.489   38  115 110490.000 96853.0649  12.3%  22.0 2863s
 968627 479605 98128.1395   24  130 110490.000 96855.2254  12.3%  22.0 2868s
 969868 480266 103920.959   36   97 110490.000 96856.5768  12.3%  22.0 2875s
 971213 481096 101187.581   34   90 110490.000 96859.2344  12.3%  22.0 2881s
 972820 481737 105503.297   35   96 110490.000 96861.5092  12.3%  22.0 2888s
 974398 482138 105369.725   39   94 110490.000 96863.8876  12.3%  22.0 2893s
 975825 482616 infeasible   45      110490.000 96865.5024  12.3%  22.0 2899s
 977174 483168 101933.200   33   95 110490.000 96867.8322  12.3%  22.0 2905s
 978658 483993 infeasible   42      110490.000 96868.7066  12.3%  22.0 2911s
 980173 484528     cutoff   39      110490.000 96870.9574  12.3%  22.0 2917s
 981292 485100 108383.108   37   82 110490.000 96871.5903  12.3%  22.0 2922s
 982634 485757 99737.4833   28  112 110490.000 96874.4853  12.3%  22.0 2928s
 983945 486448 109287.413   46  114 110490.000 96877.8214  12.3%  22.0 2934s
 985417 487172 107383.149   36  103 110490.000 96881.1441  12.3%  22.0 2939s
 986805 487789     cutoff   41      110490.000 96882.8081  12.3%  22.0 2945s
 988238 488449 107561.054   45   67 110490.000 96887.1324  12.3%  22.0 2952s
 989598 489112 108886.140   39   86 110490.000 96890.4588  12.3%  22.0 2958s
 991040 489937 infeasible   36      110490.000 96893.0317  12.3%  22.0 2964s
 992412 490520     cutoff   43      110490.000 96895.0068  12.3%  22.0 2971s
 994004 491444 105877.946   37   73 110490.000 96898.0396  12.3%  22.0 2976s
 995295 492098 106645.241   35   89 110490.000 96898.5409  12.3%  22.0 2982s
 996745 492456 infeasible   42      110490.000 96899.5813  12.3%  22.0 2988s
 997987 493131 97013.1797   29  120 110490.000 96902.6598  12.3%  22.0 2994s
 999422 493782 107352.930   38   78 110490.000 96905.6128  12.3%  22.0 3000s
 1000929 494288 97858.0452   29  108 110490.000 96908.4084  12.3%  22.0 3006s
 1002304 495066 103866.877   25  139 110490.000 96911.5227  12.3%  22.0 3012s
H1003766 494917                    110477.00000 96911.5227  12.3%  22.0 3025s
 1003779 495583 106888.811   35   89 110477.000 96912.7939  12.3%  22.0 3032s
 1005007 496411 97025.6916   26  117 110477.000 96914.4838  12.3%  22.0 3039s
 1006512 497220 110304.338   48   33 110477.000 96917.3560  12.3%  22.0 3045s
 1007819 498039     cutoff   58      110477.000 96919.3604  12.3%  22.0 3051s
 1009144 498788 108815.606   41  106 110477.000 96921.2827  12.3%  22.0 3058s
 1010586 499522 100143.020   29  120 110477.000 96923.4230  12.3%  22.0 3064s
 1012024 500257 106664.169   48   96 110477.000 96927.0227  12.3%  22.0 3072s
 1013679 500810 100578.065   27   75 110477.000 96930.2556  12.3%  22.0 3079s
 1015026 501623 infeasible   35      110477.000 96933.7725  12.3%  22.0 3085s
 1016363 502380 105971.354   33   93 110477.000 96935.4768  12.3%  22.0 3092s
 1017780 502957 110228.564   41   69 110477.000 96938.4474  12.3%  22.0 3098s
 1019186 503739 106597.070   32  125 110477.000 96941.1189  12.3%  22.0 3104s
 1020654 504379 107756.054   46   65 110477.000 96942.7818  12.3%  22.0 3110s
 1022057 504997 98270.3486   31  124 110477.000 96946.1906  12.2%  22.0 3118s
 1023357 505714 100514.550   35  126 110477.000 96949.0497  12.2%  22.0 3124s
 1024736 506583 109879.037   36   62 110477.000 96950.2068  12.2%  22.0 3130s
 1026188 507287 108399.514   41   84 110477.000 96953.3536  12.2%  22.0 3136s
 1027695 507942 infeasible   39      110477.000 96953.5024  12.2%  22.0 3143s
 1029205 508676 98114.0480   26  130 110477.000 96957.2946  12.2%  22.0 3150s
 1030704 509430 104403.288   29  131 110477.000 96959.9459  12.2%  22.0 3157s
 1032036 510193 104332.541   36   62 110477.000 96962.4703  12.2%  22.0 3163s
 1033450 510829 106097.027   38   70 110477.000 96964.5158  12.2%  22.0 3169s
 1034965 511468 104283.658   33   89 110477.000 96966.0877  12.2%  22.0 3176s
 1036188 512117 104372.765   40  115 110477.000 96967.8268  12.2%  22.0 3183s
 1037729 512632 97175.2286   29  110 110477.000 96969.7750  12.2%  22.0 3190s
 1039382 513258 101703.741   28  103 110477.000 96971.8808  12.2%  22.0 3197s
 1040927 514020 99062.2899   28  111 110477.000 96974.9685  12.2%  22.0 3204s
 1042355 514757 104649.632   33   95 110477.000 96977.3886  12.2%  22.0 3210s
 1043754 515501 105169.031   43  107 110477.000 96979.0877  12.2%  22.0 3217s
 1045096 516201 107512.225   42  115 110477.000 96980.8290  12.2%  22.0 3224s
 1046671 516867 100784.562   36  119 110477.000 96983.1015  12.2%  22.0 3232s
 1048261 517487 103674.129   31  119 110477.000 96985.9414  12.2%  22.0 3238s
 1049635 518264 98386.1275   29   92 110477.000 96988.0768  12.2%  22.0 3244s
 1050839 518998 105540.220   35   96 110477.000 96989.3649  12.2%  22.0 3250s
 1052201 519677 105182.279   36  126 110477.000 96992.8378  12.2%  22.0 3257s
 1053586 520393 97021.0995   26  106 110477.000 96994.9443  12.2%  22.0 3264s
 1055178 521080 infeasible   35      110477.000 96998.1208  12.2%  22.0 3270s
 1056511 521755 97025.6889   29  139 110477.000 96999.9730  12.2%  22.0 3277s
 1058083 522504 103890.881   32  129 110477.000 97003.2928  12.2%  22.0 3284s
 1059655 522851 106337.180   40   88 110477.000 97006.4897  12.2%  22.0 3301s
 1060401 523456 105577.063   36   83 110477.000 97006.6696  12.2%  22.0 3309s
 1061891 524348 107715.196   33  100 110477.000 97009.5676  12.2%  22.0 3317s
 1063682 525140 104283.795   37   69 110477.000 97012.6873  12.2%  22.0 3324s
 1065229 525823 109705.437   40   52 110477.000 97013.0412  12.2%  22.0 3332s
 1066815 526622 106473.639   36   73 110477.000 97015.8376  12.2%  22.0 3339s
 1068270 527148 108703.627   32   97 110477.000 97018.0227  12.2%  22.0 3346s
 1069772 527698     cutoff   42      110477.000 97020.1122  12.2%  22.0 3352s
 1071161 528378 103072.605   34  122 110477.000 97021.2743  12.2%  22.0 3360s
 1072647 529012 101768.058   33  124 110477.000 97024.8347  12.2%  22.0 3367s
 1074065 529487 108005.121   37  126 110477.000 97026.9257  12.2%  22.0 3374s
 1075606 530192 97158.1002   28  112 110477.000 97029.4494  12.2%  22.0 3381s
 1077045 530782 106056.924   42  107 110477.000 97032.3235  12.2%  22.0 3387s
 1078411 531463 99744.9551   30  107 110477.000 97032.7592  12.2%  22.0 3395s
 1079765 532174 107321.993   38   84 110477.000 97034.1205  12.2%  22.0 3402s
 1081369 532914 107202.025   38   86 110477.000 97036.3377  12.2%  22.0 3409s
 1082766 533684 109201.081   39   95 110477.000 97039.0565  12.2%  22.0 3416s
 1084207 534514 109172.993   34  111 110477.000 97040.7274  12.2%  22.0 3424s
 1085804 535275 104299.216   33  115 110477.000 97043.4422  12.2%  22.0 3430s
 1087246 535810 105445.297   34   89 110477.000 97045.1354  12.2%  22.0 3439s
 1088762 536560 109864.615   41   74 110477.000 97047.2811  12.2%  22.0 3444s
 1089994 537346     cutoff   42      110477.000 97048.5497  12.2%  22.0 3451s
 1091521 538053 105789.190   32  128 110477.000 97050.9281  12.2%  22.0 3457s
 1092844 538708 104244.149   37  106 110477.000 97053.6747  12.2%  22.0 3463s
 1094160 539282 infeasible   45      110477.000 97054.0805  12.1%  22.0 3471s
 1095718 539656 108405.927   39   74 110477.000 97056.7809  12.1%  22.0 3478s
 1097105 540354 109735.817   44   88 110477.000 97058.2659  12.1%  22.0 3485s
 1098560 541121 100722.893   29  114 110477.000 97061.3351  12.1%  22.0 3491s
 1099997 541776 99656.6247   31  135 110477.000 97063.0595  12.1%  22.0 3499s
 1101561 542627 102512.088   32   76 110477.000 97066.6986  12.1%  22.0 3505s
 1103010 543377 99701.5135   29  127 110477.000 97068.8176  12.1%  22.0 3514s
 1104487 544101 105477.496   33  118 110477.000 97070.5259  12.1%  22.0 3522s
 1106083 544926 108838.986   36   79 110477.000 97073.3739  12.1%  22.0 3530s
 1107739 545686 107148.743   34  125 110477.000 97075.8841  12.1%  22.0 3536s
 1109058 546274 107965.784   30  119 110477.000 97077.2445  12.1%  22.0 3543s
 1110621 546892 109675.605   40   83 110477.000 97078.9831  12.1%  22.0 3549s
 1111985 547481 109045.639   40  102 110477.000 97081.3540  12.1%  22.0 3557s
 1113481 548043 109608.220   32   75 110477.000 97083.6578  12.1%  22.0 3564s
 1114967 548702 109216.428   39   99 110477.000 97085.6480  12.1%  22.0 3571s
 1116399 549287 107661.844   35  106 110477.000 97088.4948  12.1%  22.0 3578s
 1117812 549909 104307.865   32   67 110477.000 97091.5027  12.1%  22.0 3585s
 1119360 550562     cutoff   43      110477.000 97092.3342  12.1%  22.0 3593s
 1120691 551116 103282.410   31  104 110477.000 97094.9950  12.1%  22.0 3600s

Explored 1122100 nodes (24729049 simplex iterations) in 3600.39 seconds (659.61 work units)
Thread count was 20 (of 20 available processors)

Solution count 10: 110477 110490 111366 ... 114621

Time limit reached
Best objective 1.104770000000e+05, best bound 9.709600000000e+04, gap 12.1120%
