
Gurobi 11.0.3 (win64) logging started Fri Mar 14 19:54:12 2025

Set parameter LogFile to value "logs/3c_f3_bays29.log"
Set parameter MIPGap to value 0
Set parameter TimeLimit to value 3600
Set parameter Cuts to value 0
Gurobi Optimizer version 11.0.3 build v11.0.3rc0 (win64 - Windows 11+.0 (26100.2))

CPU model: 12th Gen Intel(R) Core(TM) i7-12700, instruction set [SSE2|AVX|AVX2]
Thread count: 12 physical cores, 20 logical processors, using up to 20 threads

Optimize a model with 24419 rows, 25230 columns and 92711 nonzeros
Model fingerprint: 0x1712e753
Variable types: 24389 continuous, 841 integer (841 binary)
Coefficient statistics:
  Matrix range     [1e+00, 1e+00]
  Objective range  [3e+01, 5e+02]
  Bounds range     [1e+00, 1e+00]
  RHS range        [1e+00, 1e+00]
Presolve removed 1625 rows and 2466 columns
Presolve time: 0.52s
Presolved: 22794 rows, 22764 columns, 88648 nonzeros
Variable types: 21952 continuous, 812 integer (812 binary)

Root relaxation: objective 2.013500e+03, 15939 iterations, 1.26 seconds (1.26 work units)

    Nodes    |    Current Node    |     Objective Bounds      |     Work
 Expl Unexpl |  Obj  Depth IntInf | Incumbent    BestBd   Gap | It/Node Time

     0     0 2013.50000    0   34          - 2013.50000      -     -    2s
     0     0 2013.50000    0   34          - 2013.50000      -     -    2s
H    0     0                    2197.0000000 2013.50000  8.35%     -    3s
     0     0 2013.50000    0   34 2197.00000 2013.50000  8.35%     -    5s
     0     0 2013.50000    0   34 2197.00000 2013.50000  8.35%     -    6s
H    0     0                    2080.0000000 2013.50000  3.20%     -    6s
     0     0 2013.50000    0   34 2080.00000 2013.50000  3.20%     -    7s
     0     0 2013.50000    0   26 2080.00000 2013.50000  3.20%     -    7s
H    0     0                    2020.0000000 2013.50000  0.32%     -    7s
     0     0 2013.50000    0   25 2020.00000 2013.50000  0.32%     -    8s
     0     0 2013.50000    0   25 2020.00000 2013.50000  0.32%     -    8s
     0     0 2013.50000    0   10 2020.00000 2013.50000  0.32%     -    8s
     0     0 2013.50000    0   14 2020.00000 2013.50000  0.32%     -    8s
     0     0 2013.50000    0   27 2020.00000 2013.50000  0.32%     -    8s
     0     0     cutoff    0      2020.00000 2020.00000  0.00%     -    8s

Explored 1 nodes (34737 simplex iterations) in 8.34 seconds (6.09 work units)
Thread count was 20 (of 20 available processors)

Solution count 3: 2020 2080 2197 

Optimal solution found (tolerance 0.00e+00)
Best objective 2.020000000000e+03, best bound 2.020000000000e+03, gap 0.0000%

 	 Optimal Solution:
	x[0,20]: 1.0 
	x[1,2]: 1.0 
	x[2,28]: 1.0 
	x[3,9]: 1.0 
	x[4,8]: 1.0 
	x[5,27]: 1.0 
	x[6,24]: 1.0 
	x[7,26]: 1.0 
	x[8,11]: 1.0 
	x[9,19]: 1.0 
	x[10,21]: 1.0 
	x[11,5]: 1.0 
	x[12,15]: 1.0 
	x[13,16]: 1.0 
	x[14,3]: 1.0 
	x[15,23]: 1.0 
	x[16,17]: 1.0 
	x[17,14]: 1.0 
	x[18,10]: 1.0 
	x[19,1]: 1.0 
	x[20,12]: 1.0 
	x[21,13]: 1.0 
	x[22,6]: 1.0 
	x[23,7]: 1.0 
	x[24,18]: 1.0 
	x[25,4]: 1.0 
	x[26,22]: 1.0 
	x[27,0]: 1.0 
	x[28,25]: 1.0 
	f[0,5,27]: 1.0 
	f[0,27,0]: 1.0 
	f[1,0,20]: 1.0 
	f[1,3,9]: 1.0 
	f[1,5,27]: 1.0 
	f[1,6,24]: 1.0 
	f[1,7,26]: 1.0 
	f[1,9,19]: 1.0 
	f[1,10,21]: 1.0 
	f[1,12,15]: 1.0 
	f[1,13,16]: 1.0 
	f[1,14,3]: 1.0 
	f[1,15,23]: 1.0 
	f[1,16,17]: 1.0 
	f[1,17,14]: 1.0 
	f[1,18,10]: 1.0 
	f[1,19,1]: 1.0 
	f[1,20,12]: 1.0 
	f[1,21,13]: 1.0 
	f[1,22,6]: 1.0 
	f[1,23,7]: 1.0 
	f[1,24,18]: 1.0 
	f[1,26,22]: 1.0 
	f[1,27,0]: 1.0 
	f[2,0,20]: 1.0 
	f[2,1,2]: 1.0 
	f[2,3,9]: 1.0 
	f[2,5,27]: 1.0 
	f[2,6,24]: 1.0 
	f[2,7,26]: 1.0 
	f[2,9,19]: 1.0 
	f[2,10,21]: 1.0 
	f[2,12,15]: 1.0 
	f[2,13,16]: 1.0 
	f[2,14,3]: 1.0 
	f[2,15,23]: 1.0 
	f[2,16,17]: 1.0 
	f[2,17,14]: 1.0 
	f[2,18,10]: 1.0 
	f[2,19,1]: 1.0 
	f[2,20,12]: 1.0 
	f[2,21,13]: 1.0 
	f[2,22,6]: 1.0 
	f[2,23,7]: 1.0 
	f[2,24,18]: 1.0 
	f[2,26,22]: 1.0 
	f[2,27,0]: 1.0 
	f[3,0,20]: 1.0 
	f[3,5,27]: 1.0 
	f[3,6,24]: 1.0 
	f[3,7,26]: 1.0 
	f[3,10,21]: 1.0 
	f[3,12,15]: 1.0 
	f[3,13,16]: 1.0 
	f[3,14,3]: 1.0 
	f[3,15,23]: 1.0 
	f[3,16,17]: 1.0 
	f[3,17,14]: 1.0 
	f[3,18,10]: 1.0 
	f[3,20,12]: 1.0 
	f[3,21,13]: 1.0 
	f[3,22,6]: 1.0 
	f[3,23,7]: 1.0 
	f[3,24,18]: 1.0 
	f[3,26,22]: 1.0 
	f[3,27,0]: 1.0 
	f[4,0,20]: 1.0 
	f[4,1,2]: 1.0 
	f[4,2,28]: 1.0 
	f[4,3,9]: 1.0 
	f[4,5,27]: 1.0 
	f[4,6,24]: 1.0 
	f[4,7,26]: 1.0 
	f[4,9,19]: 1.0 
	f[4,10,21]: 1.0 
	f[4,12,15]: 1.0 
	f[4,13,16]: 1.0 
	f[4,14,3]: 1.0 
	f[4,15,23]: 1.0 
	f[4,16,17]: 1.0 
	f[4,17,14]: 1.0 
	f[4,18,10]: 1.0 
	f[4,19,1]: 1.0 
	f[4,20,12]: 1.0 
	f[4,21,13]: 1.0 
	f[4,22,6]: 1.0 
	f[4,23,7]: 1.0 
	f[4,24,18]: 1.0 
	f[4,25,4]: 1.0 
	f[4,26,22]: 1.0 
	f[4,27,0]: 1.0 
	f[4,28,25]: 1.0 
	f[6,0,20]: 1.0 
	f[6,5,27]: 1.0 
	f[6,7,26]: 1.0 
	f[6,12,15]: 1.0 
	f[6,15,23]: 1.0 
	f[6,20,12]: 1.0 
	f[6,22,6]: 1.0 
	f[6,23,7]: 1.0 
	f[6,26,22]: 1.0 
	f[6,27,0]: 1.0 
	f[7,0,20]: 1.0 
	f[7,5,27]: 1.0 
	f[7,12,15]: 1.0 
	f[7,15,23]: 1.0 
	f[7,20,12]: 1.0 
	f[7,23,7]: 1.0 
	f[7,27,0]: 1.0 
	f[8,0,20]: 1.0 
	f[8,1,2]: 1.0 
	f[8,2,28]: 1.0 
	f[8,3,9]: 1.0 
	f[8,4,8]: 1.0 
	f[8,5,27]: 1.0 
	f[8,6,24]: 1.0 
	f[8,7,26]: 1.0 
	f[8,9,19]: 1.0 
	f[8,10,21]: 1.0 
	f[8,12,15]: 1.0 
	f[8,13,16]: 1.0 
	f[8,14,3]: 1.0 
	f[8,15,23]: 1.0 
	f[8,16,17]: 1.0 
	f[8,17,14]: 1.0 
	f[8,18,10]: 1.0 
	f[8,19,1]: 1.0 
	f[8,20,12]: 1.0 
	f[8,21,13]: 1.0 
	f[8,22,6]: 1.0 
	f[8,23,7]: 1.0 
	f[8,24,18]: 1.0 
	f[8,25,4]: 1.0 
	f[8,26,22]: 1.0 
	f[8,27,0]: 1.0 
	f[8,28,25]: 1.0 
	f[9,0,20]: 1.0 
	f[9,3,9]: 1.0 
	f[9,5,27]: 1.0 
	f[9,6,24]: 1.0 
	f[9,7,26]: 1.0 
	f[9,10,21]: 1.0 
	f[9,12,15]: 1.0 
	f[9,13,16]: 1.0 
	f[9,14,3]: 1.0 
	f[9,15,23]: 1.0 
	f[9,16,17]: 1.0 
	f[9,17,14]: 1.0 
	f[9,18,10]: 1.0 
	f[9,20,12]: 1.0 
	f[9,21,13]: 1.0 
	f[9,22,6]: 1.0 
	f[9,23,7]: 1.0 
	f[9,24,18]: 1.0 
	f[9,26,22]: 1.0 
	f[9,27,0]: 1.0 
	f[10,0,20]: 1.0 
	f[10,5,27]: 1.0 
	f[10,6,24]: 1.0 
	f[10,7,26]: 1.0 
	f[10,12,15]: 1.0 
	f[10,15,23]: 1.0 
	f[10,18,10]: 1.0 
	f[10,20,12]: 1.0 
	f[10,22,6]: 1.0 
	f[10,23,7]: 1.0 
	f[10,24,18]: 1.0 
	f[10,26,22]: 1.0 
	f[10,27,0]: 1.0 
	f[11,0,20]: 1.0 
	f[11,1,2]: 1.0 
	f[11,2,28]: 1.0 
	f[11,3,9]: 1.0 
	f[11,4,8]: 1.0 
	f[11,5,27]: 1.0 
	f[11,6,24]: 1.0 
	f[11,7,26]: 1.0 
	f[11,8,11]: 1.0 
	f[11,9,19]: 1.0 
	f[11,10,21]: 1.0 
	f[11,12,15]: 1.0 
	f[11,13,16]: 1.0 
	f[11,14,3]: 1.0 
	f[11,15,23]: 1.0 
	f[11,16,17]: 1.0 
	f[11,17,14]: 1.0 
	f[11,18,10]: 1.0 
	f[11,19,1]: 1.0 
	f[11,20,12]: 1.0 
	f[11,21,13]: 1.0 
	f[11,22,6]: 1.0 
	f[11,23,7]: 1.0 
	f[11,24,18]: 1.0 
	f[11,25,4]: 1.0 
	f[11,26,22]: 1.0 
	f[11,27,0]: 1.0 
	f[11,28,25]: 1.0 
	f[12,0,20]: 1.0 
	f[12,5,27]: 1.0 
	f[12,20,12]: 1.0 
	f[12,27,0]: 1.0 
	f[13,0,20]: 1.0 
	f[13,5,27]: 1.0 
	f[13,6,24]: 1.0 
	f[13,7,26]: 1.0 
	f[13,10,21]: 1.0 
	f[13,12,15]: 1.0 
	f[13,15,23]: 1.0 
	f[13,18,10]: 1.0 
	f[13,20,12]: 1.0 
	f[13,21,13]: 1.0 
	f[13,22,6]: 1.0 
	f[13,23,7]: 1.0 
	f[13,24,18]: 1.0 
	f[13,26,22]: 1.0 
	f[13,27,0]: 1.0 
	f[14,0,20]: 1.0 
	f[14,5,27]: 1.0 
	f[14,6,24]: 1.0 
	f[14,7,26]: 1.0 
	f[14,10,21]: 1.0 
	f[14,12,15]: 1.0 
	f[14,13,16]: 1.0 
	f[14,15,23]: 1.0 
	f[14,16,17]: 1.0 
	f[14,17,14]: 1.0 
	f[14,18,10]: 1.0 
	f[14,20,12]: 1.0 
	f[14,21,13]: 1.0 
	f[14,22,6]: 1.0 
	f[14,23,7]: 1.0 
	f[14,24,18]: 1.0 
	f[14,26,22]: 1.0 
	f[14,27,0]: 1.0 
	f[15,0,20]: 1.0 
	f[15,5,27]: 1.0 
	f[15,12,15]: 1.0 
	f[15,20,12]: 1.0 
	f[15,27,0]: 1.0 
	f[16,0,20]: 1.0 
	f[16,5,27]: 1.0 
	f[16,6,24]: 1.0 
	f[16,7,26]: 1.0 
	f[16,10,21]: 1.0 
	f[16,12,15]: 1.0 
	f[16,13,16]: 1.0 
	f[16,15,23]: 1.0 
	f[16,18,10]: 1.0 
	f[16,20,12]: 1.0 
	f[16,21,13]: 1.0 
	f[16,22,6]: 1.0 
	f[16,23,7]: 1.0 
	f[16,24,18]: 1.0 
	f[16,26,22]: 1.0 
	f[16,27,0]: 1.0 
	f[17,0,20]: 1.0 
	f[17,5,27]: 1.0 
	f[17,6,24]: 1.0 
	f[17,7,26]: 1.0 
	f[17,10,21]: 1.0 
	f[17,12,15]: 1.0 
	f[17,13,16]: 1.0 
	f[17,15,23]: 1.0 
	f[17,16,17]: 1.0 
	f[17,18,10]: 1.0 
	f[17,20,12]: 1.0 
	f[17,21,13]: 1.0 
	f[17,22,6]: 1.0 
	f[17,23,7]: 1.0 
	f[17,24,18]: 1.0 
	f[17,26,22]: 1.0 
	f[17,27,0]: 1.0 
	f[18,0,20]: 1.0 
	f[18,5,27]: 1.0 
	f[18,6,24]: 1.0 
	f[18,7,26]: 1.0 
	f[18,12,15]: 1.0 
	f[18,15,23]: 1.0 
	f[18,20,12]: 1.0 
	f[18,22,6]: 1.0 
	f[18,23,7]: 1.0 
	f[18,24,18]: 1.0 
	f[18,26,22]: 1.0 
	f[18,27,0]: 1.0 
	f[19,0,20]: 1.0 
	f[19,3,9]: 1.0 
	f[19,5,27]: 1.0 
	f[19,6,24]: 1.0 
	f[19,7,26]: 1.0 
	f[19,9,19]: 1.0 
	f[19,10,21]: 1.0 
	f[19,12,15]: 1.0 
	f[19,13,16]: 1.0 
	f[19,14,3]: 1.0 
	f[19,15,23]: 1.0 
	f[19,16,17]: 1.0 
	f[19,17,14]: 1.0 
	f[19,18,10]: 1.0 
	f[19,20,12]: 1.0 
	f[19,21,13]: 1.0 
	f[19,22,6]: 1.0 
	f[19,23,7]: 1.0 
	f[19,24,18]: 1.0 
	f[19,26,22]: 1.0 
	f[19,27,0]: 1.0 
	f[20,0,20]: 1.0 
	f[20,5,27]: 1.0 
	f[20,27,0]: 1.0 
	f[21,0,20]: 1.0 
	f[21,5,27]: 1.0 
	f[21,6,24]: 1.0 
	f[21,7,26]: 1.0 
	f[21,10,21]: 1.0 
	f[21,12,15]: 1.0 
	f[21,15,23]: 1.0 
	f[21,18,10]: 1.0 
	f[21,20,12]: 1.0 
	f[21,22,6]: 1.0 
	f[21,23,7]: 1.0 
	f[21,24,18]: 1.0 
	f[21,26,22]: 1.0 
	f[21,27,0]: 1.0 
	f[22,0,20]: 1.0 
	f[22,5,27]: 1.0 
	f[22,7,26]: 1.0 
	f[22,12,15]: 1.0 
	f[22,15,23]: 1.0 
	f[22,20,12]: 1.0 
	f[22,23,7]: 1.0 
	f[22,26,22]: 1.0 
	f[22,27,0]: 1.0 
	f[23,0,20]: 1.0 
	f[23,5,27]: 1.0 
	f[23,12,15]: 1.0 
	f[23,15,23]: 1.0 
	f[23,20,12]: 1.0 
	f[23,27,0]: 1.0 
	f[24,0,20]: 1.0 
	f[24,5,27]: 1.0 
	f[24,6,24]: 1.0 
	f[24,7,26]: 1.0 
	f[24,12,15]: 1.0 
	f[24,15,23]: 1.0 
	f[24,20,12]: 1.0 
	f[24,22,6]: 1.0 
	f[24,23,7]: 1.0 
	f[24,26,22]: 1.0 
	f[24,27,0]: 1.0 
	f[25,0,20]: 1.0 
	f[25,1,2]: 1.0 
	f[25,2,28]: 1.0 
	f[25,3,9]: 1.0 
	f[25,5,27]: 1.0 
	f[25,6,24]: 1.0 
	f[25,7,26]: 1.0 
	f[25,9,19]: 1.0 
	f[25,10,21]: 1.0 
	f[25,12,15]: 1.0 
	f[25,13,16]: 1.0 
	f[25,14,3]: 1.0 
	f[25,15,23]: 1.0 
	f[25,16,17]: 1.0 
	f[25,17,14]: 1.0 
	f[25,18,10]: 1.0 
	f[25,19,1]: 1.0 
	f[25,20,12]: 1.0 
	f[25,21,13]: 1.0 
	f[25,22,6]: 1.0 
	f[25,23,7]: 1.0 
	f[25,24,18]: 1.0 
	f[25,26,22]: 1.0 
	f[25,27,0]: 1.0 
	f[25,28,25]: 1.0 
	f[26,0,20]: 1.0 
	f[26,5,27]: 1.0 
	f[26,7,26]: 1.0 
	f[26,12,15]: 1.0 
	f[26,15,23]: 1.0 
	f[26,20,12]: 1.0 
	f[26,23,7]: 1.0 
	f[26,27,0]: 1.0 
	f[27,5,27]: 1.0 
	f[28,0,20]: 1.0 
	f[28,1,2]: 1.0 
	f[28,2,28]: 1.0 
	f[28,3,9]: 1.0 
	f[28,5,27]: 1.0 
	f[28,6,24]: 1.0 
	f[28,7,26]: 1.0 
	f[28,9,19]: 1.0 
	f[28,10,21]: 1.0 
	f[28,12,15]: 1.0 
	f[28,13,16]: 1.0 
	f[28,14,3]: 1.0 
	f[28,15,23]: 1.0 
	f[28,16,17]: 1.0 
	f[28,17,14]: 1.0 
	f[28,18,10]: 1.0 
	f[28,19,1]: 1.0 
	f[28,20,12]: 1.0 
	f[28,21,13]: 1.0 
	f[28,22,6]: 1.0 
	f[28,23,7]: 1.0 
	f[28,24,18]: 1.0 
	f[28,26,22]: 1.0 
	f[28,27,0]: 1.0 
	objective value: 2020.0