
Gurobi 11.0.3 (win64) logging started Fri Mar 14 21:07:38 2025

Set parameter LogFile to value "logs/3d_f2_dantzig42.log"
Set parameter MIPGap to value 0
Set parameter TimeLimit to value 3600
Set parameter Presolve to value 0
Set parameter Cuts to value 0
Gurobi Optimizer version 11.0.3 build v11.0.3rc0 (win64 - Windows 11+.0 (26100.2))

CPU model: 12th Gen Intel(R) Core(TM) i7-12700, instruction set [SSE2|AVX|AVX2]
Thread count: 12 physical cores, 20 logical processors, using up to 20 threads

Optimize a model with 1890 rows, 1806 columns and 8614 nonzeros
Model fingerprint: 0x11cbffef
Variable types: 0 continuous, 1806 integer (1764 binary)
Coefficient statistics:
  Matrix range     [1e+00, 4e+01]
  Objective range  [3e+00, 2e+02]
  Bounds range     [1e+00, 1e+00]
  RHS range        [1e+00, 4e+01]
Variable types: 0 continuous, 1806 integer (1764 binary)
Found heuristic solution: objective 3302.0000000

Root relaxation: objective 5.353810e+02, 129 iterations, 0.00 seconds (0.00 work units)

    Nodes    |    Current Node    |     Objective Bounds      |     Work
 Expl Unexpl |  Obj  Depth IntInf | Incumbent    BestBd   Gap | It/Node Time

     0     0  535.38095    0   72 3302.00000  535.38095  83.8%     -    0s
     0     0  536.59524    0   69 3302.00000  536.59524  83.7%     -    0s
H    0     0                    1050.0000000  536.59524  48.9%     -    0s
H    0     0                     840.0000000  536.59524  36.1%     -    0s
     0     2  542.66667    0   69  840.00000  542.66667  35.4%     -    0s
H   27    40                     744.0000000  575.84127  22.6%  20.3    1s
H 2248  1648                     716.0000000  590.33333  17.6%  11.9    3s
  3786  2381  687.35714   28   16  716.00000  601.04762  16.1%  12.9    5s
 13042  7094  670.23016   39   58  716.00000  632.73810  11.6%  11.3   10s
H15590  8137                     713.0000000  634.19048  11.1%  11.1   11s
H15613  8081                     711.0000000  634.19048  10.8%  11.1   11s
 17671  9111     cutoff   31       711.00000  635.00000  10.7%  11.0   15s
H18374  8950                     707.0000000  635.10714  10.2%  11.0   19s
H18375  8785                     704.0000000  635.10714  9.79%  11.0   19s
H18379  8356                     699.0000000  635.10714  9.14%  11.0   19s
 18462  8739  638.47619   23   41  699.00000  635.29762  9.11%  11.0   20s
 27073 12545  640.47321   26   61  699.00000  638.55952  8.65%  10.6   25s
 34401 15708  662.71429   19   58  699.00000  640.50794  8.37%  10.9   30s
 43269 18714  659.29762   32   54  699.00000  642.38095  8.10%  11.3   35s
 51655 22457     cutoff   36       699.00000  643.52381  7.94%  11.3   41s
 60674 25620  692.26190   49   20  699.00000  644.55952  7.79%  11.2   46s
 69324 28884  647.35714   23   52  699.00000  645.48810  7.66%  11.1   50s
 78659 32529  692.09524   34   45  699.00000  646.40476  7.52%  11.0   55s
 87761 35835     cutoff   25       699.00000  647.14286  7.42%  10.9   60s
 96266 38626  684.76190   31   53  699.00000  647.83333  7.32%  10.9   65s
 104500 40651  657.86905   34   44  699.00000  648.66667  7.20%  11.1   70s
 112907 42359  650.45238   20   40  699.00000  649.50000  7.08%  11.3   76s
 119088 43560  665.60317   27   66  699.00000  650.23810  6.98%  11.5   80s
 127337 45115  662.14286   28   29  699.00000  651.03175  6.86%  11.7   86s
 133658 46086 infeasible   32       699.00000  651.59524  6.78%  11.9   91s
 140239 47255  665.75595   37   44  699.00000  652.19048  6.70%  12.1   95s
 146553 48301     cutoff   22       699.00000  652.66667  6.63%  12.2  100s
 152807 49265     cutoff   39       699.00000  653.27381  6.54%  12.3  105s
 161292 50210  665.90476   24   21  699.00000  654.00000  6.44%  12.5  111s
 167470 50958     cutoff   26       699.00000  654.49206  6.37%  12.6  115s
 175558 51969  659.42857   37   18  699.00000  655.09524  6.28%  12.8  121s
 180018 52271     cutoff   28       699.00000  655.41667  6.24%  12.8  125s
 187514 52954  659.80952   30   22  699.00000  656.04762  6.14%  13.0  131s
 193869 53149  661.33333   34   53  699.00000  656.52381  6.08%  13.1  135s
 200201 53490  659.25000   32   41  699.00000  657.09524  5.99%  13.2  140s
 208581 53796  668.36508   30   24  699.00000  657.80952  5.89%  13.3  145s
 214911 53871     cutoff   25       699.00000  658.25000  5.83%  13.4  150s
 223058 53963     cutoff   25       699.00000  658.99206  5.72%  13.6  158s
 225054 53952 infeasible   26       699.00000  659.10714  5.71%  13.6  160s
 232757 53259  660.98413   27   51  699.00000  659.76190  5.61%  13.7  166s
 237562 53048  667.28571   32   21  699.00000  660.17460  5.55%  13.8  170s
 246183 52099     cutoff   28       699.00000  660.95238  5.44%  13.9  176s
 252515 51188  668.44444   46   27  699.00000  661.57143  5.35%  14.1  180s
 261114 50015 infeasible   33       699.00000  662.34921  5.24%  14.2  186s
 267284 48797     cutoff   35       699.00000  662.98810  5.15%  14.3  190s
 273722 47399     cutoff   24       699.00000  663.54762  5.07%  14.4  195s
 281718 44908  667.46032   24   57  699.00000  664.57857  4.92%  14.5  201s
 287938 42859     cutoff   48       699.00000  665.26190  4.83%  14.6  205s
 293832 40797     cutoff   27       699.00000  666.25000  4.69%  14.7  210s
 301393 36703 infeasible   33       699.00000  667.44444  4.51%  14.9  216s
 307516 33072 infeasible   38       699.00000  668.61905  4.35%  14.9  220s
 313786 29157 infeasible   55       699.00000  669.92857  4.16%  15.0  225s
 322064 22540 infeasible   45       699.00000  672.28571  3.82%  15.1  230s
 330952 13914 infeasible   29       699.00000  676.31548  3.25%  15.1  235s

Explored 347530 nodes (5130062 simplex iterations) in 240.16 seconds (36.91 work units)
Thread count was 20 (of 20 available processors)

Solution count 10: 699 704 707 ... 3302

Optimal solution found (tolerance 0.00e+00)
Best objective 6.990000000000e+02, best bound 6.990000000000e+02, gap 0.0000%

 	 Optimal Solution:
	x[0,41]: 1.0 
	x[1,0]: 1.0 
	x[2,1]: 1.0 
	x[3,2]: 1.0 
	x[4,3]: 1.0 
	x[5,4]: 1.0 
	x[6,5]: 1.0 
	x[7,6]: 1.0 
	x[8,7]: 1.0 
	x[9,8]: 1.0 
	x[10,9]: 1.0 
	x[11,10]: 1.0 
	x[12,11]: 1.0 
	x[13,12]: 1.0 
	x[14,13]: 1.0 
	x[15,14]: 1.0 
	x[16,15]: 1.0 
	x[17,16]: 1.0 
	x[18,17]: 1.0 
	x[19,18]: 1.0 
	x[20,19]: 1.0 
	x[21,20]: 1.0 
	x[22,21]: 1.0 
	x[23,22]: 1.0 
	x[24,23]: 1.0 
	x[25,24]: 1.0 
	x[26,25]: 1.0 
	x[27,26]: 1.0 
	x[28,27]: 1.0 
	x[29,28]: 1.0 
	x[30,29]: 1.0 
	x[31,30]: 1.0 
	x[32,31]: 1.0 
	x[33,32]: 1.0 
	x[34,33]: 1.0 
	x[35,34]: 1.0 
	x[36,35]: 1.0 
	x[37,36]: 1.0 
	x[38,37]: 1.0 
	x[39,38]: 1.0 
	x[40,39]: 1.0 
	x[41,40]: 1.0 
	u[0]: 6.0 
	u[1]: 5.0 
	u[2]: 4.0 
	u[3]: 3.0 
	u[4]: 2.0 
	u[5]: 1.0 
	u[6]: 42.0 
	u[7]: 41.0 
	u[8]: 40.0 
	u[9]: 39.0 
	u[10]: 38.0 
	u[11]: 37.0 
	u[12]: 36.0 
	u[13]: 35.0 
	u[14]: 34.0 
	u[15]: 33.0 
	u[16]: 32.0 
	u[17]: 31.0 
	u[18]: 30.0 
	u[19]: 29.0 
	u[20]: 28.0 
	u[21]: 27.0 
	u[22]: 26.0 
	u[23]: 25.0 
	u[24]: 24.0 
	u[25]: 23.0 
	u[26]: 22.0 
	u[27]: 21.0 
	u[28]: 20.0 
	u[29]: 19.0 
	u[30]: 18.0 
	u[31]: 17.0 
	u[32]: 16.0 
	u[33]: 15.0 
	u[34]: 14.0 
	u[35]: 13.0 
	u[36]: 12.0 
	u[37]: 11.0 
	u[38]: 10.0 
	u[39]: 9.0 
	u[40]: 8.0 
	u[41]: 7.0 
	objective value: 699.0