
Gurobi 12.0.1 (win64) logging started Mon Mar 10 23:59:31 2025

Set parameter LogFile to value "logs/3d_f3_rat99.log"
Set parameter MIPGap to value 0
Set parameter TimeLimit to value 3600
Set parameter Presolve to value 0
Set parameter Cuts to value 0
Gurobi Optimizer version 12.0.1 build v12.0.1rc0 (win64 - Windows 11.0 (26100.2))

CPU model: 12th Gen Intel(R) Core(TM) i7-12700, instruction set [SSE2|AVX|AVX2]
Thread count: 12 physical cores, 20 logical processors, using up to 20 threads

Non-default parameters:
TimeLimit  3600
MIPGap  0
Cuts  0
Presolve  0

Optimize a model with 10098 rows, 9900 columns and 48514 nonzeros
Model fingerprint: 0xbb59d546
Variable types: 0 continuous, 9900 integer (9801 binary)
Coefficient statistics:
  Matrix range     [1e+00, 1e+02]
  Objective range  [4e+00, 2e+02]
  Bounds range     [1e+00, 1e+00]
  RHS range        [1e+00, 1e+02]
Variable types: 0 continuous, 9900 integer (9801 binary)

Root relaxation: objective 1.090899e+03, 395 iterations, 0.02 seconds (0.02 work units)

    Nodes    |    Current Node    |     Objective Bounds      |     Work
 Expl Unexpl |  Obj  Depth IntInf | Incumbent    BestBd   Gap | It/Node Time

     0     0 1090.89899    0  173          - 1090.89899      -     -    0s
     0     0 1090.89899    0  173          - 1090.89899      -     -    0s
     0     2 1090.89899    0  173          - 1090.89899      -     -    1s
   483   511 1156.18182   47  111          - 1090.97980      -  26.2    5s
  1342  1355 1303.22896  116   84          - 1090.97980      -  16.4   10s
  2020  2026 1316.98990  190   45          - 1090.97980      -  14.2   15s
  2802  2819 1500.98990  254   58          - 1090.97980      -  12.8   20s
H 3039  2988                    2511.0000000 1090.97980  56.6%  12.4   22s
H 3112  2988                    1939.0000000 1090.97980  43.7%  12.3   22s
H 3164  2993                    1581.0000000 1090.97980  31.0%  12.2   23s
H 3189  3073                    1573.0000000 1090.97980  30.6%  12.2   24s
H 3217  3000                    1507.0000000 1090.97980  27.6%  12.1   24s
H 3272  2981                    1506.0000000 1090.97980  27.6%  12.0   24s
H 3273  2974                    1504.0000000 1090.97980  27.5%  12.1   24s
H 3283  2916                    1475.0000000 1090.97980  26.0%  12.1   24s
  3288  2934 1115.00000   14  167 1475.00000 1090.97980  26.0%  12.1   25s
H 3296  2928                    1474.0000000 1090.97980  26.0%  12.1   25s
  3917  3576 1169.59113   27  189 1474.00000 1096.32660  25.6%  12.6   30s
H 4470  3795                    1452.0000000 1096.67677  24.5%  12.8   32s
H 4472  3607                    1450.0000000 1096.67677  24.4%  12.8   33s
H 4474  3427                    1231.0000000 1096.67677  10.9%  12.8   34s
H 4474  3256                    1223.0000000 1096.67677  10.3%  12.8   34s
H 4474  3093                    1220.0000000 1096.67677  10.1%  12.8   34s
H 4474  2938                    1212.0000000 1096.67677  9.52%  12.8   34s
  4476  2942 1105.91837   12  169 1212.00000 1105.91837  8.75%  13.0   36s
  4689  3095 1166.47619   24  138 1212.00000 1105.91837  8.75%  14.1   40s
  5146  3278 1206.80850   40  134 1212.00000 1105.91837  8.75%  15.3   45s
H 5274  3153                    1211.0000000 1106.44898  8.63%  15.8   48s
  5427  3293 1204.33469   33   91 1211.00000 1106.44898  8.63%  16.2   50s
  6130  3484 1135.18367   19  158 1211.00000 1113.57347  8.05%  17.7   55s
  6929  3642 1173.30816   26  173 1211.00000 1124.57143  7.14%  18.8   60s
  7699  3831     cutoff   34      1211.00000 1129.27551  6.75%  19.9   65s
  8575  3893     cutoff   31      1211.00000 1132.43673  6.49%  20.9   70s
  9140  3917 1209.32653   35   63 1211.00000 1134.17007  6.34%  21.4   75s
  9758  3946 1200.07653   31  154 1211.00000 1135.17721  6.26%  22.1   80s
  9926  4068 1163.01531   24  133 1211.00000 1135.24490  6.26%  22.2   85s
 10888  4086 1196.75680   30  141 1211.00000 1136.66735  6.14%  22.7   92s
 11466  4166 1145.11224   20  149 1211.00000 1137.23469  6.09%  22.9   96s
 12269  4326 1181.57143   29   72 1211.00000 1138.37755  6.00%  23.6  100s
 13095  4509 1140.26735   20  159 1211.00000 1139.13955  5.93%  23.8  106s
 13924  4926 1199.60204   31  134 1211.00000 1139.75612  5.88%  24.1  112s
 14414  5000 1199.64286   25  149 1211.00000 1140.23776  5.84%  24.2  117s
 14616  5132 1201.56122   26  166 1211.00000 1140.29626  5.84%  24.3  120s
 15559  5696 infeasible   34      1211.00000 1141.26531  5.76%  24.6  126s
 16542  6179 infeasible   35      1211.00000 1142.04082  5.69%  24.8  133s
 17199  6585 1174.67177   26  142 1211.00000 1142.47347  5.66%  25.0  137s
 17914  6858 1170.59592   22  158 1211.00000 1143.08163  5.61%  25.2  142s
 18646  6916 1202.91837   30  147 1211.00000 1143.44388  5.58%  25.3  145s
 18788  7219 1185.39796   27   93 1211.00000 1143.44388  5.58%  25.3  150s
 19647  7532 1153.30612   25  100 1211.00000 1144.10204  5.52%  25.4  155s
 21215  8142 1168.95918   24  148 1211.00000 1145.03061  5.45%  25.6  163s
 21904  8416 1172.13469   24  126 1211.00000 1145.47823  5.41%  25.8  166s
 22422  8728     cutoff   37      1211.00000 1145.47823  5.41%  26.0  171s
 23317  9061 1206.70408   31  116 1211.00000 1146.11395  5.36%  26.2  176s
 24207  9380 1188.56633   26  133 1211.00000 1146.59014  5.32%  26.3  181s
 25196  9849 1191.43673   28  134 1211.00000 1147.19388  5.27%  26.4  186s
 26156 10253 1153.05102   21  124 1211.00000 1147.95918  5.21%  26.6  191s
 26998 10797 1171.04082   24  148 1211.00000 1148.02551  5.20%  26.7  196s
 28069 11140     cutoff   31      1211.00000 1148.18367  5.19%  26.9  201s
 28812 11702 infeasible   37      1211.00000 1148.36395  5.17%  27.0  207s
 29938 12289 1192.37755   36   59 1211.00000 1148.91497  5.13%  27.1  213s
 31121 12719 1177.69082   26  149 1211.00000 1149.05782  5.11%  27.2  219s
 32214 13158 1205.12245   32  109 1211.00000 1149.26293  5.10%  27.4  225s
 33419 13362 1171.38010   31  157 1211.00000 1149.58776  5.07%  27.5  230s
 33973 13926 1163.15680   23  172 1211.00000 1149.93367  5.04%  27.6  236s
 35282 14415 1204.01276   40  125 1211.00000 1150.14286  5.03%  27.7  243s
 36614 14970 1206.68878   32  124 1211.00000 1150.51020  5.00%  27.8  251s
 38310 15280 1200.17347   34  101 1211.00000 1150.98163  4.96%  27.8  256s
 39309 15720 1201.45714   29  135 1211.00000 1151.19388  4.94%  27.8  261s
 40731 16202 1170.93878   23  172 1211.00000 1151.65561  4.90%  27.9  267s
 42054 16615 1196.27551   29   67 1211.00000 1151.98469  4.87%  27.9  273s
 43335 17015 1204.67347   30  116 1211.00000 1152.15306  4.86%  28.0  278s
 44382 17463 1192.84694   30   88 1211.00000 1152.45612  4.83%  28.0  285s
 45646 17974     cutoff   36      1211.00000 1152.92536  4.80%  28.0  290s
 46858 18531 1196.37075   27  166 1211.00000 1153.10204  4.78%  28.0  296s
 48302 18748 1185.96327   29  192 1211.00000 1153.25714  4.77%  28.1  302s
 49750 19192 1167.68367   26  127 1211.00000 1153.48163  4.75%  28.1  308s
 51106 19684 1199.61224   36  113 1211.00000 1153.84354  4.72%  28.1  313s
 52308 20206 1201.63469   30  151 1211.00000 1154.00729  4.71%  28.2  318s
 53597 20603 1179.80612   27   95 1211.00000 1154.19082  4.69%  28.2  324s
 54903 21090 1173.23980   26  145 1211.00000 1154.44388  4.67%  28.2  331s
 56422 21485     cutoff   38      1211.00000 1154.93537  4.63%  28.2  336s
 57605 21923 infeasible   31      1211.00000 1155.12755  4.61%  28.2  341s
 58922 22319 1169.43878   27  170 1211.00000 1155.26190  4.60%  28.3  347s
 60236 22854 infeasible   37      1211.00000 1155.87755  4.55%  28.3  352s
 61513 23232     cutoff   36      1211.00000 1156.05102  4.54%  28.3  357s
 62857 23534 1167.56122   28  146 1211.00000 1156.14031  4.53%  28.4  362s
 64073 23835 1159.04762   24  136 1211.00000 1156.34694  4.51%  28.4  367s
 65392 24287 1203.11224   38  117 1211.00000 1156.69388  4.48%  28.4  372s
 66693 24772 1204.41837   47   63 1211.00000 1156.84694  4.47%  28.4  377s
 67862 25155 1195.65816   31  126 1211.00000 1156.94133  4.46%  28.4  382s
 69263 25520 1206.68367   35   81 1211.00000 1157.02857  4.46%  28.4  387s
 70579 25916 1178.15204   29  157 1211.00000 1157.17347  4.44%  28.5  391s
 71709 26304 1169.11735   26  132 1211.00000 1157.24490  4.44%  28.5  396s
 73022 26721 1176.75510   25  100 1211.00000 1157.59184  4.41%  28.5  402s
 74427 27250 1204.85544   36  156 1211.00000 1157.81293  4.39%  28.4  407s
 75828 27558 1196.59184   30  134 1211.00000 1157.96660  4.38%  28.5  411s
 77025 27983 1193.13265   27  126 1211.00000 1158.05102  4.37%  28.5  416s
 78382 28327 1188.68920   23  180 1211.00000 1158.17551  4.36%  28.5  422s
 79596 28428 1196.46939   30  125 1211.00000 1158.36735  4.35%  28.5  425s
 81107 29079     cutoff   29      1211.00000 1158.55102  4.33%  28.5  434s
 82531 29480 1204.53741   33  132 1211.00000 1158.85816  4.31%  28.6  439s
 83827 29926 1196.86837   33  133 1211.00000 1158.97755  4.30%  28.6  444s
 85244 30376 infeasible   31      1211.00000 1159.04592  4.29%  28.6  449s
 86457 30857 1199.84323   32  150 1211.00000 1159.13776  4.28%  28.6  454s
 87835 31238 1205.84580   34  152 1211.00000 1159.23469  4.27%  28.6  459s
 89186 31627 1190.44541   36  156 1211.00000 1159.43112  4.26%  28.7  463s
 90452 32204 1198.12755   32  128 1211.00000 1159.68367  4.24%  28.7  468s
 91877 32500 1202.26871   34   78 1211.00000 1159.85714  4.22%  28.7  473s
 93350 32896     cutoff   33      1211.00000 1159.89558  4.22%  28.6  478s
 94578 33306 infeasible   34      1211.00000 1159.98163  4.21%  28.6  483s
 95870 33651 1204.33163   32  147 1211.00000 1160.06463  4.21%  28.6  487s
 96998 33978     cutoff   39      1211.00000 1160.15510  4.20%  28.6  492s
 98342 34307     cutoff   36      1211.00000 1160.30102  4.19%  28.6  496s
 99656 34322 1205.47959   35   78 1211.00000 1160.54592  4.17%  28.7  502s
 99675 34568 1205.44898   35   76 1211.00000 1160.55102  4.17%  28.7  505s
 100258 35186 1197.55102   35   66 1211.00000 1160.61224  4.16%  28.7  511s
 101629 35627 1199.46088   35   72 1211.00000 1160.78499  4.15%  28.7  516s
 102808 36111 1170.23299   29  136 1211.00000 1160.86735  4.14%  28.7  522s
 104188 36461 1162.11224   27  137 1211.00000 1160.93878  4.13%  28.7  527s
 105431 36895 1184.91327   31  137 1211.00000 1160.98980  4.13%  28.7  533s
 106814 37218 1185.14286   27  133 1211.00000 1161.07304  4.12%  28.8  539s
 108214 37558 1191.12500   31  143 1211.00000 1161.18027  4.11%  28.8  544s
 109513 37805     cutoff   35      1211.00000 1161.28571  4.11%  28.8  550s
 110836 38202 1206.45068   31  139 1211.00000 1161.41837  4.09%  28.8  556s
 112211 38790 1188.86224   28   93 1211.00000 1161.62925  4.08%  28.8  562s
 113571 39149 1197.54082   34  118 1211.00000 1161.78571  4.06%  28.8  566s
 114772 39539 1168.68878   25  109 1211.00000 1161.87415  4.06%  28.8  572s
 116145 39916 infeasible   34      1211.00000 1161.92857  4.05%  28.8  577s
 117492 40124     cutoff   33      1211.00000 1161.98980  4.05%  28.8  582s
 118682 40450 1169.08844   27  125 1211.00000 1162.07143  4.04%  28.8  587s
 120007 40773 infeasible   34      1211.00000 1162.15028  4.03%  28.8  592s
 121244 41160 1171.18571   27  136 1211.00000 1162.23588  4.03%  28.8  596s
 122410 41501 1198.83469   32  137 1211.00000 1162.29025  4.02%  28.8  601s
 123584 41827 1172.30612   30  112 1211.00000 1162.38980  4.01%  28.8  606s
 124952 42160 1171.12755   27  129 1211.00000 1162.57535  4.00%  28.9  612s
 126217 42548 1180.76735   29  127 1211.00000 1162.75510  3.98%  28.8  616s
 127385 43052 1168.89796   25  114 1211.00000 1162.83673  3.98%  28.8  622s
 128623 43463 1198.93367   34   89 1211.00000 1162.86395  3.97%  28.8  627s
 130003 43785 infeasible   29      1211.00000 1162.93878  3.97%  28.8  633s
 131355 44085 1176.11990   29  156 1211.00000 1163.02041  3.96%  28.8  638s
 132526 44356     cutoff   28      1211.00000 1163.11224  3.95%  28.8  643s
 133715 44646 1174.16837   27  146 1211.00000 1163.18367  3.95%  28.8  649s
 135136 44890 1164.45918   25  137 1211.00000 1163.30102  3.94%  28.8  654s
 136408 45219 1180.64286   29  144 1211.00000 1163.36675  3.93%  28.8  659s
 137773 45636 1191.19671   27  149 1211.00000 1163.50408  3.92%  28.8  664s
 139059 45979     cutoff   34      1211.00000 1163.63946  3.91%  28.9  669s
 140193 46452 1175.67347   26  113 1211.00000 1163.72109  3.90%  28.8  674s
 141584 46881 1205.94388   33  124 1211.00000 1163.78571  3.90%  28.8  679s
 142900 47223 1170.83673   26  174 1211.00000 1163.83673  3.89%  28.8  684s
 144056 47657 1170.19023   25  161 1211.00000 1163.88776  3.89%  28.8  689s
 145340 48010 1186.64286   32  106 1211.00000 1163.95884  3.88%  28.8  694s
 146666 48280 1201.51446   32  140 1211.00000 1164.00765  3.88%  28.8  699s
 147846 48527     cutoff   30      1211.00000 1164.06122  3.88%  28.8  705s
 149487 48735     cutoff   29      1211.00000 1164.11735  3.87%  28.8  710s
 150619 49043 1188.11395   30  171 1211.00000 1164.17423  3.87%  28.8  715s
 152013 49283 infeasible   34      1211.00000 1164.25000  3.86%  28.8  720s
 152955 49555 1202.71173   38  143 1211.00000 1164.30272  3.86%  28.8  727s
 154309 49856 1177.76531   26  141 1211.00000 1164.43878  3.84%  28.9  732s
 155587 50242 1197.37245   31  169 1211.00000 1164.52636  3.84%  28.9  738s
 156836 50592 1175.61224   29  104 1211.00000 1164.61888  3.83%  28.9  743s
 158189 50964 1204.56020   29  146 1211.00000 1164.73980  3.82%  28.9  749s
 159585 51336 1201.05918   32  138 1211.00000 1164.78571  3.82%  28.9  755s
 160743 51750 1182.77041   27  131 1211.00000 1164.85714  3.81%  28.9  761s
 162087 52029     cutoff   33      1211.00000 1164.88571  3.81%  28.9  766s
 163390 52404 1195.21720   44  149 1211.00000 1164.92857  3.80%  28.8  772s
 164757 52664 1194.00340   26  154 1211.00000 1164.97588  3.80%  28.8  778s
 166051 53045 1200.43601   31  149 1211.00000 1165.02551  3.80%  28.8  784s
 167472 53256     cutoff   37      1211.00000 1165.08265  3.79%  28.8  790s
 168636 53587 1199.44388   32  113 1211.00000 1165.12117  3.79%  28.8  796s
 170051 53846 1189.70335   30  142 1211.00000 1165.17092  3.78%  28.8  802s
 171453 54152 infeasible   28      1211.00000 1165.23673  3.78%  28.8  807s
 172488 54446 1197.17347   35  136 1211.00000 1165.28614  3.77%  28.9  812s
 173835 54714 1190.99898   33  118 1211.00000 1165.39592  3.77%  28.9  818s
 175061 55096 1185.19898   33  143 1211.00000 1165.50085  3.76%  28.9  823s
 176406 55431 1181.27296   31  148 1211.00000 1165.66939  3.74%  28.9  829s
 177798 55744 1181.79592   27  112 1211.00000 1165.71939  3.74%  28.9  834s
 178893 55899     cutoff   34      1211.00000 1165.77551  3.73%  28.8  838s
 179544 56167 1200.73469   33   82 1211.00000 1165.79966  3.73%  28.8  843s
 180342 56442 1191.87755   30  159 1211.00000 1165.82653  3.73%  28.8  849s
 181773 56819 1204.90306   31  143 1211.00000 1165.88997  3.73%  28.8  855s
 183253 57172 1166.64286   23  138 1211.00000 1165.94694  3.72%  28.8  861s
 184524 57617 1166.37755   23  151 1211.00000 1165.98639  3.72%  28.8  868s
 185947 57939 1201.79082   32   95 1211.00000 1166.03571  3.71%  28.8  873s
 187225 58228 1172.06020   28  149 1211.00000 1166.07959  3.71%  28.8  879s
 188550 58535     cutoff   36      1211.00000 1166.10816  3.71%  28.8  884s
 189797 58843 1186.86224   29  146 1211.00000 1166.15306  3.70%  28.8  890s
 191142 59045 1202.84524   34  103 1211.00000 1166.20408  3.70%  28.8  896s
 192432 59237 1198.53061   31   86 1211.00000 1166.28036  3.69%  28.8  902s
 193797 59440 infeasible   35      1211.00000 1166.32398  3.69%  28.8  908s
 195168 59762 1193.51276   31  148 1211.00000 1166.41837  3.68%  28.8  913s
 196375 60097 infeasible   33      1211.00000 1166.52721  3.67%  28.8  919s
 197672 60464 1192.73469   28   86 1211.00000 1166.62245  3.66%  28.8  925s
 199027 60801 1171.82143   28  125 1211.00000 1166.68027  3.66%  28.8  930s
 200292 61201 1195.95918   31  130 1211.00000 1166.71429  3.66%  28.8  936s
 201574 61487 infeasible   32      1211.00000 1166.77551  3.65%  28.8  942s
 202966 61816 infeasible   31      1211.00000 1166.79592  3.65%  28.8  948s
 204205 62181 1196.86735   28  138 1211.00000 1166.84694  3.65%  28.8  953s
 205544 62526 infeasible   38      1211.00000 1166.88776  3.64%  28.8  958s
 206707 62893     cutoff   31      1211.00000 1166.92857  3.64%  28.8  964s
 208057 63147 1203.37755   31   78 1211.00000 1166.97310  3.64%  28.8  969s
 209231 63503 infeasible   39      1211.00000 1167.00680  3.63%  28.8  975s
 210613 63738     cutoff   32      1211.00000 1167.05102  3.63%  28.8  980s
 211952 64011     cutoff   32      1211.00000 1167.11224  3.62%  28.8  985s
 213163 64238 1201.78265   33  155 1211.00000 1167.15714  3.62%  28.8  991s
 214396 64516     cutoff   31      1211.00000 1167.20408  3.62%  28.8  996s
 215747 64776     cutoff   36      1211.00000 1167.27551  3.61%  28.8 1002s
 216900 64919     cutoff   39      1211.00000 1167.34694  3.60%  28.8 1008s
 218361 65063 1204.98639   28  112 1211.00000 1167.41837  3.60%  28.8 1013s
 219698 65456 1175.59184   30  126 1211.00000 1167.45918  3.60%  28.8 1019s
 220301 65456     cutoff   33      1211.00000 1167.48980  3.59%  28.8 1020s
 221516 65970 infeasible   32      1211.00000 1167.58163  3.59%  28.8 1030s
 222927 66255 1195.50518   28  185 1211.00000 1167.66176  3.58%  28.8 1037s
 224528 66589 1195.87925   32  151 1211.00000 1167.70918  3.57%  28.7 1044s
 225980 66921 1195.37755   33   95 1211.00000 1167.74490  3.57%  28.7 1050s
 227087 67309 infeasible   34      1211.00000 1167.77551  3.57%  28.7 1057s
 228523 67694 1194.61905   37   84 1211.00000 1167.81633  3.57%  28.7 1063s
 229831 68044 1197.13299   34  160 1211.00000 1167.84694  3.56%  28.7 1069s
 231196 68384 1200.54082   36   96 1211.00000 1167.88630  3.56%  28.7 1075s
 232534 68673 1200.87755   32   95 1211.00000 1167.91472  3.56%  28.7 1082s
 233834 68998 1178.87755   29   99 1211.00000 1167.94898  3.55%  28.7 1088s
 235246 69269 1207.05612   33   92 1211.00000 1167.98639  3.55%  28.7 1093s
 236309 69556 infeasible   28      1211.00000 1168.02041  3.55%  28.7 1099s
 237687 69912 1205.97449   32   86 1211.00000 1168.06560  3.55%  28.7 1106s
 238907 70151 infeasible   29      1211.00000 1168.09592  3.54%  28.7 1112s
 240316 70410 1178.99660   31  104 1211.00000 1168.12245  3.54%  28.7 1119s
 241726 70669 infeasible   33      1211.00000 1168.19388  3.53%  28.7 1124s
 242865 70986     cutoff   36      1211.00000 1168.24490  3.53%  28.7 1131s
 244269 71123 1203.59558   27  177 1211.00000 1168.30612  3.53%  28.7 1136s
 245564 71293 infeasible   34      1211.00000 1168.34694  3.52%  28.7 1143s
 246850 71529 1199.75680   33  122 1211.00000 1168.40816  3.52%  28.7 1149s
 248173 71904 1192.48980   32   84 1211.00000 1168.50306  3.51%  28.7 1155s
 249455 72317 1195.83673   33  108 1211.00000 1168.57823  3.50%  28.7 1161s
 250748 72644 1201.63152   34  145 1211.00000 1168.63265  3.50%  28.7 1166s
 251961 73113 1200.40816   31  114 1211.00000 1168.67517  3.50%  28.7 1173s
 253185 73450 1195.89184   37  163 1211.00000 1168.69388  3.49%  28.7 1178s
 254420 73855 1202.56633   35  102 1211.00000 1168.72109  3.49%  28.7 1184s
 255678 74253     cutoff   31      1211.00000 1168.76531  3.49%  28.7 1191s
 257008 74602     cutoff   37      1211.00000 1168.79337  3.49%  28.7 1197s
 258228 74869     cutoff   37      1211.00000 1168.83878  3.48%  28.7 1203s
 259521 74911 1183.08418   28  159 1211.00000 1168.86735  3.48%  28.7 1208s
 259767 75134 1195.87585   29  155 1211.00000 1168.86735  3.48%  28.7 1213s
 260375 75542 1189.47959   31  143 1211.00000 1168.88776  3.48%  28.7 1222s
 262091 75815 1191.73469   34  124 1211.00000 1168.94388  3.47%  28.7 1229s
 263546 75975 1195.42347   31   83 1211.00000 1168.97449  3.47%  28.7 1237s
 264985 76260     cutoff   32      1211.00000 1169.00918  3.47%  28.7 1244s
 266333 76611     cutoff   35      1211.00000 1169.04082  3.46%  28.7 1252s
 267735 76901 infeasible   32      1211.00000 1169.06401  3.46%  28.7 1259s
 269257 77162 1205.90306   31  149 1211.00000 1169.11905  3.46%  28.7 1266s
 270608 77470 infeasible   39      1211.00000 1169.16327  3.45%  28.7 1274s
 272041 77707     cutoff   36      1211.00000 1169.21429  3.45%  28.7 1281s
 273350 77869 infeasible   34      1211.00000 1169.24745  3.45%  28.7 1289s
 274710 78084 1174.55102   29  136 1211.00000 1169.33673  3.44%  28.7 1296s
 276010 78330 infeasible   31      1211.00000 1169.41601  3.43%  28.7 1302s
 277299 78627 1197.83285   35  113 1211.00000 1169.48980  3.43%  28.7 1309s
 278622 78984 infeasible   38      1211.00000 1169.52041  3.43%  28.7 1316s
 279887 79304     cutoff   34      1211.00000 1169.60204  3.42%  28.7 1322s
 281133 79652 1204.21599   36  145 1211.00000 1169.63622  3.42%  28.7 1329s
 282436 79657 infeasible   38      1211.00000 1169.68367  3.41%  28.7 1332s
 282467 79675 1200.53061   31   73 1211.00000 1169.68367  3.41%  28.7 1337s
 282497 79830 1206.42857   32   87 1211.00000 1169.68367  3.41%  28.7 1341s
 283137 80291 infeasible   31      1211.00000 1169.69388  3.41%  28.7 1348s
 284447 80456 infeasible   31      1211.00000 1169.73469  3.41%  28.7 1356s
 285823 80848 1189.68367   30  117 1211.00000 1169.75170  3.41%  28.7 1363s
 287140 81168 infeasible   33      1211.00000 1169.79592  3.40%  28.7 1371s
 288550 81477 1172.09558   27  188 1211.00000 1169.82483  3.40%  28.7 1378s
 289793 81812 1190.65476   32  137 1211.00000 1169.85714  3.40%  28.7 1386s
 291197 82095 infeasible   34      1211.00000 1169.88484  3.40%  28.7 1394s
 292526 82439 1192.14184   29  172 1211.00000 1169.91837  3.39%  28.7 1402s
 293854 82623 1187.73469   28  136 1211.00000 1169.93878  3.39%  28.7 1410s
 295120 82919 1170.34694   28  135 1211.00000 1169.96939  3.39%  28.7 1417s
 296390 83257 1192.86456   32  144 1211.00000 1169.99004  3.39%  28.7 1424s
 297732 83501     cutoff   34      1211.00000 1170.01020  3.38%  28.7 1431s
 299019 83658 1202.77449   35  103 1211.00000 1170.04592  3.38%  28.7 1439s
 300387 83900 1204.74566   32  162 1211.00000 1170.06122  3.38%  28.7 1446s
 301622 84151 infeasible   28      1211.00000 1170.09184  3.38%  28.7 1454s
 302880 84299     cutoff   31      1211.00000 1170.13223  3.37%  28.7 1461s
 304268 84526 1193.64286   29  119 1211.00000 1170.15663  3.37%  28.7 1468s
 305507 84719     cutoff   33      1211.00000 1170.19388  3.37%  28.7 1475s
 306792 84931     cutoff   37      1211.00000 1170.21633  3.37%  28.7 1482s
 308023 85058     cutoff   32      1211.00000 1170.27041  3.36%  28.7 1490s
 309388 85265 1177.62245   27  129 1211.00000 1170.32143  3.36%  28.7 1498s
 310615 85382 infeasible   32      1211.00000 1170.37551  3.35%  28.7 1506s
 312142 85603 1207.79932   31   94 1211.00000 1170.42347  3.35%  28.7 1513s
 313377 85888 1206.75510   27  111 1211.00000 1170.47551  3.35%  28.7 1521s
 314721 85891 infeasible   34      1211.00000 1170.54898  3.34%  28.7 1529s
 314742 85892 1201.82313   33   89 1211.00000 1170.54898  3.34%  28.7 1535s
 314763 86124     cutoff   34      1211.00000 1170.54898  3.34%  28.7 1544s
 315908 86475 1191.42857   26  108 1211.00000 1170.59354  3.34%  28.7 1553s
 317215 86939 1195.03061   30  105 1211.00000 1170.64966  3.33%  28.7 1561s
 318473 87309 1195.27103   34  179 1211.00000 1170.67857  3.33%  28.7 1570s
 319902 87676 1193.01276   32  147 1211.00000 1170.71088  3.33%  28.7 1578s
 321164 87978 1203.76531   41   94 1211.00000 1170.73844  3.32%  28.7 1587s
 322491 88303 1202.55102   27  158 1211.00000 1170.77466  3.32%  28.7 1596s
 323819 88651 1196.51020   33   66 1211.00000 1170.80102  3.32%  28.7 1604s
 325125 88938 infeasible   36      1211.00000 1170.83333  3.32%  28.6 1613s
 326556 89202 infeasible   39      1211.00000 1170.85714  3.31%  28.6 1621s
 327830 89460 1190.53061   34   86 1211.00000 1170.88265  3.31%  28.6 1630s
 329196 89656 1172.88724   28  142 1211.00000 1170.91327  3.31%  28.6 1639s
 330498 89930     cutoff   36      1211.00000 1170.92857  3.31%  28.6 1647s
 331716 90168 infeasible   35      1211.00000 1170.95000  3.31%  28.6 1655s
 332993 90407 infeasible   30      1211.00000 1170.96939  3.31%  28.6 1664s
 334257 90677 1205.57483   34  149 1211.00000 1170.98469  3.30%  28.6 1672s
 335561 90974 1179.20663   25  170 1211.00000 1171.02041  3.30%  28.6 1680s
 336928 91211 1181.07653   29  130 1211.00000 1171.05102  3.30%  28.6 1690s
 338141 91436 1193.89796   29  154 1211.00000 1171.07653  3.30%  28.6 1696s
 339133 91634 infeasible   37      1211.00000 1171.08163  3.30%  28.6 1704s
 340186 91825 infeasible   34      1211.00000 1171.09898  3.29%  28.6 1712s
 341469 92002 infeasible   33      1211.00000 1171.14286  3.29%  28.6 1721s
 342888 92213 1201.56037   36  130 1211.00000 1171.17347  3.29%  28.6 1729s
 344164 92378 1176.80272   28  102 1211.00000 1171.20408  3.29%  28.6 1739s
 345420 92568 1199.85204   30  123 1211.00000 1171.24490  3.28%  28.6 1747s
 346697 92848     cutoff   30      1211.00000 1171.30102  3.28%  28.6 1756s
 348118 93017 1197.91429   35  144 1211.00000 1171.36508  3.27%  28.6 1765s
 349378 93242 infeasible   32      1211.00000 1171.41837  3.27%  28.6 1773s
 350622 93547 1205.43367   36   90 1211.00000 1171.48980  3.26%  28.6 1781s
 351858 93895 1185.85714   28   94 1211.00000 1171.52959  3.26%  28.6 1789s
 353171 94166 infeasible   36      1211.00000 1171.57483  3.26%  28.6 1797s
 354404 94399 1204.77143   36   80 1211.00000 1171.62449  3.25%  28.6 1805s
 355716 94647 infeasible   37      1211.00000 1171.65306  3.25%  28.6 1814s
 356871 94953 1186.75765   34  127 1211.00000 1171.68027  3.25%  28.6 1822s
 358067 95291 1206.16667   41  112 1211.00000 1171.71429  3.24%  28.6 1830s
 359320 95648 1179.68367   30  117 1211.00000 1171.73469  3.24%  28.6 1838s
 360547 95975 infeasible   33      1211.00000 1171.75510  3.24%  28.6 1846s
 361824 96299 1202.51020   32   80 1211.00000 1171.77551  3.24%  28.6 1855s
 363047 96561 1203.87755   30   95 1211.00000 1171.79592  3.24%  28.6 1864s
 364262 96828     cutoff   34      1211.00000 1171.81122  3.24%  28.6 1872s
 365588 97129 1199.66327   30  126 1211.00000 1171.83673  3.23%  28.6 1881s
 366885 97356 1183.91645   30  139 1211.00000 1171.85408  3.23%  28.6 1890s
 368235 97675 1175.08673   29  114 1211.00000 1171.87755  3.23%  28.6 1898s
 369495 97889 infeasible   34      1211.00000 1171.89966  3.23%  28.6 1907s
 370856 98064 1192.01020   29  139 1211.00000 1171.90306  3.23%  28.6 1915s
 372009 98344 1194.88844   27  144 1211.00000 1171.92404  3.23%  28.6 1923s
 373441 98603 1187.65306   26  114 1211.00000 1171.94592  3.22%  28.6 1932s
 374681 98762 1188.63776   26  134 1211.00000 1171.96429  3.22%  28.6 1940s
 375557 98950 1199.57823   33   74 1211.00000 1171.97449  3.22%  28.6 1949s
 376821 99132 1187.58163   28  108 1211.00000 1172.01020  3.22%  28.6 1959s
 378176 99403 1202.70408   33  124 1211.00000 1172.02551  3.22%  28.6 1968s
 379350 99614 1205.75000   34  116 1211.00000 1172.05374  3.22%  28.6 1978s
 380781 99839 1192.90816   31  113 1211.00000 1172.08163  3.21%  28.6 1987s
 381955 100087 1199.81122   29  163 1211.00000 1172.10612  3.21%  28.6 1997s
 383365 100337 infeasible   34      1211.00000 1172.14116  3.21%  28.6 2006s
 384651 100556 1174.48469   29  142 1211.00000 1172.16327  3.21%  28.6 2017s
 385964 100734 1183.78061   31  106 1211.00000 1172.20255  3.20%  28.6 2027s
 387398 100913 infeasible   35      1211.00000 1172.23639  3.20%  28.6 2036s
 388625 101050     cutoff   31      1211.00000 1172.28061  3.20%  28.5 2045s
 389948 101188 infeasible   36      1211.00000 1172.34184  3.19%  28.6 2054s
 391252 101302     cutoff   42      1211.00000 1172.38776  3.19%  28.6 2063s
 392452 101501     cutoff   36      1211.00000 1172.43197  3.18%  28.6 2073s
 393813 101806 1188.62959   25  115 1211.00000 1172.47959  3.18%  28.6 2081s
 394977 102143     cutoff   33      1211.00000 1172.53367  3.18%  28.6 2091s
 396355 102533 1185.45918   29  137 1211.00000 1172.56686  3.17%  28.5 2099s
 397589 102813 1182.02551   30  144 1211.00000 1172.59576  3.17%  28.5 2108s
 398847 103107 1205.58673   32   83 1211.00000 1172.61967  3.17%  28.5 2117s
 400136 103439 1206.31888   34   95 1211.00000 1172.64286  3.17%  28.5 2127s
 401274 103729 1177.62245   28  126 1211.00000 1172.66429  3.17%  28.5 2137s
 402629 103997     cutoff   35      1211.00000 1172.69315  3.16%  28.5 2145s
 403868 104296 1194.69898   29  135 1211.00000 1172.71429  3.16%  28.5 2154s
 405142 104685     cutoff   41      1211.00000 1172.73469  3.16%  28.5 2164s
 406463 104955 1192.82143   29  116 1211.00000 1172.75510  3.16%  28.5 2172s
 407781 105176 infeasible   36      1211.00000 1172.77347  3.16%  28.5 2182s
 408912 105618 1207.44388   29   97 1211.00000 1172.79592  3.15%  28.5 2191s
 410300 105830 1180.75510   30  122 1211.00000 1172.81633  3.15%  28.5 2199s
 411501 106103     cutoff   33      1211.00000 1172.83673  3.15%  28.5 2208s
 412780 106392 infeasible   39      1211.00000 1172.85204  3.15%  28.5 2217s
 414070 106570 infeasible   33      1211.00000 1172.87245  3.15%  28.5 2226s
 415012 106818 1184.14286   27  132 1211.00000 1172.87755  3.15%  28.5 2234s
 416194 107152 infeasible   31      1211.00000 1172.90816  3.15%  28.5 2244s
 417624 107324 1202.66327   34  122 1211.00000 1172.92687  3.14%  28.5 2253s
 418941 107580 infeasible   33      1211.00000 1172.94898  3.14%  28.5 2264s
 420200 107803 1194.64626   33  134 1211.00000 1172.96769  3.14%  28.5 2273s
 421604 108032 infeasible   36      1211.00000 1172.98980  3.14%  28.5 2283s
 422903 108303     cutoff   36      1211.00000 1173.01020  3.14%  28.5 2292s
 424269 108520 1204.79898   33  156 1211.00000 1173.03061  3.14%  28.5 2301s
 425503 108768 infeasible   32      1211.00000 1173.05102  3.13%  28.5 2310s
 426944 108965 1188.57823   27  134 1211.00000 1173.08163  3.13%  28.5 2319s
 428090 109154 1197.94915   35  175 1211.00000 1173.10374  3.13%  28.5 2329s
 429365 109327 1207.51020   32   62 1211.00000 1173.12823  3.13%  28.5 2338s
 430744 109537 1199.97959   30  119 1211.00000 1173.14592  3.13%  28.5 2346s
 431987 109704 1183.28954   31  139 1211.00000 1173.18367  3.12%  28.5 2355s
 433287 109869 infeasible   40      1211.00000 1173.19966  3.12%  28.5 2365s
 434618 109935     cutoff   29      1211.00000 1173.24490  3.12%  28.5 2375s
 435989 110070 1204.87925   30   82 1211.00000 1173.26105  3.12%  28.5 2383s
 437277 110177     cutoff   31      1211.00000 1173.28644  3.11%  28.5 2393s
 438661 110324     cutoff   32      1211.00000 1173.32653  3.11%  28.5 2402s
 439875 110558 infeasible   37      1211.00000 1173.39201  3.11%  28.5 2412s
 441154 110784 infeasible   33      1211.00000 1173.43367  3.10%  28.5 2420s
 442377 111049 1192.44133   30  165 1211.00000 1173.48724  3.10%  28.5 2429s
 443624 111368 1184.55102   26   96 1211.00000 1173.52551  3.09%  28.5 2438s
 444900 111644 1205.27296   33   68 1211.00000 1173.54082  3.09%  28.5 2447s
 446168 111840 1183.62755   30  111 1211.00000 1173.57959  3.09%  28.5 2456s
 447457 112097 1198.53061   36  114 1211.00000 1173.60884  3.09%  28.5 2465s
 448597 112358 1198.80272   33   96 1211.00000 1173.61633  3.09%  28.5 2475s
 450033 112646 1196.56378   33   99 1211.00000 1173.64286  3.08%  28.5 2484s
 451300 112996 1205.71429   31   90 1211.00000 1173.66327  3.08%  28.5 2493s
 452523 113280 1198.80612   35   62 1211.00000 1173.69600  3.08%  28.5 2502s
 453862 113555     cutoff   33      1211.00000 1173.71429  3.08%  28.5 2512s
 455074 113743 1179.79592   29  103 1211.00000 1173.72653  3.08%  28.5 2521s
 456460 113821 1197.76701   35  104 1211.00000 1173.74490  3.08%  28.5 2527s
 456995 114109 1199.68571   31  151 1211.00000 1173.75170  3.08%  28.5 2538s
 458355 114309 1198.08163   36  106 1211.00000 1173.78231  3.07%  28.5 2546s
 459167 114698 1202.46939   29   77 1211.00000 1173.78571  3.07%  28.5 2558s
 460809 115006 1201.44898   30   77 1211.00000 1173.81122  3.07%  28.5 2570s
 462281 115361 1202.69096   29  153 1211.00000 1173.83673  3.07%  28.4 2582s
 463874 115662 1185.66837   30  109 1211.00000 1173.85714  3.07%  28.4 2594s
 465228 115852 1189.86735   31   94 1211.00000 1173.87477  3.07%  28.4 2605s
 466714 116171 1175.97449   25  168 1211.00000 1173.89031  3.06%  28.4 2615s
 468153 116359 infeasible   36      1211.00000 1173.91020  3.06%  28.4 2625s
 469634 116521 1202.67347   32  128 1211.00000 1173.92653  3.06%  28.4 2635s
 471137 116718 1204.57965   35  109 1211.00000 1173.94898  3.06%  28.4 2644s
 472418 116988 1191.08673   31  161 1211.00000 1173.96939  3.06%  28.4 2655s
 473611 117273 1204.95510   30  139 1211.00000 1173.98469  3.06%  28.4 2665s
 475048 117441     cutoff   33      1211.00000 1174.00510  3.05%  28.4 2674s
 476202 117673 1174.52041   27  153 1211.00000 1174.02041  3.05%  28.4 2683s
 477581 117831     cutoff   31      1211.00000 1174.04082  3.05%  28.4 2691s
 478751 118045     cutoff   27      1211.00000 1174.05306  3.05%  28.4 2701s
 480086 118253 1198.66939   31  111 1211.00000 1174.08163  3.05%  28.4 2711s
 481235 118455 infeasible   31      1211.00000 1174.10374  3.05%  28.4 2721s
 482600 118648 infeasible   29      1211.00000 1174.12245  3.05%  28.4 2730s
 483821 118822 1194.05102   30  128 1211.00000 1174.14456  3.04%  28.4 2739s
 485085 118957 1204.29235   38  170 1211.00000 1174.17092  3.04%  28.4 2749s
 486453 119039 1196.68878   31  138 1211.00000 1174.19898  3.04%  28.4 2759s
 487707 119216 1188.33673   30  102 1211.00000 1174.22194  3.04%  28.4 2768s
 488939 119371 1199.75000   27  125 1211.00000 1174.25000  3.03%  28.4 2777s
 490201 119545 1176.57143   27  124 1211.00000 1174.30204  3.03%  28.4 2787s
 491425 119661 1208.45578   35  116 1211.00000 1174.33673  3.03%  28.4 2797s
 492715 119935 infeasible   30      1211.00000 1174.38010  3.02%  28.4 2806s
 494026 120134 1200.62415   28  121 1211.00000 1174.40136  3.02%  28.4 2816s
 495370 120490 1180.56122   26   97 1211.00000 1174.46531  3.02%  28.4 2826s
 496627 120801 1205.38163   31   79 1211.00000 1174.50000  3.01%  28.4 2835s
 497799 121196 infeasible   35      1211.00000 1174.52551  3.01%  28.4 2845s
 499028 121432 1200.40816   35   67 1211.00000 1174.55102  3.01%  28.4 2854s
 500275 121665 1202.09184   35  112 1211.00000 1174.58163  3.01%  28.4 2864s
 501590 121960 infeasible   28      1211.00000 1174.60714  3.01%  28.4 2874s
 502811 122190 1200.39031   32   82 1211.00000 1174.62925  3.00%  28.4 2883s
 504153 122478 1198.57908   36  137 1211.00000 1174.64529  3.00%  28.4 2893s
 505374 122815 1182.87415   31  155 1211.00000 1174.66667  3.00%  28.4 2904s
 506625 123068 1197.33673   34   58 1211.00000 1174.69388  3.00%  28.4 2913s
 507885 123376 1190.57653   27  144 1211.00000 1174.71327  3.00%  28.4 2923s
 509183 123721 1197.90306   29  127 1211.00000 1174.72449  3.00%  28.4 2933s
 510531 123885 1201.81778   30  120 1211.00000 1174.74490  2.99%  28.4 2941s
 511826 124067     cutoff   34      1211.00000 1174.75510  2.99%  28.4 2950s
 513024 124308     cutoff   35      1211.00000 1174.76531  2.99%  28.4 2961s
 514216 124523     cutoff   30      1211.00000 1174.77551  2.99%  28.4 2970s
 515507 124847 1202.58163   28  103 1211.00000 1174.79592  2.99%  28.4 2980s
 516724 125104 1190.91497   27  137 1211.00000 1174.81429  2.99%  28.4 2989s
 517353 125104 infeasible   35      1211.00000 1174.81633  2.99%  28.4 2990s
 518009 125257     cutoff   32      1211.00000 1174.82653  2.99%  28.4 2998s
 518754 125360 1192.61224   31  107 1211.00000 1174.83673  2.99%  28.4 3004s
 519218 125692 1183.79592   31   94 1211.00000 1174.84184  2.99%  28.4 3015s
 520632 125988 1197.18537   30  138 1211.00000 1174.86429  2.98%  28.4 3026s
 521979 126248 1204.54762   35   60 1211.00000 1174.87415  2.98%  28.4 3037s
 523365 126496 infeasible   32      1211.00000 1174.89286  2.98%  28.4 3048s
 524752 126823 1176.26531   26  107 1211.00000 1174.91837  2.98%  28.4 3058s
 526148 126994 1181.00918   28  138 1211.00000 1174.93367  2.98%  28.4 3069s
 527567 127140 1179.52245   25  151 1211.00000 1174.95918  2.98%  28.4 3079s
 528952 127365 1203.68707   35   87 1211.00000 1174.97449  2.97%  28.4 3090s
 530141 127542     cutoff   29      1211.00000 1174.99320  2.97%  28.4 3099s
 531369 127796     cutoff   30      1211.00000 1175.01531  2.97%  28.4 3110s
 532722 127950     cutoff   32      1211.00000 1175.03486  2.97%  28.4 3119s
 534023 128158 1189.16837   29  119 1211.00000 1175.04082  2.97%  28.4 3130s
 535357 128308 infeasible   32      1211.00000 1175.06429  2.97%  28.4 3140s
 536706 128465 infeasible   32      1211.00000 1175.08844  2.97%  28.4 3149s
 537990 128648     cutoff   33      1211.00000 1175.10408  2.96%  28.4 3160s
 539164 128849 1178.20408   29  109 1211.00000 1175.11990  2.96%  28.4 3169s
 539692 128849 infeasible   36      1211.00000 1175.12041  2.96%  28.4 3170s
 540460 129029 1176.87415   25  162 1211.00000 1175.14286  2.96%  28.4 3180s
 541763 129028 1198.82653   28  149 1211.00000 1175.17347  2.96%  28.4 3189s
 541789 129032 1198.87959   29  138 1211.00000 1175.17347  2.96%  28.4 3194s
 541808 129103 infeasible   30      1211.00000 1175.17347  2.96%  28.4 3201s
 542382 129272     cutoff   30      1211.00000 1175.17857  2.96%  28.4 3214s
 543689 129434 1193.98810   33  135 1211.00000 1175.20918  2.96%  28.4 3225s
 545085 129597 1175.59592   28  193 1211.00000 1175.23061  2.95%  28.4 3236s
 546458 129763 1189.49271   30  128 1211.00000 1175.25510  2.95%  28.4 3248s
 547817 129916 1193.98571   34  159 1211.00000 1175.29762  2.95%  28.4 3258s
 549085 130116     cutoff   36      1211.00000 1175.33265  2.95%  28.4 3269s
 550331 130326 1192.88180   29  147 1211.00000 1175.37755  2.94%  28.4 3280s
 551528 130548 1199.83878   29  148 1211.00000 1175.42134  2.94%  28.4 3291s
 552872 130858 1193.21939   31  126 1211.00000 1175.44898  2.94%  28.4 3302s
 554165 131128 1190.56122   34   70 1211.00000 1175.48980  2.93%  28.4 3312s
 555412 131361 infeasible   34      1211.00000 1175.52041  2.93%  28.4 3323s
 556806 131633 1197.64923   32  138 1211.00000 1175.53061  2.93%  28.4 3334s
 558013 131903 1206.66327   33  114 1211.00000 1175.57007  2.93%  28.4 3345s
 559306 132211 1199.94898   30  168 1211.00000 1175.58673  2.92%  28.4 3356s
 560561 132464 1194.68367   28   98 1211.00000 1175.61224  2.92%  28.3 3366s
 561935 132796 1193.87755   33  165 1211.00000 1175.62245  2.92%  28.3 3377s
 563205 133138 1181.59898   26  193 1211.00000 1175.64286  2.92%  28.3 3388s
 564480 133413 infeasible   38      1211.00000 1175.65816  2.92%  28.3 3400s
 565764 133756 1196.48299   31   88 1211.00000 1175.67347  2.92%  28.3 3411s
 567056 134017 1189.06122   31  155 1211.00000 1175.69267  2.92%  28.3 3422s
 568384 134205 1189.51531   30   87 1211.00000 1175.70408  2.91%  28.3 3433s
 569790 134530 1179.55306   30   98 1211.00000 1175.71429  2.91%  28.3 3443s
 571019 134757     cutoff   35      1211.00000 1175.72619  2.91%  28.3 3454s
 572312 134942 1189.94388   32  109 1211.00000 1175.74660  2.91%  28.3 3465s
 573499 135138 1195.09439   32  151 1211.00000 1175.75510  2.91%  28.3 3476s
 574800 135399 infeasible   30      1211.00000 1175.77211  2.91%  28.3 3486s
 576043 135614 1178.00000   27   93 1211.00000 1175.78571  2.91%  28.3 3497s
 577410 135831 1206.62117   32  140 1211.00000 1175.79932  2.91%  28.3 3507s
 578642 136012 1194.67143   29  106 1211.00000 1175.80612  2.91%  28.3 3518s
 579411 136236 1202.52891   35  117 1211.00000 1175.81633  2.91%  28.3 3528s
 580692 136545 1199.93741   29  135 1211.00000 1175.83061  2.90%  28.3 3540s
 581998 136821 1200.42857   28  102 1211.00000 1175.84694  2.90%  28.3 3551s
 583260 137068 1205.65306   31  133 1211.00000 1175.85714  2.90%  28.3 3564s
 584498 137310 1191.90646   34  129 1211.00000 1175.87415  2.90%  28.3 3576s
 585864 137412 1177.90816   31   84 1211.00000 1175.88776  2.90%  28.3 3585s
 586318 137639 1191.86735   29  130 1211.00000 1175.89286  2.90%  28.3 3595s
 587334 137702 infeasible   36      1211.00000 1175.90816  2.90%  28.3 3600s

Explored 587835 nodes (16633612 simplex iterations) in 3600.30 seconds (436.71 work units)
Thread count was 20 (of 20 available processors)

Solution count 10: 1211 1212 1220 ... 1504

Time limit reached
Best objective 1.211000000000e+03, best bound 1.176000000000e+03, gap 2.8902%
