
Gurobi 12.0.1 (win64) logging started Mon Mar 10 20:42:50 2025

Set parameter LogFile to value "logs/3d_f2_bays29.log"
Set parameter MIPGap to value 0
Set parameter TimeLimit to value 3600
Set parameter Presolve to value 0
Set parameter Cuts to value 0
Gurobi Optimizer version 12.0.1 build v12.0.1rc0 (win64 - Windows 11.0 (26100.2))

CPU model: 12th Gen Intel(R) Core(TM) i7-12700, instruction set [SSE2|AVX|AVX2]
Thread count: 12 physical cores, 20 logical processors, using up to 20 threads

Non-default parameters:
TimeLimit  3600
MIPGap  0
Cuts  0
Presolve  0

Optimize a model with 928 rows, 870 columns and 4064 nonzeros
Model fingerprint: 0xe20bd28c
Variable types: 0 continuous, 870 integer (841 binary)
Coefficient statistics:
  Matrix range     [1e+00, 3e+01]
  Objective range  [3e+01, 5e+02]
  Bounds range     [1e+00, 1e+00]
  RHS range        [1e+00, 3e+01]
Variable types: 0 continuous, 870 integer (841 binary)

Root relaxation: objective 1.774000e+03, 118 iterations, 0.00 seconds (0.00 work units)

    Nodes    |    Current Node    |     Objective Bounds      |     Work
 Expl Unexpl |  Obj  Depth IntInf | Incumbent    BestBd   Gap | It/Node Time

     0     0 1774.00000    0   52          - 1774.00000      -     -    0s
H    0     0                    3549.0000000 1774.00000  50.0%     -    0s
H    0     0                    3534.0000000 1774.00000  49.8%     -    0s
H    0     0                    3408.0000000 1774.00000  47.9%     -    0s
     0     0 1774.00000    0   51 3408.00000 1774.00000  47.9%     -    0s
H    0     0                    2360.0000000 1774.00000  24.8%     -    0s
     0     2 1791.44827    0   48 2360.00000 1791.44827  24.1%     -    0s
H   32    84                    2199.0000000 1831.10345  16.7%  14.3    0s
H  269   265                    2191.0000000 1831.10345  16.4%   9.9    2s
H  270   265                    2119.0000000 1831.10345  13.6%   9.8    2s
H  272   265                    2069.0000000 1831.10345  11.5%   9.8    2s
H  275   266                    2042.0000000 1831.10345  10.3%   9.7    3s
H  276   266                    2034.0000000 1831.10345  10.0%   9.7    3s
H 1426   523                    2026.0000000 1938.27586  4.33%   9.7    3s
  4443   481 2009.67672   15   23 2026.00000 1986.36207  1.96%   8.2    5s
* 4651   481              12    2020.0000000 1986.96552  1.64%   8.2    5s

Explored 5641 nodes (43462 simplex iterations) in 5.49 seconds (0.47 work units)
Thread count was 20 (of 20 available processors)

Solution count 10: 2020 2026 2034 ... 3408

Optimal solution found (tolerance 0.00e+00)
Best objective 2.020000000000e+03, best bound 2.020000000000e+03, gap 0.0000%

 	 Optimal Solution:
	x[0,27]: 1.0 
	x[1,19]: 1.0 
	x[2,1]: 1.0 
	x[3,14]: 1.0 
	x[4,25]: 1.0 
	x[5,11]: 1.0 
	x[6,22]: 1.0 
	x[7,23]: 1.0 
	x[8,4]: 1.0 
	x[9,3]: 1.0 
	x[10,18]: 1.0 
	x[11,8]: 1.0 
	x[12,20]: 1.0 
	x[13,21]: 1.0 
	x[14,17]: 1.0 
	x[15,12]: 1.0 
	x[16,13]: 1.0 
	x[17,16]: 1.0 
	x[18,24]: 1.0 
	x[19,9]: 1.0 
	x[20,0]: 1.0 
	x[21,10]: 1.0 
	x[22,26]: 1.0 
	x[23,15]: 1.0 
	x[24,6]: 1.0 
	x[25,28]: 1.0 
	x[26,7]: 1.0 
	x[27,5]: 1.0 
	x[28,2]: 1.0 
	u[0]: 28.0 
	u[1]: 8.0 
	u[2]: 7.0 
	u[3]: 11.0 
	u[4]: 4.0 
	u[5]: 1.0 
	u[6]: 20.0 
	u[7]: 23.0 
	u[8]: 3.0 
	u[9]: 10.0 
	u[10]: 17.0 
	u[11]: 2.0 
	u[12]: 26.0 
	u[13]: 15.0 
	u[14]: 12.0 
	u[15]: 25.0 
	u[16]: 14.0 
	u[17]: 13.0 
	u[18]: 18.0 
	u[19]: 9.0 
	u[20]: 27.0 
	u[21]: 16.0 
	u[22]: 21.0 
	u[23]: 24.0 
	u[24]: 19.0 
	u[25]: 5.0 
	u[26]: 22.0 
	u[27]: 29.0 
	u[28]: 6.0 
	objective value: 2020.0