
Gurobi 11.0.3 (win64) logging started Fri Mar 14 21:11:39 2025

Set parameter LogFile to value "logs/3d_f2_pr76.log"
Set parameter MIPGap to value 0
Set parameter TimeLimit to value 3600
Set parameter Presolve to value 0
Set parameter Cuts to value 0
Gurobi Optimizer version 11.0.3 build v11.0.3rc0 (win64 - Windows 11+.0 (26100.2))

CPU model: 12th Gen Intel(R) Core(TM) i7-12700, instruction set [SSE2|AVX|AVX2]
Thread count: 12 physical cores, 20 logical processors, using up to 20 threads

Optimize a model with 6004 rows, 5852 columns and 28504 nonzeros
Model fingerprint: 0x3e6cdb56
Variable types: 0 continuous, 5852 integer (5776 binary)
Coefficient statistics:
  Matrix range     [1e+00, 8e+01]
  Objective range  [3e+02, 2e+04]
  Bounds range     [1e+00, 1e+00]
  RHS range        [1e+00, 8e+01]
Variable types: 0 continuous, 5852 integer (5776 binary)
Found heuristic solution: objective 549932.00000

Root relaxation: objective 7.765622e+04, 315 iterations, 0.02 seconds (0.01 work units)

    Nodes    |    Current Node    |     Objective Bounds      |     Work
 Expl Unexpl |  Obj  Depth IntInf | Incumbent    BestBd   Gap | It/Node Time

     0     0 77656.2237    0  125 549932.000 77656.2237  85.9%     -    0s
     0     0 77656.2237    0  125 549932.000 77656.2237  85.9%     -    0s
H    0     0                    259067.00000 78968.2237  69.5%     -    1s
     0     2 78968.2237    0  125 259067.000 78968.2237  69.5%     -    1s
H  259   272                    240745.00000 83024.8816  65.5%  19.1    5s
H  261   272                    146227.00000 83024.8816  43.2%  19.1    5s
H  262   272                    121676.00000 83024.8816  31.8%  19.1    5s
H  270   272                    120076.00000 83024.8816  30.9%  19.0    5s
H 1354  1312                    119366.00000 83024.8816  30.4%  12.9    9s
  1435  1448 109710.053   80   55 119366.000 83024.8816  30.4%  12.6   10s
H 2489  2147                    118294.00000 83026.2237  29.8%  12.6   14s
  2516  2176 84385.7368   19  125 118294.000 83026.2237  29.8%  12.8   15s
  3195  2604 97505.5877   42   90 118294.000 83026.2237  29.8%  14.9   20s
H 3197  2496                    117703.00000 83026.2237  29.5%  14.9   20s
H 3198  2393                    111726.00000 83026.2237  25.7%  14.9   20s
H 3200  2296                    109362.00000 83026.2237  24.1%  14.9   20s
  4913  2807 101054.285   50  137 109362.000 83943.8816  23.2%  15.2   25s
  6830  3707 95863.6491   28  109 109362.000 84381.5921  22.8%  15.6   30s
  8467  4524 103243.158   53   62 109362.000 85339.2500  22.0%  16.3   35s
 10343  6109 104140.487   40  105 109362.000 86144.3289  21.2%  16.5   40s
 12194  7407 94113.4868   26  106 109362.000 86626.3026  20.8%  16.7   45s
 14753  8994 101454.691   39   82 109362.000 87391.0000  20.1%  17.0   52s
 16100 10302 98983.1096   37   89 109362.000 87966.5000  19.6%  17.1   55s
 17359 11174 106032.009   44   69 109362.000 88086.9211  19.5%  17.6   60s
 19792 12623 97599.2368   31   76 109362.000 88923.7105  18.7%  17.8   66s
 22153 14441 103960.763   40  106 109362.000 89798.1184  17.9%  18.0   71s
 24787 16253 95253.6974   31  105 109362.000 90148.3158  17.6%  18.0   76s
 26804 17508 96403.0921   30   98 109362.000 90281.6711  17.4%  18.1   80s
 28703 19079 97262.6579   29  103 109362.000 90417.4605  17.3%  18.1   85s
 31140 20421 106248.711   49   67 109362.000 90737.7237  17.0%  18.2   90s
 33682 22100 93971.1579   28  117 109362.000 90954.9868  16.8%  18.1   95s
 35870 23613 94220.4868   31  100 109362.000 91102.8026  16.7%  18.2  100s
 39937 25699     cutoff   43      109362.000 91328.8289  16.5%  18.2  106s
 42332 27077 92252.8684   25  107 109362.000 91423.2105  16.4%  18.2  111s
 44841 28554     cutoff   38      109362.000 91509.5789  16.3%  18.3  115s
 48501 30956 infeasible   49      109362.000 91615.3421  16.2%  18.2  121s
 51156 32341 92946.7346   25  128 109362.000 91709.8684  16.1%  18.2  125s
 53937 33946 106724.634   44   99 109362.000 91810.9079  16.0%  18.1  130s
 57112 35780 102012.952   36  104 109362.000 91936.4211  15.9%  18.0  136s
 59686 37276 92176.2500   26  128 109362.000 92009.3684  15.9%  18.0  141s
 62481 38929     cutoff   51      109362.000 92046.1667  15.8%  17.9  146s
 65283 40427 99532.7368   36   89 109362.000 92130.5132  15.8%  17.9  150s
 68823 42369 99695.1118   32   99 109362.000 92208.1842  15.7%  17.8  156s
H70195 42355                    109288.00000 92230.0029  15.6%  17.8  159s
H70199 42228                    109025.00000 92230.0029  15.4%  17.8  159s
H70207 41553                    108320.00000 92230.0029  14.9%  17.8  159s
 70210 42380     cutoff   50      108320.000 92230.3640  14.9%  17.8  161s
 72820 43949 103244.500   38   76 108320.000 92276.8553  14.8%  17.8  165s
 75603 45474 105886.464   49  107 108320.000 92318.9561  14.8%  17.8  170s
 79737 48140 93133.4868   28   97 108320.000 92399.0789  14.7%  17.8  175s
 83940 50045 102231.417   37  123 108320.000 92443.4842  14.7%  17.8  180s
 87986 52316 100292.079   34  105 108320.000 92510.0395  14.6%  17.8  185s
 92036 54581 105983.721   44  105 108320.000 92573.7039  14.5%  17.8  190s
 95809 56769 101564.228   38   83 108320.000 92645.9079  14.5%  17.8  195s
 100818 59664 100728.263   36   69 108320.000 92722.2105  14.4%  17.8  201s
 104395 61603 infeasible   46      108320.000 92771.1974  14.4%  17.9  205s
 108051 63325 106514.109   42   91 108320.000 92842.6053  14.3%  17.9  210s
 112011 65057 99915.7105   34   91 108320.000 92891.8816  14.2%  18.0  217s
 114304 66768 98863.3377   33  104 108320.000 92928.7456  14.2%  18.1  221s
 117359 68301     cutoff   41      108320.000 92971.1140  14.2%  18.1  225s
 121714 70619 107344.998   45   68 108320.000 93015.4013  14.1%  18.2  230s
 125673 72798 104789.355   38   49 108320.000 93065.9605  14.1%  18.3  235s
 129585 74530 97722.1118   30  100 108320.000 93112.0132  14.0%  18.3  240s
 133367 76849 infeasible   43      108320.000 93137.7039  14.0%  18.4  245s
 137512 78747 101447.325   30   99 108320.000 93184.1382  14.0%  18.4  250s
 141301 80787 104472.276   42  104 108320.000 93212.2237  13.9%  18.5  255s
 145149 82209 107581.447   45   80 108320.000 93247.5351  13.9%  18.5  261s
H145150 82092                    108264.00000 93247.5351  13.9%  18.5  261s
H145186 81915                    108183.00000 93247.5351  13.8%  18.5  261s
H145246 81875                    108158.99994 93247.5351  13.8%  18.5  261s
 145530 84270 107627.355   46   71 108159.000 93249.8947  13.8%  18.5  271s
 150310 84275 105305.086   39  101 108159.000 93291.4474  13.7%  18.5  277s
 151615 85653 93388.6053   27  117 108159.000 93305.6579  13.7%  18.5  281s
 154161 87037 infeasible   52      108159.000 93331.2193  13.7%  18.5  286s
 156979 88263 infeasible   42      108159.000 93355.8158  13.7%  18.6  290s
 159644 89717 100997.965   34  105 108159.000 93371.2500  13.7%  18.6  295s
 163475 91762 94290.8158   28  126 108159.000 93409.1447  13.6%  18.6  301s
 166106 93137 102094.395   34  105 108159.000 93425.4375  13.6%  18.6  305s
 169993 94943 95730.0987   30  118 108159.000 93458.6360  13.6%  18.5  311s
 172533 96051     cutoff   39      108159.000 93475.8158  13.6%  18.5  316s
 175041 97272 94447.1579   29  122 108159.000 93491.7018  13.6%  18.5  320s
 178752 99060 100682.412   35  143 108159.000 93515.9518  13.5%  18.5  326s
 181212 100411 99075.2500   36   89 108159.000 93530.5000  13.5%  18.5  330s
 185317 102365 95199.1711   31  117 108159.000 93558.9408  13.5%  18.4  336s
 187736 103690 103029.715   36  106 108159.000 93577.2763  13.5%  18.4  340s
 191645 105337 103639.807   41   88 108159.000 93600.2829  13.5%  18.4  345s
 195557 107012 infeasible   44      108159.000 93622.4951  13.4%  18.3  353s
 196469 107658 107194.237   38   72 108159.000 93622.5789  13.4%  18.4  355s
 199370 109085 106761.434   44   39 108159.000 93642.9298  13.4%  18.4  360s
 203385 111292 93722.7018   26  136 108159.000 93669.8158  13.4%  18.3  366s
 205991 112632 104554.887   36  119 108159.000 93690.2434  13.4%  18.3  371s
 208554 114013 103254.776   38   93 108159.000 93707.8947  13.4%  18.3  375s
 212286 116135 106918.344   38  102 108159.000 93727.7632  13.3%  18.3  382s
 214815 117417 104769.075   36  111 108159.000 93745.9627  13.3%  18.3  386s
 217379 118824 98540.4079   34   86 108159.000 93762.0329  13.3%  18.3  391s
 220188 120086 107729.110   46   72 108159.000 93778.0175  13.3%  18.2  395s
 223993 121965 97174.8553   34   99 108159.000 93806.7368  13.3%  18.2  402s
 226416 123380 107305.172   45   99 108159.000 93824.3794  13.3%  18.2  406s
 228932 124343 infeasible   45      108159.000 93842.2237  13.2%  18.2  410s
 230853 125773 102975.276   36  100 108159.000 93850.7500  13.2%  18.2  416s
 233489 127150 95512.5921   33  116 108159.000 93867.5154  13.2%  18.1  421s
 236145 128546 103683.910   41  123 108159.000 93886.9934  13.2%  18.1  428s
 237587 129281 95473.9452   29  123 108159.000 93900.3026  13.2%  18.1  430s
 240150 130603 105349.439   41  101 108159.000 93917.1118  13.2%  18.1  436s
 242864 131809 103286.434   40   66 108159.000 93935.8421  13.2%  18.1  441s
 245407 133127 106063.257   43   52 108159.000 93950.1974  13.1%  18.1  445s
 248038 134346 108067.553   44   86 108159.000 93962.5263  13.1%  18.1  451s
 250685 135454 107640.557   45   68 108159.000 93975.7049  13.1%  18.1  455s
 253279 136948 101344.776   40   79 108159.000 93984.0132  13.1%  18.1  461s
 255926 138445 107701.566   34  112 108159.000 93995.1096  13.1%  18.1  467s
 257314 139214 99601.9320   35  103 108159.000 94002.3026  13.1%  18.0  470s
 260076 140757 100138.171   33  123 108159.000 94018.4868  13.1%  18.0  476s
 262709 142230 102882.456   42  111 108159.000 94029.5461  13.1%  18.0  482s
 263922 142958 99576.6974   33  115 108159.000 94034.7961  13.1%  18.0  485s
 266499 144260 107928.018   45   52 108159.000 94044.3947  13.0%  18.0  491s
 269238 145764 107783.046   46   53 108159.000 94058.1447  13.0%  18.0  496s
 271791 146840 105651.921   43   86 108159.000 94070.3355  13.0%  18.0  502s
 273216 147494 101715.414   37  109 108159.000 94077.2500  13.0%  18.0  506s
 275974 148810 103807.548   39  103 108159.000 94089.0789  13.0%  18.0  511s
 278467 149519 99247.2895   33  100 108159.000 94105.3947  13.0%  18.0  519s
 278514 150218 99253.8026   34   96 108159.000 94105.4539  13.0%  18.0  523s
 279921 150993 103379.967   37   87 108159.000 94111.7467  13.0%  18.0  526s
 281282 151617 97860.1382   31   80 108159.000 94119.6974  13.0%  18.0  530s
 283954 153018 99985.7346   38  120 108159.000 94133.6096  13.0%  17.9  538s
 285326 153725 107618.581   47   71 108159.000 94138.5789  13.0%  17.9  542s
 286639 154447 102517.465   45  103 108159.000 94144.1623  13.0%  17.9  545s
 289416 155738 98020.3070   31  122 108159.000 94155.1842  12.9%  17.9  553s
 290606 156412     cutoff   50      108159.000 94158.9079  12.9%  17.9  556s
 291949 157027 99605.7368   34  109 108159.000 94167.8026  12.9%  17.9  561s
 294801 158291 106525.526   42   79 108159.000 94177.0307  12.9%  17.9  567s
 296087 159061 99091.6053   49  129 108159.000 94181.2368  12.9%  17.9  571s
 298495 160314 103831.618   43   94 108159.000 94193.0263  12.9%  17.9  578s
 299837 161022 102606.007   42   97 108159.000 94201.0461  12.9%  17.9  581s
 301027 161720 107785.768   35  104 108159.000 94209.8026  12.9%  17.9  585s
 303714 162709 103420.029   36  113 108159.000 94226.0658  12.9%  17.9  593s
 304355 163467 100192.477   51  111 108159.000 94227.5872  12.9%  17.9  597s
 305630 164108 107035.737   66   54 108159.000 94232.3421  12.9%  17.9  601s
 307147 164835 104361.882   41   90 108159.000 94238.9079  12.9%  17.9  605s
 309978 166275 95733.8553   29  106 108159.000 94252.5658  12.9%  17.8  613s
 311390 166883 97197.8421   31  103 108159.000 94256.9079  12.9%  17.8  617s
 312850 167395 106607.162   43   89 108159.000 94258.3355  12.9%  17.8  621s
 314101 168042 106643.526   35  112 108159.000 94266.4250  12.8%  17.8  625s
 316743 169310 100626.507   40   86 108159.000 94277.9211  12.8%  17.8  632s
 317942 170094 95924.5577   33  152 108159.000 94281.3553  12.8%  17.8  635s
 320541 171323 100424.304   37  136 108159.000 94289.0570  12.8%  17.8  642s
 321800 171995 105144.987   35  105 108159.000 94296.5132  12.8%  17.8  646s
 323111 172644     cutoff   50      108159.000 94304.3289  12.8%  17.8  650s
 325710 173368     cutoff   45      108159.000 94315.3355  12.8%  17.8  659s
 325724 173992 95167.2829   29  112 108159.000 94316.0000  12.8%  17.8  663s
 326926 174698 106601.882   46   58 108159.000 94323.3026  12.8%  17.8  668s
 328315 175471 97452.9211   34  127 108159.000 94331.0768  12.8%  17.8  673s
 329774 176219 107147.664   44   80 108159.000 94337.7895  12.8%  17.8  677s
 331041 176925 infeasible   40      108159.000 94343.5395  12.8%  17.8  681s
 332399 177536 99692.4474   34  110 108159.000 94352.1316  12.8%  17.8  686s
 333734 178152 100993.526   34   87 108159.000 94358.5118  12.8%  17.8  690s
 335106 178794 107929.250   47   74 108159.000 94363.9035  12.8%  17.8  695s
 337721 180080 98288.5592   35  107 108159.000 94380.7895  12.7%  17.8  703s
 339088 180758 100888.053   37  120 108159.000 94385.9474  12.7%  17.8  708s
 340230 181339 99864.1776   32   97 108159.000 94390.1711  12.7%  17.8  712s
 341578 182027 105085.263   41   92 108159.000 94394.2763  12.7%  17.8  716s
 342990 182798 96399.6184   29  106 108159.000 94400.9211  12.7%  17.8  721s
 344331 183485 104780.409   36  111 108159.000 94405.7368  12.7%  17.8  725s
 346933 184912 94981.1447   43  107 108159.000 94416.3772  12.7%  17.7  734s
 348406 185556 101085.822   34   92 108159.000 94419.9386  12.7%  17.7  739s
 349756 186202 96201.2961   32  107 108159.000 94429.8355  12.7%  17.7  744s
 351112 186999 106280.645   47   92 108159.000 94435.6546  12.7%  17.7  748s
 352277 187617     cutoff   45      108159.000 94438.6184  12.7%  17.7  752s
 353602 188269 96960.3750   28  117 108159.000 94439.0461  12.7%  17.7  756s
 354861 188998 97444.3596   31   91 108159.000 94447.0614  12.7%  17.7  760s
 356222 189618     cutoff   45      108159.000 94452.2434  12.7%  17.7  765s
 358910 190941     cutoff   41      108159.000 94466.3816  12.7%  17.7  773s
 360158 191474 infeasible   50      108159.000 94467.9474  12.7%  17.7  777s
 361398 192083 103013.038   40  106 108159.000 94471.0066  12.7%  17.7  782s
 362671 192825 104841.434   38   91 108159.000 94477.7675  12.6%  17.7  786s
 363963 193471 102727.818   37   71 108159.000 94480.9671  12.6%  17.7  791s
 365228 194006 101088.927   32  141 108159.000 94485.6447  12.6%  17.7  795s
 367721 195384 99686.7281   35   80 108159.000 94497.5899  12.6%  17.7  803s
 368998 196102 103337.875   43   99 108159.000 94503.1184  12.6%  17.7  808s
 370390 196632 104462.103   36  114 108159.000 94507.7105  12.6%  17.7  813s
 371854 197274 100826.355   36  123 108159.000 94510.3553  12.6%  17.7  817s
 373007 197912     cutoff   42      108159.000 94516.5526  12.6%  17.8  822s
 374340 198359 101192.421   36   92 108159.000 94521.2105  12.6%  17.8  826s
 375110 199042 106426.027   45   93 108159.000 94523.4254  12.6%  17.8  831s
 376496 199756 102720.083   37  111 108159.000 94529.2961  12.6%  17.8  836s
 377827 200439 103852.081   36  101 108159.000 94535.5987  12.6%  17.8  842s
 379288 200955 104909.921   40   97 108159.000 94540.3421  12.6%  17.8  848s
 380687 201696 96160.7500   29  112 108159.000 94545.0395  12.6%  17.8  853s
 381963 202281 95337.6096   32  139 108159.000 94548.8026  12.6%  17.8  858s
 383329 202593 105796.978   40   77 108159.000 94550.2105  12.6%  17.8  863s
 384640 203243 101541.757   37  108 108159.000 94556.1579  12.6%  17.8  868s
 385888 203854     cutoff   42      108159.000 94561.0855  12.6%  17.8  872s
 387100 204369 105176.107   40  101 108159.000 94564.4539  12.6%  17.8  877s
 388387 204912 106644.658   42  104 108159.000 94571.6053  12.6%  17.9  883s
 389641 205535 108085.132   42   55 108159.000 94577.0526  12.6%  17.9  888s
 390934 206306 95507.6579   29  116 108159.000 94580.9276  12.6%  17.9  893s
 392137 206811 101052.492   37  122 108159.000 94584.8684  12.6%  17.9  900s
 393247 207600 96866.5132   31   94 108159.000 94590.8991  12.5%  17.9  906s
 394758 208188 97838.7325   34   93 108159.000 94596.2105  12.5%  17.9  912s
 396242 208974 98589.0965   29  126 108159.000 94598.7851  12.5%  17.9  918s
 397755 209799 98273.4693   33  110 108159.000 94603.9342  12.5%  17.9  924s
 399158 210443 104337.092   41   88 108159.000 94606.5439  12.5%  17.9  929s
 400576 211036 infeasible   41      108159.000 94608.8553  12.5%  17.9  935s
 403215 212394 96403.9474   28   90 108159.000 94622.5921  12.5%  18.0  945s
 404631 213125 104883.134   40  103 108159.000 94625.6645  12.5%  18.0  951s
 406020 213698 99041.0000   34  120 108159.000 94630.0000  12.5%  18.0  956s
 407384 214294 96141.1316   31  105 108159.000 94636.1864  12.5%  18.0  961s
 408699 214904     cutoff   45      108159.000 94641.8026  12.5%  18.0  966s
 410009 215437 95944.3026   30   87 108159.000 94650.9572  12.5%  18.0  972s
 411254 216023 94720.4605   29  107 108159.000 94652.5000  12.5%  18.0  977s
 412539 216507 102960.184   35   90 108159.000 94660.5789  12.5%  18.0  982s
 414002 217226 106381.357   40   93 108159.000 94664.0000  12.5%  18.0  987s
 415259 217894 infeasible   42      108159.000 94667.7763  12.5%  18.0  992s
 416461 218520 105962.776   44   85 108159.000 94671.4211  12.5%  18.0  997s
 417798 219025 97785.8947   33  102 108159.000 94678.4013  12.5%  18.1 1003s
 419106 219737 infeasible   38      108159.000 94685.0461  12.5%  18.1 1008s
 420446 220308 infeasible   44      108159.000 94691.3860  12.5%  18.1 1013s
 421700 220906 104448.625   37  112 108159.000 94697.5263  12.4%  18.1 1019s
 423079 221459 100320.491   37   94 108159.000 94701.9671  12.4%  18.1 1024s
 424445 222197 99074.0526   34  109 108159.000 94710.5000  12.4%  18.1 1030s
 425737 222876 102617.263   37   95 108159.000 94714.3816  12.4%  18.1 1035s
 427153 223387 106433.768   41  136 108159.000 94721.4474  12.4%  18.1 1040s
 428385 224122 104911.408   37   78 108159.000 94725.3816  12.4%  18.1 1046s
 429846 224893 105071.094   47   87 108159.000 94731.1316  12.4%  18.1 1051s
 431195 225602     cutoff   45      108159.000 94735.0855  12.4%  18.1 1057s
 432508 226132 104619.615   39  132 108159.000 94739.6711  12.4%  18.1 1062s
 433883 226754 infeasible   41      108159.000 94745.6697  12.4%  18.1 1068s
 435269 227328     cutoff   42      108159.000 94751.0000  12.4%  18.1 1073s
 436719 228030 98091.0921   31  121 108159.000 94757.9605  12.4%  18.1 1078s
 438034 228587 102686.129   39   87 108159.000 94762.2807  12.4%  18.2 1084s
 439243 229130 98715.0197   33   85 108159.000 94766.8882  12.4%  18.2 1088s
 440447 229854 101936.263   37   76 108159.000 94771.1842  12.4%  18.2 1095s
 441973 230545 95504.9956   32  112 108159.000 94777.2237  12.4%  18.2 1100s
 443330 231184 105836.537   43  119 108159.000 94780.6162  12.4%  18.2 1106s
 444674 231802 102807.796   40  116 108159.000 94787.8355  12.4%  18.2 1111s
 446072 232332 101918.263   34  105 108159.000 94791.5154  12.4%  18.2 1117s
 447417 232960 104241.149   40  115 108159.000 94798.5428  12.4%  18.2 1123s
 448849 233689 96258.5263   33  109 108159.000 94804.1184  12.3%  18.2 1128s
 450090 234190 105065.629   36  129 108159.000 94806.6842  12.3%  18.2 1133s
 451517 234754 100004.513   34  101 108159.000 94812.2368  12.3%  18.2 1138s
 452888 235453 101668.623   37   89 108159.000 94818.3421  12.3%  18.2 1144s
 454242 235959 96017.3635   30  130 108159.000 94821.8289  12.3%  18.3 1150s
 455581 236638 103096.553   39  130 108159.000 94826.8202  12.3%  18.3 1156s
 456901 237163 105621.956   49   88 108159.000 94830.0658  12.3%  18.3 1160s
 458106 237653 104779.691   44   89 108159.000 94834.6579  12.3%  18.3 1166s
 459478 238320     cutoff   40      108159.000 94838.7368  12.3%  18.3 1171s
 460716 238880 96155.7303   31  112 108159.000 94842.0724  12.3%  18.3 1176s
 462080 239404     cutoff   43      108159.000 94843.7500  12.3%  18.3 1181s
 463431 239822     cutoff   42      108159.000 94846.7895  12.3%  18.3 1186s
 464783 240527 96501.5658   34   98 108159.000 94849.8289  12.3%  18.3 1192s
 465991 241155 102024.224   36  109 108159.000 94852.9211  12.3%  18.3 1198s
 467368 241704 infeasible   39      108159.000 94857.3816  12.3%  18.3 1203s
 468714 242162     cutoff   42      108159.000 94862.4605  12.3%  18.4 1208s
 469843 242761     cutoff   45      108159.000 94866.2730  12.3%  18.4 1213s
 471178 243265 103329.500   37   87 108159.000 94871.0395  12.3%  18.4 1218s
 472519 243823 98031.3333   32  112 108159.000 94875.7270  12.3%  18.4 1224s
 473852 244445 98124.7316   34  137 108159.000 94878.4605  12.3%  18.4 1229s
 475059 245004     cutoff   42      108159.000 94881.0987  12.3%  18.4 1235s
 476358 245009     cutoff   45      108159.000 94886.9211  12.3%  18.4 1242s
 476373 250145 97759.5066   32   97 108159.000 94887.1579  12.3%  18.4 1318s
 483380 250145 97628.1908   31  108 108159.000 94888.0395  12.3%  18.5 1321s
 488385 250820 101057.974   33   74 108159.000 94917.7807  12.2%  18.5 1329s
 489806 251645 104388.987   41  109 108159.000 94922.8816  12.2%  18.5 1337s
 491406 252242 107416.658   44   59 108159.000 94928.0263  12.2%  18.5 1344s
 493119 252817 102720.829   42   86 108159.000 94932.5263  12.2%  18.5 1351s
 494599 253464 95082.8553   28  132 108159.000 94937.4013  12.2%  18.5 1356s
 495952 253915 106563.899   40   97 108159.000 94943.7039  12.2%  18.5 1362s
 497167 254626 104975.086   37   96 108159.000 94947.1447  12.2%  18.5 1368s
 498638 255384 infeasible   46      108159.000 94951.6974  12.2%  18.5 1374s
 500063 256031     cutoff   44      108159.000 94954.0263  12.2%  18.5 1379s
 501485 256381 105608.053   39  109 108159.000 94958.2829  12.2%  18.5 1385s
 502892 257057 103898.816   37  108 108159.000 94959.4013  12.2%  18.6 1391s
 504246 257670 95040.3233   34  145 108159.000 94964.5789  12.2%  18.6 1396s
 505542 258333     cutoff   45      108159.000 94969.8257  12.2%  18.6 1402s
 506863 258913 104151.853   41   92 108159.000 94971.6382  12.2%  18.6 1406s
 508098 259597     cutoff   44      108159.000 94976.1776  12.2%  18.6 1412s
 509499 260122     cutoff   44      108159.000 94980.4737  12.2%  18.6 1418s
 510875 260726 97967.7566   35  124 108159.000 94983.8289  12.2%  18.6 1424s
 512303 261295 99996.0921   36   82 108159.000 94988.8947  12.2%  18.6 1430s
 513707 261705 105453.658   38   97 108159.000 94994.2193  12.2%  18.6 1436s
 514687 262367     cutoff   41      108159.000 94998.4474  12.2%  18.6 1441s
 515945 263050 104613.789   39   79 108159.000 95003.1316  12.2%  18.6 1448s
 517427 263683 102485.864   35  144 108159.000 95004.0789  12.2%  18.6 1455s
 518934 264176 104929.092   40   87 108159.000 95010.9013  12.2%  18.6 1462s
 520451 264694 105262.658   43   93 108159.000 95013.4211  12.2%  18.6 1469s
 521822 265281 95987.9474   29   73 108159.000 95017.7632  12.1%  18.7 1475s
 523291 265923 96374.1316   35  108 108159.000 95023.5395  12.1%  18.7 1482s
 524676 266394 97188.2632   37  106 108159.000 95027.0677  12.1%  18.7 1488s
 526160 266923     cutoff   41      108159.000 95031.6447  12.1%  18.7 1494s
 527559 267355 105219.737   45   83 108159.000 95033.0789  12.1%  18.7 1500s
 528764 268014     cutoff   41      108159.000 95037.5789  12.1%  18.7 1506s
 530117 268609 104588.904   37  107 108159.000 95040.4737  12.1%  18.7 1513s
 531461 269051 106910.092   40   93 108159.000 95045.3487  12.1%  18.7 1520s
 533019 269543 103679.447   40   86 108159.000 95047.4474  12.1%  18.7 1526s
 534394 270134 106286.053   41   78 108159.000 95052.8355  12.1%  18.7 1532s
 535705 270674 97027.4868   35  112 108159.000 95057.0921  12.1%  18.7 1539s
 537062 271217     cutoff   38      108159.000 95061.9737  12.1%  18.7 1545s
 538404 271776 107599.615   49   60 108159.000 95068.3991  12.1%  18.7 1552s
 539664 272446 105090.329   35   99 108159.000 95072.0461  12.1%  18.7 1557s
 541024 272779     cutoff   44      108159.000 95076.3553  12.1%  18.7 1563s
 542299 273461 99269.6118   37  105 108159.000 95079.2412  12.1%  18.7 1569s
 543563 274021 103965.307   40   81 108159.000 95082.5000  12.1%  18.7 1575s
 544916 274468 102147.250   36  101 108159.000 95086.0987  12.1%  18.7 1582s
 546283 275026 101584.342   38  128 108159.000 95089.0526  12.1%  18.8 1588s
 547749 275608 98776.7632   35  116 108159.000 95092.8684  12.1%  18.8 1595s
 549178 276186 98450.6996   30  125 108159.000 95096.4123  12.1%  18.8 1601s
 550583 276623 infeasible   40      108159.000 95099.7632  12.1%  18.8 1606s
 551680 277216 99913.0658   35   93 108159.000 95104.1711  12.1%  18.8 1614s
 553164 277931 105934.110   43  103 108159.000 95109.1711  12.1%  18.8 1620s
 554600 278514 96903.5395   30  127 108159.000 95113.0789  12.1%  18.8 1627s
 556030 279149 96402.2434   30  117 108159.000 95115.7171  12.1%  18.8 1633s
 557458 279696 infeasible   42      108159.000 95119.6974  12.1%  18.8 1641s
 558846 280418 101404.487   40  117 108159.000 95124.2237  12.1%  18.8 1647s
 560228 280480 104524.382   42   77 108159.000 95127.3553  12.0%  18.8 1655s
 560399 280999 104520.066   42   77 108159.000 95127.8684  12.0%  18.8 1662s
 561877 281565     cutoff   38      108159.000 95132.6447  12.0%  18.8 1670s
 563343 282202 101621.342   34   85 108159.000 95135.5263  12.0%  18.8 1677s
 564702 282878 97857.7149   34  119 108159.000 95138.2237  12.0%  18.8 1684s
 566121 283382 104980.789   40  110 108159.000 95144.1535  12.0%  18.8 1691s
 567490 283996 103785.853   36   94 108159.000 95146.6645  12.0%  18.8 1698s
 568829 284593 97711.0789   31   90 108159.000 95150.1053  12.0%  18.8 1706s
 570217 285216 108055.439   43   50 108159.000 95152.7193  12.0%  18.9 1714s
 571681 285933 103511.421   37   96 108159.000 95157.3289  12.0%  18.9 1721s
 573051 286516 103512.404   40  119 108159.000 95161.2500  12.0%  18.9 1728s
 574501 287105 102922.693   37  127 108159.000 95165.4868  12.0%  18.9 1736s
 575909 287721 104307.112   39  148 108159.000 95169.9737  12.0%  18.9 1743s
 577335 288137 98635.5000   33   89 108159.000 95174.4013  12.0%  18.9 1750s
 578218 288695     cutoff   39      108159.000 95176.6447  12.0%  18.9 1760s
 579659 289311 106474.263   38   85 108159.000 95179.7018  12.0%  18.9 1768s
 581066 289803 98602.6009   32  107 108159.000 95183.5702  12.0%  18.9 1775s
 582458 290447     cutoff   42      108159.000 95186.1974  12.0%  18.9 1783s
 583857 291078 105796.750   40   92 108159.000 95190.5614  12.0%  18.9 1789s
 584435 291078 101298.693   38  114 108159.000 95191.0395  12.0%  18.9 1790s
 585123 291451 97208.5921   34  111 108159.000 95191.6316  12.0%  18.9 1798s
 586562 291977 95264.8006   30  142 108159.000 95197.3553  12.0%  18.9 1806s
 587956 292573 104607.018   38   98 108159.000 95201.1842  12.0%  18.9 1813s
 589227 293219 infeasible   41      108159.000 95204.3158  12.0%  18.9 1821s
 590586 293819 105990.202   42   91 108159.000 95208.9342  12.0%  18.9 1829s
 591995 294380 97439.5395   34  111 108159.000 95212.5000  12.0%  18.9 1838s
 593428 294958 104392.592   38   99 108159.000 95216.8421  12.0%  18.9 1846s
 594864 295532 97286.0461   31  110 108159.000 95221.5175  12.0%  19.0 1854s
 596197 296019 100750.947   37  129 108159.000 95225.0132  12.0%  19.0 1861s
 597439 296733 infeasible   40      108159.000 95229.1513  12.0%  19.0 1869s
 598824 297259 95303.0526   29  114 108159.000 95232.1974  12.0%  19.0 1877s
 600276 297943 97018.8079   30  133 108159.000 95237.1579  11.9%  19.0 1885s
 601605 298584 infeasible   41      108159.000 95240.4342  11.9%  19.0 1893s
 603049 299244 95332.3684   28  120 108159.000 95244.1053  11.9%  19.0 1902s
 604375 299789     cutoff   42      108159.000 95246.8816  11.9%  19.0 1909s
 605784 300352 102199.592   39   90 108159.000 95250.1842  11.9%  19.0 1917s
 607079 301020 infeasible   43      108159.000 95254.4561  11.9%  19.0 1924s
 608406 301397 103601.671   38   95 108159.000 95257.0658  11.9%  19.0 1933s
 609506 302050 100832.526   34  106 108159.000 95259.6184  11.9%  19.0 1943s
 611004 302579 97746.2982   31  128 108159.000 95265.6447  11.9%  19.0 1951s
 612482 303225 97152.2939   32  115 108159.000 95270.0614  11.9%  19.0 1960s
 614130 303747 99388.6316   36   99 108159.000 95275.3640  11.9%  19.0 1969s
 615775 304367 106201.974   45   81 108159.000 95278.1535  11.9%  19.0 1978s
 617343 305014 infeasible   37      108159.000 95280.6535  11.9%  19.0 1986s
 618798 305580 100563.289   35  106 108159.000 95285.0307  11.9%  19.1 1995s
 620155 306153 96197.1053   31  109 108159.000 95290.5132  11.9%  19.1 2003s
 621545 306481 100094.203   35  136 108159.000 95292.3026  11.9%  19.1 2011s
 623118 306961 107400.360   42   86 108159.000 95295.7675  11.9%  19.1 2019s
 624646 307462 105083.289   41  101 108159.000 95300.7368  11.9%  19.1 2027s
 625933 307930 98594.2237   38  100 108159.000 95303.0000  11.9%  19.1 2033s
 627130 308691 98367.8443   32   99 108159.000 95305.8824  11.9%  19.1 2041s
 628483 309247 97160.0000   27   99 108159.000 95306.6447  11.9%  19.1 2050s
 629958 309708 107239.171   42   48 108159.000 95310.8860  11.9%  19.1 2058s
 631469 310242 106684.088   41   91 108159.000 95313.0132  11.9%  19.1 2065s
 632894 310875 104526.807   41  100 108159.000 95316.2039  11.9%  19.1 2073s
 634333 311466 99915.6053   35  124 108159.000 95320.0386  11.9%  19.1 2081s
 635802 311971 100894.697   35   95 108159.000 95322.7675  11.9%  19.1 2090s
 637154 312644 107058.184   43   61 108159.000 95326.6711  11.9%  19.1 2097s
 638616 313231 107900.882   40   64 108159.000 95330.0921  11.9%  19.1 2104s
 639220 313231 100674.785   33  103 108159.000 95330.8553  11.9%  19.1 2105s
 640018 313824 103266.531   37  116 108159.000 95334.1447  11.9%  19.1 2112s
 641471 314385     cutoff   39      108159.000 95334.7566  11.9%  19.1 2120s
 642818 315069 105158.778   38  102 108159.000 95341.0921  11.9%  19.1 2128s
 644260 315494 104955.316   39   75 108159.000 95343.4890  11.8%  19.1 2136s
 645760 316128 98999.1447   35   71 108159.000 95347.5658  11.8%  19.2 2145s
 647066 316721 97729.6447   29   96 108159.000 95349.5526  11.8%  19.2 2153s
 648498 317349 101931.789   36   87 108159.000 95354.0329  11.8%  19.2 2161s
 649943 317822 102570.079   38   99 108159.000 95356.4925  11.8%  19.2 2168s
 651418 318293     cutoff   42      108159.000 95358.6689  11.8%  19.2 2176s
 652795 319009 97868.0855   33  110 108159.000 95360.9211  11.8%  19.2 2184s
 654201 319636 infeasible   44      108159.000 95361.0197  11.8%  19.2 2191s
 655516 320283 infeasible   41      108159.000 95367.7342  11.8%  19.2 2199s
 656932 320729 102508.224   37  107 108159.000 95371.3289  11.8%  19.2 2206s
 658402 321228     cutoff   46      108159.000 95375.5329  11.8%  19.2 2214s
 659767 321754     cutoff   44      108159.000 95378.7566  11.8%  19.2 2221s
 661061 322371 99343.7303   33  113 108159.000 95383.1618  11.8%  19.2 2230s
 662499 323131 105769.702   38   91 108159.000 95385.5224  11.8%  19.2 2239s
 664061 323772 97438.8289   31   90 108159.000 95389.0066  11.8%  19.2 2247s
 665399 323867 infeasible   42      108159.000 95391.8750  11.8%  19.2 2257s
 665573 324466 105640.161   39  128 108159.000 95392.6228  11.8%  19.2 2266s
 667102 325152 103481.373   40   92 108159.000 95396.2303  11.8%  19.2 2274s
 668535 325894 106108.286   52   92 108159.000 95399.4342  11.8%  19.2 2283s
 670113 326560 infeasible   43      108159.000 95403.0395  11.8%  19.2 2292s
 671546 327230 95768.4901   33  111 108159.000 95406.8289  11.8%  19.2 2301s
 673012 327916 infeasible   41      108159.000 95410.9474  11.8%  19.2 2310s
 674508 328439 104365.553   39   95 108159.000 95413.8750  11.8%  19.2 2319s
 675905 329125 104977.456   36  113 108159.000 95417.1184  11.8%  19.3 2329s
 677248 329931     cutoff   42      108159.000 95421.1908  11.8%  19.3 2337s
 678791 330465 infeasible   42      108159.000 95423.9737  11.8%  19.3 2346s
 680195 331128 97110.7281   29  108 108159.000 95427.5439  11.8%  19.3 2354s
 681553 331779 104885.759   42   88 108159.000 95431.3947  11.8%  19.3 2363s
 682974 332438 105342.500   36  117 108159.000 95433.8553  11.8%  19.3 2372s
 684446 333018 101254.876   34  118 108159.000 95437.6930  11.8%  19.3 2380s
 685867 333701 96804.4956   30   84 108159.000 95441.2303  11.8%  19.3 2389s
 687120 334328 99912.0022   34  101 108159.000 95443.4013  11.8%  19.3 2397s
 688658 334947 107131.333   42  104 108159.000 95446.1579  11.8%  19.3 2406s
 690085 335493 98224.6645   32  112 108159.000 95449.7237  11.8%  19.3 2415s
 691527 335912 101475.763   37  117 108159.000 95451.6886  11.7%  19.3 2424s
 693031 336472 103946.947   42  117 108159.000 95454.2237  11.7%  19.3 2431s
 694345 337043 infeasible   39      108159.000 95457.4474  11.7%  19.3 2438s
 695573 337402 98769.5548   34  110 108159.000 95460.1711  11.7%  19.3 2445s
 696361 337984 infeasible   38      108159.000 95462.5592  11.7%  19.3 2454s
 697706 338495     cutoff   35      108159.000 95465.2368  11.7%  19.3 2463s
 699138 339009 103217.114   36  100 108159.000 95469.4211  11.7%  19.3 2473s
 700479 339600 infeasible   42      108159.000 95473.4474  11.7%  19.3 2481s
 701833 339864 106200.023   41   98 108159.000 95474.8904  11.7%  19.3 2489s
 702424 340480     cutoff   45      108159.000 95477.4342  11.7%  19.3 2499s
 704127 340969 98888.1250   31   92 108159.000 95480.8092  11.7%  19.3 2509s
 705670 341498     cutoff   41      108159.000 95483.2368  11.7%  19.4 2519s
 707257 342205 105510.829   41   93 108159.000 95487.0921  11.7%  19.4 2528s
 708823 342784 99900.4978   31   91 108159.000 95489.7675  11.7%  19.4 2537s
 710299 343244 105266.237   40  107 108159.000 95492.1579  11.7%  19.4 2546s
 711828 343863 infeasible   46      108159.000 95494.1382  11.7%  19.4 2555s
 713151 344453 104127.750   42  101 108159.000 95496.8224  11.7%  19.4 2565s
 714681 345089 104289.197   40   97 108159.000 95500.6053  11.7%  19.4 2573s
 716085 345710     cutoff   38      108159.000 95503.9605  11.7%  19.4 2582s
 717518 346367 107188.320   43  112 108159.000 95508.1842  11.7%  19.4 2590s
 718853 347002 106910.382   44   85 108159.000 95511.1140  11.7%  19.4 2599s
 720292 347511 106572.623   44  121 108159.000 95514.6842  11.7%  19.4 2608s
 721655 348098 96907.6579   32  130 108159.000 95516.5993  11.7%  19.4 2618s
 723089 348723     cutoff   40      108159.000 95519.7368  11.7%  19.4 2626s
 724530 349447 101653.164   38  128 108159.000 95523.0724  11.7%  19.4 2635s
 725945 349968 107060.689   58   53 108159.000 95525.0855  11.7%  19.4 2644s
 727405 350624 98317.2237   31  118 108159.000 95529.1316  11.7%  19.4 2653s
 728772 351157 infeasible   42      108159.000 95531.5000  11.7%  19.4 2661s
 730052 351649 infeasible   42      108159.000 95534.5000  11.7%  19.4 2670s
 731479 352264 105520.368   39   92 108159.000 95536.1842  11.7%  19.4 2679s
 732959 352886 102178.316   36  110 108159.000 95539.5263  11.7%  19.4 2688s
 734432 353472 101583.439   35  118 108159.000 95542.6842  11.7%  19.4 2696s
 735842 354044 107326.680   40  115 108159.000 95544.6820  11.7%  19.4 2706s
 737183 354752 103702.775   41  108 108159.000 95547.3289  11.7%  19.4 2715s
 738687 355341     cutoff   41      108159.000 95550.3684  11.7%  19.5 2724s
 740194 355869 105055.013   35  103 108159.000 95553.6338  11.7%  19.5 2733s
 741603 356359 104666.794   39   98 108159.000 95555.5789  11.7%  19.5 2740s
 742780 356812 103183.151   34  109 108159.000 95558.3355  11.7%  19.5 2749s
 744328 357328 106136.391   38   96 108159.000 95562.3150  11.6%  19.5 2758s
 745638 357782 97484.7895   33  118 108159.000 95565.9342  11.6%  19.5 2767s
 747147 358194 106117.303   40  113 108159.000 95569.4737  11.6%  19.5 2776s
 748644 358834 104431.575   38   78 108159.000 95572.5789  11.6%  19.5 2785s
 750007 359437 103782.276   38   80 108159.000 95575.9211  11.6%  19.5 2793s
 751433 360057 103598.961   40   86 108159.000 95579.1776  11.6%  19.5 2803s
 752796 360708     cutoff   42      108159.000 95581.1579  11.6%  19.5 2812s
 754190 361328 97611.4386   32  135 108159.000 95583.6184  11.6%  19.5 2821s
 755619 361894 104478.331   35  115 108159.000 95586.8026  11.6%  19.5 2830s
 757081 362541 98131.8202   32  123 108159.000 95591.1930  11.6%  19.5 2839s
 758464 363121 105700.855   43   69 108159.000 95594.5439  11.6%  19.5 2848s
 759917 363635 105877.776   39   81 108159.000 95598.0658  11.6%  19.5 2858s
 761205 364129 99996.7303   36   99 108159.000 95601.2039  11.6%  19.5 2865s
 762429 364853 100544.329   34  128 108159.000 95603.9145  11.6%  19.5 2874s
 763843 365464 99358.5921   37   98 108159.000 95607.1425  11.6%  19.5 2882s
 765242 366136 95738.6711   33   98 108159.000 95610.2193  11.6%  19.5 2891s
 766668 366641 103611.013   36   88 108159.000 95612.9737  11.6%  19.5 2902s
 767926 367392 98103.4605   34  103 108159.000 95616.0658  11.6%  19.5 2911s
 769462 368095 97019.1228   33  117 108159.000 95618.9605  11.6%  19.5 2920s
 770948 368599 97159.0066   29  125 108159.000 95622.1118  11.6%  19.5 2929s
 771681 368599 infeasible   36      108159.000 95622.6776  11.6%  19.5 2930s
 772420 369081 102377.465   35  107 108159.000 95625.3224  11.6%  19.5 2939s
 773909 369130 100037.350   33  116 108159.000 95629.0000  11.6%  19.5 2948s
 774035 369809 100104.672   34  113 108159.000 95629.2632  11.6%  19.5 2959s
 775480 370440 infeasible   43      108159.000 95631.7632  11.6%  19.6 2969s
 777007 371060 103377.339   40  121 108159.000 95634.2873  11.6%  19.6 2977s
 778242 371758 98789.4211   34   95 108159.000 95637.1776  11.6%  19.6 2986s
 779782 372465 99328.5954   35  141 108159.000 95640.6908  11.6%  19.6 2996s
 781343 372908 97602.5921   32   86 108159.000 95643.4145  11.6%  19.6 3007s
 782899 373428 105584.776   43   81 108159.000 95646.9737  11.6%  19.6 3017s
 784472 374059 105028.048   40  123 108159.000 95649.4868  11.6%  19.6 3026s
 785894 374502 100009.202   37   86 108159.000 95652.7675  11.6%  19.6 3037s
 787246 375112 98030.3421   30  100 108159.000 95655.4671  11.6%  19.6 3047s
 788785 375647 106254.605   39  115 108159.000 95658.1974  11.6%  19.6 3057s
 790323 375961     cutoff   40      108159.000 95662.3202  11.6%  19.6 3065s
 791026 376563 infeasible   41      108159.000 95662.8026  11.6%  19.6 3078s
 792972 377216 infeasible   42      108159.000 95667.7763  11.5%  19.6 3089s
 794585 377717 105214.610   42   74 108159.000 95671.2544  11.5%  19.6 3101s
 796061 378376 98682.9276   35  103 108159.000 95675.4211  11.5%  19.6 3110s
 797557 378983 101733.416   42  120 108159.000 95677.7406  11.5%  19.6 3121s
 799105 379484 106713.684   40   72 108159.000 95682.1908  11.5%  19.6 3130s
 800520 380140 infeasible   40      108159.000 95685.2928  11.5%  19.6 3140s
 802042 380749 99072.7456   33   85 108159.000 95688.7281  11.5%  19.6 3151s
 803467 381286 106417.807   50   54 108159.000 95690.9868  11.5%  19.6 3161s
 805108 381590 102909.855   37   96 108159.000 95693.2325  11.5%  19.6 3170s
 806046 381986 96845.0789   31  108 108159.000 95694.9825  11.5%  19.6 3182s
 807575 382595 106094.847   40  132 108159.000 95697.7368  11.5%  19.6 3193s
 809056 383097 97035.1996   31   97 108159.000 95700.2237  11.5%  19.6 3202s
 810349 383634 99811.9167   37  112 108159.000 95703.6184  11.5%  19.6 3214s
 811907 384290 101958.368   35  102 108159.000 95706.2588  11.5%  19.6 3224s
 813351 384842 100988.145   33   71 108159.000 95709.1184  11.5%  19.6 3235s
 814881 385387 104165.548   37  114 108159.000 95711.9770  11.5%  19.7 3246s
 816293 385803 infeasible   41      108159.000 95713.7434  11.5%  19.7 3256s
 817852 386452 97363.0214   35  141 108159.000 95716.2785  11.5%  19.7 3266s
 819290 386972 99411.0724   32  101 108159.000 95718.5329  11.5%  19.7 3277s
 820866 386980 101109.105   35  106 108159.000 95721.8246  11.5%  19.7 3287s
 820881 387373 101126.697   36   97 108159.000 95721.8531  11.5%  19.7 3299s
 822287 387877 105315.691   38  101 108159.000 95723.7390  11.5%  19.7 3310s
 823812 388416     cutoff   41      108159.000 95726.7895  11.5%  19.7 3320s
 825292 388797 97852.7500   32   96 108159.000 95729.8158  11.5%  19.7 3331s
 826924 389371 98975.8202   36  106 108159.000 95732.1996  11.5%  19.7 3340s
 828154 389961 95818.7368   28  101 108159.000 95734.1842  11.5%  19.7 3351s
 829497 390439 105894.336   42   98 108159.000 95736.6842  11.5%  19.7 3362s
 831003 391026 102571.379   32  133 108159.000 95740.6842  11.5%  19.7 3372s
 832452 391598 106344.270   40   90 108159.000 95742.9803  11.5%  19.7 3382s
 833930 392209 103598.055   37  119 108159.000 95745.9561  11.5%  19.7 3391s
 835218 392717 infeasible   47      108159.000 95748.2105  11.5%  19.7 3402s
 836626 393425 98364.4474   31   84 108159.000 95751.3487  11.5%  19.7 3413s
 838064 394095 105297.671   41   78 108159.000 95753.3395  11.5%  19.7 3422s
 839424 394782 106190.048   42  108 108159.000 95755.4605  11.5%  19.7 3433s
 840923 395216     cutoff   41      108159.000 95757.9276  11.5%  19.7 3444s
 842283 395810 105565.934   41   86 108159.000 95758.9605  11.5%  19.7 3453s
 843659 396282 103907.803   38  121 108159.000 95761.7368  11.5%  19.7 3464s
 845090 396774 106754.754   39   92 108159.000 95765.2763  11.5%  19.7 3474s
 846559 397482 102986.224   37   83 108159.000 95767.3575  11.5%  19.7 3484s
 847883 398014     cutoff   42      108159.000 95769.4079  11.5%  19.7 3496s
 849389 398464 100809.921   35   87 108159.000 95772.1711  11.5%  19.7 3506s
 850666 398985 99224.1491   32  103 108159.000 95774.9605  11.4%  19.7 3517s
 852236 399564     cutoff   37      108159.000 95777.9211  11.4%  19.7 3527s
 853664 400177     cutoff   41      108159.000 95781.8289  11.4%  19.7 3538s
 855142 400748 105313.947   43   98 108159.000 95784.8000  11.4%  19.7 3550s
 856571 401253 95883.4759   29   84 108159.000 95787.8816  11.4%  19.8 3561s
 858092 401723 100076.519   32  156 108159.000 95790.6404  11.4%  19.8 3572s
 859659 402239 96739.8092   28  144 108159.000 95794.3026  11.4%  19.8 3583s
 861121 402706 infeasible   42      108159.000 95797.5526  11.4%  19.8 3594s
 862619 402939 105429.414   40   86 108159.000 95800.5921  11.4%  19.8 3600s

Explored 863212 nodes (17057867 simplex iterations) in 3600.27 seconds (462.91 work units)
Thread count was 20 (of 20 available processors)

Solution count 10: 108159 108183 108264 ... 118294

Time limit reached
Best objective 1.081589999400e+05, best bound 9.580200000000e+04, gap 11.4248%
