
Gurobi 12.0.1 (win64) logging started Mon Mar 10 22:59:24 2025

Set parameter LogFile to value "logs/3d_f3_pr76.log"
Set parameter MIPGap to value 0
Set parameter TimeLimit to value 3600
Set parameter Presolve to value 0
Set parameter Cuts to value 0
Gurobi Optimizer version 12.0.1 build v12.0.1rc0 (win64 - Windows 11.0 (26100.2))

CPU model: 12th Gen Intel(R) Core(TM) i7-12700, instruction set [SSE2|AVX|AVX2]
Thread count: 12 physical cores, 20 logical processors, using up to 20 threads

Non-default parameters:
TimeLimit  3600
MIPGap  0
Cuts  0
Presolve  0

Optimize a model with 6004 rows, 5852 columns and 28504 nonzeros
Model fingerprint: 0x3e6cdb56
Variable types: 0 continuous, 5852 integer (5776 binary)
Coefficient statistics:
  Matrix range     [1e+00, 8e+01]
  Objective range  [3e+02, 2e+04]
  Bounds range     [1e+00, 1e+00]
  RHS range        [1e+00, 8e+01]
Variable types: 0 continuous, 5852 integer (5776 binary)
Found heuristic solution: objective 549932.00000

Root relaxation: objective 7.765622e+04, 315 iterations, 0.02 seconds (0.01 work units)

    Nodes    |    Current Node    |     Objective Bounds      |     Work
 Expl Unexpl |  Obj  Depth IntInf | Incumbent    BestBd   Gap | It/Node Time

     0     0 77656.2237    0  125 549932.000 77656.2237  85.9%     -    0s
H    0     0                    425743.00000 77656.2237  81.8%     -    1s
H    0     0                    351798.00000 77656.2237  77.9%     -    1s
H    0     0                    335420.00000 77656.2237  76.8%     -    1s
H    0     0                    201534.00000 77656.2237  61.5%     -    1s
     0     0 77656.2237    0  125 201534.000 77656.2237  61.5%     -    1s
H    0     0                    173657.00000 78991.2237  54.5%     -    1s
     0     2 78991.2237    0  125 173657.000 78991.2237  54.5%     -    1s
H   27    50                    173649.00000 78991.2237  54.5%  13.4    2s
   620   695 90733.7451   43  133 173649.000 78991.2237  54.5%  22.9    5s
H 1168  1178                    172350.00000 78991.2237  54.2%  17.0    7s
H 1172  1178                    168662.00000 78991.2237  53.2%  17.0    7s
H 1197  1178                    155513.00000 78991.2237  49.2%  16.8    7s
H 1549  1535                    150420.00000 78991.2237  47.5%  15.4    9s
  1731  1747 96022.2566  121   84 150420.000 78991.2237  47.5%  15.3   10s
H 2582  2564                    150332.00000 78991.2237  47.5%  13.1   13s
  2883  2976 98304.1250  217   91 150332.000 78991.2237  47.5%  12.6   15s
H 3043  2974                    149110.00000 78991.2237  47.0%  12.4   15s
H 3104  3086                    147938.00000 78991.2237  46.6%  12.4   15s
H 3143  3086                    147902.00000 78991.2237  46.6%  12.4   15s
H 3163  3086                    147546.00000 78991.2237  46.5%  12.4   15s
H 3631  3513                    146374.00000 78991.2237  46.0%  12.3   17s
H 4083  3894                    146055.00000 79770.8947  45.4%  12.5   19s
  4086  3905 84029.3816    8  137 146055.000 79770.8947  45.4%  12.5   20s
H 4087  3894                    144889.00000 79770.8947  44.9%  12.5   20s
  5412  5088 108478.132   80  125 144889.000 79889.3026  44.9%  12.1   25s
H 5415  4835                    137067.00000 83443.7422  39.1%  12.1   28s
H 5415  4593                    136667.00000 83443.7422  38.9%  12.1   28s
H 5415  4363                    134807.00000 83443.7422  38.1%  12.1   28s
H 5415  4145                    124718.00000 83443.7422  33.1%  12.1   28s
H 5415  3938                    124711.00000 83443.7422  33.1%  12.1   28s
H 5415  3741                    121042.00000 83443.7422  31.1%  12.1   28s
H 5415  3554                    120766.00000 83443.7422  30.9%  12.1   28s
H 5415  3376                    117829.00000 83443.7422  29.2%  12.1   28s
H 5415  3207                    117319.00000 83443.7422  28.9%  12.1   28s
H 5416  3050                    116054.00000 83443.7422  28.1%  12.2   29s
  5464  3103 88286.3644   17  136 116054.000 84610.6667  27.1%  12.2   30s
H 5907  3234                    116013.00000 84610.6667  27.1%  13.0   33s
H 5918  3097                    115979.00000 84610.6667  27.0%  13.0   33s
H 5923  2959                    115471.00000 84610.6667  26.7%  13.1   33s
  6120  3127 108552.883   44   73 115471.000 84610.6667  26.7%  13.1   35s
H 6831  3275                    115274.00000 85539.6133  25.8%  13.2   38s
H 6865  3140                    115097.00000 85539.6133  25.7%  13.2   38s
  7205  3270 107188.182   48   81 115097.000 85539.6133  25.7%  13.3   40s
H 7209  3149                    114900.00000 85539.6133  25.6%  13.3   40s
H 7443  3091                    113079.00000 86998.0000  23.1%  13.4   42s
  7845  3413 98253.5541   29  136 113079.000 87380.7511  22.7%  13.6   45s
  8908  3686 97254.8400   25  117 113079.000 88363.9600  21.9%  13.8   50s
H 8940  3570                    112670.00000 88363.9600  21.6%  13.8   51s
H 8941  3457                    112509.00000 88363.9600  21.5%  13.8   51s
  9860  4011 98452.0578   25   94 112509.000 89147.6267  20.8%  14.0   55s
 11409  4647 93942.4400   23  133 112509.000 89748.0178  20.2%  14.5   60s
 12668  5606 95037.0600   26  142 112509.000 90050.7244  20.0%  14.7   65s
 14070  6610 109291.293   60   60 112509.000 90577.0089  19.5%  15.0   70s
 15580  7742 100198.529   30  115 112509.000 90605.9644  19.5%  15.2   75s
 16936  8857 107208.080   34   78 112509.000 90714.4800  19.4%  15.5   81s
 18153  9524 110227.089   39   77 112509.000 90743.8422  19.3%  15.7   85s
 19294 10690 97307.5573   27  125 112509.000 90935.2533  19.2%  15.9   90s
 20538 11576 108514.583   41   94 112509.000 90955.7222  19.2%  16.1   95s
H22290  9779                    108699.00000 91095.5711  16.2%  16.2  101s
H22293  9619                    108482.00000 91125.8378  16.0%  16.2  101s
 23145 10565 93196.5533   23  126 108482.000 91354.5044  15.8%  16.2  106s
 24933 11498 100188.560   32   86 108482.000 91464.2133  15.7%  16.3  112s
 25756 12079 infeasible   51      108482.000 91646.5911  15.5%  16.3  115s
 27688 13323 104237.134   39   98 108482.000 91818.3800  15.4%  16.4  120s
 29832 14404 105239.040   30   97 108482.000 91890.9178  15.3%  16.4  127s
 31091 15136 98839.9289   34  102 108482.000 91935.2378  15.3%  16.4  130s
 33220 16341 101187.147   42   54 108482.000 91976.1667  15.2%  16.4  138s
 34618 17066 104703.692   33  105 108482.000 91982.8400  15.2%  16.4  141s
 35871 17930 93730.7133   29  119 108482.000 92018.7022  15.2%  16.4  145s
 38524 19414 105029.247   52  107 108482.000 92151.3622  15.1%  16.6  153s
 39816 20201 94970.1800   28  140 108482.000 92176.8556  15.0%  16.6  156s
 41096 20786 106357.240   42   95 108482.000 92248.5578  15.0%  16.6  160s
 43845 22619 94479.8911   25  136 108482.000 92336.3396  14.9%  16.6  168s
 45283 23265 infeasible   41      108482.000 92403.0578  14.8%  16.6  172s
 46554 23990 106481.573   43  104 108482.000 92453.7533  14.8%  16.5  176s
 48711 25122 103299.020   36  111 108482.000 92542.5044  14.7%  16.6  182s
 49858 25717 94758.7667   31  121 108482.000 92588.7911  14.7%  16.6  186s
 52003 26967 99664.9778   30  105 108482.000 92672.8178  14.6%  16.7  192s
 53086 27679 106864.433   36   80 108482.000 92725.0600  14.5%  16.8  196s
 55476 28419 104066.822   39   68 108482.000 92769.7378  14.5%  16.9  203s
H55477 28362                    108423.00000 92769.7378  14.4%  16.9  203s
 55491 29308 104058.422   39   85 108423.000 92770.5622  14.4%  16.9  207s
 57060 29927 96268.5067   35  110 108423.000 92804.9689  14.4%  16.9  211s
H58387 29816                    108313.00000 92850.8133  14.3%  16.9  214s
 58396 30597 infeasible   37      108313.000 92857.9867  14.3%  16.9  218s
 59757 31001 infeasible   38      108313.000 92897.9667  14.2%  17.0  222s
 60895 31675 106749.844   40   87 108313.000 92925.4711  14.2%  17.0  226s
 63478 32978 101207.773   34  120 108313.000 93017.1222  14.1%  17.0  233s
 64751 33813 94069.7311   24  110 108313.000 93067.6089  14.1%  17.0  237s
 66150 34494 101677.773   26  102 108313.000 93116.9933  14.0%  17.1  240s
 68762 36075 100661.040   31  107 108313.000 93172.4867  14.0%  17.2  246s
 69861 36534     cutoff   36      108313.000 93184.5978  14.0%  17.3  250s
H70969 36437                    108234.00000 93185.8400  13.9%  17.3  250s
 72375 37782 105478.227   37   96 108234.000 93211.7222  13.9%  17.4  257s
 73508 38557     cutoff   41      108234.000 93221.9467  13.9%  17.4  261s
 76640 39958 105506.187   35   90 108234.000 93262.1933  13.8%  17.5  267s
 78201 40648 107075.013   43  105 108234.000 93286.0933  13.8%  17.4  270s
 80792 42033 101578.151   42  109 108234.000 93307.0133  13.8%  17.4  276s
 83498 43386 98904.8378   29  109 108234.000 93351.5556  13.8%  17.4  282s
 84905 43903 97872.6778   27  132 108234.000 93370.5111  13.7%  17.4  285s
 87574 45192 103746.902   36  102 108234.000 93407.1022  13.7%  17.4  290s
 90152 46676 98798.1800   30  103 108234.000 93455.2600  13.7%  17.4  296s
 92913 47988 103961.538   33  129 108234.000 93517.3800  13.6%  17.4  302s
 95558 49327 107517.507   37   75 108234.000 93586.1711  13.5%  17.4  307s
 98079 50597 infeasible   41      108234.000 93627.3978  13.5%  17.4  311s
 100670 51647 102621.644   36  108 108234.000 93666.5800  13.5%  17.4  316s
 102998 53060 107212.920   41   91 108234.000 93707.1111  13.4%  17.4  320s
 106946 54966     cutoff   38      108234.000 93777.3711  13.4%  17.4  326s
 109788 56254     cutoff   41      108234.000 93823.0400  13.3%  17.3  332s
 112414 57896 102512.113   33   84 108234.000 93857.2378  13.3%  17.3  336s
 115003 59095 107945.108   37   98 108234.000 93899.6933  13.2%  17.3  340s
 117639 60287 95240.3618   22  142 108234.000 93961.6178  13.2%  17.3  345s
 120222 61635 95825.3893   29  136 108234.000 93998.3956  13.2%  17.3  351s
 122928 63052 100335.018   32  104 108234.000 94032.1956  13.1%  17.3  355s
 127099 64998 101106.822   34  119 108234.000 94087.4800  13.1%  17.3  362s
 129889 66170 105097.658   38   65 108234.000 94132.2778  13.0%  17.3  366s
 132338 67441 99707.0733   29  111 108234.000 94156.6319  13.0%  17.3  370s
 136135 69209 104167.427   39   72 108234.000 94191.4067  13.0%  17.3  375s
 140099 71150 95136.8800   31  114 108234.000 94239.8844  12.9%  17.2  381s
 143773 73155 99369.7378   29  116 108234.000 94274.5000  12.9%  17.2  386s
 147516 74555     cutoff   41      108234.000 94295.4911  12.9%  17.3  392s
 147558 75146     cutoff   43      108234.000 94295.4911  12.9%  17.3  395s
 150185 76670 106877.347   40   86 108234.000 94319.2444  12.9%  17.3  400s
 154274 78756 107611.413   43   80 108234.000 94357.9267  12.8%  17.3  407s
 156992 79813 107433.320   39   93 108234.000 94370.7889  12.8%  17.3  411s
 159869 80989 103275.883   33  119 108234.000 94409.9511  12.8%  17.3  416s
 162336 82437 95909.5689   25  126 108234.000 94426.8533  12.8%  17.3  420s
 164934 83692 106697.493   39   66 108234.000 94439.2578  12.7%  17.3  425s
 168715 85280 104777.473   39   92 108234.000 94476.3244  12.7%  17.3  430s
 170903 86453 106127.067   41   76 108234.000 94493.6511  12.7%  17.4  435s
 174344 88043 104741.220   37  104 108234.000 94526.6089  12.7%  17.4  440s
 176235 89043 102240.856   32  130 108234.000 94537.2253  12.7%  17.4  446s
 178649 90070 105611.467   40   61 108234.000 94554.1667  12.6%  17.4  451s
 180981 91242 108041.458   39   88 108234.000 94574.8933  12.6%  17.5  457s
 182363 91850 106129.873   36   89 108234.000 94586.8978  12.6%  17.5  460s
 184911 92938 99364.7689   27  127 108234.000 94607.7333  12.6%  17.5  467s
 186705 93510     cutoff   37      108234.000 94619.2533  12.6%  17.5  470s
 188777 94634 105253.106   35  124 108234.000 94634.3867  12.6%  17.5  476s
 191575 95852 infeasible   35      108234.000 94653.0311  12.5%  17.5  482s
 192839 96527 106396.116   31  127 108234.000 94663.7000  12.5%  17.6  485s
 195295 97694 97985.5067   31  108 108234.000 94675.8289  12.5%  17.6  491s
 197883 98603 98887.5511   27  115 108234.000 94696.6467  12.5%  17.6  496s
 200433 99954 infeasible   34      108234.000 94722.3074  12.5%  17.6  502s
 201677 100504 105775.733   35   87 108234.000 94733.6644  12.5%  17.6  505s
 204345 101442 100573.282   29  124 108234.000 94755.2911  12.5%  17.7  511s
 206567 102416 infeasible   37      108234.000 94768.4178  12.4%  17.7  517s
 207933 102812 103892.487   35  108 108234.000 94782.5267  12.4%  17.7  520s
 210588 103635 infeasible   35      108234.000 94802.0778  12.4%  17.7  526s
 213110 104965     cutoff   40      108234.000 94824.8613  12.4%  17.7  532s
 214397 105546 infeasible   48      108234.000 94836.7778  12.4%  17.7  535s
 216942 106880 103308.287   38   94 108234.000 94848.8400  12.4%  17.8  540s
 219291 107982 106207.733   47   40 108234.000 94867.1911  12.3%  17.8  546s
 221865 109054 96975.8022   29  124 108234.000 94883.6356  12.3%  17.8  552s
 224296 109932 106497.693   40   97 108234.000 94902.3052  12.3%  17.8  557s
 225602 110456 99152.7267   29  121 108234.000 94908.7667  12.3%  17.8  560s
 228366 110825     cutoff   43      108234.000 94922.7644  12.3%  17.8  566s
 228614 110896 96044.5733   30  100 108234.000 94922.7644  12.3%  17.8  571s
 228642 111129 100733.747   32  100 108234.000 94922.7644  12.3%  17.8  576s
 230363 112433 104782.200   35   99 108234.000 94934.2378  12.3%  17.9  583s
 231693 113056 98070.8978   29  141 108234.000 94937.2444  12.3%  17.9  587s
 233067 113590 98791.8000   34   98 108234.000 94949.4489  12.3%  17.9  590s
 235993 114859 104358.667   39   84 108234.000 94969.7244  12.3%  17.9  598s
 237315 115542 99495.4178   30   98 108234.000 94978.7800  12.2%  17.9  601s
 238787 116022     cutoff   37      108234.000 94979.4089  12.2%  17.9  605s
 241272 116921     cutoff   37      108234.000 94991.7067  12.2%  17.9  611s
 243923 118039 102526.124   32  101 108234.000 95005.6178  12.2%  17.9  617s
 245236 118703 106249.387   36   87 108234.000 95013.8267  12.2%  17.9  620s
 247615 119623 infeasible   38      108234.000 95025.0667  12.2%  17.9  626s
 250148 120838 95141.8489   25  125 108234.000 95034.8578  12.2%  17.8  632s
 251318 121509     cutoff   37      108234.000 95041.5022  12.2%  17.8  635s
 253922 122485 106899.733   41   45 108234.000 95054.5467  12.2%  17.8  641s
 255179 122901 103892.587   34   94 108234.000 95059.7933  12.2%  17.8  645s
 257859 124064 95161.4030   27  144 108234.000 95074.0622  12.2%  17.8  651s
 260330 125176 95340.2533   27  117 108234.000 95084.1067  12.1%  17.8  657s
H261689 125314                    108159.00000 95091.0600  12.1%  17.8  661s
 263550 126438 106683.630   35  118 108159.000 95097.5733  12.1%  17.8  668s
 264712 127050     cutoff   41      108159.000 95100.4667  12.1%  17.8  671s
 266024 127707 97295.2889   28  124 108159.000 95110.2933  12.1%  17.8  675s
 268727 128901 104820.891   38  111 108159.000 95123.8244  12.1%  17.8  682s
 270145 129518 106323.093   38   78 108159.000 95130.3933  12.0%  17.8  685s
 272716 130707 105060.122   38  126 108159.000 95142.3156  12.0%  17.8  692s
 274141 131154 102649.613   38  101 108159.000 95146.7533  12.0%  17.8  696s
 275468 131708 107015.469   39  100 108159.000 95156.4933  12.0%  17.8  700s
 278107 132721     cutoff   38      108159.000 95169.2356  12.0%  17.8  708s
 279508 133230 98453.3733   37  121 108159.000 95174.7333  12.0%  17.8  712s
 280879 133810 97069.2200   28  131 108159.000 95182.3348  12.0%  17.8  716s
 283487 134677 97583.0667   30  108 108159.000 95195.7533  12.0%  17.8  723s
 284767 135144 96472.4622   27  100 108159.000 95199.7333  12.0%  17.8  727s
 286158 135595 102381.018   33  101 108159.000 95208.6307  12.0%  17.8  730s
 288638 136791 104031.960   37  104 108159.000 95222.7356  12.0%  17.8  737s
 289874 137276     cutoff   38      108159.000 95224.9667  12.0%  17.8  741s
 292477 138421     cutoff   38      108159.000 95241.4684  11.9%  17.8  748s
 293896 138979 105198.898   34   63 108159.000 95246.8667  11.9%  17.7  751s
 295174 139448 105522.689   36   97 108159.000 95252.0667  11.9%  17.7  755s
 297651 140757 99429.5044   27  106 108159.000 95259.8400  11.9%  17.7  762s
 298809 141098 102580.360   40   80 108159.000 95264.9511  11.9%  17.7  765s
 301493 142013     cutoff   37      108159.000 95273.8156  11.9%  17.7  772s
 302841 142498 106410.047   37   99 108159.000 95280.2844  11.9%  17.7  776s
 305406 143752 103747.529   29  123 108159.000 95292.6933  11.9%  17.7  782s
 306676 144248 99420.6733   27  132 108159.000 95296.6533  11.9%  17.7  786s
 309133 145444     cutoff   39      108159.000 95309.2844  11.9%  17.7  792s
 310241 146110 infeasible   34      108159.000 95314.2900  11.9%  17.7  796s
 311647 146579 105997.307   33  101 108159.000 95319.0067  11.9%  17.7  800s
 314123 147571 107361.482   36  103 108159.000 95329.1178  11.9%  17.7  807s
 315452 148121     cutoff   43      108159.000 95332.5867  11.9%  17.7  810s
 317843 149141 104728.071   42  104 108159.000 95341.5911  11.9%  17.7  817s
 319071 149610 103664.218   34   96 108159.000 95347.5956  11.8%  17.7  821s
 320488 150101 107296.087   39   91 108159.000 95356.8378  11.8%  17.7  825s
 323095 151160 96880.6711   29  111 108159.000 95369.8333  11.8%  17.7  832s
 324484 151738 95662.1667   33  114 108159.000 95382.1700  11.8%  17.7  836s
 326984 152700 97461.5533   27   94 108159.000 95390.3733  11.8%  17.7  843s
 328283 153410 102410.568   31  126 108159.000 95395.2733  11.8%  17.7  847s
 329710 153883 99130.4911   27  129 108159.000 95403.5911  11.8%  17.7  850s
 332144 154933 infeasible   38      108159.000 95409.1422  11.8%  17.7  857s
 333415 155526 101469.771   32  114 108159.000 95412.7689  11.8%  17.7  861s
 335913 156611     cutoff   38      108159.000 95421.4600  11.8%  17.7  867s
 337087 157229 102581.791   38  103 108159.000 95426.7378  11.8%  17.7  871s
 338426 157788 103941.861   35  129 108159.000 95431.7667  11.8%  17.7  875s
 341080 158521 99128.2311   33  120 108159.000 95443.8933  11.8%  17.7  882s
 341649 158754 103004.180   34  107 108159.000 95446.4756  11.8%  17.7  885s
 343553 159917 106027.358   37  134 108159.000 95452.8356  11.7%  17.7  893s
 344861 160563 97439.5289   30  131 108159.000 95455.8933  11.7%  17.7  897s
 346322 161139 104944.700   36  112 108159.000 95462.4933  11.7%  17.7  902s
 347749 161524 104773.847   37   76 108159.000 95468.9511  11.7%  17.7  906s
 348935 161966 104841.729   32  119 108159.000 95473.3878  11.7%  17.7  910s
 351465 163213 96492.2956   29  106 108159.000 95481.7333  11.7%  17.7  917s
 352720 163772 infeasible   33      108159.000 95486.7800  11.7%  17.7  921s
 354020 164338 95554.0889   26  115 108159.000 95492.1711  11.7%  17.7  925s
 356560 165456     cutoff   39      108159.000 95502.9467  11.7%  17.7  933s
 357790 165948 106608.867   34   68 108159.000 95509.5578  11.7%  17.7  937s
 359079 166686 103400.587   33   88 108159.000 95515.1400  11.7%  17.7  941s
 360344 167277 107478.067   37   61 108159.000 95519.5022  11.7%  17.7  945s
 362903 167996 107692.975   36  107 108159.000 95525.3778  11.7%  17.7  953s
 364318 168335 97600.9933   32  121 108159.000 95531.2889  11.7%  17.7  957s
 365837 168986 96861.6178   28  118 108159.000 95535.9022  11.7%  17.7  961s
 368128 169973 99297.9973   30  137 108159.000 95545.4000  11.7%  17.7  969s
 369286 170511 101090.878   31  129 108159.000 95547.4978  11.7%  17.7  973s
 370585 171075 infeasible   39      108159.000 95553.1889  11.7%  17.7  976s
 371861 171418 107955.969   41   81 108159.000 95557.5800  11.7%  17.7  981s
 374558 172409 101591.458   34  116 108159.000 95567.7622  11.6%  17.7  988s
 375746 172829 105218.587   32   63 108159.000 95571.8978  11.6%  17.7  992s
 376992 173352 infeasible   36      108159.000 95578.7911  11.6%  17.7  996s
 378326 173755 107000.293   41   90 108159.000 95578.7911  11.6%  17.7 1000s
 379677 173770 infeasible   39      108159.000 95588.1778  11.6%  17.7 1006s
 379691 174083 infeasible   38      108159.000 95589.4978  11.6%  17.7 1011s
 380935 174574 106349.524   43   44 108159.000 95593.1333  11.6%  17.7 1016s
 382211 175151 101802.282   32  142 108159.000 95596.4222  11.6%  17.7 1021s
 383652 175597 100182.291   33  118 108159.000 95601.5867  11.6%  17.7 1026s
 384999 176097 96627.8600   25  128 108159.000 95610.7644  11.6%  17.7 1031s
 386212 176591 100875.297   33  113 108159.000 95616.1244  11.6%  17.7 1035s
 387490 177123 106708.640   39  105 108159.000 95621.2378  11.6%  17.7 1040s
 388597 177584 103116.333   35   85 108159.000 95624.7378  11.6%  17.7 1045s
 389862 178030 106450.320   39   73 108159.000 95630.6644  11.6%  17.7 1050s
 391134 178413 infeasible   39      108159.000 95637.3867  11.6%  17.7 1055s
 392499 178884 107598.533   35   96 108159.000 95640.3956  11.6%  17.6 1060s
 393757 179411 107824.013   37   63 108159.000 95645.1778  11.6%  17.7 1065s
 395006 179877 97468.3231   32  140 108159.000 95649.8889  11.6%  17.7 1070s
 396258 180379 99418.1511   29   95 108159.000 95655.2044  11.6%  17.6 1075s
 397562 181033 102488.940   43   89 108159.000 95659.1289  11.6%  17.6 1080s
 400120 181832 97571.2956   29  127 108159.000 95670.2844  11.5%  17.6 1090s
 401769 182184 107532.374   38   93 108159.000 95674.0378  11.5%  17.6 1095s
 402774 182634     cutoff   38      108159.000 95680.0400  11.5%  17.6 1100s
 405131 183552 105006.389   34  125 108159.000 95689.6800  11.5%  17.6 1109s
 406454 184041 99730.6533   34   89 108159.000 95699.3911  11.5%  17.6 1114s
 407647 184454 103668.173   36   97 108159.000 95699.4333  11.5%  17.6 1118s
 408914 184834 104731.011   35   90 108159.000 95709.4667  11.5%  17.6 1123s
 410260 185297 97395.8500   28  141 108159.000 95711.3844  11.5%  17.6 1127s
 411377 185832 105439.102   40  143 108159.000 95716.3044  11.5%  17.6 1131s
 412579 186266 107595.987   41   70 108159.000 95721.7600  11.5%  17.6 1136s
 413741 186574 105692.436   40  115 108159.000 95727.3778  11.5%  17.6 1141s
 414999 186975 98987.6222   30  106 108159.000 95731.0151  11.5%  17.6 1145s
 416291 187441 106971.733   42   69 108159.000 95736.2133  11.5%  17.6 1150s
 417435 187962 98376.2578   29  134 108159.000 95741.0400  11.5%  17.6 1155s
 419605 188834 102570.502   31  114 108159.000 95751.8644  11.5%  17.6 1165s
 420567 189933 101471.276   33   93 108159.000 95752.5933  11.5%  17.6 1174s
 422569 190551 infeasible   35      108159.000 95759.8489  11.5%  17.6 1181s
 424331 191146 101356.922   38  107 108159.000 95762.3956  11.5%  17.6 1187s
 425849 191772 97288.0133   32   82 108159.000 95772.0711  11.5%  17.6 1192s
 427234 192174 infeasible   25      108159.000 95777.4089  11.4%  17.6 1197s
 428099 192746 107335.147   43   78 108159.000 95779.1956  11.4%  17.6 1204s
 429596 193426 96834.3467   31  104 108159.000 95788.7911  11.4%  17.6 1210s
 431022 194053 106528.947   37   80 108159.000 95793.6778  11.4%  17.6 1215s
 432472 194532     cutoff   40      108159.000 95797.8844  11.4%  17.6 1222s
 434025 195081 107882.507   38   84 108159.000 95801.0044  11.4%  17.6 1228s
 435416 195474 102216.053   36   95 108159.000 95805.5956  11.4%  17.6 1234s
 436804 196203 100763.871   30  120 108159.000 95809.3733  11.4%  17.6 1239s
 438142 196826 104058.016   36  132 108159.000 95810.4978  11.4%  17.7 1244s
 439434 197337 100709.502   32  108 108159.000 95815.1689  11.4%  17.7 1250s
 440741 198006 104396.904   34  107 108159.000 95820.0044  11.4%  17.7 1255s
 442009 198483 107143.875   42  130 108159.000 95822.7733  11.4%  17.7 1261s
 443409 199042     cutoff   47      108159.000 95829.7489  11.4%  17.6 1266s
 444688 199608 95984.2133   29   72 108159.000 95836.5822  11.4%  17.6 1271s
 445809 200176 102522.018   32   87 108159.000 95839.2311  11.4%  17.7 1276s
 447042 200672 97946.6920   29  133 108159.000 95842.3556  11.4%  17.7 1282s
 448383 201226 105793.270   33  105 108159.000 95847.9067  11.4%  17.7 1288s
 449627 201580     cutoff   38      108159.000 95853.0444  11.4%  17.7 1293s
 450973 202034     cutoff   43      108159.000 95859.3333  11.4%  17.7 1299s
 452220 202641     cutoff   40      108159.000 95863.0333  11.4%  17.6 1303s
 453419 203255 106370.804   38  110 108159.000 95867.8178  11.4%  17.7 1309s
 454701 203821 105527.480   37   63 108159.000 95873.8311  11.4%  17.7 1314s
 456091 204354 106053.493   38   73 108159.000 95873.8311  11.4%  17.7 1319s
 457299 204834 105752.516   37   95 108159.000 95882.1600  11.4%  17.7 1325s
 458709 205104     cutoff   42      108159.000 95886.1533  11.3%  17.7 1331s
 459982 205750 99080.7422   29  109 108159.000 95888.9711  11.3%  17.7 1335s
 461181 206280 98130.4089   32  113 108159.000 95891.4244  11.3%  17.7 1341s
 462480 206791 101882.153   31  128 108159.000 95895.8089  11.3%  17.6 1346s
 463744 207413     cutoff   41      108159.000 95900.7400  11.3%  17.6 1351s
 464998 208091 infeasible   40      108159.000 95902.9600  11.3%  17.6 1357s
 466256 208650 104319.476   39  101 108159.000 95907.1378  11.3%  17.6 1362s
 467388 209135 103675.853   32  106 108159.000 95910.0993  11.3%  17.7 1368s
 468713 209744 106591.813   36   75 108159.000 95912.4133  11.3%  17.6 1372s
 469912 210261 107859.673   43   82 108159.000 95918.6356  11.3%  17.7 1377s
 471184 210595 infeasible   40      108159.000 95921.3067  11.3%  17.7 1383s
 472518 211151 106751.796   40   85 108159.000 95923.7333  11.3%  17.7 1389s
 473951 211595 97251.7600   28  128 108159.000 95927.1689  11.3%  17.7 1395s
 475162 211973 96020.0956   26  131 108159.000 95931.9822  11.3%  17.7 1400s
 476543 212489     cutoff   34      108159.000 95935.8778  11.3%  17.6 1406s
 477818 213037 100114.076   31  116 108159.000 95941.9156  11.3%  17.6 1411s
 479036 213503 103471.873   35   99 108159.000 95946.8000  11.3%  17.6 1416s
 480327 214005 105369.751   32   87 108159.000 95950.1567  11.3%  17.6 1421s
 481587 214600 99259.1467   33   74 108159.000 95954.2522  11.3%  17.6 1426s
 482657 214738 infeasible   44      108159.000 95954.8222  11.3%  17.7 1430s
 483478 214988 106508.213   35  121 108159.000 95955.0800  11.3%  17.6 1435s
 484743 215457     cutoff   40      108159.000 95960.4400  11.3%  17.6 1441s
 486115 216163 104362.873   36   83 108159.000 95964.3973  11.3%  17.6 1447s
 487415 216761 98609.1978   28  119 108159.000 95967.5689  11.3%  17.6 1453s
 488627 217477 101414.933   29  111 108159.000 95970.3111  11.3%  17.6 1458s
 489943 217869 infeasible   41      108159.000 95973.2711  11.3%  17.6 1464s
 491326 218394 105936.027   35   87 108159.000 95974.3889  11.3%  17.6 1469s
 492682 219055 107604.002   37  121 108159.000 95981.2889  11.3%  17.6 1475s
 493977 219544 97417.8933   26  120 108159.000 95985.1933  11.3%  17.6 1480s
 495226 220067 96131.0933   26  136 108159.000 95988.4511  11.3%  17.6 1487s
 496418 220581 102109.821   33  121 108159.000 95993.3133  11.2%  17.6 1492s
 497657 221017 105534.193   36  113 108159.000 95993.3133  11.2%  17.6 1497s
 498983 221670 infeasible   39      108159.000 95996.5733  11.2%  17.6 1503s
 500341 222009 104250.531   33  124 108159.000 96001.2689  11.2%  17.6 1508s
 501747 222610     cutoff   37      108159.000 96003.3733  11.2%  17.6 1513s
 502939 223343 96129.4400   27  115 108159.000 96005.7422  11.2%  17.6 1519s
 504161 223893 104239.671   30  107 108159.000 96008.5533  11.2%  17.6 1524s
 505436 224418 106379.407   37  105 108159.000 96009.5044  11.2%  17.6 1530s
 506671 224892 101936.413   34   90 108159.000 96014.3800  11.2%  17.6 1536s
 508010 225497 106707.987   37   83 108159.000 96019.6267  11.2%  17.6 1541s
 509158 226035     cutoff   44      108159.000 96022.7822  11.2%  17.7 1547s
 510450 226814 104107.474   34  128 108159.000 96025.1933  11.2%  17.7 1552s
 511705 227290 105105.197   40  100 108159.000 96026.4889  11.2%  17.7 1557s
 513106 227734 104144.062   32   92 108159.000 96027.8533  11.2%  17.7 1564s
 514367 228327 107644.920   40   84 108159.000 96033.6622  11.2%  17.7 1569s
 515639 228864 107438.618   39   92 108159.000 96035.7444  11.2%  17.7 1574s
 516965 229475 96165.3040   26  160 108159.000 96039.3200  11.2%  17.7 1580s
 518306 229933     cutoff   40      108159.000 96043.3111  11.2%  17.7 1586s
 519676 230544 97437.3733   31  131 108159.000 96049.4844  11.2%  17.7 1592s
 521020 231077 101111.827   35  120 108159.000 96052.5289  11.2%  17.7 1597s
 522035 231482 105873.053   39   85 108159.000 96055.5400  11.2%  17.7 1602s
 523105 231903 96126.7600   29  120 108159.000 96057.6281  11.2%  17.7 1607s
 524171 232460 103825.560   33   88 108159.000 96061.0333  11.2%  17.7 1612s
 525322 232926 96101.9467   29  119 108159.000 96063.4400  11.2%  17.7 1618s
 526363 232933 102086.429   34   94 108159.000 96067.1533  11.2%  17.7 1622s
 526377 232976 101960.087   35   89 108159.000 96067.2640  11.2%  17.7 1626s
 526487 233415 102111.667   36   93 108159.000 96067.2640  11.2%  17.7 1630s
 527398 233839 96538.2844   26  127 108159.000 96068.9333  11.2%  17.7 1636s
 528432 234502 103180.507   35   61 108159.000 96072.2213  11.2%  17.7 1645s
 529845 234612 106736.860   43  116 108159.000 96076.1733  11.2%  17.7 1650s
 530092 235181 106562.987   43   85 108159.000 96076.1733  11.2%  17.7 1658s
 531481 235752 107058.506   35  121 108159.000 96080.3111  11.2%  17.7 1666s
 532964 236383 97519.9578   27  110 108159.000 96084.4089  11.2%  17.7 1674s
 534395 236775 107453.520   38  113 108159.000 96089.3111  11.2%  17.7 1682s
 535861 237378 106942.933   37   94 108159.000 96094.4444  11.2%  17.7 1690s
 537222 237960 106303.945   41  116 108159.000 96096.4178  11.2%  17.7 1698s
 538602 238566 101261.027   27  125 108159.000 96100.4578  11.1%  17.7 1705s
 539969 239139 96173.1511   31  119 108159.000 96103.4578  11.1%  17.7 1712s
 541343 239680 103149.333   36  100 108159.000 96109.0000  11.1%  17.7 1719s
 542661 240243 103018.062   34  128 108159.000 96115.7600  11.1%  17.7 1726s
 543938 240823     cutoff   39      108159.000 96118.3822  11.1%  17.7 1733s
 545158 241025     cutoff   41      108159.000 96123.2400  11.1%  17.7 1739s
 545664 242169 infeasible   35      108159.000 96125.0267  11.1%  17.7 1757s
 548653 242900 infeasible   38      108159.000 96133.9259  11.1%  17.7 1765s
 550108 243222 106476.111   35   65 108159.000 96135.8044  11.1%  17.7 1774s
 551523 243738 98750.2933   31  110 108159.000 96137.9378  11.1%  17.8 1781s
 552836 244087 infeasible   37      108159.000 96141.6422  11.1%  17.8 1789s
 554121 244484 106633.840   40   92 108159.000 96146.7822  11.1%  17.8 1796s
 555441 244826 104581.766   34  122 108159.000 96149.3778  11.1%  17.8 1803s
 556766 245315 100634.800   30   96 108159.000 96153.8711  11.1%  17.8 1810s
 558005 245948 101430.189   34  117 108159.000 96157.1711  11.1%  17.8 1818s
 559315 246406     cutoff   38      108159.000 96161.0933  11.1%  17.8 1826s
 560521 246995 105349.813   38  131 108159.000 96164.4911  11.1%  17.8 1833s
 561886 247370 96384.0622   27  143 108159.000 96169.0356  11.1%  17.8 1840s
 563183 247771 infeasible   38      108159.000 96172.2867  11.1%  17.8 1848s
 564465 248276 96179.3578   29  109 108159.000 96177.2289  11.1%  17.8 1854s
 565614 248624 104299.311   38   84 108159.000 96179.6867  11.1%  17.8 1862s
 566818 249190 infeasible   39      108159.000 96185.8489  11.1%  17.8 1869s
 568155 249767 96237.5111   27  106 108159.000 96190.9244  11.1%  17.8 1876s
 569419 250385 103222.331   38  109 108159.000 96192.8644  11.1%  17.8 1883s
 570624 250943 infeasible   38      108159.000 96197.3244  11.1%  17.8 1890s
 571878 251358     cutoff   39      108159.000 96201.3733  11.1%  17.8 1898s
 573085 251706 104167.731   34  105 108159.000 96205.7200  11.1%  17.8 1904s
 574069 251706 105107.087   34   93 108159.000 96207.0000  11.1%  17.8 1905s
 574396 252073 108034.640   38   86 108159.000 96210.3067  11.0%  17.8 1911s
 575622 252455 infeasible   41      108159.000 96213.6533  11.0%  17.8 1918s
 576977 252903 105168.489   39  104 108159.000 96217.9089  11.0%  17.8 1925s
 578280 253277 96296.2800   30  103 108159.000 96221.4956  11.0%  17.8 1932s
 579502 253800 107028.047   36   81 108159.000 96223.6556  11.0%  17.8 1939s
 580658 254453 103770.191   34  106 108159.000 96226.8467  11.0%  17.8 1945s
 581859 255085 98763.4133   30  116 108159.000 96230.1689  11.0%  17.8 1952s
 583068 255651 106677.933   42   70 108159.000 96232.5533  11.0%  17.8 1959s
 584407 256242 105439.080   40   85 108159.000 96236.0133  11.0%  17.8 1966s
 585518 256770 99873.3533   28  125 108159.000 96238.2622  11.0%  17.8 1974s
 586904 257271 106348.713   39   83 108159.000 96243.2347  11.0%  17.8 1982s
 588264 257863 infeasible   37      108159.000 96247.1756  11.0%  17.8 1989s
 589547 258341 104201.431   36  100 108159.000 96251.3067  11.0%  17.8 1996s
 590816 258966 105405.080   39  118 108159.000 96254.8978  11.0%  17.9 2004s
 591937 259503 106940.244   39   75 108159.000 96256.6178  11.0%  17.9 2011s
 593229 259785 101463.765   34  133 108159.000 96260.6222  11.0%  17.9 2018s
 594587 260311     cutoff   42      108159.000 96262.7551  11.0%  17.9 2025s
 595843 260788     cutoff   36      108159.000 96266.8644  11.0%  17.9 2032s
 597107 261216 105378.087   40   97 108159.000 96271.0422  11.0%  17.9 2041s
 598336 261837 103304.549   34   92 108159.000 96274.4467  11.0%  17.9 2047s
 599542 262242 103267.122   33  126 108159.000 96277.9444  11.0%  17.9 2054s
 600824 262552 103721.367   31  140 108159.000 96282.5689  11.0%  17.9 2060s
 601899 263215 101442.344   32  115 108159.000 96285.3800  11.0%  17.9 2067s
 603192 263625     cutoff   43      108159.000 96288.2778  11.0%  17.9 2074s
 604480 264034     cutoff   34      108159.000 96290.7589  11.0%  17.9 2081s
 605586 264406 106194.829   37  125 108159.000 96294.8467  11.0%  17.9 2087s
 606426 264818 101857.533   34  114 108159.000 96294.9689  11.0%  17.9 2095s
 607916 265247     cutoff   37      108159.000 96300.1600  11.0%  17.9 2103s
 609204 265770     cutoff   42      108159.000 96303.8622  11.0%  17.9 2111s
 610538 266257 107227.693   39   58 108159.000 96307.5556  11.0%  17.9 2118s
 611806 266891 107275.027   36   85 108159.000 96310.6489  11.0%  17.9 2126s
 613159 267329     cutoff   34      108159.000 96313.1556  11.0%  17.9 2134s
 614490 267852     cutoff   40      108159.000 96316.4333  10.9%  17.9 2142s
 615805 268199 107101.978   38   79 108159.000 96319.8173  10.9%  17.9 2150s
 617200 268512 103149.480   36  128 108159.000 96321.5111  10.9%  17.9 2157s
 618633 268876 106966.593   34  100 108159.000 96325.2756  10.9%  17.9 2165s
 619992 269226 96541.6444   29  110 108159.000 96330.2200  10.9%  17.9 2171s
 621078 269672 infeasible   41      108159.000 96333.5444  10.9%  17.9 2179s
 622326 270107 infeasible   39      108159.000 96337.0933  10.9%  17.9 2187s
 623632 270751 98245.8978   30  121 108159.000 96341.2800  10.9%  17.9 2193s
 624828 271396 infeasible   40      108159.000 96344.4533  10.9%  17.9 2200s
 626080 271955 96533.0644   25  139 108159.000 96347.8778  10.9%  17.9 2207s
 627397 272440 infeasible   43      108159.000 96350.2267  10.9%  17.9 2215s
 628753 272884 99271.1333   27  114 108159.000 96354.3889  10.9%  17.9 2223s
 629943 273267     cutoff   34      108159.000 96357.9511  10.9%  17.9 2230s
 631286 273747 96509.4533   28   82 108159.000 96361.4089  10.9%  17.9 2237s
 632588 274201 99940.3267   32  104 108159.000 96364.2311  10.9%  17.9 2244s
 633901 274832 103271.040   37   97 108159.000 96366.9556  10.9%  17.9 2251s
 635119 275122 105900.242   36  102 108159.000 96370.6244  10.9%  18.0 2258s
 636262 275573 102078.111   31  128 108159.000 96371.1707  10.9%  18.0 2265s
 637296 275993 99258.1044   31  117 108159.000 96374.6933  10.9%  18.0 2271s
 638587 276475 infeasible   38      108159.000 96376.2667  10.9%  18.0 2278s
 639776 276907 104019.027   37  126 108159.000 96379.5867  10.9%  18.0 2285s
 641061 277429 99606.8500   31  138 108159.000 96383.4467  10.9%  18.0 2292s
 642175 277990 98548.3289   34  104 108159.000 96386.3600  10.9%  18.0 2299s
 643445 278292 97312.8600   25  112 108159.000 96387.2133  10.9%  18.0 2306s
 644843 278426 106336.707   35   74 108159.000 96389.5733  10.9%  18.0 2312s
 645400 278683 106166.169   30  110 108159.000 96390.0889  10.9%  18.0 2318s
 646270 279062 106534.767   38   58 108159.000 96391.8044  10.9%  18.0 2326s
 647841 279483     cutoff   35      108159.000 96395.0933  10.9%  18.0 2334s
 649199 279930 99437.1067   29   82 108159.000 96397.7378  10.9%  18.0 2343s
 650485 280526 98546.1311   31  105 108159.000 96402.0667  10.9%  18.0 2350s
 651831 281140 105087.884   33   63 108159.000 96404.7111  10.9%  18.0 2358s
 653098 281645 96443.6800   29   97 108159.000 96408.3378  10.9%  18.0 2364s
 654231 282214 98687.8133   32  109 108159.000 96409.9156  10.9%  18.0 2371s
 655618 282756 infeasible   44      108159.000 96411.3267  10.9%  18.0 2380s
 656836 283316 97877.7111   27  117 108159.000 96415.5644  10.9%  18.0 2387s
 658134 283817 105408.424   37  112 108159.000 96419.3067  10.9%  18.0 2395s
 659433 284260 103490.436   34  102 108159.000 96423.0356  10.9%  18.0 2403s
 660848 284668 100569.458   30  109 108159.000 96425.7689  10.8%  18.0 2410s
 662192 284679 infeasible   37      108159.000 96430.3884  10.8%  18.0 2419s
 662210 284683 98951.2351   27  134 108159.000 96430.3884  10.8%  18.0 2423s
 662227 284856 98960.2040   28  131 108159.000 96430.3884  10.8%  18.0 2428s
 662758 285277 106101.800   36   79 108159.000 96431.6311  10.8%  18.0 2437s
 663995 285723 107273.671   38  133 108159.000 96435.9333  10.8%  18.0 2445s
 665181 286158 106462.207   38  100 108159.000 96438.8644  10.8%  18.0 2454s
 666692 286471 97906.1289   31  106 108159.000 96443.1822  10.8%  18.0 2463s
 668184 286885 107956.222   41   79 108159.000 96445.6498  10.8%  18.0 2473s
 669454 287385 103109.967   30  130 108159.000 96450.4644  10.8%  18.0 2481s
 670789 287395 105653.798   34  122 108159.000 96454.0356  10.8%  18.0 2485s
 670802 287403 104598.309   34  126 108159.000 96454.0356  10.8%  18.0 2490s
 670858 287976 infeasible   37      108159.000 96454.2889  10.8%  18.0 2497s
 672082 288328 106699.813   39   54 108159.000 96456.3133  10.8%  18.0 2506s
 673527 288855 105391.320   39   65 108159.000 96458.3067  10.8%  18.0 2515s
 674771 289258 infeasible   37      108159.000 96462.2000  10.8%  18.0 2523s
 676137 289618 infeasible   34      108159.000 96464.7600  10.8%  18.0 2532s
 677485 290044 104651.133   29  127 108159.000 96466.9067  10.8%  18.0 2540s
 678722 290596 infeasible   32      108159.000 96471.7040  10.8%  18.0 2547s
 679955 290957 infeasible   47      108159.000 96473.9978  10.8%  18.0 2555s
 681282 291515 105144.178   31   92 108159.000 96476.1689  10.8%  18.0 2563s
 682426 291962 98478.5200   33  106 108159.000 96477.5778  10.8%  18.1 2571s
 683705 292422 96583.7867   28  111 108159.000 96481.7289  10.8%  18.1 2579s
 684906 293098 97902.1533   32  114 108159.000 96483.9244  10.8%  18.1 2587s
 686112 293400 102437.578   32  105 108159.000 96485.6333  10.8%  18.1 2595s
 687544 293640 96844.1867   23  119 108159.000 96486.5644  10.8%  18.1 2603s
 688783 293833     cutoff   39      108159.000 96488.8178  10.8%  18.1 2610s
 689422 294482     cutoff   36      108159.000 96489.6000  10.8%  18.1 2618s
 690677 294990 107394.240   38   51 108159.000 96493.6711  10.8%  18.1 2627s
 691916 295558 99935.8822   28  127 108159.000 96496.0556  10.8%  18.1 2635s
 693126 295935 106324.750   35  112 108159.000 96499.4667  10.8%  18.1 2643s
 694294 296476 107373.890   41  112 108159.000 96502.4889  10.8%  18.1 2652s
 695698 297096 103651.653   37   91 108159.000 96505.6178  10.8%  18.1 2661s
 696993 297376 104302.387   36   93 108159.000 96509.3867  10.8%  18.1 2669s
 698301 297661 102901.920   30  113 108159.000 96510.2904  10.8%  18.1 2678s
 699568 298246 102210.151   31  119 108159.000 96513.1333  10.8%  18.1 2687s
 700884 298709 96595.7511   33  112 108159.000 96515.2511  10.8%  18.1 2696s
 702193 299173 101907.109   29  115 108159.000 96521.1711  10.8%  18.1 2704s
 703505 299586     cutoff   39      108159.000 96522.5333  10.8%  18.1 2713s
 704889 300066 101262.871   29  105 108159.000 96526.8933  10.8%  18.1 2722s
 706052 300535 104655.867   35   73 108159.000 96528.4000  10.8%  18.1 2730s
 707307 300945 108054.040   39   74 108159.000 96531.4267  10.8%  18.1 2739s
 708671 301416 107944.833   41   90 108159.000 96536.4667  10.7%  18.1 2747s
 709867 302080 96822.7600   32  111 108159.000 96540.6000  10.7%  18.1 2755s
 711009 302435 106229.528   37  130 108159.000 96541.5333  10.7%  18.1 2765s
 712343 302974 101495.989   31  119 108159.000 96541.6667  10.7%  18.1 2774s
 713713 303568 105200.313   33  104 108159.000 96546.0978  10.7%  18.1 2783s
 715017 303874     cutoff   39      108159.000 96547.4440  10.7%  18.1 2791s
 716455 304353 infeasible   36      108159.000 96551.5667  10.7%  18.1 2800s
 717720 304860 99602.9689   27  112 108159.000 96555.5733  10.7%  18.1 2808s
 718878 305181 104339.653   37   73 108159.000 96557.2667  10.7%  18.1 2815s
 720077 305579 99746.3511   32   99 108159.000 96558.6800  10.7%  18.1 2824s
 721307 305982 98108.6533   29  101 108159.000 96563.3533  10.7%  18.1 2833s
 722664 306476 102920.744   32  129 108159.000 96567.2800  10.7%  18.1 2842s
 723927 306975 105448.111   31  119 108159.000 96570.7911  10.7%  18.1 2851s
 725154 307504 107245.427   39  107 108159.000 96573.4089  10.7%  18.1 2859s
 726444 307745 105840.396   39   71 108159.000 96575.2400  10.7%  18.1 2866s
 727179 308112 107052.427   44   84 108159.000 96575.2556  10.7%  18.1 2874s
 728429 308478 103942.507   32   98 108159.000 96579.6911  10.7%  18.1 2882s
 729546 308985 107114.487   42  109 108159.000 96582.0400  10.7%  18.1 2892s
 731044 309362 98253.8578   28  111 108159.000 96587.7267  10.7%  18.1 2902s
 732408 309837 104495.840   39   80 108159.000 96591.4733  10.7%  18.1 2911s
 733738 310479     cutoff   41      108159.000 96595.3707  10.7%  18.1 2919s
 735093 310932 106638.507   38   90 108159.000 96597.0267  10.7%  18.1 2928s
 736418 311367 103775.960   32   92 108159.000 96599.9867  10.7%  18.1 2937s
 737752 311836 106772.400   40   73 108159.000 96600.0000  10.7%  18.1 2945s
 739022 312457 103798.405   33  134 108159.000 96606.2000  10.7%  18.1 2954s
 740184 312832 infeasible   32      108159.000 96608.5800  10.7%  18.2 2963s
 741481 313228 106663.598   43   98 108159.000 96612.1311  10.7%  18.2 2972s
 742787 313652 106034.153   37   99 108159.000 96615.6867  10.7%  18.2 2981s
 744103 314179 96683.5244   27  128 108159.000 96619.5667  10.7%  18.2 2990s
 745384 314566     cutoff   39      108159.000 96622.3111  10.7%  18.2 2997s
 746497 314989 99213.5289   27   99 108159.000 96626.2200  10.7%  18.2 3007s
 747769 315586 101862.553   35  122 108159.000 96630.5267  10.7%  18.2 3015s
 748996 316066 103140.804   32   97 108159.000 96632.7911  10.7%  18.2 3024s
 750036 316066     cutoff   40      108159.000 96633.6711  10.7%  18.2 3025s
 750376 316583     cutoff   38      108159.000 96636.9911  10.7%  18.2 3033s
 751710 316909 104986.793   41   80 108159.000 96638.8711  10.7%  18.2 3041s
 752991 317490     cutoff   42      108159.000 96641.4178  10.6%  18.2 3049s
 754256 318029 96645.4222   27  108 108159.000 96643.1378  10.6%  18.2 3058s
 755423 318495     cutoff   37      108159.000 96646.2844  10.6%  18.2 3067s
 756687 319042 105580.953   38   64 108159.000 96648.7067  10.6%  18.2 3076s
 757966 319579 104790.158   36   73 108159.000 96651.0107  10.6%  18.2 3084s
 759120 320098     cutoff   40      108159.000 96652.7822  10.6%  18.2 3092s
 760337 320589     cutoff   38      108159.000 96655.5867  10.6%  18.2 3100s
 761670 321104 104637.713   37  104 108159.000 96658.8222  10.6%  18.2 3110s
 762880 321630 99650.6556   31  131 108159.000 96661.2978  10.6%  18.2 3117s
 764027 321947 infeasible   41      108159.000 96665.0156  10.6%  18.2 3125s
 765336 322349 104383.973   36   88 108159.000 96666.3863  10.6%  18.2 3133s
 766540 322861 100178.911   29  110 108159.000 96668.5778  10.6%  18.2 3142s
 767842 323316 107079.605   36  124 108159.000 96671.5733  10.6%  18.2 3151s
 769220 323837 107010.853   36   78 108159.000 96675.7133  10.6%  18.2 3161s
 770405 324283 105473.620   35   81 108159.000 96679.4178  10.6%  18.2 3168s
 771544 324800 108114.133   37   77 108159.000 96682.0000  10.6%  18.2 3177s
 772841 325328 infeasible   39      108159.000 96683.5267  10.6%  18.2 3185s
 774205 325568 106778.127   36  106 108159.000 96686.2978  10.6%  18.2 3194s
 775655 325962     cutoff   35      108159.000 96687.4089  10.6%  18.2 3203s
 776875 326537 105396.989   37  101 108159.000 96691.6178  10.6%  18.2 3212s
 778037 326908 106249.373   33   78 108159.000 96693.3563  10.6%  18.2 3220s
 779350 327580 106694.173   37   76 108159.000 96694.4756  10.6%  18.2 3228s
 780619 327953 105962.480   39   68 108159.000 96695.6533  10.6%  18.2 3237s
 782033 328373 105235.789   34  123 108159.000 96697.9244  10.6%  18.2 3246s
 783343 328966 98128.7178   28   99 108159.000 96699.3956  10.6%  18.2 3254s
 784590 329333 104518.880   42   98 108159.000 96703.1111  10.6%  18.2 3264s
 785731 329766 99876.7622   32  130 108159.000 96706.5067  10.6%  18.2 3273s
 787150 330178 104376.253   38  101 108159.000 96709.0311  10.6%  18.2 3281s
 788423 330737 96876.5444   34  147 108159.000 96711.9067  10.6%  18.2 3290s
 789751 330995 104255.620   38   98 108159.000 96714.4844  10.6%  18.2 3298s
 791088 331457 101318.904   33  134 108159.000 96716.4529  10.6%  18.2 3307s
 792215 331914 infeasible   39      108159.000 96719.4533  10.6%  18.2 3316s
 793542 332308 100931.773   34   99 108159.000 96722.6844  10.6%  18.2 3325s
 794755 332882 102783.878   35  126 108159.000 96725.1267  10.6%  18.2 3334s
 796065 333328 105117.191   32  101 108159.000 96726.9533  10.6%  18.2 3343s
 797401 333851 106830.773   38  114 108159.000 96729.7611  10.6%  18.2 3352s
 798556 334266 103921.787   37   82 108159.000 96731.9333  10.6%  18.2 3359s
 798893 334266 104225.480   36  109 108159.000 96732.4400  10.6%  18.2 3360s
 799765 334640 103636.680   34  103 108159.000 96734.6289  10.6%  18.2 3368s
 801058 335201 98631.2044   27  115 108159.000 96739.0178  10.6%  18.2 3376s
 802293 335616     cutoff   46      108159.000 96741.5156  10.6%  18.2 3385s
 803635 335904 infeasible   38      108159.000 96744.3453  10.6%  18.2 3394s
 804861 336366 101904.560   35   77 108159.000 96744.3453  10.6%  18.2 3402s
 806181 336794 103039.889   32  110 108159.000 96747.3444  10.6%  18.2 3410s
 807422 337214 102037.007   31  134 108159.000 96749.3793  10.5%  18.2 3419s
 808690 337807 107445.332   36  107 108159.000 96751.7556  10.5%  18.2 3427s
 809943 338228 107166.667   37   94 108159.000 96754.5244  10.5%  18.2 3436s
 811224 338626 105149.376   37  124 108159.000 96757.5200  10.5%  18.2 3446s
 812502 339081 96837.7767   29  121 108159.000 96760.5200  10.5%  18.2 3454s
 813767 339535 infeasible   35      108159.000 96763.6178  10.5%  18.2 3462s
 815029 339970 98593.1578   30  107 108159.000 96766.8156  10.5%  18.2 3471s
 816191 340435 infeasible   36      108159.000 96769.2044  10.5%  18.2 3480s
 817526 340686 99922.6385   36  118 108159.000 96772.9444  10.5%  18.2 3487s
 817958 341211 104300.733   36  103 108159.000 96773.3200  10.5%  18.2 3495s
 819206 341652 infeasible   39      108159.000 96775.3511  10.5%  18.2 3504s
 820429 341957 infeasible   39      108159.000 96778.6378  10.5%  18.2 3515s
 821775 342099 104058.193   39  150 108159.000 96780.7867  10.5%  18.2 3521s
 822280 342496 106153.200   33  100 108159.000 96781.7289  10.5%  18.2 3527s
 822959 342950 107251.253   36   85 108159.000 96782.8600  10.5%  18.2 3538s
 824678 343504 104532.218   32  101 108159.000 96784.3956  10.5%  18.2 3549s
 826219 344175 107331.667   40   93 108159.000 96789.5200  10.5%  18.3 3560s
 827576 344695 106928.053   40   58 108159.000 96791.2089  10.5%  18.3 3571s
 829010 345225 106414.342   35  102 108159.000 96794.6387  10.5%  18.3 3580s
 830401 345717 99750.4667   36  105 108159.000 96797.9333  10.5%  18.3 3590s
 831804 346028     cutoff   35      108159.000 96799.5333  10.5%  18.3 3600s

Explored 833150 nodes (15214231 simplex iterations) in 3600.54 seconds (408.83 work units)
Thread count was 20 (of 20 available processors)

Solution count 10: 108159 108234 108313 ... 114900

Time limit reached
Best objective 1.081590000000e+05, best bound 9.680308444444e+04, gap 10.4993%
