
Gurobi 12.0.1 (win64) logging started Mon Mar 10 22:50:58 2025

Set parameter LogFile to value "logs/3d_f3_dantzig42.log"
Set parameter MIPGap to value 0
Set parameter TimeLimit to value 3600
Set parameter Presolve to value 0
Set parameter Cuts to value 0
Gurobi Optimizer version 12.0.1 build v12.0.1rc0 (win64 - Windows 11.0 (26100.2))

CPU model: 12th Gen Intel(R) Core(TM) i7-12700, instruction set [SSE2|AVX|AVX2]
Thread count: 12 physical cores, 20 logical processors, using up to 20 threads

Non-default parameters:
TimeLimit  3600
MIPGap  0
Cuts  0
Presolve  0

Optimize a model with 1890 rows, 1806 columns and 8614 nonzeros
Model fingerprint: 0x11cbffef
Variable types: 0 continuous, 1806 integer (1764 binary)
Coefficient statistics:
  Matrix range     [1e+00, 4e+01]
  Objective range  [3e+00, 2e+02]
  Bounds range     [1e+00, 1e+00]
  RHS range        [1e+00, 4e+01]
Variable types: 0 continuous, 1806 integer (1764 binary)
Found heuristic solution: objective 3302.0000000

Root relaxation: objective 5.353810e+02, 129 iterations, 0.00 seconds (0.00 work units)

    Nodes    |    Current Node    |     Objective Bounds      |     Work
 Expl Unexpl |  Obj  Depth IntInf | Incumbent    BestBd   Gap | It/Node Time

     0     0  535.38095    0   72 3302.00000  535.38095  83.8%     -    0s
H    0     0                    1702.0000000  535.38095  68.5%     -    0s
H    0     0                    1649.0000000  535.38095  67.5%     -    0s
H    0     0                    1198.0000000  535.38095  55.3%     -    0s
     0     0  536.09524    0   72 1198.00000  536.09524  55.3%     -    0s
H    0     0                    1004.0000000  536.09524  46.6%     -    0s
H    0     0                     909.0000000  536.09524  41.0%     -    0s
H    0     0                     898.0000000  536.09524  40.3%     -    0s
H    0     0                     850.0000000  536.09524  36.9%     -    0s
H    0     0                     840.0000000  536.09524  36.2%     -    0s
     0     2  536.09524    0   69  840.00000  536.09524  36.2%     -    0s
H   27    40                     823.0000000  553.38095  32.8%  12.4    1s
H 1115  1012                     788.0000000  563.83333  28.4%  13.8    2s
* 1836  1471              41     755.0000000  571.07143  24.4%  12.6    2s
H 2059  1499                     750.0000000  571.07143  23.9%  12.4    2s
H 2061  1425                     740.0000000  571.07143  22.8%  12.4    2s
  2115  1492  604.35366   17   52  740.00000  576.80488  22.1%  12.6    5s
H 2361  1627                     728.0000000  576.80488  20.8%  13.2    5s
  7510  3809  704.86585   27   46  728.00000  620.41463  14.8%  12.6   10s
H 8098  3924                     722.0000000  623.30081  13.7%  12.6   11s
*11547  6132              89     719.0000000  630.15854  12.4%  11.8   14s
 13019  7091     cutoff   43       719.00000  631.69106  12.1%  11.4   15s
 15164  8100  659.92683   24   42  719.00000  632.73171  12.0%  11.6   21s
H15169  7724                     710.0000000  632.75610  10.9%  11.6   21s
 20000 10725 infeasible   32       710.00000  635.10976  10.5%  11.2   25s
 27401 14670  659.10569   33   26  710.00000  637.39837  10.2%  10.8   30s
H29795 15208                     709.0000000  638.32927  10.0%  10.7   34s
H29825 14308                     700.0000000  638.32927  8.81%  10.7   34s
 29851 14824  654.78049   24   30  700.00000  638.41057  8.80%  10.7   35s
 36818 17565  674.92683   30   16  700.00000  640.70732  8.47%  10.7   40s
 44181 20193  644.49797   30   72  700.00000  642.36585  8.23%  10.9   46s
 46448 22803  650.16260   24   53  700.00000  642.69919  8.19%  10.9   62s
 54460 23962     cutoff   47       700.00000  643.85366  8.02%  11.2   65s
 62675 27041  655.42276   26   51  700.00000  645.19512  7.83%  11.1   71s
 70065 29954  687.00665   47   48  700.00000  645.99593  7.71%  10.9   77s
 75053 31613 infeasible   54       700.00000  646.43902  7.65%  10.8   80s
 79477 32551  697.04878   89    4  700.00000  646.80488  7.60%  10.7   85s
H79757 32775                     699.0000000  646.80488  7.47%  10.7   86s
 83393 34608 infeasible   35       699.00000  647.14634  7.42%  10.7   90s
 90404 37107  683.41463   38   21  699.00000  647.67480  7.34%  10.6   95s
 97816 39696  651.90854   32   68  699.00000  648.18428  7.27%  10.5  100s
 104121 42193  684.63415   44   24  699.00000  648.69919  7.20%  10.4  105s
 112469 45217 infeasible   42       699.00000  649.21951  7.12%  10.4  111s
 119015 47350  689.82927   54    8  699.00000  649.64024  7.06%  10.3  116s
 126013 49443  656.95122   37   51  699.00000  650.07317  7.00%  10.3  120s
 132352 51599  655.56098   28   45  699.00000  650.52683  6.93%  10.3  125s
 138821 53870  671.95122   27   43  699.00000  650.89634  6.88%  10.2  130s
 146033 55369  670.42683   54   48  699.00000  651.43902  6.80%  10.3  136s
 150289 56210 infeasible   31       699.00000  651.78049  6.76%  10.4  140s
 156656 57349  663.90244   33   28  699.00000  652.34146  6.68%  10.5  146s
 160850 58095  688.42683   59   14  699.00000  652.75610  6.62%  10.5  151s
 165530 59105  655.43570   27   66  699.00000  653.16260  6.56%  10.6  155s
 171610 60316 infeasible   28       699.00000  653.61789  6.49%  10.7  161s
 176067 61064 infeasible   47       699.00000  654.07317  6.43%  10.7  165s
 182111 61921  664.97561   36   30  699.00000  654.47967  6.37%  10.8  170s
 186454 62415 infeasible   34       699.00000  654.90244  6.31%  10.9  175s
 193316 64363     cutoff   37       699.00000  655.26829  6.26%  10.9  180s
 199733 66086 infeasible   46       699.00000  655.51220  6.22%  10.8  185s
 206107 68160  696.03252   36    8  699.00000  655.70732  6.19%  10.8  190s
 212656 70124  684.78049   44   22  699.00000  655.95122  6.16%  10.7  195s
 219339 72178  658.09756   27   51  699.00000  656.18293  6.13%  10.7  200s
 228362 74948  657.15447   29   55  699.00000  656.46341  6.09%  10.6  205s
 234782 77028  668.92683   37   10  699.00000  656.65854  6.06%  10.6  210s
 243990 79429  672.26992   29   49  699.00000  656.98509  6.01%  10.6  216s
 250531 81481  691.65854   34   18  699.00000  657.16667  5.98%  10.6  220s
 259157 83970  664.31707   29   49  699.00000  657.39837  5.95%  10.5  225s
 265716 85871  675.74634   43   57  699.00000  657.57317  5.93%  10.5  230s
 274356 88387  686.08780   41   22  699.00000  657.81301  5.89%  10.5  235s
 282418 90978  675.27642   36   12  699.00000  658.04878  5.86%  10.4  241s
 288047 92323     cutoff   47       699.00000  658.14634  5.84%  10.4  246s
 290099 93606  683.48780   49   37  699.00000  658.16802  5.84%  10.4  251s
 296210 95591  662.10976   30   61  699.00000  658.36585  5.81%  10.4  256s
 301796 97183  676.58537   42   20  699.00000  658.51220  5.79%  10.3  260s
 309546 98733  676.65157   36   55  699.00000  658.70732  5.76%  10.3  266s
 310166 100956  667.74390   29   50  699.00000  658.71545  5.76%  10.3  274s
 317829 101519     cutoff   39       699.00000  658.90244  5.74%  10.3  277s
 322792 102957  660.27642   43   45  699.00000  659.04878  5.72%  10.3  280s
 329778 104967 infeasible   34       699.00000  659.20732  5.69%  10.3  285s
 336885 107067  695.48780   36   29  699.00000  659.36585  5.67%  10.2  290s
 343271 108885  662.31707   22   56  699.00000  659.50407  5.65%  10.2  295s
 347653 109546  695.58537   40   14  699.00000  659.58537  5.64%  10.2  300s
 351239 111067  680.12195   31   37  699.00000  659.68293  5.62%  10.2  305s
 358274 112980  667.46070   29   49  699.00000  659.85366  5.60%  10.2  310s
 364883 114579  688.40244   33   46  699.00000  659.98171  5.58%  10.2  315s
 373775 117136  683.56098   38    8  699.00000  660.17073  5.55%  10.2  321s
 379951 119088  692.04878   37    4  699.00000  660.29268  5.54%  10.1  325s
 386699 121110     cutoff   27       699.00000  660.45732  5.51%  10.1  330s
 395440 123580  677.54878   33   51  699.00000  660.63415  5.49%  10.1  335s
 404073 126090     cutoff   58       699.00000  660.80488  5.46%  10.1  341s
 410889 127813  672.08130   34   43  699.00000  660.94512  5.44%  10.1  346s
 415836 127741  666.26829   33   44  699.00000  661.13415  5.42%  10.1  350s
 420564 127296  673.65854   40   35  699.00000  661.43902  5.37%  10.1  355s
 425819 126501 infeasible   30       699.00000  661.85366  5.31%  10.2  360s
 431512 125713 infeasible   31       699.00000  662.22764  5.26%  10.2  366s
 435358 125106  664.13821   31   29  699.00000  662.52033  5.22%  10.3  371s
 439356 124458  665.04878   32   42  699.00000  662.81572  5.18%  10.3  375s
 445440 123327     cutoff   30       699.00000  663.26829  5.11%  10.4  381s
 449501 122260  668.95122   45   24  699.00000  663.55285  5.07%  10.4  385s
 453715 121222  664.11585   31   65  699.00000  663.92683  5.02%  10.5  390s
 459981 119335 infeasible   33       699.00000  664.48780  4.94%  10.5  396s
 464103 118012 infeasible   35       699.00000  664.85366  4.89%  10.6  401s
 468296 116590 infeasible   46       699.00000  665.23171  4.83%  10.6  405s
 474579 114102  666.04878   51   20  699.00000  665.85366  4.74%  10.7  411s
 478793 112252 infeasible   41       699.00000  666.23415  4.69%  10.7  416s
 482941 110395     cutoff   44       699.00000  666.65854  4.63%  10.8  420s
 489661 107401 infeasible   31       699.00000  667.39024  4.52%  10.8  427s
 493872 105084 infeasible   41       699.00000  667.81707  4.46%  10.9  431s
 498409 102898     cutoff   44       699.00000  668.34146  4.39%  10.9  435s
 504999 99050 infeasible   45       699.00000  669.09756  4.28%  10.9  441s
 509253 96271 infeasible   40       699.00000  669.68293  4.19%  10.9  445s
 513479 94337  671.40921   44   42  699.00000  670.14634  4.13%  11.0  450s
 517750 89644 infeasible   32       699.00000  670.77352  4.04%  11.0  456s
 524945 83903 infeasible   35       699.00000  671.84146  3.89%  11.0  461s
 529590 79916 infeasible   68       699.00000  672.63415  3.77%  11.0  465s
 536521 73594 infeasible   31       699.00000  673.73171  3.61%  11.0  470s
 546324 64562 infeasible   29       699.00000  675.62805  3.34%  11.0  476s
 553897 57215 infeasible   34       699.00000  677.19512  3.12%  11.0  480s
 564433 46612     cutoff   28       699.00000  679.51220  2.79%  10.9  485s
 575407 35680 infeasible   37       699.00000  682.19512  2.40%  10.7  490s
 588314 23036 infeasible   34       699.00000  685.60163  1.92%  10.6  495s
 604026  7991 infeasible   49       699.00000  690.36585  1.24%  10.4  500s

Explored 613935 nodes (6296478 simplex iterations) in 503.87 seconds (52.17 work units)
Thread count was 20 (of 20 available processors)

Solution count 10: 699 700 709 ... 755

Optimal solution found (tolerance 0.00e+00)
Best objective 6.990000000000e+02, best bound 6.990000000000e+02, gap 0.0000%

 	 Optimal Solution:
	x[0,1]: 1.0 
	x[1,2]: 1.0 
	x[2,3]: 1.0 
	x[3,4]: 1.0 
	x[4,5]: 1.0 
	x[5,6]: 1.0 
	x[6,7]: 1.0 
	x[7,8]: 1.0 
	x[8,9]: 1.0 
	x[9,10]: 1.0 
	x[10,11]: 1.0 
	x[11,12]: 1.0 
	x[12,13]: 1.0 
	x[13,14]: 1.0 
	x[14,15]: 1.0 
	x[15,16]: 1.0 
	x[16,17]: 1.0 
	x[17,18]: 1.0 
	x[18,19]: 1.0 
	x[19,20]: 1.0 
	x[20,21]: 1.0 
	x[21,22]: 1.0 
	x[22,23]: 1.0 
	x[23,24]: 1.0 
	x[24,25]: 1.0 
	x[25,26]: 1.0 
	x[26,27]: 1.0 
	x[27,28]: 1.0 
	x[28,29]: 1.0 
	x[29,30]: 1.0 
	x[30,31]: 1.0 
	x[31,32]: 1.0 
	x[32,33]: 1.0 
	x[33,34]: 1.0 
	x[34,35]: 1.0 
	x[35,36]: 1.0 
	x[36,37]: 1.0 
	x[37,38]: 1.0 
	x[38,39]: 1.0 
	x[39,40]: 1.0 
	x[40,41]: 1.0 
	x[41,0]: 1.0 
	u[0]: 38.0 
	u[1]: 39.0 
	u[2]: 40.0 
	u[3]: 41.0 
	u[4]: 42.0 
	u[5]: 1.0 
	u[6]: 2.0 
	u[7]: 3.0 
	u[8]: 4.0 
	u[9]: 5.0 
	u[10]: 6.0 
	u[11]: 7.0 
	u[12]: 8.0 
	u[13]: 9.0 
	u[14]: 10.0 
	u[15]: 11.0 
	u[16]: 12.0 
	u[17]: 13.0 
	u[18]: 14.0 
	u[19]: 15.0 
	u[20]: 16.0 
	u[21]: 17.0 
	u[22]: 18.0 
	u[23]: 19.0 
	u[24]: 20.0 
	u[25]: 21.0 
	u[26]: 22.0 
	u[27]: 23.0 
	u[28]: 24.0 
	u[29]: 25.0 
	u[30]: 26.0 
	u[31]: 27.0 
	u[32]: 28.0 
	u[33]: 29.0 
	u[34]: 30.0 
	u[35]: 31.0 
	u[36]: 32.0 
	u[37]: 33.0 
	u[38]: 34.0 
	u[39]: 35.0 
	u[40]: 36.0 
	u[41]: 37.0 
	objective value: 699.0