
Gurobi 11.0.3 (win64) logging started Fri Mar 14 15:35:26 2025

Set parameter LogFile to value "logs/f0_pr76.log"
Gurobi Optimizer version 11.0.3 build v11.0.3rc0 (win64 - Windows 11+.0 (26100.2))

CPU model: 12th Gen Intel(R) Core(TM) i7-12700, instruction set [SSE2|AVX|AVX2]
Thread count: 12 physical cores, 20 logical processors, using up to 20 threads

Optimize a model with 228 rows, 5776 columns and 11628 nonzeros
Model fingerprint: 0x2fb6fe7b
Variable types: 0 continuous, 5776 integer (5776 binary)
Coefficient statistics:
  Matrix range     [1e+00, 1e+00]
  Objective range  [3e+02, 2e+04]
  Bounds range     [1e+00, 1e+00]
  RHS range        [1e+00, 1e+00]
Found heuristic solution: objective 563410.00000
Presolve removed 76 rows and 76 columns
Presolve time: 0.01s
Presolved: 152 rows, 5700 columns, 11400 nonzeros
Variable types: 0 continuous, 5700 integer (5700 binary)

Root relaxation: objective 7.711900e+04, 106 iterations, 0.00 seconds (0.00 work units)

    Nodes    |    Current Node    |     Objective Bounds      |     Work
 Expl Unexpl |  Obj  Depth IntInf | Incumbent    BestBd   Gap | It/Node Time

*    0     0               0    77119.000000 77119.0000  0.00%     -    0s

Explored 1 nodes (106 simplex iterations) in 0.03 seconds (0.02 work units)
Thread count was 20 (of 20 available processors)

Solution count 2: 77119 563410 

Optimal solution found (tolerance 1.00e-04)
Best objective 7.711900000000e+04, best bound 7.711900000000e+04, gap 0.0000%

 	 Optimal Solution:
	x[0,1]: 1.0 
	x[1,0]: 1.0 
	x[2,3]: 1.0 
	x[3,2]: 1.0 
	x[4,5]: 1.0 
	x[5,4]: 1.0 
	x[6,7]: 1.0 
	x[7,6]: 1.0 
	x[8,9]: 1.0 
	x[9,8]: 1.0 
	x[10,11]: 1.0 
	x[11,10]: 1.0 
	x[12,73]: 1.0 
	x[13,12]: 1.0 
	x[14,15]: 1.0 
	x[15,14]: 1.0 
	x[16,17]: 1.0 
	x[17,16]: 1.0 
	x[18,19]: 1.0 
	x[19,18]: 1.0 
	x[20,23]: 1.0 
	x[21,22]: 1.0 
	x[22,21]: 1.0 
	x[23,24]: 1.0 
	x[24,20]: 1.0 
	x[25,26]: 1.0 
	x[26,25]: 1.0 
	x[27,28]: 1.0 
	x[28,27]: 1.0 
	x[29,30]: 1.0 
	x[30,29]: 1.0 
	x[31,32]: 1.0 
	x[32,31]: 1.0 
	x[33,34]: 1.0 
	x[34,33]: 1.0 
	x[35,36]: 1.0 
	x[36,35]: 1.0 
	x[37,38]: 1.0 
	x[38,37]: 1.0 
	x[39,40]: 1.0 
	x[40,39]: 1.0 
	x[41,42]: 1.0 
	x[42,41]: 1.0 
	x[43,46]: 1.0 
	x[44,45]: 1.0 
	x[45,44]: 1.0 
	x[46,47]: 1.0 
	x[47,43]: 1.0 
	x[48,49]: 1.0 
	x[49,48]: 1.0 
	x[50,51]: 1.0 
	x[51,50]: 1.0 
	x[52,53]: 1.0 
	x[53,52]: 1.0 
	x[54,55]: 1.0 
	x[55,54]: 1.0 
	x[56,57]: 1.0 
	x[57,56]: 1.0 
	x[58,59]: 1.0 
	x[59,58]: 1.0 
	x[60,61]: 1.0 
	x[61,60]: 1.0 
	x[62,63]: 1.0 
	x[63,62]: 1.0 
	x[64,65]: 1.0 
	x[65,64]: 1.0 
	x[66,69]: 1.0 
	x[67,68]: 1.0 
	x[68,67]: 1.0 
	x[69,66]: 1.0 
	x[70,72]: 1.0 
	x[71,70]: 1.0 
	x[72,71]: 1.0 
	x[73,13]: 1.0 
	x[74,75]: 1.0 
	x[75,74]: 1.0 
	objective value: 77119.0