
Gurobi 11.0.3 (win64) logging started Fri Mar 14 15:35:26 2025

Set parameter LogFile to value "logs/f0_rat99.log"
Gurobi Optimizer version 11.0.3 build v11.0.3rc0 (win64 - Windows 11+.0 (26100.2))

CPU model: 12th Gen Intel(R) Core(TM) i7-12700, instruction set [SSE2|AVX|AVX2]
Thread count: 12 physical cores, 20 logical processors, using up to 20 threads

Optimize a model with 297 rows, 9801 columns and 19701 nonzeros
Model fingerprint: 0xaaa85112
Variable types: 0 continuous, 9801 integer (9801 binary)
Coefficient statistics:
  Matrix range     [1e+00, 1e+00]
  Objective range  [4e+00, 2e+02]
  Bounds range     [1e+00, 1e+00]
  RHS range        [1e+00, 1e+00]
Found heuristic solution: objective 8467.0000000
Presolve removed 99 rows and 99 columns
Presolve time: 0.02s
Presolved: 198 rows, 9702 columns, 19404 nonzeros
Variable types: 0 continuous, 9702 integer (9702 binary)

Root relaxation: objective 1.089000e+03, 177 iterations, 0.00 seconds (0.00 work units)

    Nodes    |    Current Node    |     Objective Bounds      |     Work
 Expl Unexpl |  Obj  Depth IntInf | Incumbent    BestBd   Gap | It/Node Time

*    0     0               0    1089.0000000 1089.00000  0.00%     -    0s

Explored 1 nodes (177 simplex iterations) in 0.04 seconds (0.03 work units)
Thread count was 20 (of 20 available processors)

Solution count 2: 1089 8467 

Optimal solution found (tolerance 1.00e-04)
Best objective 1.089000000000e+03, best bound 1.089000000000e+03, gap 0.0000%

 	 Optimal Solution:
	x[0,1]: 1.0 
	x[1,9]: 1.0 
	x[2,3]: 1.0 
	x[3,2]: 1.0 
	x[4,13]: 1.0 
	x[5,6]: 1.0 
	x[6,5]: 1.0 
	x[7,8]: 1.0 
	x[8,7]: 1.0 
	x[9,0]: 1.0 
	x[10,11]: 1.0 
	x[11,12]: 1.0 
	x[12,10]: 1.0 
	x[13,4]: 1.0 
	x[14,15]: 1.0 
	x[15,14]: 1.0 
	x[16,17]: 1.0 
	x[17,16]: 1.0 
	x[18,19]: 1.0 
	x[19,18]: 1.0 
	x[20,21]: 1.0 
	x[21,20]: 1.0 
	x[22,23]: 1.0 
	x[23,22]: 1.0 
	x[24,25]: 1.0 
	x[25,24]: 1.0 
	x[26,34]: 1.0 
	x[27,28]: 1.0 
	x[28,36]: 1.0 
	x[29,30]: 1.0 
	x[30,29]: 1.0 
	x[31,40]: 1.0 
	x[32,41]: 1.0 
	x[33,42]: 1.0 
	x[34,26]: 1.0 
	x[35,43]: 1.0 
	x[36,27]: 1.0 
	x[37,47]: 1.0 
	x[38,39]: 1.0 
	x[39,38]: 1.0 
	x[40,31]: 1.0 
	x[41,32]: 1.0 
	x[42,33]: 1.0 
	x[43,35]: 1.0 
	x[44,53]: 1.0 
	x[45,46]: 1.0 
	x[46,45]: 1.0 
	x[47,37]: 1.0 
	x[48,59]: 1.0 
	x[49,48]: 1.0 
	x[50,49]: 1.0 
	x[51,50]: 1.0 
	x[52,51]: 1.0 
	x[53,44]: 1.0 
	x[54,63]: 1.0 
	x[55,56]: 1.0 
	x[56,55]: 1.0 
	x[57,58]: 1.0 
	x[58,57]: 1.0 
	x[59,60]: 1.0 
	x[60,61]: 1.0 
	x[61,62]: 1.0 
	x[62,52]: 1.0 
	x[63,54]: 1.0 
	x[64,65]: 1.0 
	x[65,64]: 1.0 
	x[66,67]: 1.0 
	x[67,66]: 1.0 
	x[68,69]: 1.0 
	x[69,68]: 1.0 
	x[70,79]: 1.0 
	x[71,80]: 1.0 
	x[72,73]: 1.0 
	x[73,72]: 1.0 
	x[74,75]: 1.0 
	x[75,74]: 1.0 
	x[76,77]: 1.0 
	x[77,78]: 1.0 
	x[78,76]: 1.0 
	x[79,70]: 1.0 
	x[80,71]: 1.0 
	x[81,82]: 1.0 
	x[82,81]: 1.0 
	x[83,84]: 1.0 
	x[84,83]: 1.0 
	x[85,94]: 1.0 
	x[86,87]: 1.0 
	x[87,86]: 1.0 
	x[88,89]: 1.0 
	x[89,88]: 1.0 
	x[90,91]: 1.0 
	x[91,90]: 1.0 
	x[92,93]: 1.0 
	x[93,92]: 1.0 
	x[94,85]: 1.0 
	x[95,96]: 1.0 
	x[96,95]: 1.0 
	x[97,98]: 1.0 
	x[98,97]: 1.0 
	objective value: 1089.0